0 0 105 0 0	0 0 44 0 31 0 5 0 23
0 1 78 0 0	0 4 3 27 28 0 4 0 9
0 2 60 0 0	0 0 3 20 27 0 1 0 7
0 3 44 0 0	0 0 2 8 26 0 1 0 4
0 4 34 0 0	0 0 2 0 25 0 1 0 4
0 5 34 0 0	0 0 2 0 25 0 1 0 4
0 6 33 0 0	0 0 2 0 24 0 1 0 4
0 7 32 0 0	0 0 2 0 24 0 1 0 4
0 8 32 0 0	0 0 2 0 24 0 1 0 3
0 9 32 0 0	0 0 2 0 24 0 1 0 3
0 10 32 0 0	0 0 2 0 23 0 1 0 4
0 11 34 0 0	0 0 3 0 24 0 1 0 4
0 12 33 0 0	0 0 2 0 24 0 1 0 4
0 13 32 0 0	0 0 2 0 23 0 1 0 4
0 14 32 0 0	0 0 2 0 24 0 1 0 4
0 15 32 0 0	0 0 2 0 24 0 1 0 3
0 16 32 0 0	0 0 2 0 23 0 1 0 3
0 17 32 0 0	0 0 2 0 24 0 1 0 3
0 18 32 0 0	0 0 2 0 24 0 1 0 3
0 19 32 0 0	0 0 2 0 23 0 1 0 3
0 20 32 0 0	0 0 2 0 24 0 1 0 3
0 21 32 0 0	0 0 2 0 24 0 1 0 3
0 22 32 0 0	0 0 2 0 24 0 1 0 3
0 23 32 0 0	0 0 2 0 23 0 1 0 4
0 24 32 0 0	0 0 2 0 24 0 1 0 4
0 25 32 24 24	0 0 2 0 23 0 1 0 4
0 26 32 24 24	0 0 2 0 23 0 1 0 4
0 27 33 24 24	0 0 2 0 24 0 1 0 4
0 28 33 24 24	0 0 4 0 23 0 1 0 3
0 29 34 24 24	0 0 4 0 24 0 1 0 4
0 30 34 24 24	0 0 4 0 24 0 1 0 3
0 31 33 24 24	0 0 3 0 23 0 1 0 4
0 32 32 24 24	0 0 2 0 24 0 1 0 4
0 33 32 24 24	0 0 2 0 24 0 1 0 3
0 34 31 24 24	0 0 2 0 23 0 1 0 3
0 35 32 24 24	0 0 2 0 24 0 1 0 3
0 36 32 24 24	0 0 2 0 24 0 1 0 3
0 37 32 24 24	0 0 2 0 24 0 1 0 3
0 38 32 24 24	0 0 2 0 24 0 1 0 3
0 39 32 24 24	0 0 2 0 24 0 1 0 3
0 40 33 24 24	0 0 2 0 25 0 1 0 3
0 41 32 24 24	0 0 2 0 24 0 1 0 4
0 42 33 24 24	0 0 2 0 24 0 1 0 4
0 43 33 24 24	0 0 4 0 23 0 1 0 3
0 44 33 24 24	0 0 4 0 23 0 1 0 3
0 45 34 24 24	0 0 4 0 24 0 1 0 3
0 46 33 24 24	0 0 4 0 23 0 1 0 3
0 47 34 24 24	0 0 4 0 24 0 1 0 4
0 48 34 24 24	0 0 4 0 24 0 1 0 4
0 49 34 24 24	0 0 4 0 23 0 1 0 4
0 50 34 24 24	0 0 4 0 24 0 1 0 3
0 51 34 24 24	0 0 4 0 24 0 1 0 4
0 52 34 24 24	0 0 4 0 23 0 1 0 4
0 53 33 24 24	0 0 4 0 23 0 1 0 3
0 54 34 24 24	0 0 4 0 24 0 1 0 4
0 55 34 24 24	0 0 4 0 23 0 1 0 4
0 56 34 24 24	0 0 4 0 24 0 1 0 4
0 57 33 24 24	0 0 4 0 24 0 1 0 3
0 58 32 24 24	0 0 4 0 23 0 1 0 3
0 59 33 24 24	0 0 4 0 24 0 1 0 3
0 60 34 24 24	0 0 4 0 24 0 1 0 3
0 61 33 24 24	0 0 4 0 23 0 1 0 3
0 62 34 24 24	0 0 4 0 24 0 1 0 3
0 63 34 24 24	0 0 4 0 24 0 1 0 3
0 64 33 24 24	0 0 4 0 23 0 1 0 3
0 65 34 24 24	0 0 4 0 24 0 1 0 4
0 66 34 24 24	0 0 4 0 24 0 1 0 4
0 67 33 24 24	0 0 4 0 23 0 1 0 3
0 68 34 24 24	0 0 4 0 24 0 1 0 4
0 69 34 24 24	0 0 4 0 24 0 1 0 4
0 70 33 24 24	0 0 3 0 23 0 1 0 3
0 71 33 24 24	0 0 3 0 24 0 1 0 4
0 72 33 24 24	0 0 2 0 24 0 1 0 3
0 73 33 24 24	0 0 2 0 23 0 1 0 4
0 74 33 24 24	0 0 2 0 24 0 1 0 4
0 75 33 24 24	0 0 2 0 24 0 1 0 4
0 76 32 25 25	0 0 2 0 23 0 1 0 4
0 77 33 25 25	0 0 2 0 24 0 1 0 4
0 78 33 25 25	0 0 2 0 24 0 1 0 4
0 79 33 25 25	0 0 2 0 23 0 1 0 4
0 80 33 25 25	0 0 2 0 24 0 1 0 4
0 81 33 25 25	0 0 2 0 24 0 1 0 4
0 82 32 25 25	0 0 2 0 23 0 1 0 4
0 83 33 25 25	0 0 2 0 24 0 1 0 4
0 84 32 25 25	0 0 2 0 24 0 1 0 4
0 85 33 25 25	0 0 2 0 23 0 1 0 4
0 86 32 25 25	0 0 2 0 24 0 1 0 4
0 87 33 25 25	0 0 2 0 24 0 1 0 4
0 88 32 25 25	0 0 2 0 23 0 1 0 4
0 89 32 25 25	0 0 2 0 24 0 1 0 3
0 90 32 25 25	0 0 2 0 24 0 1 0 3
0 91 32 25 25	0 0 2 0 23 0 1 0 3
0 92 32 25 25	0 0 2 0 24 0 1 0 3
0 93 32 25 25	0 0 2 0 24 0 1 0 4
0 94 32 25 25	0 0 2 0 23 0 1 0 4
0 95 33 25 25	0 0 2 0 24 0 1 0 4
0 96 33 25 25	0 0 2 0 24 0 1 0 3
0 97 33 25 25	0 0 2 0 24 0 1 0 4
0 98 33 25 25	0 0 2 0 24 0 1 0 4
0 99 33 25 25	0 0 2 0 24 0 1 0 4
0 100 33 25 25	0 0 2 0 24 0 1 0 4
0 101 33 25 25	0 0 2 0 24 0 1 0 4
0 102 34 24 24	0 0 2 0 24 0 1 0 4
0 103 33 24 24	0 0 2 0 24 0 1 0 4
0 104 34 24 24	0 0 2 0 24 0 1 0 5
0 105 33 24 24	0 0 2 0 24 0 1 0 4
0 106 33 24 24	0 0 2 0 24 0 1 0 5
0 107 33 24 24	0 0 2 0 24 0 1 0 4
0 108 33 24 24	0 0 2 0 24 0 1 0 4
0 109 33 24 24	0 0 2 0 24 0 1 0 4
0 110 33 24 24	0 0 2 0 24 0 1 0 4
0 111 33 24 24	0 0 2 0 24 0 1 0 4
0 112 33 24 24	0 0 2 0 24 0 1 0 4
0 113 33 24 24	0 0 2 0 24 0 1 0 4
0 114 33 24 24	0 0 2 0 24 0 1 0 4
0 115 33 24 24	0 0 2 0 24 0 1 0 4
0 116 33 24 24	0 0 2 0 24 0 1 0 4
0 117 33 24 24	0 0 2 0 24 0 1 0 4
0 118 32 24 24	0 0 2 0 23 0 1 0 4
0 119 33 24 24	0 0 2 0 24 0 1 0 4
0 120 33 24 24	0 0 2 0 24 0 1 0 4
0 121 33 24 24	0 0 2 0 24 0 1 0 4
0 122 33 24 24	0 0 2 0 24 0 1 0 4
0 123 33 24 24	0 0 2 0 24 0 1 0 4
0 124 32 24 24	0 0 2 0 23 0 1 0 4
0 125 33 24 24	0 0 2 0 24 0 1 0 4
0 126 33 24 24	0 0 2 0 24 0 1 0 4
0 127 32 24 24	0 0 2 0 23 0 1 0 4
0 128 33 25 25	0 0 2 0 24 0 1 0 4
0 129 33 25 25	0 0 2 0 24 0 1 0 4
0 130 33 25 25	0 0 2 0 23 0 1 0 4
0 131 33 25 25	0 0 2 0 24 0 1 0 4
0 132 33 25 25	0 0 2 0 24 0 1 0 4
0 133 33 25 25	0 0 2 0 23 0 1 0 4
0 134 33 25 25	0 0 2 0 24 0 1 0 4
0 135 33 25 25	0 0 2 0 24 0 1 0 4
0 136 33 25 25	0 0 2 0 23 0 1 0 4
0 137 33 25 25	0 0 2 0 24 0 1 0 4
0 138 33 25 25	0 0 2 0 24 0 1 0 4
0 139 33 25 25	0 0 2 0 23 0 1 0 4
0 140 33 25 25	0 0 2 0 24 0 1 0 4
0 141 33 25 25	0 0 2 0 24 0 1 0 4
0 142 33 25 25	0 0 3 0 23 0 1 0 4
0 143 33 25 25	0 0 2 0 24 0 1 0 4
0 144 33 25 25	0 0 2 0 23 0 1 0 4
0 145 33 25 25	0 0 2 0 23 0 1 0 4
0 146 33 25 25	0 0 2 0 24 0 1 0 4
0 147 33 25 25	0 0 2 0 24 0 1 0 5
0 148 33 25 25	0 0 2 0 23 0 1 0 5
0 149 33 25 25	0 0 2 0 24 0 1 0 4
0 150 33 25 25	0 0 2 0 24 0 1 0 4
0 151 33 25 25	0 0 2 0 24 0 1 0 4
0 152 33 25 25	0 0 2 0 24 0 1 0 4
0 153 33 24 24	0 0 2 0 24 0 1 0 4
0 154 33 24 24	0 0 2 0 23 0 1 0 4
0 155 33 24 24	0 0 2 0 24 0 1 0 4
0 156 33 24 24	0 0 2 0 24 0 1 0 4
0 157 33 24 24	0 0 2 0 23 0 1 0 4
0 158 33 24 24	0 0 2 0 24 0 1 0 4
0 159 32 24 24	0 0 2 0 23 0 1 0 4
0 160 32 24 24	0 0 2 0 23 0 1 0 4
0 161 32 24 24	0 0 2 0 24 0 1 0 4
0 162 32 24 24	0 0 2 0 24 0 1 0 4
0 163 32 24 24	0 0 2 0 23 0 1 0 3
0 164 32 24 24	0 0 2 0 24 0 1 0 4
0 165 32 24 24	0 0 2 0 23 0 1 0 4
0 166 33 24 24	0 0 3 0 23 0 1 0 4
0 167 33 24 24	0 0 2 0 24 0 1 0 4
0 168 33 24 24	0 0 2 0 23 0 1 0 4
0 169 42 24 24	0 0 2 0 24 0 6 0 8
0 170 41 24 24	0 0 5 0 28 0 1 0 6
0 171 33 24 24	0 0 3 0 23 0 1 0 3
0 172 34 24 24	0 0 3 0 24 0 1 0 4
0 173 34 24 24	0 0 2 0 24 0 1 0 4
0 174 33 24 24	0 0 2 0 24 0 1 0 4
0 175 33 24 24	0 0 2 0 25 0 1 0 4
0 176 34 24 24	0 0 3 0 24 0 1 0 4
0 177 34 24 24	0 0 2 0 24 0 1 0 4
0 178 45 24 24	0 0 2 0 34 0 1 0 6
0 179 34 24 24	0 0 2 0 24 0 1 0 4
0 180 33 24 24	0 0 2 0 24 0 1 0 4
0 181 32 24 24	0 0 2 0 23 0 1 0 4
0 182 33 24 24	0 0 2 0 24 0 1 0 4
0 183 33 24 24	0 0 2 0 24 0 1 0 4
0 184 33 24 24	0 0 2 0 23 0 1 0 4
0 185 33 24 24	0 0 2 0 24 0 1 0 4
0 186 33 24 24	0 0 2 0 24 0 1 0 4
0 187 33 24 24	0 0 2 0 24 0 1 0 4
0 188 32 24 24	0 0 2 0 23 0 1 0 4
0 189 32 24 24	0 0 2 0 23 0 1 0 3
0 190 32 24 24	0 0 2 0 24 0 1 0 3
0 191 32 24 24	0 0 2 0 24 0 1 0 4
0 192 32 24 24	0 0 2 0 24 0 1 0 3
0 193 31 24 24	0 0 2 0 23 0 1 0 3
0 194 33 24 24	0 0 3 0 24 0 1 0 4
0 195 32 24 24	0 0 2 0 23 0 1 0 4
0 196 33 24 24	0 0 2 0 23 0 1 0 4
0 197 32 24 24	0 0 2 0 24 0 1 0 4
0 198 32 24 24	0 0 2 0 24 0 1 0 4
0 199 35 24 24	0 0 2 0 26 0 1 0 4
0 200 33 24 24	0 0 2 0 24 0 1 0 4
0 201 32 24 24	0 0 2 0 24 0 1 0 4
0 202 32 24 24	0 0 2 0 23 0 1 0 4
0 203 33 24 24	0 0 2 0 24 0 1 0 4
0 204 32 25 25	0 0 2 0 24 0 1 0 4
0 205 33 25 25	0 0 2 0 24 0 1 0 4
0 206 33 25 25	0 0 2 0 24 0 1 0 4
0 207 33 25 25	0 0 2 0 23 0 1 0 4
0 208 34 25 25	0 0 3 0 23 0 1 0 4
0 209 33 25 25	0 0 2 0 24 0 1 0 5
0 210 33 25 25	0 0 2 0 23 0 1 0 5
0 211 36 25 25	0 0 2 0 26 0 1 0 5
0 212 34 25 25	0 0 2 0 24 0 1 0 4
0 213 33 25 25	0 0 2 0 23 0 1 0 5
0 214 33 25 25	0 0 2 0 23 0 1 0 4
0 215 33 25 25	0 0 2 0 24 0 1 0 4
0 216 33 25 25	0 0 2 0 23 0 1 0 4
0 217 33 25 25	0 0 2 0 23 0 1 0 4
0 218 33 25 25	0 0 2 0 24 0 1 0 4
0 219 33 25 25	0 0 2 0 23 0 1 0 4
0 220 32 25 25	0 0 2 0 23 0 1 0 4
0 221 33 25 25	0 0 2 0 24 0 1 0 4
0 222 33 25 25	0 0 2 0 24 0 1 0 4
0 223 33 25 25	0 0 2 0 23 0 1 0 4
0 224 34 25 25	0 0 2 0 24 0 1 0 5
0 225 34 25 25	0 0 2 0 24 0 1 0 5
0 226 33 25 25	0 0 2 0 23 0 1 0 4
0 227 34 25 25	0 0 3 0 24 0 1 0 4
0 228 34 25 25	0 0 3 0 23 0 1 0 4
0 229 34 24 24	0 0 3 0 23 0 1 0 4
0 230 33 24 24	0 0 2 0 24 0 1 0 4
0 231 33 24 24	0 0 2 0 24 0 1 0 4
0 232 33 24 24	0 0 2 0 23 0 1 0 4
0 233 33 24 24	0 0 2 0 24 0 1 0 4
0 234 33 24 24	0 0 2 0 23 0 1 0 4
0 235 33 24 24	0 0 2 0 23 0 1 0 5
0 236 33 24 24	0 0 2 0 24 0 1 0 4
0 237 33 24 24	0 0 2 0 23 0 1 0 4
0 238 33 24 24	0 0 2 0 23 0 1 0 4
0 239 33 24 24	0 0 2 0 24 0 1 0 4
0 240 33 24 24	0 0 2 0 23 0 1 0 4
0 241 33 24 24	0 0 2 0 24 0 1 0 4
0 242 33 24 24	0 0 2 0 24 0 1 0 5
0 243 33 24 24	0 0 2 0 23 0 1 0 4
0 244 33 24 24	0 0 2 0 23 0 1 0 4
0 245 33 24 24	0 0 2 0 24 0 1 0 4
0 246 33 24 24	0 0 2 0 24 0 1 0 4
0 247 33 24 24	0 0 2 0 23 0 1 0 4
0 248 33 24 24	0 0 2 0 24 0 1 0 4
0 249 33 24 24	0 0 2 0 24 0 1 0 5
0 250 33 24 24	0 0 2 0 23 0 1 0 4
0 251 33 24 24	0 0 2 0 24 0 1 0 4
0 252 34 24 24	0 0 2 0 24 0 1 0 5
0 253 34 24 24	0 0 2 0 24 0 1 0 5
0 254 33 24 24	0 0 2 0 24 0 1 0 4
0 255 34 25 25	0 0 2 0 24 0 1 0 5
0 256 34 25 25	0 0 2 0 24 0 1 0 5
0 257 34 25 25	0 0 2 0 24 0 1 0 5
0 258 34 25 25	0 0 3 0 23 0 1 0 5
0 259 35 25 25	0 0 3 0 24 0 1 0 5
0 260 35 25 25	0 0 3 0 24 0 1 0 5
0 261 33 25 25	0 0 2 0 24 0 1 0 5
0 262 33 25 25	0 0 2 0 24 0 1 0 5
0 263 34 25 25	0 0 2 0 24 0 1 0 5
0 264 34 25 25	0 0 2 0 24 0 1 0 5
0 265 35 25 25	0 0 4 0 24 0 1 0 5
0 266 34 25 25	0 0 3 0 24 0 1 0 4
0 267 35 25 25	0 0 2 0 24 0 1 0 6
0 268 34 25 25	0 0 2 0 24 0 1 0 5
0 269 35 25 25	0 0 3 0 24 0 1 0 5
0 270 34 25 25	0 0 2 0 24 0 1 0 4
0 271 34 25 25	0 0 2 0 24 0 1 0 5
0 272 34 25 25	0 0 2 0 24 0 1 0 4
0 273 33 25 25	0 0 2 0 23 0 1 0 5
0 274 34 25 25	0 0 2 0 24 0 1 0 5
0 275 33 25 25	0 0 2 0 24 0 1 0 5
0 276 35 25 25	0 0 4 0 24 0 1 0 5
0 277 33 25 25	0 0 2 0 23 0 1 0 4
0 278 34 25 25	0 0 2 0 24 0 1 0 5
0 279 33 25 25	0 0 2 0 24 0 1 0 4
0 280 34 24 24	0 0 2 0 24 0 1 0 5
0 281 34 24 24	0 0 2 0 24 0 1 0 5
0 282 33 24 24	0 0 2 0 24 0 1 0 5
0 283 33 24 24	0 0 2 0 23 0 1 0 5
0 284 34 24 24	0 0 2 0 24 0 1 0 5
0 285 33 24 24	0 0 2 0 24 0 1 0 5
0 286 34 24 24	0 0 2 0 24 0 1 0 5
0 287 34 24 24	0 0 2 0 24 0 1 0 5
0 288 34 24 24	0 0 2 0 24 0 1 0 5
0 289 34 24 24	0 0 2 0 23 0 1 0 5
0 290 34 24 24	0 0 2 0 24 0 1 0 5
0 291 33 24 24	0 0 2 0 24 0 1 0 4
0 292 34 24 24	0 0 2 0 24 0 1 0 5
0 293 34 24 24	0 0 2 0 24 0 1 0 5
0 294 35 24 24	0 0 3 0 24 0 1 0 5
0 295 33 24 24	0 0 2 0 23 0 1 0 5
0 296 34 24 24	0 0 2 0 24 0 1 0 5
0 297 35 24 24	0 0 3 0 24 0 1 0 5
0 298 33 24 24	0 0 2 0 24 0 1 0 5
0 299 34 24 24	0 0 2 0 24 0 1 0 5
0 300 34 24 24	0 0 2 0 24 0 1 0 5
0 301 33 24 24	0 0 2 0 24 0 1 0 4
0 302 34 24 24	0 0 2 0 24 0 1 0 5
0 303 33 24 24	0 0 2 0 24 0 1 0 4
0 304 33 24 24	0 0 2 0 24 0 1 0 4
0 305 34 24 24	0 0 2 0 24 0 1 0 5
0 306 34 24 24	0 0 2 0 24 0 1 0 5
0 307 34 24 24	0 0 3 0 24 0 1 0 5
0 308 34 24 24	0 0 2 0 24 0 1 0 5
0 309 34 24 24	0 0 2 0 24 0 1 0 5
0 310 33 24 24	0 0 2 0 24 0 1 0 4
0 311 33 24 24	0 0 2 0 24 0 1 0 4
0 312 34 24 24	0 0 2 0 24 0 1 0 5
0 313 33 24 24	0 0 2 0 23 0 1 0 5
0 314 34 24 24	0 0 2 0 24 0 1 0 5
0 315 34 24 24	0 0 3 0 23 0 1 0 5
0 316 34 24 24	0 0 2 0 24 0 1 0 5
0 317 34 24 24	0 0 2 0 24 0 1 0 5
0 318 33 24 24	0 0 2 0 23 0 1 0 4
0 319 33 24 24	0 0 2 0 24 0 1 0 4
0 320 34 24 24	0 0 2 0 24 0 1 0 4
0 321 34 24 24	0 0 2 0 24 0 1 0 4
0 322 33 24 24	0 0 2 0 24 0 1 0 4
0 323 34 24 24	0 0 2 0 24 0 1 0 5
0 324 34 24 24	0 0 2 0 24 0 1 0 5
0 325 34 24 24	0 0 2 0 24 0 1 0 5
0 326 34 24 24	0 0 2 0 24 0 1 0 5
0 327 34 24 24	0 0 2 0 24 0 1 0 5
0 328 33 24 24	0 0 2 0 23 0 1 0 4
0 329 34 24 24	0 0 2 0 24 0 1 0 5
0 330 33 24 24	0 0 2 0 24 0 1 0 4
0 331 34 24 24	0 0 2 0 24 0 1 0 5
0 332 34 25 25	0 0 2 0 24 0 1 0 4
0 333 34 25 25	0 0 2 0 24 0 1 0 5
0 334 48 25 25	0 0 2 0 26 0 6 0 12
0 335 35 25 25	0 0 3 0 24 0 1 0 5
0 336 34 25 25	0 0 3 0 23 0 1 0 4
0 337 34 25 25	0 0 3 0 23 0 1 0 4
0 338 33 25 25	0 0 2 0 23 0 1 0 4
0 339 33 25 25	0 0 2 0 23 0 1 0 4
0 340 33 25 25	0 0 2 0 23 0 1 0 5
0 341 33 25 25	0 0 2 0 24 0 1 0 5
0 342 33 25 25	0 0 2 0 23 0 1 0 4
0 343 33 25 25	0 0 2 0 23 0 1 0 4
0 344 33 25 25	0 0 2 0 24 0 1 0 4
0 345 37 25 25	0 0 2 0 27 0 1 0 4
0 346 33 25 25	0 0 2 0 24 0 1 0 5
0 347 34 25 25	0 0 2 0 24 0 1 0 5
0 348 33 25 25	0 0 2 0 23 0 1 0 5
0 349 33 25 25	0 0 2 0 23 0 1 0 5
0 350 33 25 25	0 0 2 0 24 0 1 0 5
0 351 34 25 25	0 0 2 0 24 0 1 0 5
0 352 34 25 25	0 0 2 0 23 0 1 0 5
0 353 34 25 25	0 0 2 0 24 0 1 0 5
0 354 33 25 25	0 0 2 0 24 0 1 0 5
0 355 34 25 25	0 0 2 0 24 0 1 0 5
0 356 34 25 25	0 0 2 0 24 0 1 0 5
0 357 34 24 24	0 0 2 0 24 0 1 0 5
0 358 33 24 24	0 0 2 0 23 0 1 0 4
0 359 33 24 24	0 0 2 0 23 0 1 0 5
0 360 33 24 24	0 0 2 0 23 0 1 0 5
0 361 33 24 24	0 0 2 0 23 0 1 0 4
0 362 33 24 24	0 0 2 0 23 0 1 0 5
0 363 33 24 24	0 0 2 0 23 0 1 0 4
0 364 33 24 24	0 0 2 0 23 0 1 0 4
0 365 37 24 24	0 0 4 0 25 0 1 0 5
0 366 34 24 24	0 0 2 0 24 0 1 0 4
0 367 34 24 24	0 0 2 0 24 0 1 0 5
0 368 34 24 24	0 0 2 0 24 0 1 0 5
0 369 34 24 24	0 0 2 0 24 0 1 0 5
0 370 34 24 24	0 0 2 0 24 0 1 0 4
0 371 34 24 24	0 0 2 0 24 0 1 0 5
0 372 34 24 24	0 0 2 0 24 0 1 0 5
0 373 34 24 24	0 0 2 0 24 0 1 0 5
0 374 33 24 24	0 0 2 0 24 0 1 0 4
0 375 37 24 24	0 0 2 0 27 0 1 0 4
0 376 33 24 24	0 0 2 0 24 0 1 0 4
0 377 34 24 24	0 0 2 0 24 0 1 0 4
0 378 34 24 24	0 0 2 0 24 0 1 0 4
0 379 34 24 24	0 0 2 0 24 0 1 0 4
0 380 33 24 24	0 0 2 0 24 0 1 0 4
0 381 33 24 24	0 0 2 0 24 0 1 0 4
0 382 33 24 24	0 0 2 0 24 0 1 0 4
0 383 33 25 25	0 0 2 0 24 0 1 0 4
0 384 33 25 25	0 0 2 0 24 0 1 0 4
0 385 32 25 25	0 0 2 0 23 0 1 0 4
0 386 33 25 25	0 0 2 0 24 0 1 0 4
0 387 34 25 25	0 0 2 0 24 0 1 0 5
0 388 33 25 25	0 0 2 0 24 0 1 0 4
0 389 34 25 25	0 0 2 0 24 0 1 0 5
0 390 33 25 25	0 0 2 0 24 0 1 0 5
0 391 33 25 25	0 0 2 0 24 0 1 0 5
0 392 33 25 25	0 0 2 0 24 0 1 0 4
0 393 33 25 25	0 0 2 0 23 0 1 0 4
0 394 32 25 25	0 0 2 0 23 0 1 0 4
0 395 33 25 25	0 0 2 0 24 0 1 0 4
0 396 32 25 25	0 0 2 0 24 0 1 0 4
0 397 33 25 25	0 0 2 0 24 0 1 0 4
0 398 33 25 25	0 0 2 0 24 0 1 0 4
0 399 33 25 25	0 0 2 0 24 0 1 0 4
0 400 33 25 25	0 0 2 0 23 0 1 0 4
0 401 33 25 25	0 0 2 0 24 0 1 0 4
0 402 33 25 25	0 0 2 0 24 0 1 0 4
0 403 34 25 25	0 0 2 0 23 0 1 0 5
0 404 34 25 25	0 0 2 0 24 0 2 0 4
0 405 34 25 25	0 0 2 0 24 0 1 0 5
0 406 33 25 25	0 0 2 0 24 0 1 0 4
0 407 33 25 25	0 0 2 0 24 0 1 0 4
0 408 33 24 24	0 0 2 0 24 0 1 0 4
0 409 33 24 24	0 0 2 0 24 0 1 0 5
0 410 34 24 24	0 0 2 0 24 0 1 0 4
0 411 33 24 24	0 0 2 0 24 0 1 0 4
0 412 33 24 24	0 0 2 0 24 0 1 0 4
0 413 33 24 24	0 0 2 0 24 0 1 0 4
0 414 33 24 24	0 0 2 0 24 0 1 0 4
0 415 34 24 24	0 0 2 0 24 0 1 0 5
0 416 33 24 24	0 0 2 0 24 0 1 0 4
0 417 33 24 24	0 0 2 0 24 0 1 0 4
0 418 33 24 24	0 0 2 0 23 0 1 0 4
0 419 33 24 24	0 0 2 0 24 0 1 0 4
0 420 33 24 24	0 0 2 0 23 0 1 0 4
0 421 33 24 24	0 0 2 0 23 0 1 0 4
0 422 33 24 24	0 0 2 0 24 0 1 0 4
0 423 33 24 24	0 0 2 0 23 0 1 0 4
0 424 33 24 24	0 0 2 0 23 0 1 0 4
0 425 33 24 24	0 0 2 0 24 0 1 0 4
0 426 33 24 24	0 0 2 0 23 0 1 0 4
0 427 33 24 24	0 0 2 0 24 0 1 0 4
0 428 33 24 24	0 0 2 0 24 0 1 0 4
0 429 33 24 24	0 0 2 0 24 0 1 0 4
0 430 32 24 24	0 0 2 0 23 0 1 0 4
0 431 33 24 24	0 0 2 0 24 0 1 0 4
0 432 33 24 24	0 0 2 0 24 0 1 0 4
0 433 33 24 24	0 0 2 0 23 0 1 0 4
0 434 33 25 25	0 0 2 0 24 0 1 0 4
0 435 33 25 25	0 0 2 0 23 0 1 0 4
0 436 32 25 25	0 0 2 0 23 0 1 0 4
0 437 33 25 25	0 0 2 0 24 0 1 0 4
0 438 34 25 25	0 0 4 0 23 0 1 0 4
0 439 34 25 25	0 0 4 0 23 0 1 0 4
0 440 34 25 25	0 0 4 0 23 0 1 0 4
0 441 34 25 25	0 0 4 0 24 0 1 0 4
0 442 34 25 25	0 0 4 0 24 0 1 0 4
0 443 34 25 25	0 0 4 0 24 0 1 0 4
0 444 35 25 25	0 0 4 0 23 0 1 0 4
0 445 33 25 25	0 0 2 0 23 0 1 0 4
0 446 33 25 25	0 0 2 0 23 0 1 0 4
0 447 33 25 25	0 0 2 0 24 0 1 0 4
0 448 33 25 25	0 0 2 0 23 0 1 0 4
0 449 33 25 25	0 0 2 0 23 0 1 0 4
0 450 32 25 25	0 0 2 0 23 0 1 0 4
0 451 33 25 25	0 0 2 0 23 0 1 0 4
0 452 32 25 25	0 0 2 0 24 0 1 0 4
0 453 32 25 25	0 0 2 0 23 0 1 0 4
0 454 32 25 25	0 0 2 0 23 0 1 0 4
0 455 32 25 25	0 0 2 0 24 0 1 0 4
0 456 32 25 25	0 0 2 0 23 0 1 0 4
0 457 32 25 25	0 0 2 0 23 0 1 0 4
0 458 33 25 25	0 0 2 0 24 0 1 0 5
0 459 32 24 24	0 0 2 0 23 0 1 0 4
0 460 32 24 24	0 0 2 0 23 0 1 0 4
0 461 33 24 24	0 0 2 0 24 0 1 0 4
0 462 32 24 24	0 0 2 0 23 0 1 0 4
0 463 33 24 24	0 0 2 0 23 0 1 0 4
0 464 33 24 24	0 0 2 0 24 0 1 0 4
0 465 33 24 24	0 0 2 0 24 0 1 0 4
0 466 33 24 24	0 0 2 0 23 0 1 0 4
0 467 33 24 24	0 0 2 0 24 0 1 0 4
0 468 33 24 24	0 0 2 0 24 0 1 0 4
0 469 32 24 24	0 0 2 0 23 0 1 0 4
0 470 33 24 24	0 0 2 0 24 0 1 0 4
0 471 32 24 24	0 0 2 0 23 0 1 0 4
0 472 33 24 24	0 0 2 0 23 0 1 0 4
0 473 32 24 24	0 0 2 0 24 0 1 0 4
0 474 32 24 24	0 0 2 0 24 0 1 0 4
0 475 32 24 24	0 0 2 0 24 0 1 0 4
0 476 32 24 24	0 0 2 0 24 0 1 0 4
0 477 33 24 24	0 0 2 0 24 0 1 0 4
0 478 32 24 24	0 0 2 0 23 0 1 0 4
0 479 33 24 24	0 0 2 0 24 0 1 0 4
0 480 32 24 24	0 0 2 0 24 0 1 0 4
0 481 32 24 24	0 0 2 0 23 0 1 0 4
0 482 32 24 24	0 0 2 0 24 0 1 0 4
0 483 32 24 24	0 0 2 0 23 0 1 0 4
0 484 32 24 24	0 0 2 0 23 0 1 0 3
0 485 32 25 25	0 0 2 0 24 0 1 0 3
0 486 31 25 25	0 0 2 0 23 0 1 0 3
0 487 32 25 25	0 0 2 0 23 0 1 0 4
0 488 32 25 25	0 0 2 0 24 0 1 0 4
0 489 32 25 25	0 0 2 0 23 0 1 0 4
0 490 32 25 25	0 0 2 0 23 0 1 0 4
0 491 33 25 25	0 0 2 0 24 0 1 0 4
0 492 32 25 25	0 0 2 0 24 0 1 0 4
0 493 32 25 25	0 0 2 0 23 0 1 0 4
0 494 32 25 25	0 0 2 0 24 0 1 0 4
0 495 33 25 25	0 0 2 0 24 0 1 0 4
0 496 32 25 25	0 0 2 0 23 0 1 0 4
0 497 34 25 25	0 0 4 0 24 0 1 0 4
0 498 34 25 25	0 0 4 0 24 0 1 0 4
0 499 35 25 25	0 0 4 0 24 0 1 0 4
0 500 34 25 25	0 0 4 0 24 0 1 0 4
0 501 34 25 25	0 0 4 0 24 0 1 0 4
0 502 34 25 25	0 0 3 0 24 0 1 0 4
0 503 33 25 25	0 0 2 0 24 0 1 0 5
0 504 33 25 25	0 0 2 0 24 0 1 0 4
0 505 33 25 25	0 0 2 0 24 0 1 0 4
0 506 33 25 25	0 0 2 0 24 0 1 0 4
0 507 33 25 25	0 0 2 0 24 0 1 0 4
0 508 33 25 25	0 0 2 0 24 0 1 0 4
0 509 33 25 25	0 0 2 0 24 0 1 0 4
0 510 32 24 24	0 0 2 0 24 0 1 0 4
0 511 32 24 24	0 0 2 0 24 0 1 0 4
0 512 33 24 24	0 0 2 0 24 0 1 0 4
0 513 33 24 24	0 0 2 0 23 0 1 0 4
0 514 32 24 24	0 0 2 0 24 0 1 0 4
0 515 33 24 24	0 0 2 0 24 0 1 0 4
0 516 32 24 24	0 0 2 0 23 0 1 0 4
0 517 33 24 24	0 0 2 0 24 0 1 0 4
0 518 33 24 24	0 0 2 0 24 0 1 0 4
0 519 33 24 24	0 0 2 0 24 0 1 0 4
0 520 33 24 24	0 0 2 0 24 0 1 0 4
0 521 35 24 24	0 0 4 0 24 0 1 0 4
0 522 33 24 24	0 0 2 0 24 0 1 0 4
0 523 32 24 24	0 0 2 0 23 0 1 0 4
0 524 33 24 24	0 0 2 0 24 0 1 0 4
0 525 33 24 24	0 0 2 0 24 0 1 0 4
0 526 33 24 24	0 0 3 0 23 0 1 0 4
0 527 33 24 24	0 0 2 0 24 0 1 0 4
0 528 33 24 24	0 0 2 0 24 0 1 0 4
0 529 34 24 24	0 0 3 0 24 0 1 0 4
0 530 33 24 24	0 0 2 0 24 0 1 0 4
0 531 33 24 24	0 0 2 0 23 0 1 0 4
0 532 33 24 24	0 0 2 0 24 0 1 0 4
0 533 33 24 24	0 0 2 0 24 0 1 0 4
0 534 32 24 24	0 0 2 0 23 0 1 0 4
0 535 34 24 24	0 0 4 0 23 0 1 0 4
0 536 35 24 24	0 0 4 0 24 0 1 0 4
0 537 32 24 24	0 0 2 0 23 0 1 0 4
0 538 32 24 24	0 0 2 0 23 0 1 0 4
0 539 32 24 24	0 0 2 0 24 0 1 0 4
0 540 32 24 24	0 0 2 0 24 0 1 0 4
0 541 32 24 24	0 0 2 0 23 0 1 0 4
0 542 33 24 24	0 0 2 0 24 0 1 0 4
0 543 32 24 24	0 0 2 0 24 0 1 0 4
0 544 32 24 24	0 0 2 0 23 0 1 0 4
0 545 33 24 24	0 0 2 0 24 0 1 0 4
0 546 33 24 24	0 0 2 0 24 0 1 0 4
0 547 33 24 24	0 0 2 0 23 0 1 0 4
0 548 33 24 24	0 0 2 0 24 0 1 0 4
0 549 33 24 24	0 0 2 0 24 0 1 0 4
0 550 33 24 24	0 0 2 0 23 0 1 0 4
0 551 33 24 24	0 0 2 0 24 0 1 0 4
0 552 33 24 24	0 0 2 0 24 0 1 0 4
0 553 33 24 24	0 0 2 0 23 0 1 0 4
0 554 33 24 24	0 0 2 0 24 0 1 0 5
0 555 33 24 24	0 0 2 0 24 0 1 0 5
0 556 33 24 24	0 0 2 0 24 0 1 0 4
0 557 33 24 24	0 0 2 0 24 0 1 0 4
0 558 33 24 24	0 0 2 0 24 0 1 0 4
0 559 33 24 24	0 0 2 0 24 0 1 0 5
0 560 33 24 24	0 0 2 0 24 0 1 0 4
0 561 33 24 24	0 0 2 0 24 0 1 0 4
0 562 33 25 25	0 0 2 0 24 0 1 0 4
0 563 33 25 25	0 0 2 0 25 0 1 0 4
0 564 33 25 25	0 0 2 0 24 0 1 0 5
0 565 33 25 25	0 0 2 0 24 0 1 0 4
0 566 33 25 25	0 0 2 0 24 0 1 0 4
0 567 33 25 25	0 0 2 0 24 0 1 0 4
0 568 33 25 25	0 0 2 0 23 0 1 0 4
0 569 33 25 25	0 0 2 0 24 0 1 0 4
0 570 33 25 25	0 0 2 0 23 0 1 0 4
0 571 32 25 25	0 0 2 0 23 0 1 0 4
0 572 34 25 25	0 0 3 0 24 0 1 0 4
0 573 34 25 25	0 0 3 0 24 0 1 0 4
0 574 32 25 25	0 0 2 0 23 0 1 0 4
0 575 33 25 25	0 0 2 0 24 0 1 0 4
0 576 33 25 25	0 0 2 0 24 0 1 0 4
0 577 33 25 25	0 0 2 0 23 0 1 0 4
0 578 33 25 25	0 0 2 0 24 0 1 0 4
0 579 33 25 25	0 0 2 0 24 0 1 0 4
0 580 32 25 25	0 0 2 0 24 0 1 0 3
0 581 33 25 25	0 0 2 0 24 0 1 0 4
0 582 33 25 25	0 0 2 0 23 0 1 0 4
0 583 33 25 25	0 0 2 0 24 0 1 0 4
0 584 34 25 25	0 0 2 0 24 0 1 0 4
0 585 33 25 25	0 0 2 0 24 0 1 0 4
0 586 34 25 25	0 0 2 0 24 0 1 0 4
0 587 34 24 24	0 0 2 0 24 0 1 0 5
0 588 34 24 24	0 0 3 0 24 0 1 0 4
0 589 45 24 24	0 0 2 0 29 0 6 0 6
0 590 38 24 24	0 0 4 0 25 0 1 0 6
0 591 34 24 24	0 0 3 0 24 0 1 0 4
0 592 34 24 24	0 0 2 0 24 0 1 0 4
0 593 34 24 24	0 0 3 0 24 0 1 0 4
0 594 34 24 24	0 0 2 0 24 0 1 0 4
0 595 33 24 24	0 0 2 0 24 0 1 0 4
0 596 33 24 24	0 0 2 0 24 0 1 0 4
0 597 39 24 24	0 0 2 0 30 0 1 0 4
0 598 32 24 24	0 0 2 0 23 0 1 0 4
0 599 33 24 24	0 0 2 0 23 0 1 0 4
0 600 32 24 24	0 0 2 0 24 0 1 0 3
0 601 33 24 24	0 0 2 0 24 0 1 0 4
0 602 33 24 24	0 0 2 0 24 0 1 0 4
0 603 33 24 24	0 0 2 0 24 0 1 0 4
0 604 32 24 24	0 0 2 0 23 0 1 0 3
0 605 34 24 24	0 0 3 0 24 0 1 0 4
0 606 32 24 24	0 0 2 0 23 0 1 0 4
0 607 33 24 24	0 0 3 0 23 0 1 0 4
0 608 36 24 24	0 0 2 0 27 0 1 0 4
0 609 34 24 24	0 0 4 0 24 0 1 0 4
0 610 33 24 24	0 0 2 0 24 0 1 0 4
0 611 34 24 24	0 0 2 0 24 0 1 0 4
0 612 34 24 24	0 0 2 0 24 0 1 0 4
0 613 34 24 24	0 0 2 0 24 0 1 0 4
0 614 33 24 24	0 0 2 0 24 0 1 0 4
0 615 34 24 24	0 0 2 0 24 0 1 0 4
0 616 34 24 24	0 0 2 0 24 0 1 0 4
0 617 35 24 24	0 0 2 0 25 0 1 0 4
0 618 34 24 24	0 0 2 0 24 0 1 0 5
0 619 35 24 24	0 0 2 0 24 0 1 0 5
0 620 34 24 24	0 0 2 0 24 0 1 0 4
0 621 34 24 24	0 0 2 0 24 0 1 0 4
0 622 34 24 24	0 0 2 0 25 0 1 0 5
0 623 34 24 24	0 0 2 0 24 0 1 0 4
0 624 34 24 24	0 0 2 0 24 0 1 0 4
0 625 41 24 24	0 0 6 0 27 0 1 0 5
0 626 35 24 24	0 0 2 0 24 0 1 0 5
0 627 35 24 24	0 0 2 0 25 0 1 0 5
0 628 35 24 24	0 0 2 0 24 0 1 0 5
0 629 35 24 24	0 0 2 0 24 0 1 0 5
0 630 35 24 24	0 0 2 0 25 0 1 0 5
0 631 35 24 24	0 0 2 0 24 0 1 0 5
0 632 34 24 24	0 0 2 0 24 0 1 0 5
0 633 34 24 24	0 0 2 0 24 0 1 0 5
0 634 34 24 24	0 0 2 0 24 0 2 0 5
0 635 35 24 24	0 0 2 0 24 0 2 0 6
0 636 34 24 24	0 0 2 0 24 0 1 0 5
0 637 33 24 24	0 0 2 0 24 0 1 0 4
0 638 33 25 25	0 0 2 0 23 0 1 0 5
0 639 33 25 25	0 0 2 0 24 0 1 0 4
0 640 34 25 25	0 0 2 0 24 0 1 0 4
0 641 34 25 25	0 0 2 0 24 0 1 0 5
0 642 33 25 25	0 0 2 0 24 0 1 0 4
0 643 34 25 25	0 0 2 0 24 0 1 0 5
0 644 34 25 25	0 0 2 0 24 0 1 0 5
0 645 34 25 25	0 0 2 0 24 0 1 0 5
0 646 33 25 25	0 0 2 0 24 0 1 0 5
0 647 34 25 25	0 0 2 0 24 0 1 0 5
0 648 34 25 25	0 0 2 0 24 0 1 0 5
0 649 34 25 25	0 0 2 0 24 0 1 0 5
0 650 34 25 25	0 0 2 0 24 0 1 0 5
0 651 34 25 25	0 0 2 0 24 0 1 0 5
0 652 34 25 25	0 0 2 0 24 0 2 0 5
0 653 33 25 25	0 0 2 0 24 0 1 0 4
0 654 33 25 25	0 0 2 0 24 0 1 0 4
0 655 33 25 25	0 0 2 0 23 0 1 0 4
0 656 33 25 25	0 0 2 0 24 0 1 0 4
0 657 34 25 25	0 0 3 0 24 0 1 0 4
0 658 32 25 25	0 0 2 0 23 0 1 0 4
0 659 33 25 25	0 0 2 0 24 0 1 0 4
0 660 34 25 25	0 0 2 0 24 0 1 0 5
0 661 34 25 25	0 0 2 0 24 0 1 0 5
0 662 34 25 25	0 0 2 0 23 0 1 0 5
0 663 33 24 24	0 0 2 0 23 0 1 0 5
0 664 33 24 24	0 0 2 0 23 0 1 0 4
0 665 33 24 24	0 0 2 0 24 0 1 0 4
0 666 33 24 24	0 0 2 0 23 0 1 0 4
0 667 35 24 24	0 0 4 0 24 0 1 0 5
0 668 35 24 24	0 0 4 0 23 0 1 0 5
0 669 35 24 24	0 0 4 0 24 0 1 0 5
0 670 33 24 24	0 0 2 0 23 0 1 0 4
0 671 33 24 24	0 0 2 0 24 0 1 0 4
0 672 33 24 24	0 0 2 0 23 0 1 0 5
0 673 33 24 24	0 0 2 0 23 0 1 0 5
0 674 33 24 24	0 0 2 0 23 0 1 0 4
0 675 33 24 24	0 0 2 0 23 0 1 0 4
0 676 33 24 24	0 0 2 0 23 0 1 0 5
0 677 33 24 24	0 0 2 0 24 0 1 0 5
0 678 33 24 24	0 0 2 0 24 0 1 0 5
0 679 33 24 24	0 0 2 0 23 0 1 0 4
0 680 33 24 24	0 0 2 0 24 0 1 0 4
0 681 33 24 24	0 0 2 0 23 0 1 0 4
0 682 33 24 24	0 0 2 0 23 0 1 0 5
0 683 33 24 24	0 0 2 0 23 0 1 0 5
0 684 33 24 24	0 0 2 0 24 0 1 0 4
0 685 33 24 24	0 0 2 0 23 0 1 0 5
0 686 33 24 24	0 0 2 0 24 0 1 0 4
0 687 33 24 24	0 0 2 0 23 0 1 0 4
0 688 33 24 24	0 0 2 0 23 0 1 0 4
0 689 33 25 25	0 0 2 0 23 0 1 0 5
0 690 33 25 25	0 0 2 0 24 0 1 0 4
0 691 33 25 25	0 0 2 0 23 0 1 0 4
0 692 33 25 25	0 0 2 0 23 0 1 0 4
0 693 33 25 25	0 0 2 0 23 0 1 0 5
0 694 33 25 25	0 0 2 0 23 0 1 0 4
0 695 33 25 25	0 0 2 0 23 0 1 0 4
0 696 34 25 25	0 0 3 0 23 0 1 0 4
0 697 33 25 25	0 0 2 0 23 0 1 0 4
0 698 33 25 25	0 0 2 0 24 0 1 0 4
0 699 32 25 25	0 0 2 0 23 0 1 0 4
0 700 33 25 25	0 0 2 0 23 0 1 0 4
0 701 33 25 25	0 0 2 0 24 0 1 0 4
0 702 33 25 25	0 0 2 0 24 0 1 0 4
0 703 33 25 25	0 0 2 0 23 0 1 0 4
0 704 33 25 25	0 0 2 0 24 0 1 0 4
0 705 33 25 25	0 0 2 0 24 0 1 0 5
0 706 33 25 25	0 0 2 0 24 0 1 0 4
0 707 33 25 25	0 0 2 0 23 0 1 0 4
0 708 34 25 25	0 0 2 0 24 0 1 0 5
0 709 33 25 25	0 0 2 0 23 0 1 0 5
0 710 34 25 25	0 0 2 0 24 0 1 0 5
0 711 34 25 25	0 0 2 0 23 0 1 0 5
0 712 33 25 25	0 0 2 0 24 0 1 0 4
0 713 33 25 25	0 0 2 0 24 0 1 0 5
0 714 33 24 24	0 0 2 0 23 0 1 0 4
0 715 33 24 24	0 0 2 0 24 0 1 0 4
0 716 33 24 24	0 0 2 0 24 0 1 0 4
0 717 34 24 24	0 0 2 0 24 0 1 0 5
0 718 33 24 24	0 0 2 0 23 0 1 0 5
0 719 33 24 24	0 0 2 0 23 0 1 0 5
0 720 33 24 24	0 0 2 0 23 0 1 0 4
0 721 33 24 24	0 0 2 0 23 0 1 0 4
0 722 33 24 24	0 0 2 0 24 0 1 0 4
0 723 33 24 24	0 0 2 0 23 0 1 0 5
0 724 33 24 24	0 0 2 0 24 0 1 0 4
0 725 34 24 24	0 0 2 0 24 0 1 0 5
0 726 33 24 24	0 0 2 0 23 0 1 0 4
0 727 33 24 24	0 0 2 0 23 0 1 0 4
0 728 33 24 24	0 0 2 0 24 0 1 0 5
0 729 34 24 24	0 0 2 0 24 0 1 0 5
0 730 33 24 24	0 0 2 0 24 0 1 0 4
0 731 33 24 24	0 0 2 0 23 0 1 0 4
0 732 33 24 24	0 0 2 0 24 0 1 0 4
0 733 33 24 24	0 0 2 0 23 0 1 0 4
0 734 33 24 24	0 0 2 0 23 0 1 0 4
0 735 33 24 24	0 0 2 0 23 0 1 0 4
0 736 33 24 24	0 0 2 0 23 0 1 0 5
0 737 33 24 24	0 0 2 0 24 0 1 0 4
0 738 33 24 24	0 0 2 0 23 0 1 0 4
0 739 32 24 24	0 0 2 0 23 0 1 0 4
0 740 32 25 25	0 0 2 0 23 0 1 0 4
0 741 32 25 25	0 0 2 0 24 0 1 0 4
0 742 33 25 25	0 0 2 0 23 0 1 0 4
0 743 33 25 25	0 0 2 0 23 0 1 0 4
0 744 33 25 25	0 0 2 0 24 0 1 0 4
0 745 33 25 25	0 0 2 0 24 0 1 0 5
0 746 33 25 25	0 0 2 0 24 0 1 0 5
0 747 34 25 25	0 0 3 0 24 0 1 0 4
0 748 32 25 25	0 0 2 0 23 0 1 0 4
0 749 32 25 25	0 0 2 0 23 0 1 0 4
0 750 32 25 25	0 0 2 0 23 0 1 0 4
0 751 33 25 25	0 0 2 0 24 0 1 0 4
0 752 33 25 25	0 0 2 0 24 0 1 0 4
0 753 34 25 25	0 0 2 0 24 0 1 0 5
0 754 33 25 25	0 0 2 0 24 0 1 0 4
0 755 34 25 25	0 0 2 0 24 0 1 0 5
0 756 33 25 25	0 0 2 0 23 0 1 0 5
0 757 33 25 25	0 0 2 0 24 0 1 0 5
0 758 35 25 25	0 0 3 0 23 0 1 0 5
0 759 34 25 25	0 0 2 0 24 0 1 0 5
0 760 33 25 25	0 0 2 0 24 0 1 0 4
0 761 33 25 25	0 0 2 0 24 0 1 0 5
0 762 33 25 25	0 0 2 0 24 0 1 0 4
0 763 33 25 25	0 0 2 0 23 0 1 0 5
0 764 33 25 25	0 0 2 0 24 0 1 0 4
0 765 34 24 24	0 0 3 0 24 0 1 0 5
0 766 33 24 24	0 0 2 0 23 0 1 0 4
0 767 33 24 24	0 0 2 0 24 0 1 0 4
0 768 33 24 24	0 0 2 0 24 0 1 0 4
0 769 33 24 24	0 0 2 0 23 0 1 0 5
0 770 33 24 24	0 0 2 0 24 0 1 0 5
0 771 34 24 24	0 0 2 0 24 0 1 0 5
0 772 34 24 24	0 0 2 0 24 0 1 0 5
0 773 35 24 24	0 0 2 0 24 0 1 0 6
0 774 34 24 24	0 0 2 0 24 0 1 0 5
0 775 35 24 24	0 0 2 0 24 0 1 0 6
0 776 34 24 24	0 0 2 0 24 0 1 0 6
0 777 34 24 24	0 0 2 0 24 0 1 0 5
0 778 34 24 24	0 0 2 0 23 0 1 0 5
0 779 34 24 24	0 0 2 0 24 0 1 0 5
0 780 34 24 24	0 0 2 0 24 0 1 0 5
0 781 34 24 24	0 0 2 0 23 0 1 0 5
0 782 33 24 24	0 0 2 0 24 0 1 0 5
0 783 34 24 24	0 0 2 0 24 0 1 0 5
0 784 33 24 24	0 0 2 0 23 0 1 0 4
0 785 33 24 24	0 0 2 0 23 0 1 0 4
0 786 33 24 24	0 0 2 0 24 0 1 0 4
0 787 33 24 24	0 0 2 0 24 0 1 0 5
0 788 34 24 24	0 0 3 0 23 0 1 0 4
0 789 33 24 24	0 0 2 0 23 0 1 0 4
0 790 33 24 24	0 0 2 0 23 0 1 0 5
0 791 34 24 24	0 0 2 0 24 0 1 0 5
0 792 34 24 24	0 0 2 0 24 0 1 0 5
0 793 34 24 24	0 0 2 0 23 0 1 0 5
0 794 34 24 24	0 0 2 0 24 0 1 0 5
0 795 34 24 24	0 0 2 0 24 0 1 0 5
0 796 33 24 24	0 0 2 0 23 0 1 0 5
0 797 33 24 24	0 0 2 0 23 0 1 0 5
0 798 34 24 24	0 0 2 0 24 0 1 0 5
0 799 34 24 24	0 0 2 0 24 0 1 0 5
0 800 34 24 24	0 0 2 0 24 0 1 0 5
0 801 41 24 24	0 0 2 0 26 0 6 0 5
0 802 39 24 24	0 0 4 0 24 0 1 0 8
0 803 36 24 24	0 0 4 0 24 0 1 0 5
0 804 35 24 24	0 0 3 0 24 0 1 0 5
0 805 33 24 24	0 0 2 0 24 0 1 0 5
0 806 34 24 24	0 0 2 0 24 0 1 0 5
0 807 34 24 24	0 0 2 0 24 0 1 0 5
0 808 34 24 24	0 0 2 0 24 0 1 0 5
0 809 34 24 24	0 0 2 0 24 0 1 0 5
0 810 34 24 24	0 0 2 0 24 0 1 0 5
0 811 39 24 24	0 0 2 0 29 0 1 0 5
0 812 35 24 24	0 0 3 0 24 0 1 0 5
0 813 34 24 24	0 0 2 0 24 0 1 0 5
0 814 34 24 24	0 0 2 0 24 0 1 0 5
0 815 33 24 24	0 0 2 0 24 0 1 0 5
0 816 33 24 24	0 0 2 0 24 0 1 0 4
0 817 33 25 25	0 0 2 0 24 0 1 0 4
0 818 34 25 25	0 0 2 0 24 0 1 0 5
0 819 34 25 25	0 0 2 0 24 0 1 0 5
0 820 33 25 25	0 0 2 0 24 0 1 0 5
0 821 33 25 25	0 0 2 0 23 0 1 0 4
0 822 36 25 25	0 0 2 0 25 0 1 0 5
0 823 34 25 25	0 0 2 0 24 0 1 0 5
0 824 33 25 25	0 0 2 0 24 0 1 0 5
0 825 34 25 25	0 0 2 0 24 0 1 0 5
0 826 35 25 25	0 0 4 0 24 0 1 0 5
0 827 34 25 25	0 0 3 0 24 0 1 0 5
0 828 33 25 25	0 0 2 0 24 0 1 0 5
0 829 33 25 25	0 0 2 0 23 0 1 0 5
0 830 33 25 25	0 0 2 0 24 0 1 0 5
0 831 34 25 25	0 0 2 0 24 0 1 0 5
0 832 33 25 25	0 0 2 0 24 0 1 0 5
0 833 34 25 25	0 0 2 0 23 0 1 0 5
0 834 34 25 25	0 0 2 0 24 0 1 0 5
0 835 33 25 25	0 0 2 0 24 0 1 0 4
0 836 33 25 25	0 0 2 0 23 0 1 0 5
0 837 33 25 25	0 0 2 0 23 0 1 0 5
0 838 34 25 25	0 0 2 0 23 0 1 0 5
0 839 33 25 25	0 0 2 0 24 0 1 0 5
0 840 33 25 25	0 0 2 0 23 0 1 0 5
0 841 33 25 25	0 0 2 0 24 0 1 0 5
0 842 34 24 24	0 0 2 0 24 0 1 0 5
0 843 34 24 24	0 0 2 0 23 0 1 0 5
0 844 34 24 24	0 0 2 0 24 0 1 0 5
0 845 33 24 24	0 0 2 0 23 0 1 0 4
0 846 33 24 24	0 0 2 0 23 0 1 0 4
0 847 33 24 24	0 0 2 0 23 0 1 0 5
0 848 36 24 24	0 0 2 0 26 0 1 0 5
0 849 34 24 24	0 0 2 0 24 0 1 0 5
0 850 33 24 24	0 0 2 0 23 0 1 0 5
0 851 34 24 24	0 0 2 0 24 0 1 0 5
0 852 34 24 24	0 0 2 0 24 0 1 0 5
0 853 34 24 24	0 0 2 0 23 0 1 0 5
0 854 33 24 24	0 0 2 0 23 0 1 0 5
0 855 34 24 24	0 0 2 0 24 0 1 0 5
0 856 34 24 24	0 0 2 0 23 0 1 0 5
0 857 34 24 24	0 0 2 0 24 0 1 0 5
0 858 33 24 24	0 0 2 0 23 0 1 0 5
0 859 33 24 24	0 0 2 0 23 0 1 0 5
0 860 34 24 24	0 0 2 0 24 0 1 0 5
0 861 33 24 24	0 0 2 0 24 0 1 0 5
0 862 33 24 24	0 0 2 0 24 0 1 0 5
0 863 34 24 24	0 0 2 0 24 0 1 0 6
0 864 34 24 24	0 0 3 0 24 0 1 0 5
0 865 33 24 24	0 0 2 0 24 0 1 0 5
0 866 34 24 24	0 0 3 0 23 0 1 0 5
0 867 34 24 24	0 0 2 0 24 0 1 0 5
0 868 33 24 24	0 0 2 0 23 0 1 0 5
0 869 34 24 24	0 0 2 0 23 0 1 0 5
0 870 34 24 24	0 0 2 0 24 0 1 0 5
0 871 34 24 24	0 0 2 0 23 0 1 0 5
0 872 34 24 24	0 0 2 0 24 0 1 0 5
0 873 34 24 24	0 0 2 0 23 0 1 0 5
0 874 34 24 24	0 0 2 0 23 0 1 0 5
0 875 34 24 24	0 0 2 0 24 0 1 0 5
0 876 34 24 24	0 0 2 0 24 0 1 0 5
0 877 33 24 24	0 0 2 0 23 0 1 0 5
0 878 33 24 24	0 0 2 0 23 0 1 0 5
0 879 34 24 24	0 0 2 0 24 0 1 0 6
0 880 34 24 24	0 0 2 0 24 0 1 0 5
0 881 33 24 24	0 0 2 0 23 0 1 0 5
0 882 35 24 24	0 0 2 0 24 0 1 0 6
0 883 34 24 24	0 0 2 0 23 0 1 0 6
0 884 34 24 24	0 0 2 0 24 0 1 0 5
0 885 34 24 24	0 0 2 0 24 0 1 0 5
0 886 34 24 24	0 0 2 0 23 0 1 0 5
0 887 34 24 24	0 0 2 0 24 0 1 0 5
0 888 34 24 24	0 0 2 0 24 0 1 0 5
0 889 34 24 24	0 0 2 0 24 0 1 0 5
0 890 33 24 24	0 0 2 0 23 0 1 0 5
0 891 33 24 24	0 0 2 0 24 0 1 0 5
0 892 34 24 24	0 0 2 0 24 0 1 0 5
0 893 34 25 25	0 0 2 0 23 0 1 0 5
0 894 34 25 25	0 0 2 0 24 0 1 0 5
0 895 34 25 25	0 0 2 0 23 0 1 0 5
0 896 33 25 25	0 0 2 0 24 0 1 0 5
0 897 34 25 25	0 0 2 0 24 0 1 0 5
0 898 34 25 25	0 0 2 0 23 0 1 0 5
0 899 34 25 25	0 0 2 0 24 0 1 0 5
0 900 35 25 25	0 0 2 0 24 0 1 0 6
0 901 35 25 25	0 0 2 0 24 0 2 0 6
0 902 34 25 25	0 0 2 0 24 0 1 0 5
0 903 34 25 25	0 0 2 0 24 0 1 0 5
0 904 33 25 25	0 0 2 0 23 0 1 0 5
0 905 34 25 25	0 0 3 0 24 0 1 0 5
0 906 34 25 25	0 0 2 0 24 0 1 0 5
0 907 33 25 25	0 0 2 0 24 0 1 0 5
0 908 33 25 25	0 0 2 0 23 0 1 0 5
0 909 34 25 25	0 0 2 0 24 0 1 0 6
0 910 35 25 25	0 0 2 0 24 0 1 0 6
0 911 35 25 25	0 0 2 0 24 0 2 0 6
0 912 35 25 25	0 0 2 0 24 0 2 0 6
0 913 34 25 25	0 0 2 0 23 0 1 0 6
0 914 34 25 25	0 0 2 0 23 0 1 0 5
0 915 34 25 25	0 0 2 0 24 0 1 0 6
0 916 34 25 25	0 0 2 0 24 0 1 0 6
0 917 34 25 25	0 0 2 0 24 0 1 0 6
0 918 35 24 24	0 0 3 0 23 0 1 0 5
0 919 34 24 24	0 0 2 0 23 0 1 0 5
0 920 35 24 24	0 0 2 0 24 0 1 0 6
0 921 34 24 24	0 0 2 0 24 0 1 0 5
0 922 34 24 24	0 0 2 0 23 0 1 0 5
0 923 34 24 24	0 0 2 0 24 0 1 0 5
0 924 34 24 24	0 0 2 0 24 0 1 0 5
0 925 34 24 24	0 0 2 0 24 0 1 0 6
0 926 34 24 24	0 0 2 0 24 0 1 0 5
0 927 35 24 24	0 0 2 0 24 0 2 0 6
0 928 34 24 24	0 0 2 0 23 0 1 0 5
0 929 35 24 24	0 0 2 0 24 0 1 0 6
0 930 34 24 24	0 0 2 0 24 0 1 0 5
0 931 34 24 24	0 0 2 0 23 0 1 0 6
0 932 34 24 24	0 0 2 0 24 0 1 0 5
0 933 34 24 24	0 0 2 0 24 0 1 0 5
0 934 35 24 24	0 0 3 0 23 0 1 0 5
0 935 34 24 24	0 0 2 0 24 0 1 0 5
0 936 34 24 24	0 0 2 0 24 0 1 0 5
0 937 34 24 24	0 0 2 0 24 0 1 0 5
0 938 34 24 24	0 0 2 0 24 0 1 0 5
0 939 35 24 24	0 0 3 0 23 0 1 0 5
0 940 34 24 24	0 0 2 0 24 0 1 0 5
0 941 34 24 24	0 0 2 0 24 0 1 0 5
0 942 34 24 24	0 0 2 0 24 0 1 0 5
0 943 34 24 24	0 0 2 0 23 0 1 0 5
0 944 34 25 25	0 0 2 0 24 0 1 0 5
0 945 34 25 25	0 0 2 0 24 0 1 0 5
0 946 34 25 25	0 0 2 0 24 0 1 0 5
0 947 34 25 25	0 0 2 0 24 0 1 0 5
0 948 34 25 25	0 0 2 0 24 0 1 0 5
0 949 33 25 25	0 0 2 0 24 0 1 0 5
0 950 33 25 25	0 0 2 0 24 0 1 0 4
0 951 33 25 25	0 0 2 0 24 0 1 0 5
0 952 33 25 25	0 0 2 0 24 0 1 0 5
0 953 33 25 25	0 0 2 0 24 0 1 0 5
0 954 33 25 25	0 0 2 0 24 0 1 0 4
0 955 33 25 25	0 0 2 0 24 0 1 0 5
0 956 34 25 25	0 0 3 0 24 0 1 0 5
0 957 34 25 25	0 0 2 0 24 0 1 0 4
0 958 33 25 25	0 0 2 0 24 0 1 0 5
0 959 33 25 25	0 0 2 0 24 0 1 0 4
0 960 34 25 25	0 0 3 0 24 0 1 0 4
0 961 33 25 25	0 0 2 0 24 0 1 0 4
0 962 33 25 25	0 0 2 0 24 0 1 0 4
0 963 33 25 25	0 0 2 0 24 0 1 0 4
0 964 33 25 25	0 0 2 0 23 0 1 0 4
0 965 33 25 25	0 0 2 0 24 0 1 0 4
0 966 33 25 25	0 0 2 0 24 0 1 0 4
0 967 33 25 25	0 0 2 0 24 0 1 0 4
0 968 33 25 25	0 0 2 0 24 0 1 0 4
0 969 33 25 25	0 0 2 0 23 0 1 0 5
0 970 34 25 25	0 0 2 0 24 0 1 0 5
0 971 34 25 25	0 0 2 0 24 0 1 0 5
0 972 34 25 25	0 0 2 0 24 0 1 0 5
0 973 34 25 25	0 0 2 0 24 0 1 0 5
0 974 34 25 25	0 0 2 0 23 0 1 0 5
0 975 35 25 25	0 0 2 0 24 0 1 0 5
0 976 33 25 25	0 0 2 0 24 0 1 0 5
0 977 34 25 25	0 0 2 0 24 0 1 0 5
0 978 34 25 25	0 0 2 0 24 0 1 0 5
0 979 33 25 25	0 0 2 0 24 0 1 0 5
0 980 34 25 25	0 0 2 0 24 0 1 0 5
0 981 34 25 25	0 0 2 0 24 0 1 0 5
0 982 35 25 25	0 0 3 0 24 0 1 0 5
0 983 33 25 25	0 0 2 0 24 0 1 0 5
0 984 33 25 25	0 0 2 0 23 0 1 0 5
0 985 33 25 25	0 0 2 0 24 0 1 0 5
0 986 34 25 25	0 0 2 0 24 0 1 0 5
0 987 34 25 25	0 0 2 0 24 0 1 0 5
0 988 34 25 25	0 0 2 0 24 0 1 0 5
0 989 33 25 25	0 0 2 0 23 0 1 0 5
0 990 34 25 25	0 0 2 0 24 0 1 0 5
0 991 35 25 25	0 0 3 0 24 0 1 0 5
0 992 34 25 25	0 0 2 0 24 0 1 0 5
0 993 34 25 25	0 0 2 0 24 0 1 0 5
0 994 33 25 25	0 0 2 0 23 0 1 0 5
0 995 34 24 24	0 0 2 0 24 0 1 0 5
0 996 34 24 24	0 0 2 0 24 0 1 0 5
0 997 34 24 24	0 0 2 0 24 0 1 0 5
0 998 34 24 24	0 0 2 0 24 0 1 0 5
0 999 35 24 24	0 0 2 0 24 0 1 0 6
0 1000 35 24 24	0 0 2 0 24 0 1 0 6
0 1001 34 24 24	0 0 2 0 24 0 1 0 5
0 1002 34 24 24	0 0 2 0 24 0 1 0 5
0 1003 34 24 24	0 0 2 0 24 0 1 0 5
0 1004 34 24 24	0 0 2 0 24 0 1 0 5
0 1005 35 24 24	0 0 2 0 24 0 1 0 6
0 1006 36 24 24	0 0 3 0 24 0 1 0 6
0 1007 36 24 24	0 0 2 0 24 0 1 0 7
0 1008 36 24 24	0 0 2 0 24 0 1 0 7
0 1009 35 24 24	0 0 2 0 24 0 1 0 7
0 1010 36 24 24	0 0 3 0 24 0 1 0 7
0 1011 35 24 24	0 0 2 0 24 0 1 0 6
0 1012 35 24 24	0 0 2 0 24 0 1 0 6
0 1013 35 24 24	0 0 2 0 24 0 1 0 6
0 1014 36 24 24	0 0 2 0 24 0 1 0 7
0 1015 36 24 24	0 0 2 0 24 0 1 0 7
0 1016 36 24 24	0 0 2 0 24 0 1 0 7
0 1017 36 24 24	0 0 2 0 24 0 1 0 7
0 1018 36 24 24	0 0 2 0 24 0 1 0 7
0 1019 36 24 24	0 0 3 0 24 0 1 0 7
0 1020 37 24 24	0 0 3 0 24 0 1 0 6
0 1021 35 24 24	0 0 2 0 24 0 1 0 6
0 1022 35 24 24	0 0 2 0 24 0 1 0 6
0 1023 35 24 24	0 0 2 0 24 0 2 0 6
0 1024 35 24 24	0 0 2 0 24 0 1 0 6
0 1025 36 24 24	0 0 2 0 24 0 1 0 6
0 1026 35 24 24	0 0 2 0 24 0 1 0 6
0 1027 35 24 24	0 0 2 0 24 0 1 0 6
0 1028 35 24 24	0 0 2 0 24 0 1 0 6
0 1029 35 24 24	0 0 2 0 24 0 1 0 6
0 1030 37 24 24	0 0 5 0 24 0 1 0 6
0 1031 35 24 24	0 0 2 0 24 0 1 0 6
0 1032 35 24 24	0 0 2 0 24 0 1 0 6
0 1033 36 24 24	0 0 2 0 24 0 2 0 6
0 1034 35 24 24	0 0 2 0 24 0 1 0 6
0 1035 35 24 24	0 0 2 0 24 0 1 0 6
0 1036 35 24 24	0 0 2 0 24 0 1 0 6
0 1037 35 24 24	0 0 2 0 24 0 1 0 6
0 1038 34 24 24	0 0 2 0 24 0 1 0 5
0 1039 35 24 24	0 0 2 0 24 0 1 0 6
0 1040 36 24 24	0 0 3 0 24 0 1 0 6
0 1041 36 24 24	0 0 2 0 24 0 1 0 7
0 1042 35 24 24	0 0 2 0 24 0 1 0 6
0 1043 35 24 24	0 0 2 0 24 0 1 0 5
0 1044 35 24 24	0 0 2 0 24 0 1 0 6
0 1045 35 24 24	0 0 2 0 24 0 1 0 6
0 1046 35 25 25	0 0 2 0 24 0 1 0 6
0 1047 35 25 25	0 0 2 0 24 0 1 0 6
0 1048 36 25 25	0 0 3 0 24 0 1 0 6
0 1049 36 25 25	0 0 4 0 24 0 1 0 6
0 1050 35 25 25	0 0 2 0 24 0 1 0 6
0 1051 34 25 25	0 0 2 0 24 0 1 0 6
0 1052 34 25 25	0 0 2 0 24 0 1 0 6
0 1053 34 25 25	0 0 2 0 24 0 1 0 5
0 1054 34 25 25	0 0 2 0 24 0 1 0 5
0 1055 35 25 25	0 0 2 0 24 0 1 0 6
0 1056 34 25 25	0 0 2 0 24 0 1 0 5
0 1057 35 25 25	0 0 2 0 24 0 1 0 6
0 1058 35 25 25	0 0 2 0 24 0 1 0 6
0 1059 35 25 25	0 0 2 0 24 0 1 0 6
0 1060 35 25 25	0 0 2 0 24 0 1 0 6
0 1061 36 25 25	0 0 3 0 24 0 1 0 6
0 1062 35 25 25	0 0 2 0 24 0 1 0 6
0 1063 34 25 25	0 0 2 0 24 0 1 0 6
0 1064 35 25 25	0 0 2 0 24 0 1 0 6
0 1065 35 25 25	0 0 2 0 24 0 1 0 6
0 1066 35 25 25	0 0 2 0 24 0 1 0 6
0 1067 35 25 25	0 0 2 0 24 0 1 0 6
0 1068 35 25 25	0 0 2 0 24 0 1 0 6
0 1069 35 25 25	0 0 2 0 24 0 1 0 6
0 1070 35 25 25	0 0 2 0 24 0 1 0 6
0 1071 34 24 24	0 0 2 0 24 0 1 0 5
0 1072 35 24 24	0 0 2 0 24 0 1 0 6
0 1073 35 24 24	0 0 2 0 24 0 1 0 6
0 1074 35 24 24	0 0 2 0 24 0 1 0 6
0 1075 34 24 24	0 0 2 0 24 0 1 0 5
0 1076 35 24 24	0 0 2 0 24 0 1 0 6
0 1077 35 24 24	0 0 2 0 24 0 1 0 6
0 1078 35 24 24	0 0 2 0 24 0 1 0 6
0 1079 36 24 24	0 0 2 0 24 0 1 0 7
0 1080 36 24 24	0 0 2 0 24 0 1 0 7
0 1081 35 24 24	0 0 2 0 24 0 1 0 6
0 1082 36 24 24	0 0 2 0 24 0 1 0 7
0 1083 36 24 24	0 0 2 0 24 0 1 0 7
0 1084 35 24 24	0 0 2 0 24 0 1 0 6
0 1085 36 24 24	0 0 2 0 24 0 1 0 7
0 1086 35 24 24	0 0 2 0 24 0 1 0 7
0 1087 36 24 24	0 0 2 0 24 0 1 0 7
0 1088 36 24 24	0 0 2 0 24 0 1 0 7
0 1089 37 24 24	0 0 2 0 24 0 1 0 7
0 1090 36 24 24	0 0 2 0 24 0 1 0 7
0 1091 36 24 24	0 0 2 0 24 0 1 0 7
0 1092 36 24 24	0 0 2 0 24 0 1 0 7
0 1093 36 24 24	0 0 2 0 24 0 1 0 7
0 1094 36 24 24	0 0 2 0 24 0 1 0 7
0 1095 36 24 24	0 0 2 0 24 0 1 0 7
0 1096 35 24 24	0 0 2 0 24 0 1 0 6
0 1097 36 24 24	0 0 2 0 24 0 2 0 7
0 1098 36 24 24	0 0 2 0 24 0 1 0 7
0 1099 36 24 24	0 0 2 0 24 0 1 0 7
0 1100 36 24 24	0 0 2 0 24 0 1 0 7
0 1101 36 24 24	0 0 2 0 24 0 1 0 6
0 1102 35 24 24	0 0 2 0 24 0 1 0 6
0 1103 36 24 24	0 0 2 0 24 0 1 0 6
0 1104 35 24 24	0 0 2 0 24 0 1 0 6
0 1105 36 24 24	0 0 2 0 24 0 1 0 7
0 1106 36 24 24	0 0 2 0 24 0 1 0 6
0 1107 37 24 24	0 0 3 0 24 0 1 0 7
0 1108 36 24 24	0 0 2 0 24 0 1 0 6
0 1109 36 24 24	0 0 2 0 24 0 2 0 6
0 1110 36 24 24	0 0 2 0 24 0 1 0 7
0 1111 36 24 24	0 0 2 0 24 0 1 0 7
0 1112 36 24 24	0 0 2 0 24 0 2 0 7
0 1113 36 24 24	0 0 2 0 24 0 1 0 7
0 1114 36 24 24	0 0 2 0 24 0 1 0 7
0 1115 36 24 24	0 0 2 0 24 0 1 0 7
0 1116 36 24 24	0 0 2 0 24 0 2 0 7
0 1117 36 24 24	0 0 2 0 24 0 2 0 6
0 1118 35 24 24	0 0 2 0 24 0 1 0 6
0 1119 36 24 24	0 0 2 0 24 0 1 0 6
0 1120 36 24 24	0 0 2 0 24 0 1 0 6
0 1121 36 24 24	0 0 2 0 24 0 1 0 7
0 1122 35 25 25	0 0 2 0 24 0 1 0 6
0 1123 36 25 25	0 0 2 0 24 0 1 0 6
0 1124 36 25 25	0 0 2 0 24 0 1 0 7
0 1125 37 25 25	0 0 2 0 24 0 1 0 7
0 1126 36 25 25	0 0 2 0 24 0 1 0 7
0 1127 36 25 25	0 0 2 0 24 0 1 0 7
0 1128 38 25 25	0 0 3 0 24 0 1 0 7
0 1129 37 25 25	0 0 2 0 24 0 1 0 7
0 1130 37 25 25	0 0 2 0 24 0 1 0 7
0 1131 36 25 25	0 0 2 0 24 0 1 0 7
0 1132 36 25 25	0 0 2 0 24 0 1 0 7
0 1133 36 25 25	0 0 2 0 24 0 2 0 7
0 1134 37 25 25	0 0 2 0 24 0 2 0 7
0 1135 36 25 25	0 0 2 0 24 0 1 0 7
0 1136 36 25 25	0 0 2 0 24 0 2 0 7
0 1137 36 25 25	0 0 2 0 24 0 2 0 7
0 1138 37 25 25	0 0 2 0 24 0 1 0 7
0 1139 36 25 25	0 0 2 0 24 0 1 0 7
0 1140 36 25 25	0 0 2 0 24 0 2 0 6
0 1141 36 25 25	0 0 2 0 24 0 1 0 7
0 1142 37 25 25	0 0 3 0 24 0 1 0 7
0 1143 37 25 25	0 0 2 0 24 0 1 0 7
0 1144 36 25 25	0 0 2 0 24 0 1 0 7
0 1145 37 25 25	0 0 3 0 24 0 1 0 7
0 1146 36 25 25	0 0 2 0 24 0 1 0 7
0 1147 36 25 25	0 0 2 0 24 0 1 0 7
0 1148 36 25 25	0 0 2 0 24 0 1 0 7
0 1149 36 25 25	0 0 2 0 24 0 1 0 7
0 1150 36 25 25	0 0 2 0 24 0 2 0 7
0 1151 37 25 25	0 0 2 0 24 0 1 0 8
0 1152 37 25 25	0 0 2 0 24 0 2 0 7
0 1153 39 25 25	0 0 4 0 24 0 1 0 8
0 1154 37 25 25	0 0 3 0 24 0 2 0 7
0 1155 36 25 25	0 0 2 0 24 0 2 0 7
0 1156 36 25 25	0 0 2 0 24 0 1 0 7
0 1157 37 25 25	0 0 2 0 24 0 2 0 7
0 1158 37 25 25	0 0 2 0 24 0 2 0 7
0 1159 37 25 25	0 0 2 0 24 0 2 0 7
0 1160 36 25 25	0 0 2 0 24 0 1 0 7
0 1161 37 25 25	0 0 2 0 24 0 1 0 7
0 1162 36 25 25	0 0 2 0 24 0 2 0 7
0 1163 44 25 25	0 0 2 0 27 0 6 0 7
0 1164 41 25 25	0 0 4 0 25 0 1 0 8
0 1165 36 25 25	0 0 3 0 24 0 1 0 6
0 1166 35 25 25	0 0 3 0 24 0 1 0 5
0 1167 34 25 25	0 0 2 0 24 0 1 0 5
0 1168 34 25 25	0 0 2 0 24 0 1 0 5
0 1169 34 25 25	0 0 2 0 24 0 1 0 5
0 1170 34 25 25	0 0 2 0 24 0 1 0 5
0 1171 34 25 25	0 0 2 0 24 0 1 0 5
0 1172 34 25 25	0 0 2 0 24 0 1 0 5
0 1173 34 25 25	0 0 2 0 24 0 1 0 5
0 1174 34 25 25	0 0 2 0 24 0 1 0 5
0 1175 43 25 25	0 0 3 0 30 0 1 0 7
0 1176 34 25 25	0 0 2 0 24 0 1 0 5
0 1177 34 25 25	0 0 2 0 24 0 1 0 5
0 1178 34 25 25	0 0 2 0 24 0 1 0 5
0 1179 34 25 25	0 0 2 0 24 0 1 0 5
0 1180 34 25 25	0 0 2 0 24 0 1 0 5
0 1181 35 25 25	0 0 2 0 24 0 1 0 6
0 1182 37 25 25	0 0 2 0 24 0 1 0 8
0 1183 35 25 25	0 0 2 0 24 0 1 0 6
0 1184 34 25 25	0 0 2 0 24 0 1 0 5
0 1185 34 25 25	0 0 2 0 24 0 1 0 5
0 1186 34 25 25	0 0 2 0 24 0 1 0 5
0 1187 34 25 25	0 0 2 0 24 0 1 0 5
0 1188 36 25 25	0 0 2 0 26 0 1 0 5
0 1189 34 25 25	0 0 2 0 24 0 1 0 5
0 1190 34 25 25	0 0 2 0 24 0 1 0 5
0 1191 34 25 25	0 0 2 0 24 0 1 0 5
0 1192 33 25 25	0 0 2 0 24 0 1 0 5
0 1193 34 25 25	0 0 2 0 24 0 1 0 5
0 1194 33 25 25	0 0 2 0 24 0 1 0 5
0 1195 34 25 25	0 0 3 0 24 0 1 0 5
0 1196 33 25 25	0 0 3 0 24 0 1 0 4
0 1197 33 25 25	0 0 2 0 24 0 1 0 5
0 1198 33 25 25	0 0 2 0 24 0 1 0 5
0 1199 33 25 25	0 0 2 0 24 0 1 0 5
0 1200 34 25 25	0 0 2 0 24 0 1 0 5
0 1201 34 25 25	0 0 2 0 24 0 1 0 5
0 1202 36 25 25	0 0 2 0 27 0 1 0 4
0 1203 34 25 25	0 0 2 0 24 0 1 0 5
0 1204 34 25 25	0 0 2 0 24 0 1 0 5
0 1205 34 25 25	0 0 2 0 24 0 1 0 5
0 1206 34 25 25	0 0 3 0 24 0 1 0 5
0 1207 33 25 25	0 0 2 0 24 0 1 0 5
0 1208 33 25 25	0 0 2 0 24 0 1 0 5
0 1209 33 25 25	0 0 2 0 24 0 1 0 5
0 1210 33 25 25	0 0 2 0 24 0 1 0 4
0 1211 34 25 25	0 0 2 0 24 0 1 0 5
0 1212 33 25 25	0 0 2 0 24 0 1 0 5
0 1213 33 25 25	0 0 2 0 24 0 1 0 4
0 1214 33 25 25	0 0 2 0 24 0 1 0 5
0 1215 35 25 25	0 0 3 0 24 0 1 0 5
0 1216 33 25 25	0 0 2 0 24 0 1 0 5
0 1217 33 25 25	0 0 2 0 24 0 1 0 5
0 1218 34 25 25	0 0 2 0 25 0 1 0 5
0 1219 34 25 25	0 0 2 0 24 0 1 0 5
0 1220 34 25 25	0 0 2 0 24 0 1 0 5
0 1221 36 25 25	0 0 3 0 24 0 1 0 6
0 1222 33 25 25	0 0 2 0 24 0 1 0 5
0 1223 35 25 25	0 0 3 0 23 0 1 0 5
0 1224 34 25 25	0 0 2 0 23 0 1 0 5
0 1225 34 25 25	0 0 2 0 24 0 1 0 5
0 1226 34 24 24	0 0 2 0 24 0 1 0 5
0 1227 34 24 24	0 0 2 0 24 0 1 0 5
0 1228 34 24 24	0 0 2 0 23 0 1 0 5
0 1229 34 24 24	0 0 2 0 23 0 1 0 5
0 1230 34 24 24	0 0 2 0 23 0 1 0 5
0 1231 35 24 24	0 0 3 0 23 0 1 0 6
0 1232 34 24 24	0 0 2 0 23 0 1 0 5
0 1233 34 24 24	0 0 2 0 23 0 1 0 5
0 1234 35 24 24	0 0 3 0 23 0 1 0 6
0 1235 35 24 24	0 0 3 0 23 0 1 0 5
0 1236 34 24 24	0 0 2 0 23 0 1 0 5
0 1237 34 24 24	0 0 2 0 23 0 1 0 5
0 1238 34 24 24	0 0 2 0 23 0 1 0 5
0 1239 35 24 24	0 0 3 0 23 0 1 0 5
0 1240 34 24 24	0 0 2 0 23 0 1 0 5
0 1241 34 24 24	0 0 2 0 23 0 1 0 5
0 1242 34 24 24	0 0 2 0 23 0 1 0 5
0 1243 34 24 24	0 0 2 0 23 0 1 0 5
0 1244 35 24 24	0 0 4 0 23 0 1 0 5
0 1245 36 24 24	0 0 4 0 24 0 1 0 5
0 1246 35 24 24	0 0 4 0 23 0 1 0 5
0 1247 36 24 24	0 0 4 0 23 0 1 0 5
0 1248 35 24 24	0 0 4 0 23 0 1 0 5
0 1249 35 24 24	0 0 3 0 23 0 1 0 5
0 1250 34 24 24	0 0 2 0 24 0 1 0 5
0 1251 34 24 24	0 0 2 0 24 0 1 0 5
0 1252 34 25 25	0 0 2 0 23 0 1 0 5
0 1253 34 25 25	0 0 2 0 23 0 1 0 5
0 1254 34 25 25	0 0 2 0 24 0 1 0 6
0 1255 34 25 25	0 0 2 0 23 0 1 0 5
0 1256 34 25 25	0 0 2 0 24 0 1 0 5
0 1257 34 25 25	0 0 2 0 24 0 1 0 5
0 1258 34 25 25	0 0 2 0 23 0 1 0 5
0 1259 34 25 25	0 0 2 0 24 0 1 0 5
0 1260 35 25 25	0 0 3 0 24 0 1 0 5
0 1261 34 25 25	0 0 2 0 24 0 1 0 5
0 1262 34 25 25	0 0 2 0 23 0 1 0 5
0 1263 34 25 25	0 0 2 0 24 0 1 0 5
0 1264 34 25 25	0 0 2 0 23 0 1 0 5
0 1265 34 25 25	0 0 2 0 24 0 1 0 5
0 1266 34 25 25	0 0 2 0 24 0 1 0 5
0 1267 34 25 25	0 0 2 0 23 0 1 0 5
0 1268 34 25 25	0 0 2 0 23 0 1 0 5
0 1269 34 25 25	0 0 2 0 24 0 1 0 6
0 1270 34 25 25	0 0 2 0 23 0 1 0 5
0 1271 34 25 25	0 0 2 0 24 0 1 0 6
0 1272 34 25 25	0 0 2 0 24 0 1 0 5
0 1273 35 25 25	0 0 2 0 23 0 1 0 6
0 1274 34 25 25	0 0 2 0 24 0 1 0 5
0 1275 35 25 25	0 0 2 0 24 0 1 0 5
0 1276 34 25 25	0 0 2 0 23 0 1 0 5
0 1277 35 25 25	0 0 2 0 24 0 1 0 5
0 1278 34 24 24	0 0 2 0 23 0 1 0 5
0 1279 34 24 24	0 0 2 0 23 0 1 0 6
0 1280 35 24 24	0 0 2 0 24 0 1 0 6
0 1281 34 24 24	0 0 2 0 24 0 1 0 5
0 1282 34 24 24	0 0 2 0 24 0 1 0 5
0 1283 34 24 24	0 0 2 0 23 0 1 0 6
0 1284 34 24 24	0 0 2 0 24 0 1 0 5
0 1285 34 24 24	0 0 2 0 23 0 2 0 5
0 1286 34 24 24	0 0 2 0 24 0 1 0 5
0 1287 35 24 24	0 0 2 0 24 0 1 0 6
0 1288 34 24 24	0 0 2 0 23 0 1 0 5
0 1289 34 24 24	0 0 2 0 24 0 1 0 5
0 1290 34 24 24	0 0 2 0 24 0 1 0 5
0 1291 34 24 24	0 0 2 0 24 0 1 0 5
0 1292 34 24 24	0 0 2 0 24 0 1 0 5
0 1293 34 24 24	0 0 2 0 23 0 1 0 5
0 1294 34 24 24	0 0 2 0 23 0 1 0 5
0 1295 35 24 24	0 0 2 0 24 0 1 0 6
0 1296 34 24 24	0 0 2 0 24 0 1 0 5
0 1297 34 24 24	0 0 2 0 24 0 1 0 5
0 1298 34 24 24	0 0 2 0 23 0 1 0 5
0 1299 33 24 24	0 0 2 0 24 0 1 0 5
0 1300 34 24 24	0 0 2 0 24 0 1 0 5
0 1301 34 24 24	0 0 2 0 24 0 1 0 5
0 1302 34 24 24	0 0 2 0 24 0 1 0 5
0 1303 34 24 24	0 0 2 0 23 0 1 0 6
0 1304 34 25 25	0 0 2 0 24 0 1 0 5
0 1305 34 25 25	0 0 2 0 24 0 1 0 5
0 1306 35 25 25	0 0 2 0 24 0 1 0 6
0 1307 35 25 25	0 0 2 0 24 0 1 0 5
0 1308 35 25 25	0 0 2 0 24 0 1 0 6
0 1309 35 25 25	0 0 2 0 24 0 1 0 6
0 1310 34 25 25	0 0 2 0 24 0 1 0 5
0 1311 34 25 25	0 0 2 0 24 0 1 0 5
0 1312 35 25 25	0 0 2 0 24 0 1 0 5
0 1313 35 25 25	0 0 2 0 23 0 1 0 6
0 1314 35 25 25	0 0 2 0 24 0 1 0 6
0 1315 35 25 25	0 0 2 0 24 0 1 0 6
0 1316 35 25 25	0 0 2 0 24 0 1 0 6
0 1317 35 25 25	0 0 2 0 24 0 1 0 5
0 1318 34 25 25	0 0 2 0 23 0 1 0 5
0 1319 34 25 25	0 0 2 0 24 0 1 0 5
0 1320 35 25 25	0 0 2 0 24 0 1 0 6
0 1321 35 25 25	0 0 2 0 24 0 1 0 6
0 1322 34 25 25	0 0 2 0 24 0 1 0 5
0 1323 35 25 25	0 0 2 0 24 0 1 0 6
0 1324 35 25 25	0 0 2 0 24 0 1 0 6
0 1325 34 25 25	0 0 2 0 24 0 1 0 5
0 1326 35 25 25	0 0 2 0 24 0 1 0 6
0 1327 35 25 25	0 0 2 0 24 0 1 0 6
0 1328 35 25 25	0 0 2 0 24 0 1 0 6
0 1329 34 24 24	0 0 2 0 24 0 1 0 6
0 1330 34 24 24	0 0 2 0 24 0 1 0 5
0 1331 34 24 24	0 0 2 0 24 0 1 0 5
0 1332 34 24 24	0 0 2 0 24 0 1 0 5
0 1333 35 24 24	0 0 2 0 23 0 1 0 6
0 1334 34 24 24	0 0 2 0 23 0 1 0 5
0 1335 34 24 24	0 0 2 0 24 0 1 0 6
0 1336 34 24 24	0 0 2 0 24 0 1 0 5
0 1337 34 24 24	0 0 2 0 24 0 1 0 5
0 1338 34 24 24	0 0 2 0 23 0 1 0 6
0 1339 34 24 24	0 0 2 0 24 0 1 0 5
0 1340 34 24 24	0 0 2 0 24 0 1 0 5
0 1341 34 24 24	0 0 2 0 24 0 1 0 5
0 1342 34 24 24	0 0 2 0 24 0 1 0 5
0 1343 34 24 24	0 0 2 0 24 0 1 0 6
0 1344 35 24 24	0 0 2 0 23 0 2 0 6
0 1345 36 24 24	0 0 2 0 24 0 2 0 6
0 1346 35 24 24	0 0 2 0 24 0 2 0 5
0 1347 36 24 24	0 0 2 0 24 0 2 0 6
0 1348 35 24 24	0 0 2 0 24 0 2 0 6
0 1349 36 24 24	0 0 2 0 23 0 2 0 6
0 1350 35 24 24	0 0 2 0 24 0 2 0 6
0 1351 36 24 24	0 0 2 0 24 0 2 0 6
0 1352 35 24 24	0 0 2 0 24 0 2 0 6
0 1353 36 24 24	0 0 2 0 24 0 2 0 6
0 1354 35 24 24	0 0 2 0 23 0 2 0 6
0 1355 36 24 24	0 0 2 0 24 0 2 0 6
0 1356 35 24 24	0 0 2 0 24 0 2 0 6
0 1357 36 24 24	0 0 2 0 24 0 2 0 6
0 1358 36 24 24	0 0 2 0 24 0 2 0 6
0 1359 36 24 24	0 0 2 0 24 0 2 0 6
0 1360 35 24 24	0 0 2 0 23 0 2 0 5
0 1361 36 24 24	0 0 2 0 24 0 2 0 6
0 1362 35 24 24	0 0 2 0 24 0 2 0 5
0 1363 35 24 24	0 0 2 0 24 0 2 0 6
0 1364 35 24 24	0 0 2 0 24 0 2 0 5
0 1365 36 24 24	0 0 2 0 24 0 2 0 6
0 1366 35 24 24	0 0 2 0 24 0 2 0 5
0 1367 36 24 24	0 0 2 0 24 0 2 0 6
0 1368 35 24 24	0 0 2 0 24 0 2 0 5
0 1369 36 24 24	0 0 3 0 23 0 2 0 6
0 1370 35 24 24	0 0 2 0 24 0 2 0 5
0 1371 37 24 24	0 0 3 0 24 0 2 0 6
0 1372 37 24 24	0 0 3 0 24 0 2 0 6
0 1373 36 24 24	0 0 2 0 24 0 2 0 6
0 1374 36 24 24	0 0 3 0 24 0 2 0 5
0 1375 36 24 24	0 0 2 0 24 0 2 0 6
0 1376 35 24 24	0 0 2 0 24 0 2 0 5
0 1377 36 24 24	0 0 2 0 24 0 2 0 6
0 1378 35 24 24	0 0 2 0 24 0 2 0 5
0 1379 36 24 24	0 0 2 0 24 0 2 0 6
0 1380 36 24 24	0 0 2 0 24 0 2 0 6
0 1381 36 24 24	0 0 2 0 24 0 2 0 6
0 1382 36 24 24	0 0 2 0 24 0 2 0 5
0 1383 36 24 24	0 0 2 0 24 0 2 0 6
0 1384 35 24 24	0 0 2 0 24 0 2 0 5
0 1385 37 24 24	0 0 3 0 24 0 2 0 6
0 1386 35 24 24	0 0 2 0 24 0 2 0 5
0 1387 38 24 24	0 0 4 0 25 0 2 0 6
0 1388 36 24 24	0 0 2 0 24 0 2 0 5
0 1389 36 24 24	0 0 2 0 24 0 2 0 6
0 1390 35 24 24	0 0 2 0 24 0 2 0 5
0 1391 35 24 24	0 0 2 0 24 0 2 0 5
0 1392 36 24 24	0 0 4 0 24 0 2 0 5
0 1393 35 24 24	0 0 2 0 24 0 2 0 5
0 1394 35 24 24	0 0 2 0 24 0 2 0 5
0 1395 36 24 24	0 0 2 0 24 0 2 0 5
0 1396 35 24 24	0 0 2 0 24 0 2 0 5
0 1397 36 24 24	0 0 2 0 24 0 2 0 5
0 1398 35 24 24	0 0 2 0 24 0 2 0 5
0 1399 35 24 24	0 0 2 0 24 0 2 0 5
0 1400 35 24 24	0 0 2 0 24 0 2 0 5
0 1401 35 24 24	0 0 2 0 24 0 2 0 5
0 1402 34 24 24	0 0 2 0 24 0 2 0 5
0 1403 36 24 24	0 0 2 0 24 0 2 0 5
0 1404 35 24 24	0 0 2 0 24 0 2 0 5
0 1405 36 24 24	0 0 2 0 25 0 2 0 6
0 1406 34 24 24	0 0 2 0 24 0 2 0 5
0 1407 35 24 24	0 0 2 0 24 0 2 0 5
0 1408 34 24 24	0 0 2 0 23 0 2 0 5
0 1409 34 24 24	0 0 2 0 24 0 2 0 5
0 1410 34 24 24	0 0 2 0 24 0 2 0 5
0 1411 34 24 24	0 0 2 0 23 0 2 0 5
0 1412 34 24 24	0 0 2 0 24 0 2 0 5
0 1413 35 24 24	0 0 2 0 24 0 2 0 6
0 1414 34 24 24	0 0 2 0 24 0 2 0 5
0 1415 35 24 24	0 0 2 0 24 0 2 0 6
0 1416 34 24 24	0 0 2 0 24 0 2 0 5
0 1417 35 24 24	0 0 2 0 23 0 2 0 6
0 1418 35 24 24	0 0 2 0 24 0 2 0 5
0 1419 35 24 24	0 0 2 0 24 0 2 0 5
0 1420 35 24 24	0 0 2 0 24 0 2 0 5
0 1421 35 24 24	0 0 2 0 24 0 2 0 5
0 1422 35 24 24	0 0 2 0 24 0 2 0 5
0 1423 35 24 24	0 0 2 0 24 0 2 0 6
0 1424 36 24 24	0 0 3 0 24 0 2 0 6
0 1425 35 24 24	0 0 2 0 24 0 2 0 5
0 1426 35 24 24	0 0 2 0 24 0 2 0 5
0 1427 34 24 24	0 0 2 0 24 0 2 0 5
0 1428 34 24 24	0 0 2 0 24 0 2 0 5
0 1429 34 24 24	0 0 2 0 24 0 2 0 5
0 1430 35 24 24	0 0 2 0 24 0 2 0 5
0 1431 35 24 24	0 0 2 0 24 0 2 0 5
0 1432 35 25 25	0 0 2 0 24 0 2 0 6
0 1433 35 25 25	0 0 2 0 24 0 2 0 5
0 1434 35 25 25	0 0 2 0 24 0 2 0 5
0 1435 35 25 25	0 0 2 0 24 0 2 0 5
0 1436 35 25 25	0 0 2 0 24 0 2 0 6
0 1437 35 25 25	0 0 2 0 24 0 2 0 5
0 1438 35 25 25	0 0 2 0 24 0 2 0 6
0 1439 35 25 25	0 0 2 0 24 0 2 0 6
0 1440 35 25 25	0 0 2 0 24 0 2 0 6
0 1441 35 25 25	0 0 2 0 24 0 2 0 6
0 1442 35 25 25	0 0 2 0 24 0 2 0 5
0 1443 35 25 25	0 0 2 0 24 0 2 0 6
0 1444 36 25 25	0 0 2 0 24 0 2 0 6
0 1445 35 25 25	0 0 2 0 24 0 2 0 5
0 1446 35 25 25	0 0 2 0 24 0 2 0 6
0 1447 37 25 25	0 0 4 0 24 0 2 0 6
0 1448 37 25 25	0 0 4 0 24 0 2 0 6
0 1449 34 25 25	0 0 2 0 24 0 2 0 5
0 1450 35 25 25	0 0 2 0 24 0 2 0 5
0 1451 35 25 25	0 0 2 0 24 0 2 0 6
0 1452 36 25 25	0 0 2 0 24 0 2 0 6
0 1453 35 25 25	0 0 2 0 24 0 2 0 6
0 1454 36 25 25	0 0 2 0 24 0 2 0 6
0 1455 36 25 25	0 0 2 0 24 0 2 0 6
0 1456 36 25 25	0 0 2 0 24 0 2 0 7
0 1457 36 24 24	0 0 2 0 24 0 2 0 6
0 1458 35 24 24	0 0 2 0 24 0 2 0 6
0 1459 35 24 24	0 0 2 0 24 0 2 0 6
0 1460 36 24 24	0 0 2 0 24 0 2 0 6
0 1461 36 24 24	0 0 2 0 24 0 2 0 7
0 1462 36 24 24	0 0 2 0 24 0 2 0 7
0 1463 36 24 24	0 0 2 0 24 0 2 0 7
0 1464 36 24 24	0 0 2 0 24 0 2 0 6
0 1465 35 24 24	0 0 2 0 24 0 2 0 6
0 1466 36 24 24	0 0 3 0 24 0 2 0 6
0 1467 35 24 24	0 0 2 0 24 0 2 0 6
0 1468 35 24 24	0 0 2 0 24 0 2 0 6
0 1469 35 24 24	0 0 2 0 23 0 2 0 6
0 1470 35 24 24	0 0 2 0 24 0 2 0 5
0 1471 35 24 24	0 0 2 0 24 0 2 0 6
0 1472 35 24 24	0 0 2 0 24 0 2 0 6
0 1473 36 24 24	0 0 3 0 24 0 2 0 6
0 1474 35 24 24	0 0 2 0 23 0 2 0 6
0 1475 36 24 24	0 0 2 0 24 0 2 0 6
0 1476 35 24 24	0 0 2 0 24 0 2 0 6
0 1477 35 24 24	0 0 2 0 24 0 2 0 6
0 1478 35 24 24	0 0 2 0 24 0 2 0 5
0 1479 35 24 24	0 0 2 0 23 0 2 0 5
0 1480 35 24 24	0 0 2 0 23 0 2 0 6
0 1481 34 24 24	0 0 2 0 24 0 2 0 5
0 1482 35 24 24	0 0 2 0 24 0 2 0 6
0 1483 35 25 25	0 0 2 0 24 0 2 0 6
0 1484 35 25 25	0 0 2 0 23 0 2 0 6
0 1485 36 25 25	0 0 3 0 24 0 2 0 6
0 1486 35 25 25	0 0 2 0 24 0 2 0 6
0 1487 35 25 25	0 0 2 0 24 0 2 0 5
0 1488 35 25 25	0 0 2 0 24 0 2 0 6
0 1489 34 25 25	0 0 2 0 23 0 2 0 5
0 1490 35 25 25	0 0 2 0 24 0 2 0 5
0 1491 34 25 25	0 0 2 0 24 0 2 0 5
0 1492 34 25 25	0 0 2 0 23 0 2 0 5
0 1493 35 25 25	0 0 2 0 24 0 2 0 5
0 1494 34 25 25	0 0 2 0 23 0 2 0 5
0 1495 34 25 25	0 0 2 0 23 0 2 0 5
0 1496 34 25 25	0 0 2 0 23 0 2 0 5
0 1497 34 25 25	0 0 2 0 24 0 2 0 5
0 1498 35 25 25	0 0 2 0 23 0 2 0 5
0 1499 34 25 25	0 0 2 0 23 0 2 0 5
0 1500 35 25 25	0 0 2 0 24 0 2 0 6
0 1501 34 25 25	0 0 2 0 23 0 2 0 5
0 1502 36 25 25	0 0 3 0 24 0 2 0 6
0 1503 35 25 25	0 0 2 0 24 0 2 0 5
0 1504 34 25 25	0 0 2 0 23 0 2 0 5
0 1505 34 25 25	0 0 2 0 24 0 2 0 5
0 1506 34 25 25	0 0 2 0 24 0 2 0 5
0 1507 34 25 25	0 0 2 0 24 0 2 0 5
0 1508 35 25 25	0 0 2 0 24 0 2 0 5
0 1509 34 25 25	0 0 2 0 23 0 2 0 5
0 1510 35 25 25	0 0 2 0 24 0 2 0 6
0 1511 35 25 25	0 0 2 0 24 0 2 0 5
0 1512 37 25 25	0 0 4 0 24 0 2 0 6
0 1513 35 25 25	0 0 3 0 24 0 2 0 5
0 1514 35 25 25	0 0 2 0 23 0 2 0 6
0 1515 35 25 25	0 0 2 0 24 0 2 0 5
0 1516 35 25 25	0 0 2 0 24 0 2 0 5
0 1517 35 25 25	0 0 2 0 24 0 2 0 5
0 1518 35 25 25	0 0 2 0 23 0 2 0 5
0 1519 35 25 25	0 0 2 0 24 0 2 0 5
0 1520 35 25 25	0 0 2 0 24 0 2 0 5
0 1521 35 25 25	0 0 2 0 24 0 2 0 5
0 1522 35 25 25	0 0 2 0 24 0 2 0 5
0 1523 35 25 25	0 0 2 0 24 0 2 0 5
0 1524 44 25 25	0 0 2 0 26 0 6 0 9
0 1525 39 25 25	0 0 4 0 25 0 1 0 7
0 1526 36 25 25	0 0 3 0 24 0 1 0 6
0 1527 35 25 25	0 0 2 0 24 0 1 0 6
0 1528 35 25 25	0 0 3 0 24 0 1 0 6
0 1529 34 25 25	0 0 2 0 24 0 1 0 6
0 1530 35 25 25	0 0 2 0 24 0 1 0 6
0 1531 37 25 25	0 0 2 0 26 0 1 0 6
0 1532 35 25 25	0 0 2 0 24 0 1 0 6
0 1533 35 25 25	0 0 2 0 24 0 1 0 6
0 1534 35 25 25	0 0 2 0 24 0 1 0 6
0 1535 35 25 25	0 0 2 0 24 0 1 0 6
0 1536 35 25 25	0 0 2 0 24 0 1 0 6
0 1537 35 25 25	0 0 2 0 24 0 1 0 6
0 1538 35 25 25	0 0 2 0 24 0 1 0 6
0 1539 35 25 25	0 0 2 0 24 0 1 0 6
0 1540 35 25 25	0 0 2 0 24 0 1 0 6
0 1541 35 25 25	0 0 2 0 24 0 1 0 6
0 1542 35 25 25	0 0 2 0 24 0 1 0 6
0 1543 35 25 25	0 0 2 0 24 0 1 0 6
0 1544 36 25 25	0 0 2 0 24 0 2 0 6
0 1545 35 25 25	0 0 2 0 24 0 1 0 6
0 1546 34 25 25	0 0 2 0 24 0 1 0 5
0 1547 34 25 25	0 0 2 0 24 0 1 0 6
0 1548 35 25 25	0 0 2 0 24 0 1 0 6
0 1549 35 25 25	0 0 2 0 24 0 1 0 6
0 1550 37 25 25	0 0 2 0 26 0 1 0 6
0 1551 35 25 25	0 0 2 0 24 0 1 0 6
0 1552 34 25 25	0 0 2 0 24 0 1 0 6
0 1553 34 25 25	0 0 2 0 24 0 1 0 5
0 1554 34 25 25	0 0 2 0 24 0 1 0 6
0 1555 35 25 25	0 0 2 0 24 0 1 0 6
0 1556 36 25 25	0 0 4 0 24 0 1 0 6
0 1557 36 25 25	0 0 4 0 24 0 1 0 5
0 1558 36 25 25	0 0 4 0 24 0 1 0 5
0 1559 36 25 25	0 0 4 0 24 0 1 0 6
0 1560 36 24 24	0 0 4 0 24 0 1 0 5
0 1561 38 24 24	0 0 4 0 26 0 1 0 6
0 1562 36 24 24	0 0 4 0 24 0 1 0 6
0 1563 35 24 24	0 0 3 0 24 0 1 0 5
0 1564 35 24 24	0 0 2 0 23 0 1 0 6
0 1565 35 24 24	0 0 2 0 24 0 1 0 5
0 1566 34 24 24	0 0 2 0 24 0 1 0 5
0 1567 34 24 24	0 0 2 0 24 0 1 0 5
0 1568 36 24 24	0 0 2 0 24 0 1 0 7
0 1569 34 24 24	0 0 2 0 24 0 1 0 5
0 1570 34 24 24	0 0 2 0 24 0 1 0 5
0 1571 34 24 24	0 0 2 0 24 0 1 0 5
0 1572 34 24 24	0 0 2 0 24 0 1 0 5
0 1573 34 24 24	0 0 2 0 23 0 1 0 5
0 1574 34 24 24	0 0 2 0 24 0 1 0 5
0 1575 35 24 24	0 0 3 0 24 0 1 0 5
0 1576 34 24 24	0 0 2 0 23 0 1 0 5
0 1577 36 24 24	0 0 2 0 24 0 1 0 7
0 1578 35 24 24	0 0 2 0 24 0 1 0 6
0 1579 34 24 24	0 0 2 0 24 0 1 0 5
0 1580 34 24 24	0 0 2 0 24 0 1 0 5
0 1581 34 24 24	0 0 2 0 24 0 1 0 5
0 1582 33 24 24	0 0 2 0 23 0 1 0 5
0 1583 34 24 24	0 0 2 0 23 0 1 0 5
0 1584 34 24 24	0 0 2 0 23 0 1 0 5
0 1585 33 24 24	0 0 2 0 23 0 1 0 5
0 1586 34 25 25	0 0 2 0 23 0 1 0 5
0 1587 33 25 25	0 0 2 0 23 0 1 0 5
0 1588 33 25 25	0 0 2 0 23 0 1 0 5
0 1589 33 25 25	0 0 2 0 23 0 1 0 5
0 1590 34 25 25	0 0 2 0 23 0 1 0 5
0 1591 42 25 25	0 0 2 0 26 0 6 0 7
0 1592 46 25 25	0 0 4 0 24 0 1 0 15
0 1593 34 25 25	0 0 3 0 23 0 1 0 5
0 1594 33 25 25	0 0 3 0 23 0 1 0 4
0 1595 33 25 25	0 0 2 0 23 0 1 0 5
0 1596 33 25 25	0 0 2 0 23 0 1 0 4
0 1597 34 25 25	0 0 2 0 23 0 1 0 5
0 1598 33 25 25	0 0 2 0 23 0 1 0 4
0 1599 34 25 25	0 0 2 0 23 0 1 0 5
0 1600 33 25 25	0 0 2 0 23 0 1 0 4
0 1601 34 25 25	0 0 3 0 23 0 1 0 5
0 1602 33 25 25	0 0 2 0 23 0 1 0 4
0 1603 34 25 25	0 0 2 0 23 0 1 0 5
0 1604 33 25 25	0 0 2 0 23 0 1 0 4
0 1605 37 25 25	0 0 2 0 27 0 1 0 5
0 1606 32 25 25	0 0 2 0 23 0 1 0 4
0 1607 33 25 25	0 0 2 0 23 0 1 0 5
0 1608 33 25 25	0 0 2 0 23 0 1 0 4
0 1609 33 25 25	0 0 2 0 23 0 1 0 5
0 1610 33 25 25	0 0 2 0 23 0 1 0 4
0 1611 33 25 25	0 0 2 0 23 0 1 0 5
0 1612 34 24 24	0 0 4 0 23 0 1 0 4
0 1613 35 24 24	0 0 4 0 23 0 1 0 5
0 1614 34 24 24	0 0 4 0 23 0 1 0 4
0 1615 33 24 24	0 0 2 0 23 0 1 0 5
0 1616 33 24 24	0 0 2 0 23 0 1 0 4
0 1617 34 24 24	0 0 2 0 24 0 1 0 5
0 1618 33 24 24	0 0 2 0 23 0 1 0 4
0 1619 34 24 24	0 0 2 0 23 0 1 0 5
0 1620 35 24 24	0 0 2 0 25 0 1 0 5
0 1621 34 24 24	0 0 2 0 23 0 1 0 5
0 1622 34 24 24	0 0 2 0 23 0 1 0 5
0 1623 34 24 24	0 0 2 0 23 0 1 0 5
0 1624 33 24 24	0 0 2 0 23 0 1 0 5
0 1625 34 24 24	0 0 2 0 24 0 1 0 5
0 1626 33 24 24	0 0 2 0 23 0 1 0 4
0 1627 34 24 24	0 0 2 0 23 0 1 0 5
0 1628 33 24 24	0 0 2 0 23 0 1 0 5
0 1629 33 24 24	0 0 2 0 23 0 1 0 5
0 1630 33 24 24	0 0 2 0 23 0 1 0 5
0 1631 34 24 24	0 0 3 0 23 0 1 0 5
0 1632 33 24 24	0 0 2 0 23 0 1 0 5
0 1633 34 24 24	0 0 2 0 23 0 1 0 5
0 1634 33 24 24	0 0 2 0 23 0 1 0 5
0 1635 34 24 24	0 0 2 0 24 0 1 0 5
0 1636 33 24 24	0 0 2 0 23 0 1 0 5
0 1637 34 24 24	0 0 2 0 23 0 1 0 5
0 1638 33 24 24	0 0 2 0 23 0 1 0 5
0 1639 34 24 24	0 0 2 0 23 0 1 0 5
0 1640 33 24 24	0 0 2 0 23 0 1 0 5
0 1641 34 24 24	0 0 2 0 23 0 1 0 5
0 1642 33 24 24	0 0 2 0 23 0 1 0 5
0 1643 34 24 24	0 0 2 0 23 0 1 0 5
0 1644 33 24 24	0 0 2 0 23 0 1 0 5
0 1645 33 24 24	0 0 2 0 23 0 1 0 5
0 1646 33 24 24	0 0 2 0 23 0 1 0 4
0 1647 34 24 24	0 0 3 0 24 0 1 0 5
0 1648 33 24 24	0 0 2 0 23 0 1 0 4
0 1649 33 24 24	0 0 2 0 23 0 1 0 5
0 1650 32 24 24	0 0 2 0 23 0 1 0 4
0 1651 33 24 24	0 0 2 0 23 0 1 0 4
0 1652 33 24 24	0 0 2 0 24 0 1 0 4
0 1653 33 24 24	0 0 2 0 23 0 1 0 5
0 1654 32 24 24	0 0 2 0 23 0 1 0 4
0 1655 33 24 24	0 0 2 0 23 0 1 0 4
0 1656 32 24 24	0 0 2 0 23 0 1 0 4
0 1657 33 24 24	0 0 2 0 23 0 1 0 5
0 1658 32 24 24	0 0 2 0 23 0 1 0 4
0 1659 34 24 24	0 0 3 0 23 0 1 0 5
0 1660 35 24 24	0 0 2 0 23 0 4 0 4
0 1661 33 24 24	0 0 2 0 24 0 1 0 5
0 1662 33 24 24	0 0 2 0 23 0 1 0 4
0 1663 33 24 24	0 0 2 0 23 0 1 0 5
0 1664 33 25 25	0 0 2 0 23 0 1 0 4
0 1665 33 25 25	0 0 2 0 23 0 1 0 5
0 1666 32 25 25	0 0 2 0 23 0 1 0 4
0 1667 33 25 25	0 0 2 0 23 0 1 0 4
0 1668 32 25 25	0 0 2 0 23 0 1 0 4
0 1669 33 25 25	0 0 2 0 23 0 1 0 4
0 1670 32 25 25	0 0 2 0 24 0 1 0 4
0 1671 37 25 25	0 0 2 0 23 0 1 0 8
0 1672 32 25 25	0 0 2 0 23 0 1 0 4
0 1673 32 25 25	0 0 2 0 23 0 1 0 4
0 1674 32 25 25	0 0 2 0 23 0 1 0 4
0 1675 33 25 25	0 0 2 0 23 0 1 0 5
0 1676 32 25 25	0 0 2 0 23 0 1 0 4
0 1677 33 25 25	0 0 2 0 23 0 1 0 4
0 1678 32 25 25	0 0 2 0 23 0 1 0 4
0 1679 33 25 25	0 0 2 0 23 0 1 0 4
0 1680 33 25 25	0 0 2 0 23 0 1 0 4
0 1681 33 25 25	0 0 2 0 23 0 1 0 5
0 1682 33 25 25	0 0 2 0 23 0 1 0 5
0 1683 32 25 25	0 0 2 0 23 0 1 0 4
0 1684 32 25 25	0 0 2 0 23 0 1 0 4
0 1685 33 25 25	0 0 2 0 23 0 1 0 4
0 1686 32 25 25	0 0 2 0 23 0 1 0 4
0 1687 33 25 25	0 0 2 0 23 0 1 0 4
0 1688 32 25 25	0 0 2 0 23 0 1 0 4
0 1689 32 25 25	0 0 2 0 23 0 1 0 4
0 1690 32 25 25	0 0 2 0 23 0 1 0 4
0 1691 33 25 25	0 0 2 0 23 0 1 0 4
0 1692 32 25 25	0 0 2 0 23 0 1 0 4
0 1693 33 25 25	0 0 2 0 23 0 1 0 4
0 1694 32 25 25	0 0 2 0 23 0 1 0 4
0 1695 33 25 25	0 0 2 0 23 0 1 0 4
0 1696 32 25 25	0 0 2 0 23 0 1 0 4
0 1697 32 25 25	0 0 2 0 23 0 1 0 4
0 1698 32 25 25	0 0 2 0 23 0 1 0 4
0 1699 33 25 25	0 0 2 0 23 0 1 0 4
0 1700 32 25 25	0 0 2 0 23 0 1 0 4
0 1701 33 25 25	0 0 2 0 23 0 1 0 4
0 1702 32 25 25	0 0 2 0 23 0 1 0 4
0 1703 33 25 25	0 0 2 0 23 0 1 0 4
0 1704 33 25 25	0 0 2 0 23 0 1 0 4
0 1705 33 25 25	0 0 2 0 23 0 1 0 5
0 1706 33 25 25	0 0 2 0 23 0 1 0 4
0 1707 33 25 25	0 0 2 0 24 0 1 0 5
0 1708 32 25 25	0 0 2 0 23 0 1 0 4
0 1709 33 25 25	0 0 2 0 24 0 1 0 5
0 1710 33 25 25	0 0 2 0 23 0 1 0 4
0 1711 33 25 25	0 0 2 0 23 0 1 0 5
0 1712 33 25 25	0 0 2 0 23 0 1 0 5
0 1713 34 25 25	0 0 2 0 24 0 1 0 5
0 1714 33 25 25	0 0 2 0 23 0 1 0 5
0 1715 34 24 24	0 0 2 0 24 0 1 0 5
0 1716 33 24 24	0 0 2 0 23 0 1 0 5
0 1717 33 24 24	0 0 2 0 23 0 1 0 5
0 1718 33 24 24	0 0 2 0 23 0 1 0 4
0 1719 33 24 24	0 0 2 0 24 0 1 0 5
0 1720 33 24 24	0 0 2 0 23 0 1 0 5
0 1721 33 24 24	0 0 2 0 23 0 1 0 4
0 1722 33 24 24	0 0 2 0 23 0 1 0 5
0 1723 33 24 24	0 0 2 0 23 0 1 0 5
0 1724 33 24 24	0 0 2 0 23 0 1 0 4
0 1725 34 24 24	0 0 2 0 24 0 1 0 5
0 1726 34 24 24	0 0 2 0 24 0 1 0 5
0 1727 34 24 24	0 0 2 0 24 0 1 0 5
0 1728 33 24 24	0 0 2 0 24 0 1 0 5
0 1729 34 24 24	0 0 2 0 24 0 1 0 5
0 1730 35 24 24	0 0 4 0 24 0 1 0 5
0 1731 35 24 24	0 0 4 0 24 0 1 0 5
0 1732 34 24 24	0 0 3 0 24 0 1 0 5
0 1733 34 24 24	0 0 2 0 24 0 1 0 5
0 1734 35 24 24	0 0 3 0 24 0 1 0 6
0 1735 34 24 24	0 0 2 0 24 0 1 0 5
0 1736 35 24 24	0 0 2 0 24 0 1 0 6
0 1737 34 24 24	0 0 2 0 24 0 1 0 6
0 1738 34 24 24	0 0 2 0 24 0 1 0 5
0 1739 34 24 24	0 0 2 0 24 0 1 0 6
0 1740 34 24 24	0 0 2 0 23 0 1 0 5
0 1741 34 24 24	0 0 2 0 23 0 1 0 5
0 1742 33 24 24	0 0 2 0 23 0 1 0 5
0 1743 34 24 24	0 0 2 0 24 0 1 0 5
0 1744 34 24 24	0 0 3 0 23 0 1 0 5
0 1745 34 24 24	0 0 2 0 24 0 1 0 5
0 1746 33 24 24	0 0 2 0 24 0 1 0 5
0 1747 34 24 24	0 0 2 0 24 0 1 0 5
0 1748 34 24 24	0 0 2 0 23 0 1 0 5
0 1749 34 24 24	0 0 2 0 24 0 1 0 5
0 1750 34 24 24	0 0 2 0 23 0 1 0 5
0 1751 34 24 24	0 0 2 0 24 0 1 0 5
0 1752 33 24 24	0 0 2 0 24 0 1 0 4
0 1753 34 24 24	0 0 2 0 23 0 1 0 5
0 1754 33 24 24	0 0 2 0 23 0 1 0 5
0 1755 34 24 24	0 0 2 0 24 0 1 0 5
0 1756 33 24 24	0 0 2 0 23 0 1 0 5
0 1757 34 24 24	0 0 2 0 24 0 1 0 5
0 1758 33 24 24	0 0 2 0 24 0 1 0 5
0 1759 33 24 24	0 0 2 0 23 0 1 0 5
0 1760 33 24 24	0 0 2 0 24 0 1 0 4
0 1761 33 24 24	0 0 2 0 24 0 1 0 4
0 1762 33 24 24	0 0 2 0 24 0 1 0 4
0 1763 33 24 24	0 0 2 0 23 0 1 0 5
0 1764 34 24 24	0 0 2 0 24 0 1 0 5
0 1765 34 24 24	0 0 2 0 24 0 1 0 5
0 1766 34 25 25	0 0 2 0 24 0 1 0 5
0 1767 35 25 25	0 0 2 0 24 0 1 0 6
0 1768 34 25 25	0 0 2 0 23 0 1 0 5
0 1769 34 25 25	0 0 2 0 24 0 1 0 5
0 1770 34 25 25	0 0 2 0 24 0 1 0 5
0 1771 34 25 25	0 0 2 0 24 0 1 0 5
0 1772 33 25 25	0 0 2 0 24 0 1 0 4
0 1773 34 25 25	0 0 2 0 24 0 1 0 5
0 1774 34 25 25	0 0 2 0 23 0 1 0 5
0 1775 34 25 25	0 0 2 0 24 0 1 0 6
0 1776 34 25 25	0 0 2 0 24 0 1 0 5
0 1777 34 25 25	0 0 2 0 24 0 1 0 5
0 1778 34 25 25	0 0 2 0 24 0 1 0 5
0 1779 35 25 25	0 0 2 0 24 0 1 0 6
0 1780 35 25 25	0 0 2 0 24 0 1 0 6
0 1781 35 25 25	0 0 2 0 24 0 1 0 6
0 1782 34 25 25	0 0 2 0 24 0 1 0 5
0 1783 35 25 25	0 0 2 0 24 0 1 0 6
0 1784 35 25 25	0 0 2 0 24 0 1 0 6
0 1785 35 25 25	0 0 2 0 24 0 1 0 6
0 1786 35 25 25	0 0 2 0 24 0 1 0 6
0 1787 35 25 25	0 0 2 0 24 0 1 0 6
0 1788 34 25 25	0 0 2 0 24 0 1 0 6
0 1789 35 25 25	0 0 2 0 24 0 1 0 6
0 1790 35 25 25	0 0 2 0 24 0 1 0 6
0 1791 35 24 24	0 0 2 0 24 0 1 0 6
0 1792 35 24 24	0 0 2 0 24 0 1 0 6
0 1793 35 24 24	0 0 2 0 24 0 1 0 6
0 1794 35 24 24	0 0 2 0 24 0 1 0 6
0 1795 35 24 24	0 0 2 0 24 0 1 0 6
0 1796 34 24 24	0 0 2 0 24 0 1 0 5
0 1797 35 24 24	0 0 2 0 24 0 1 0 6
0 1798 35 24 24	0 0 2 0 24 0 1 0 6
0 1799 35 24 24	0 0 2 0 24 0 1 0 6
0 1800 35 24 24	0 0 2 0 24 0 1 0 6
0 1801 35 24 24	0 0 2 0 24 0 1 0 6
0 1802 35 24 24	0 0 2 0 24 0 1 0 6
0 1803 35 24 24	0 0 2 0 24 0 1 0 6
0 1804 35 24 24	0 0 2 0 24 0 1 0 6
0 1805 36 24 24	0 0 2 0 24 0 1 0 7
0 1806 35 24 24	0 0 2 0 24 0 1 0 6
0 1807 35 24 24	0 0 2 0 24 0 1 0 6
0 1808 34 24 24	0 0 2 0 24 0 1 0 5
0 1809 34 24 24	0 0 2 0 24 0 1 0 6
0 1810 34 24 24	0 0 2 0 24 0 1 0 5
0 1811 35 24 24	0 0 2 0 24 0 1 0 6
0 1812 34 24 24	0 0 2 0 24 0 1 0 6
0 1813 34 24 24	0 0 2 0 24 0 1 0 6
0 1814 34 24 24	0 0 2 0 24 0 1 0 5
0 1815 35 24 24	0 0 2 0 24 0 1 0 6
0 1816 34 24 24	0 0 2 0 24 0 1 0 5
0 1817 35 24 24	0 0 2 0 24 0 1 0 6
0 1818 34 24 24	0 0 2 0 24 0 1 0 6
0 1819 35 24 24	0 0 2 0 24 0 1 0 6
0 1820 35 24 24	0 0 2 0 24 0 1 0 6
0 1821 35 24 24	0 0 2 0 24 0 1 0 6
0 1822 35 24 24	0 0 2 0 24 0 1 0 6
0 1823 35 24 24	0 0 2 0 24 0 1 0 6
0 1824 35 24 24	0 0 2 0 24 0 2 0 6
0 1825 35 24 24	0 0 2 0 24 0 1 0 6
0 1826 34 24 24	0 0 2 0 24 0 1 0 5
0 1827 34 24 24	0 0 2 0 24 0 1 0 5
0 1828 34 24 24	0 0 2 0 23 0 1 0 5
0 1829 34 24 24	0 0 2 0 24 0 1 0 5
0 1830 34 24 24	0 0 2 0 24 0 1 0 5
0 1831 34 24 24	0 0 2 0 24 0 1 0 5
0 1832 34 24 24	0 0 2 0 24 0 1 0 5
0 1833 34 24 24	0 0 2 0 24 0 1 0 5
0 1834 34 24 24	0 0 2 0 24 0 1 0 5
0 1835 34 24 24	0 0 2 0 24 0 1 0 5
0 1836 34 24 24	0 0 2 0 24 0 1 0 5
0 1837 34 24 24	0 0 2 0 24 0 1 0 5
0 1838 34 24 24	0 0 2 0 23 0 1 0 5
0 1839 34 24 24	0 0 2 0 24 0 1 0 5
0 1840 34 24 24	0 0 2 0 23 0 1 0 5
0 1841 34 24 24	0 0 2 0 23 0 1 0 5
0 1842 35 25 25	0 0 2 0 24 0 1 0 6
0 1843 34 25 25	0 0 2 0 23 0 1 0 5
0 1844 34 25 25	0 0 2 0 24 0 1 0 6
0 1845 35 25 25	0 0 2 0 24 0 1 0 5
0 1846 36 25 25	0 0 4 0 23 0 1 0 6
0 1847 34 25 25	0 0 2 0 24 0 1 0 6
0 1848 34 25 25	0 0 2 0 23 0 1 0 6
0 1849 34 25 25	0 0 2 0 24 0 1 0 5
0 1850 34 25 25	0 0 2 0 24 0 1 0 6
0 1851 35 25 25	0 0 3 0 24 0 1 0 5
0 1852 35 25 25	0 0 3 0 24 0 1 0 6
0 1853 34 25 25	0 0 2 0 24 0 1 0 6
0 1854 35 25 25	0 0 2 0 23 0 1 0 6
0 1855 34 25 25	0 0 2 0 23 0 1 0 5
0 1856 35 25 25	0 0 2 0 24 0 1 0 6
0 1857 34 25 25	0 0 2 0 24 0 1 0 5
0 1858 35 25 25	0 0 2 0 24 0 1 0 6
0 1859 34 25 25	0 0 2 0 24 0 1 0 6
0 1860 34 25 25	0 0 2 0 23 0 1 0 6
0 1861 35 25 25	0 0 2 0 23 0 1 0 6
0 1862 35 25 25	0 0 2 0 24 0 1 0 6
0 1863 35 25 25	0 0 2 0 24 0 1 0 6
0 1864 35 25 25	0 0 2 0 24 0 1 0 6
0 1865 35 25 25	0 0 2 0 24 0 1 0 6
0 1866 35 25 25	0 0 2 0 24 0 1 0 6
0 1867 35 24 24	0 0 2 0 24 0 1 0 6
0 1868 35 24 24	0 0 2 0 24 0 1 0 7
0 1869 35 24 24	0 0 2 0 24 0 1 0 6
0 1870 35 24 24	0 0 2 0 23 0 1 0 6
0 1871 35 24 24	0 0 2 0 24 0 1 0 6
0 1872 36 24 24	0 0 2 0 24 0 2 0 7
0 1873 35 24 24	0 0 2 0 23 0 1 0 6
0 1874 35 24 24	0 0 2 0 24 0 1 0 6
0 1875 35 24 24	0 0 2 0 24 0 1 0 6
0 1876 35 24 24	0 0 2 0 23 0 1 0 7
0 1877 35 24 24	0 0 2 0 24 0 1 0 6
0 1878 35 24 24	0 0 2 0 24 0 1 0 6
0 1879 35 24 24	0 0 2 0 23 0 1 0 6
0 1880 35 24 24	0 0 2 0 24 0 1 0 6
0 1881 35 24 24	0 0 2 0 24 0 1 0 6
0 1882 35 24 24	0 0 2 0 23 0 1 0 6
0 1883 35 24 24	0 0 2 0 23 0 1 0 6
0 1884 35 24 24	0 0 2 0 24 0 1 0 6
0 1885 35 24 24	0 0 2 0 23 0 1 0 6
0 1886 35 24 24	0 0 2 0 23 0 1 0 6
0 1887 35 24 24	0 0 2 0 24 0 1 0 6
0 1888 35 24 24	0 0 2 0 23 0 1 0 6
0 1889 34 24 24	0 0 2 0 23 0 1 0 5
0 1890 34 24 24	0 0 2 0 23 0 1 0 6
0 1891 34 24 24	0 0 2 0 23 0 1 0 5
0 1892 34 24 24	0 0 2 0 23 0 1 0 6
0 1893 35 25 25	0 0 2 0 23 0 1 0 6
0 1894 35 25 25	0 0 2 0 24 0 1 0 7
0 1895 36 25 25	0 0 2 0 24 0 1 0 7
0 1896 35 25 25	0 0 2 0 24 0 1 0 6
0 1897 37 25 25	0 0 3 0 24 0 1 0 7
0 1898 35 25 25	0 0 2 0 24 0 1 0 7
0 1899 35 25 25	0 0 2 0 24 0 1 0 6
0 1900 35 25 25	0 0 2 0 23 0 1 0 7
0 1901 35 25 25	0 0 2 0 23 0 1 0 6
0 1902 35 25 25	0 0 2 0 24 0 1 0 6
0 1903 35 25 25	0 0 2 0 23 0 1 0 6
0 1904 35 25 25	0 0 2 0 23 0 1 0 6
0 1905 44 25 25	0 0 2 0 24 0 1 0 15
0 1906 35 25 25	0 0 2 0 24 0 1 0 7
0 1907 35 25 25	0 0 2 0 24 0 1 0 6
0 1908 35 25 25	0 0 2 0 24 0 1 0 6
0 1909 36 25 25	0 0 2 0 24 0 1 0 6
0 1910 35 25 25	0 0 2 0 24 0 1 0 6
0 1911 35 25 25	0 0 2 0 24 0 1 0 6
0 1912 35 25 25	0 0 2 0 24 0 1 0 6
0 1913 35 25 25	0 0 2 0 23 0 1 0 6
0 1914 36 25 25	0 0 2 0 24 0 1 0 7
0 1915 36 25 25	0 0 2 0 24 0 1 0 7
0 1916 36 25 25	0 0 2 0 24 0 1 0 7
0 1917 36 25 25	0 0 2 0 24 0 1 0 7
0 1918 36 24 24	0 0 2 0 24 0 1 0 7
0 1919 36 24 24	0 0 2 0 24 0 1 0 7
0 1920 37 24 24	0 0 2 0 24 0 1 0 7
0 1921 36 24 24	0 0 2 0 24 0 1 0 7
0 1922 36 24 24	0 0 2 0 24 0 1 0 7
0 1923 37 24 24	0 0 2 0 24 0 2 0 7
0 1924 36 24 24	0 0 2 0 24 0 2 0 7
0 1925 36 24 24	0 0 2 0 24 0 1 0 7
0 1926 36 24 24	0 0 2 0 24 0 1 0 7
0 1927 37 24 24	0 0 2 0 24 0 2 0 7
0 1928 37 24 24	0 0 2 0 24 0 2 0 8
0 1929 36 24 24	0 0 2 0 24 0 2 0 7
0 1930 37 24 24	0 0 2 0 24 0 2 0 7
0 1931 36 24 24	0 0 2 0 24 0 1 0 7
0 1932 37 24 24	0 0 2 0 24 0 2 0 7
0 1933 37 24 24	0 0 2 0 24 0 2 0 7
0 1934 37 24 24	0 0 2 0 24 0 2 0 8
0 1935 37 24 24	0 0 2 0 24 0 2 0 8
0 1936 37 24 24	0 0 2 0 24 0 2 0 7
0 1937 37 24 24	0 0 2 0 24 0 2 0 8
0 1938 38 24 24	0 0 2 0 24 0 2 0 8
0 1939 36 24 24	0 0 2 0 24 0 2 0 7
0 1940 36 24 24	0 0 2 0 24 0 2 0 7
0 1941 36 24 24	0 0 2 0 24 0 2 0 7
0 1942 36 24 24	0 0 2 0 24 0 2 0 7
0 1943 36 24 24	0 0 2 0 24 0 1 0 7
0 1944 36 24 24	0 0 2 0 24 0 1 0 7
0 1945 35 24 24	0 0 2 0 24 0 1 0 6
0 1946 36 24 24	0 0 2 0 24 0 1 0 6
0 1947 35 24 24	0 0 2 0 24 0 1 0 6
0 1948 35 24 24	0 0 2 0 23 0 1 0 6
0 1949 35 24 24	0 0 2 0 24 0 2 0 6
0 1950 36 24 24	0 0 2 0 24 0 1 0 6
0 1951 36 24 24	0 0 2 0 24 0 2 0 7
0 1952 36 24 24	0 0 2 0 24 0 1 0 7
0 1953 36 24 24	0 0 3 0 24 0 1 0 6
0 1954 35 24 24	0 0 2 0 24 0 2 0 6
0 1955 35 24 24	0 0 2 0 24 0 2 0 6
0 1956 36 24 24	0 0 2 0 23 0 1 0 7
0 1957 36 24 24	0 0 3 0 24 0 1 0 6
0 1958 36 24 24	0 0 2 0 24 0 1 0 7
0 1959 36 24 24	0 0 3 0 24 0 1 0 7
0 1960 36 24 24	0 0 2 0 23 0 2 0 7
0 1961 36 24 24	0 0 2 0 23 0 1 0 7
0 1962 36 24 24	0 0 2 0 24 0 2 0 7
0 1963 36 24 24	0 0 2 0 23 0 1 0 7
0 1964 36 24 24	0 0 2 0 23 0 1 0 7
0 1965 35 24 24	0 0 2 0 24 0 1 0 6
0 1966 36 24 24	0 0 2 0 23 0 1 0 6
0 1967 36 24 24	0 0 2 0 24 0 2 0 7
0 1968 36 24 24	0 0 2 0 24 0 1 0 7
0 1969 36 24 24	0 0 3 0 23 0 1 0 7
0 1970 36 25 25	0 0 2 0 23 0 2 0 7
0 1971 36 25 25	0 0 2 0 24 0 1 0 7
0 1972 37 25 25	0 0 2 0 24 0 2 0 7
0 1973 36 25 25	0 0 2 0 24 0 2 0 7
0 1974 36 25 25	0 0 2 0 24 0 1 0 7
0 1975 36 25 25	0 0 2 0 24 0 2 0 7
0 1976 36 25 25	0 0 2 0 24 0 2 0 7
0 1977 36 25 25	0 0 2 0 24 0 2 0 7
0 1978 36 25 25	0 0 2 0 24 0 2 0 7
0 1979 35 25 25	0 0 2 0 24 0 2 0 6
0 1980 36 25 25	0 0 2 0 24 0 2 0 6
0 1981 36 25 25	0 0 2 0 24 0 2 0 6
0 1982 36 25 25	0 0 2 0 24 0 2 0 6
0 1983 36 25 25	0 0 2 0 24 0 1 0 6
0 1984 36 25 25	0 0 3 0 24 0 1 0 6
0 1985 37 25 25	0 0 2 0 25 0 2 0 7
0 1986 36 25 25	0 0 2 0 24 0 1 0 6
0 1987 37 25 25	0 0 2 0 25 0 2 0 7
0 1988 37 25 25	0 0 2 0 25 0 1 0 7
0 1989 37 25 25	0 0 2 0 25 0 2 0 7
0 1990 37 25 25	0 0 2 0 25 0 2 0 7
0 1991 37 25 25	0 0 2 0 25 0 2 0 7
0 1992 37 25 25	0 0 2 0 25 0 1 0 7
0 1993 38 25 25	0 0 3 0 24 0 1 0 7
0 1994 37 25 25	0 0 2 0 24 0 2 0 7
0 1995 37 24 24	0 0 2 0 25 0 2 0 7
0 1996 48 24 24	0 0 4 0 26 0 6 0 11
0 1997 38 24 24	0 0 3 0 24 0 1 0 8
0 1998 37 24 24	0 0 3 0 24 0 1 0 7
0 1999 36 24 24	0 0 2 0 23 0 2 0 7
0 2000 37 24 24	0 0 2 0 24 0 2 0 7
0 2001 37 24 24	0 0 2 0 24 0 2 0 8
0 2002 37 24 24	0 0 2 0 24 0 2 0 7
0 2003 36 24 24	0 0 2 0 24 0 1 0 7
0 2004 36 24 24	0 0 2 0 24 0 1 0 7
0 2005 37 24 24	0 0 2 0 24 0 2 0 8
0 2006 36 24 24	0 0 2 0 23 0 2 0 7
0 2007 37 24 24	0 0 2 0 24 0 2 0 8
0 2008 36 24 24	0 0 2 0 23 0 2 0 8
0 2009 37 24 24	0 0 3 0 23 0 1 0 7
0 2010 37 24 24	0 0 3 0 24 0 2 0 8
0 2011 37 24 24	0 0 2 0 23 0 1 0 8
0 2012 37 24 24	0 0 2 0 24 0 2 0 8
0 2013 37 24 24	0 0 2 0 24 0 2 0 8
0 2014 43 24 24	0 0 2 0 28 0 2 0 9
0 2015 36 24 24	0 0 2 0 24 0 2 0 7
0 2016 37 24 24	0 0 2 0 23 0 2 0 7
0 2017 36 24 24	0 0 2 0 23 0 2 0 7
0 2018 36 24 24	0 0 2 0 23 0 2 0 7
0 2019 37 24 24	0 0 2 0 24 0 2 0 7
0 2020 36 24 24	0 0 2 0 23 0 2 0 7
0 2021 36 25 25	0 0 2 0 23 0 2 0 7
0 2022 36 25 25	0 0 2 0 24 0 2 0 7
0 2023 37 25 25	0 0 3 0 23 0 2 0 7
0 2024 36 25 25	0 0 2 0 23 0 2 0 7
0 2025 36 25 25	0 0 2 0 24 0 2 0 7
0 2026 36 25 25	0 0 2 0 24 0 2 0 7
0 2027 37 25 25	0 0 3 0 24 0 2 0 7
0 2028 36 25 25	0 0 2 0 24 0 2 0 7
0 2029 41 25 25	0 0 4 0 23 0 2 0 10
0 2030 36 25 25	0 0 2 0 24 0 2 0 7
0 2031 36 25 25	0 0 2 0 24 0 2 0 7
0 2032 37 25 25	0 0 3 0 23 0 2 0 7
0 2033 36 25 25	0 0 2 0 23 0 2 0 7
0 2034 36 25 25	0 0 2 0 23 0 2 0 7
0 2035 36 25 25	0 0 2 0 23 0 2 0 7
0 2036 36 25 25	0 0 2 0 23 0 2 0 7
0 2037 36 25 25	0 0 2 0 23 0 2 0 7
0 2038 36 25 25	0 0 2 0 23 0 2 0 7
0 2039 36 25 25	0 0 2 0 23 0 2 0 7
0 2040 36 25 25	0 0 2 0 23 0 2 0 7
0 2041 38 25 25	0 0 2 0 26 0 2 0 6
0 2042 36 25 25	0 0 2 0 23 0 2 0 7
0 2043 35 25 25	0 0 2 0 23 0 2 0 7
0 2044 37 25 25	0 0 4 0 23 0 1 0 7
0 2045 37 25 25	0 0 4 0 23 0 2 0 6
0 2046 36 24 24	0 0 4 0 23 0 1 0 6
0 2047 36 24 24	0 0 4 0 23 0 1 0 6
0 2048 36 24 24	0 0 4 0 23 0 1 0 6
0 2049 37 24 24	0 0 4 0 23 0 2 0 6
0 2050 37 24 24	0 0 4 0 23 0 1 0 6
0 2051 37 24 24	0 0 4 0 23 0 2 0 7
0 2052 37 24 24	0 0 4 0 23 0 2 0 6
0 2053 37 24 24	0 0 3 0 23 0 2 0 6
0 2054 35 24 24	0 0 2 0 23 0 1 0 6
0 2055 34 24 24	0 0 2 0 23 0 1 0 6
0 2056 35 24 24	0 0 2 0 23 0 1 0 6
0 2057 36 24 24	0 0 2 0 23 0 2 0 7
0 2058 35 24 24	0 0 2 0 23 0 1 0 6
0 2059 34 24 24	0 0 2 0 23 0 1 0 6
0 2060 35 24 24	0 0 2 0 23 0 1 0 6
0 2061 35 24 24	0 0 2 0 23 0 1 0 6
0 2062 35 24 24	0 0 2 0 23 0 1 0 6
0 2063 35 24 24	0 0 2 0 23 0 1 0 6
0 2064 35 24 24	0 0 2 0 23 0 1 0 6
0 2065 34 24 24	0 0 2 0 23 0 1 0 6
0 2066 37 24 24	0 0 4 0 23 0 1 0 6
0 2067 37 24 24	0 0 4 0 23 0 2 0 7
0 2068 37 24 24	0 0 4 0 23 0 1 0 6
0 2069 36 24 24	0 0 4 0 23 0 2 0 6
0 2070 37 24 24	0 0 4 0 24 0 1 0 6
0 2071 35 24 24	0 0 2 0 23 0 1 0 6
0 2072 36 24 24	0 0 3 0 24 0 2 0 6
0 2073 35 24 24	0 0 2 0 23 0 1 0 6
0 2074 35 24 24	0 0 2 0 23 0 1 0 6
0 2075 35 24 24	0 0 2 0 23 0 1 0 6
0 2076 35 24 24	0 0 2 0 23 0 1 0 6
0 2077 35 24 24	0 0 3 0 23 0 2 0 6
0 2078 35 24 24	0 0 2 0 23 0 1 0 6
0 2079 36 24 24	0 0 3 0 23 0 2 0 6
0 2080 36 24 24	0 0 2 0 23 0 1 0 6
0 2081 35 24 24	0 0 2 0 23 0 2 0 6
0 2082 36 24 24	0 0 3 0 24 0 1 0 6
0 2083 35 24 24	0 0 2 0 23 0 1 0 6
0 2084 35 24 24	0 0 3 0 23 0 1 0 6
0 2085 35 24 24	0 0 3 0 23 0 1 0 6
0 2086 35 24 24	0 0 2 0 23 0 1 0 6
0 2087 35 24 24	0 0 2 0 24 0 1 0 6
0 2088 35 24 24	0 0 2 0 23 0 1 0 6
0 2089 35 24 24	0 0 2 0 23 0 1 0 6
0 2090 35 24 24	0 0 3 0 23 0 1 0 6
0 2091 35 24 24	0 0 3 0 23 0 1 0 6
0 2092 35 24 24	0 0 2 0 23 0 1 0 6
0 2093 35 24 24	0 0 3 0 23 0 1 0 6
0 2094 35 24 24	0 0 2 0 23 0 1 0 6
0 2095 35 24 24	0 0 2 0 23 0 1 0 6
0 2096 35 24 24	0 0 3 0 23 0 1 0 6
0 2097 36 25 25	0 0 3 0 23 0 2 0 6
0 2098 34 25 25	0 0 2 0 23 0 1 0 5
0 2099 52 25 25	0 0 8 0 27 0 6 0 10
0 2100 47 25 25	0 0 9 0 24 0 2 0 10
0 2101 42 25 25	0 0 8 0 24 0 2 0 7
0 2102 35 25 25	0 0 3 0 24 0 2 0 5
0 2103 35 25 25	0 0 3 0 24 0 1 0 6
0 2104 37 25 25	0 0 2 0 26 0 1 0 5
0 2105 36 25 25	0 0 2 0 24 0 2 0 6
0 2106 35 25 25	0 0 2 0 24 0 2 0 5
0 2107 35 25 25	0 0 3 0 24 0 2 0 6
0 2108 35 25 25	0 0 2 0 23 0 2 0 5
0 2109 35 25 25	0 0 2 0 24 0 2 0 6
0 2110 34 25 25	0 0 3 0 23 0 2 0 5
0 2111 35 25 25	0 0 2 0 23 0 2 0 6
0 2112 35 25 25	0 0 3 0 23 0 2 0 5
0 2113 35 25 25	0 0 2 0 23 0 2 0 6
0 2114 34 25 25	0 0 2 0 23 0 1 0 5
0 2115 35 25 25	0 0 2 0 23 0 2 0 5
0 2116 34 25 25	0 0 2 0 23 0 1 0 5
0 2117 35 25 25	0 0 2 0 23 0 2 0 6
0 2118 35 25 25	0 0 3 0 23 0 1 0 6
0 2119 36 25 25	0 0 2 0 23 0 2 0 7
0 2120 35 25 25	0 0 2 0 23 0 1 0 6
0 2121 35 25 25	0 0 2 0 23 0 2 0 6
0 2122 35 25 25	0 0 2 0 23 0 2 0 6
0 2123 35 25 25	0 0 2 0 23 0 1 0 6
0 2124 35 25 25	0 0 2 0 23 0 2 0 6
0 2125 37 25 25	0 0 2 0 26 0 2 0 6
0 2126 35 25 25	0 0 3 0 24 0 1 0 6
0 2127 35 25 25	0 0 2 0 24 0 2 0 6
0 2128 35 25 25	0 0 2 0 23 0 2 0 6
0 2129 35 25 25	0 0 2 0 23 0 2 0 6
0 2130 35 25 25	0 0 2 0 23 0 1 0 6
0 2131 36 25 25	0 0 2 0 24 0 2 0 7
0 2132 35 25 25	0 0 2 0 24 0 2 0 6
0 2133 36 25 25	0 0 2 0 24 0 1 0 7
0 2134 35 25 25	0 0 2 0 23 0 1 0 6
0 2135 36 25 25	0 0 2 0 23 0 2 0 6
0 2136 36 25 25	0 0 2 0 24 0 2 0 7
0 2137 36 25 25	0 0 3 0 23 0 2 0 7
0 2138 35 25 25	0 0 2 0 23 0 2 0 6
0 2139 35 25 25	0 0 2 0 23 0 2 0 6
0 2140 35 25 25	0 0 3 0 23 0 2 0 6
0 2141 36 25 25	0 0 2 0 23 0 2 0 6
0 2142 35 25 25	0 0 2 0 23 0 2 0 6
0 2143 35 25 25	0 0 2 0 24 0 2 0 6
0 2144 35 25 25	0 0 2 0 23 0 1 0 6
0 2145 36 25 25	0 0 2 0 24 0 2 0 6
0 2146 36 25 25	0 0 2 0 23 0 2 0 6
0 2147 35 25 25	0 0 2 0 23 0 2 0 6
0 2148 35 24 24	0 0 3 0 23 0 2 0 6
0 2149 35 24 24	0 0 2 0 23 0 2 0 6
0 2150 35 24 24	0 0 2 0 23 0 2 0 6
0 2151 35 24 24	0 0 2 0 23 0 2 0 6
0 2152 35 24 24	0 0 2 0 23 0 2 0 6
0 2153 35 24 24	0 0 3 0 23 0 1 0 6
0 2154 34 24 24	0 0 2 0 23 0 1 0 5
0 2155 35 24 24	0 0 2 0 23 0 1 0 6
0 2156 35 24 24	0 0 3 0 23 0 1 0 6
0 2157 43 24 24	0 0 2 0 24 0 2 0 13
0 2158 34 24 24	0 0 2 0 23 0 1 0 5
0 2159 36 24 24	0 0 4 0 23 0 1 0 6
0 2160 36 24 24	0 0 4 0 23 0 1 0 5
0 2161 36 24 24	0 0 4 0 23 0 1 0 6
0 2162 36 24 24	0 0 4 0 23 0 1 0 6
0 2163 36 24 24	0 0 4 0 23 0 1 0 6
0 2164 36 24 24	0 0 3 0 23 0 1 0 6
0 2165 36 24 24	0 0 3 0 24 0 1 0 5
0 2166 36 24 24	0 0 4 0 24 0 1 0 5
0 2167 37 24 24	0 0 4 0 24 0 1 0 6
0 2168 37 24 24	0 0 3 0 24 0 1 0 6
0 2169 37 24 24	0 0 4 0 24 0 1 0 6
0 2170 36 24 24	0 0 3 0 24 0 1 0 5
0 2171 37 24 24	0 0 4 0 24 0 1 0 6
0 2172 36 24 24	0 0 3 0 24 0 1 0 6
0 2173 37 24 24	0 0 3 0 24 0 1 0 6
0 2174 36 24 24	0 0 3 0 24 0 1 0 5
0 2175 37 24 24	0 0 4 0 24 0 1 0 6
0 2176 36 24 24	0 0 3 0 24 0 1 0 5
0 2177 37 24 24	0 0 4 0 24 0 1 0 6
0 2178 36 24 24	0 0 3 0 24 0 1 0 5
0 2179 37 24 24	0 0 3 0 24 0 1 0 6
0 2180 36 24 24	0 0 3 0 24 0 1 0 5
0 2181 37 24 24	0 0 4 0 24 0 1 0 6
0 2182 36 24 24	0 0 3 0 24 0 1 0 6
0 2183 35 24 24	0 0 2 0 24 0 1 0 5
0 2184 35 24 24	0 0 2 0 24 0 1 0 5
0 2185 35 24 24	0 0 2 0 24 0 1 0 6
0 2186 35 24 24	0 0 2 0 23 0 1 0 6
0 2187 36 24 24	0 0 2 0 23 0 2 0 7
0 2188 35 24 24	0 0 2 0 23 0 2 0 6
0 2189 35 24 24	0 0 2 0 23 0 1 0 6
0 2190 35 24 24	0 0 2 0 23 0 2 0 6
0 2191 35 24 24	0 0 2 0 23 0 1 0 6
0 2192 34 24 24	0 0 2 0 23 0 2 0 6
0 2193 35 24 24	0 0 2 0 24 0 1 0 6
0 2194 34 24 24	0 0 2 0 23 0 1 0 5
0 2195 36 24 24	0 0 3 0 23 0 1 0 6
0 2196 34 24 24	0 0 2 0 23 0 1 0 5
0 2197 35 24 24	0 0 2 0 23 0 2 0 6
0 2198 34 24 24	0 0 2 0 23 0 1 0 5
0 2199 34 25 25	0 0 2 0 23 0 1 0 5
0 2200 34 25 25	0 0 2 0 23 0 1 0 5
0 2201 35 25 25	0 0 2 0 23 0 1 0 6
0 2202 35 25 25	0 0 2 0 23 0 2 0 6
0 2203 35 25 25	0 0 2 0 23 0 1 0 6
0 2204 35 25 25	0 0 2 0 23 0 1 0 6
0 2205 35 25 25	0 0 2 0 24 0 1 0 6
0 2206 34 25 25	0 0 2 0 23 0 1 0 5
0 2207 35 25 25	0 0 2 0 24 0 2 0 6
0 2208 35 25 25	0 0 2 0 23 0 2 0 6
0 2209 35 25 25	0 0 2 0 23 0 2 0 6
0 2210 34 25 25	0 0 2 0 23 0 1 0 5
0 2211 35 25 25	0 0 2 0 23 0 1 0 6
0 2212 34 25 25	0 0 2 0 23 0 1 0 5
0 2213 35 25 25	0 0 2 0 23 0 1 0 6
0 2214 35 25 25	0 0 2 0 23 0 2 0 6
0 2215 34 25 25	0 0 2 0 23 0 1 0 5
0 2216 34 25 25	0 0 3 0 23 0 1 0 5
0 2217 35 25 25	0 0 2 0 23 0 2 0 6
0 2218 34 25 25	0 0 2 0 23 0 1 0 5
0 2219 35 25 25	0 0 2 0 23 0 1 0 6
0 2220 34 25 25	0 0 2 0 23 0 1 0 5
0 2221 35 25 25	0 0 2 0 23 0 1 0 6
0 2222 35 25 25	0 0 2 0 23 0 2 0 6
0 2223 35 25 25	0 0 2 0 23 0 1 0 6
0 2224 35 24 24	0 0 2 0 23 0 1 0 6
0 2225 35 24 24	0 0 2 0 23 0 1 0 6
0 2226 34 24 24	0 0 2 0 23 0 1 0 5
0 2227 35 24 24	0 0 2 0 23 0 2 0 6
0 2228 34 24 24	0 0 2 0 23 0 1 0 6
0 2229 35 24 24	0 0 2 0 23 0 1 0 6
0 2230 34 24 24	0 0 2 0 23 0 1 0 5
0 2231 34 24 24	0 0 2 0 23 0 1 0 5
0 2232 34 24 24	0 0 2 0 24 0 1 0 5
0 2233 34 24 24	0 0 2 0 23 0 1 0 5
0 2234 33 24 24	0 0 2 0 23 0 1 0 5
0 2235 34 24 24	0 0 2 0 23 0 1 0 5
0 2236 34 24 24	0 0 2 0 23 0 1 0 6
0 2237 34 24 24	0 0 2 0 24 0 1 0 6
0 2238 34 24 24	0 0 2 0 23 0 1 0 5
0 2239 34 24 24	0 0 2 0 23 0 1 0 5
0 2240 34 24 24	0 0 2 0 23 0 1 0 5
0 2241 34 24 24	0 0 2 0 23 0 1 0 5
0 2242 34 24 24	0 0 2 0 23 0 1 0 5
0 2243 35 24 24	0 0 2 0 23 0 1 0 6
0 2244 34 24 24	0 0 3 0 23 0 1 0 5
0 2245 34 24 24	0 0 2 0 23 0 1 0 6
0 2246 34 24 24	0 0 2 0 23 0 1 0 5
0 2247 34 24 24	0 0 2 0 23 0 1 0 5
0 2248 34 24 24	0 0 2 0 23 0 1 0 5
0 2249 34 24 24	0 0 2 0 23 0 1 0 6
0 2250 33 25 25	0 0 2 0 23 0 1 0 5
0 2251 34 25 25	0 0 2 0 23 0 1 0 5
0 2252 33 25 25	0 0 2 0 23 0 1 0 5
0 2253 34 25 25	0 0 2 0 23 0 1 0 5
0 2254 34 25 25	0 0 2 0 23 0 1 0 5
0 2255 35 25 25	0 0 2 0 23 0 1 0 6
0 2256 34 25 25	0 0 2 0 23 0 1 0 5
0 2257 34 25 25	0 0 2 0 23 0 1 0 6
0 2258 34 25 25	0 0 2 0 23 0 1 0 5
0 2259 33 25 25	0 0 2 0 23 0 1 0 5
0 2260 34 25 25	0 0 2 0 23 0 1 0 5
0 2261 34 25 25	0 0 2 0 23 0 1 0 6
0 2262 34 25 25	0 0 2 0 23 0 1 0 5
0 2263 34 25 25	0 0 2 0 23 0 1 0 6
0 2264 34 25 25	0 0 2 0 23 0 1 0 5
0 2265 34 25 25	0 0 2 0 23 0 1 0 5
0 2266 33 25 25	0 0 2 0 23 0 1 0 5
0 2267 34 25 25	0 0 2 0 23 0 1 0 6
0 2268 34 25 25	0 0 2 0 23 0 1 0 5
0 2269 35 25 25	0 0 2 0 23 0 1 0 6
0 2270 34 25 25	0 0 2 0 23 0 1 0 5
0 2271 34 25 25	0 0 2 0 23 0 1 0 5
0 2272 33 25 25	0 0 2 0 23 0 1 0 5
0 2273 34 25 25	0 0 2 0 23 0 1 0 6
0 2274 34 25 25	0 0 2 0 23 0 1 0 5
0 2275 34 25 25	0 0 2 0 23 0 1 0 5
0 2276 33 25 25	0 0 2 0 23 0 1 0 5
0 2277 34 25 25	0 0 2 0 23 0 1 0 5
0 2278 34 25 25	0 0 2 0 23 0 1 0 5
0 2279 33 25 25	0 0 2 0 23 0 1 0 5
0 2280 35 25 25	0 0 3 0 23 0 1 0 5
0 2281 33 25 25	0 0 2 0 23 0 1 0 5
0 2282 34 25 25	0 0 2 0 23 0 1 0 5
0 2283 34 25 25	0 0 2 0 23 0 1 0 5
0 2284 33 25 25	0 0 2 0 23 0 1 0 5
0 2285 33 25 25	0 0 2 0 23 0 1 0 5
0 2286 33 25 25	0 0 2 0 23 0 1 0 4
0 2287 33 25 25	0 0 2 0 23 0 1 0 5
0 2288 33 25 25	0 0 2 0 23 0 1 0 5
0 2289 34 25 25	0 0 2 0 23 0 1 0 5
0 2290 33 25 25	0 0 2 0 23 0 1 0 5
0 2291 33 25 25	0 0 2 0 23 0 1 0 5
0 2292 33 25 25	0 0 2 0 23 0 1 0 5
0 2293 34 25 25	0 0 2 0 23 0 1 0 5
0 2294 33 25 25	0 0 2 0 23 0 1 0 5
0 2295 34 25 25	0 0 2 0 23 0 1 0 5
0 2296 34 25 25	0 0 3 0 23 0 1 0 5
0 2297 35 25 25	0 0 2 0 23 0 1 0 6
0 2298 33 25 25	0 0 2 0 23 0 1 0 5
0 2299 34 25 25	0 0 2 0 23 0 1 0 5
0 2300 34 25 25	0 0 3 0 23 0 1 0 5
0 2301 35 24 24	0 0 3 0 23 0 1 0 5
0 2302 34 24 24	0 0 3 0 23 0 1 0 5
0 2303 34 24 24	0 0 2 0 23 0 1 0 6
0 2304 34 24 24	0 0 2 0 23 0 1 0 5
0 2305 34 24 24	0 0 2 0 23 0 1 0 5
0 2306 33 24 24	0 0 2 0 23 0 1 0 5
0 2307 35 24 24	0 0 2 0 23 0 1 0 6
0 2308 34 24 24	0 0 2 0 23 0 1 0 6
0 2309 35 24 24	0 0 2 0 23 0 1 0 6
0 2310 34 24 24	0 0 2 0 23 0 1 0 5
0 2311 34 24 24	0 0 2 0 23 0 1 0 6
0 2312 34 24 24	0 0 2 0 23 0 1 0 5
0 2313 34 24 24	0 0 2 0 23 0 1 0 5
0 2314 34 24 24	0 0 2 0 23 0 1 0 5
0 2315 34 24 24	0 0 2 0 23 0 1 0 5
0 2316 34 24 24	0 0 2 0 23 0 1 0 5
0 2317 34 24 24	0 0 2 0 23 0 1 0 5
0 2318 33 24 24	0 0 2 0 23 0 1 0 5
0 2319 34 24 24	0 0 2 0 23 0 1 0 5
0 2320 33 24 24	0 0 2 0 23 0 1 0 5
0 2321 33 24 24	0 0 2 0 23 0 1 0 5
0 2322 34 24 24	0 0 2 0 23 0 1 0 5
0 2323 34 24 24	0 0 3 0 23 0 1 0 5
0 2324 34 24 24	0 0 2 0 23 0 1 0 5
0 2325 34 24 24	0 0 2 0 23 0 1 0 5
0 2326 34 24 24	0 0 2 0 23 0 1 0 5
0 2327 34 25 25	0 0 2 0 23 0 1 0 6
0 2328 34 25 25	0 0 2 0 23 0 1 0 5
0 2329 34 25 25	0 0 2 0 23 0 1 0 5
0 2330 35 25 25	0 0 2 0 23 0 1 0 6
0 2331 34 25 25	0 0 2 0 23 0 1 0 5
0 2332 34 25 25	0 0 2 0 23 0 1 0 6
0 2333 35 25 25	0 0 2 0 23 0 1 0 6
0 2334 35 25 25	0 0 3 0 23 0 1 0 6
0 2335 34 25 25	0 0 2 0 23 0 1 0 5
0 2336 33 25 25	0 0 2 0 23 0 1 0 5
0 2337 34 25 25	0 0 2 0 23 0 1 0 6
0 2338 34 25 25	0 0 2 0 23 0 1 0 5
0 2339 34 25 25	0 0 2 0 23 0 1 0 5
0 2340 34 25 25	0 0 2 0 23 0 1 0 5
0 2341 34 25 25	0 0 2 0 23 0 1 0 6
0 2342 34 25 25	0 0 2 0 23 0 1 0 5
0 2343 35 25 25	0 0 2 0 24 0 1 0 6
0 2344 34 25 25	0 0 2 0 23 0 1 0 6
0 2345 35 25 25	0 0 2 0 23 0 1 0 6
0 2346 34 25 25	0 0 2 0 23 0 1 0 6
0 2347 35 25 25	0 0 2 0 23 0 2 0 6
0 2348 34 25 25	0 0 2 0 23 0 1 0 5
0 2349 34 25 25	0 0 2 0 23 0 1 0 5
0 2350 34 25 25	0 0 2 0 23 0 1 0 5
0 2351 34 25 25	0 0 2 0 23 0 1 0 5
0 2352 34 24 24	0 0 2 0 24 0 1 0 5
0 2353 35 24 24	0 0 2 0 23 0 1 0 6
0 2354 34 24 24	0 0 2 0 23 0 1 0 6
0 2355 35 24 24	0 0 2 0 23 0 1 0 6
0 2356 34 24 24	0 0 2 0 23 0 1 0 5
0 2357 35 24 24	0 0 2 0 24 0 2 0 5
0 2358 34 24 24	0 0 2 0 23 0 1 0 5
0 2359 34 24 24	0 0 2 0 23 0 1 0 5
0 2360 34 24 24	0 0 2 0 23 0 1 0 5
0 2361 34 24 24	0 0 2 0 23 0 1 0 5
0 2362 34 24 24	0 0 2 0 23 0 1 0 5
0 2363 35 24 24	0 0 3 0 23 0 1 0 6
0 2364 34 24 24	0 0 2 0 23 0 1 0 5
0 2365 34 24 24	0 0 2 0 23 0 1 0 5
0 2366 33 24 24	0 0 2 0 23 0 1 0 5
0 2367 33 24 24	0 0 2 0 23 0 1 0 5
0 2368 33 24 24	0 0 2 0 23 0 1 0 5
0 2369 34 24 24	0 0 2 0 23 0 1 0 5
0 2370 33 24 24	0 0 2 0 23 0 1 0 5
0 2371 35 24 24	0 0 3 0 23 0 1 0 5
0 2372 34 24 24	0 0 2 0 23 0 1 0 5
0 2373 34 24 24	0 0 2 0 23 0 1 0 5
0 2374 33 24 24	0 0 2 0 23 0 1 0 5
0 2375 34 24 24	0 0 2 0 23 0 1 0 6
0 2376 34 24 24	0 0 2 0 23 0 1 0 5
0 2377 34 24 24	0 0 2 0 23 0 1 0 5
0 2378 34 24 24	0 0 2 0 23 0 1 0 6
0 2379 34 24 24	0 0 2 0 23 0 1 0 5
0 2380 34 24 24	0 0 2 0 23 0 1 0 5
0 2381 34 24 24	0 0 2 0 23 0 1 0 6
0 2382 35 24 24	0 0 2 0 23 0 1 0 6
0 2383 35 24 24	0 0 2 0 23 0 1 0 6
0 2384 34 24 24	0 0 2 0 23 0 1 0 6
0 2385 35 24 24	0 0 3 0 23 0 1 0 6
0 2386 34 24 24	0 0 2 0 23 0 1 0 5
0 2387 34 24 24	0 0 3 0 23 0 2 0 5
0 2388 34 24 24	0 0 2 0 23 0 1 0 5
0 2389 34 24 24	0 0 2 0 23 0 1 0 5
0 2390 34 24 24	0 0 2 0 23 0 1 0 5
0 2391 35 24 24	0 0 2 0 24 0 1 0 6
0 2392 34 24 24	0 0 2 0 23 0 1 0 5
0 2393 34 24 24	0 0 2 0 23 0 1 0 6
0 2394 34 24 24	0 0 2 0 23 0 1 0 5
0 2395 35 24 24	0 0 2 0 23 0 1 0 6
0 2396 35 24 24	0 0 2 0 23 0 1 0 6
0 2397 35 24 24	0 0 2 0 23 0 2 0 6
0 2398 35 24 24	0 0 2 0 23 0 1 0 6
0 2399 35 24 24	0 0 2 0 23 0 1 0 6
0 2400 36 24 24	0 0 2 0 23 0 3 0 5
0 2401 34 24 24	0 0 2 0 24 0 1 0 6
0 2402 35 24 24	0 0 3 0 24 0 1 0 5
0 2403 34 24 24	0 0 2 0 24 0 1 0 5
0 2404 35 24 24	0 0 4 0 23 0 1 0 5
0 2405 34 24 24	0 0 3 0 24 0 1 0 5
0 2406 34 24 24	0 0 2 0 23 0 1 0 5
0 2407 34 24 24	0 0 3 0 23 0 1 0 5
0 2408 35 24 24	0 0 3 0 23 0 1 0 5
0 2409 34 24 24	0 0 2 0 23 0 1 0 5
0 2410 33 24 24	0 0 2 0 23 0 1 0 5
0 2411 35 24 24	0 0 4 0 23 0 1 0 5
0 2412 34 24 24	0 0 3 0 23 0 1 0 5
0 2413 34 24 24	0 0 2 0 23 0 1 0 5
0 2414 33 24 24	0 0 2 0 23 0 1 0 5
0 2415 33 24 24	0 0 2 0 23 0 1 0 5
0 2416 33 24 24	0 0 2 0 23 0 1 0 5
0 2417 34 24 24	0 0 2 0 23 0 1 0 5
0 2418 35 24 24	0 0 4 0 23 0 1 0 5
0 2419 33 24 24	0 0 2 0 23 0 1 0 5
0 2420 33 24 24	0 0 2 0 23 0 1 0 4
0 2421 33 24 24	0 0 2 0 23 0 1 0 5
0 2422 33 24 24	0 0 2 0 23 0 1 0 5
0 2423 33 24 24	0 0 2 0 23 0 1 0 5
0 2424 33 24 24	0 0 2 0 23 0 1 0 5
0 2425 34 24 24	0 0 2 0 23 0 1 0 5
0 2426 33 24 24	0 0 2 0 23 0 1 0 4
0 2427 33 24 24	0 0 2 0 23 0 1 0 5
0 2428 33 24 24	0 0 2 0 23 0 1 0 4
0 2429 35 25 25	0 0 2 0 24 0 1 0 6
0 2430 33 25 25	0 0 2 0 23 0 1 0 5
0 2431 33 25 25	0 0 2 0 23 0 1 0 4
0 2432 33 25 25	0 0 2 0 23 0 1 0 4
0 2433 33 25 25	0 0 2 0 23 0 1 0 4
0 2434 33 25 25	0 0 2 0 23 0 1 0 4
0 2435 34 25 25	0 0 3 0 23 0 1 0 4
0 2436 34 25 25	0 0 3 0 23 0 1 0 4
0 2437 33 25 25	0 0 2 0 23 0 1 0 5
0 2438 33 25 25	0 0 2 0 23 0 1 0 5
0 2439 34 25 25	0 0 2 0 23 0 1 0 5
0 2440 33 25 25	0 0 2 0 23 0 1 0 5
0 2441 34 25 25	0 0 3 0 23 0 1 0 5
0 2442 33 25 25	0 0 2 0 23 0 1 0 5
0 2443 33 25 25	0 0 2 0 23 0 1 0 4
0 2444 33 25 25	0 0 2 0 23 0 1 0 4
0 2445 33 25 25	0 0 2 0 23 0 1 0 5
0 2446 33 25 25	0 0 2 0 23 0 1 0 5
0 2447 34 25 25	0 0 2 0 24 0 1 0 5
0 2448 33 25 25	0 0 2 0 23 0 1 0 5
0 2449 33 25 25	0 0 2 0 23 0 1 0 4
0 2450 33 25 25	0 0 2 0 23 0 1 0 5
0 2451 33 25 25	0 0 2 0 23 0 1 0 5
0 2452 33 25 25	0 0 2 0 23 0 1 0 4
0 2453 34 25 25	0 0 2 0 23 0 1 0 5
0 2454 34 24 24	0 0 2 0 23 0 1 0 5
0 2455 34 24 24	0 0 2 0 23 0 1 0 6
0 2456 34 24 24	0 0 2 0 23 0 1 0 5
0 2457 34 24 24	0 0 2 0 23 0 1 0 5
0 2458 33 24 24	0 0 2 0 23 0 1 0 5
0 2459 33 24 24	0 0 2 0 23 0 1 0 4
0 2460 33 24 24	0 0 2 0 23 0 1 0 4
0 2461 33 24 24	0 0 2 0 23 0 1 0 5
0 2462 33 24 24	0 0 2 0 23 0 1 0 5
0 2463 42 24 24	0 0 2 0 26 0 6 0 5
0 2464 37 24 24	0 0 3 0 24 0 1 0 7
0 2465 34 24 24	0 0 3 0 24 0 1 0 4
0 2466 33 24 24	0 0 2 0 23 0 1 0 5
0 2467 34 24 24	0 0 2 0 23 0 1 0 5
0 2468 32 24 24	0 0 2 0 23 0 1 0 4
0 2469 33 24 24	0 0 2 0 23 0 1 0 4
0 2470 33 24 24	0 0 2 0 23 0 1 0 4
0 2471 34 24 24	0 0 2 0 23 0 1 0 5
0 2472 34 24 24	0 0 3 0 23 0 1 0 5
0 2473 38 24 24	0 0 2 0 28 0 1 0 5
0 2474 33 24 24	0 0 2 0 23 0 1 0 5
0 2475 33 24 24	0 0 2 0 23 0 1 0 5
0 2476 33 24 24	0 0 2 0 23 0 1 0 5
0 2477 33 24 24	0 0 2 0 23 0 1 0 5
0 2478 34 24 24	0 0 2 0 23 0 1 0 5
0 2479 34 24 24	0 0 3 0 23 0 1 0 5
0 2480 34 24 24	0 0 2 0 23 0 1 0 5
0 2481 34 24 24	0 0 2 0 23 0 1 0 5
0 2482 33 24 24	0 0 2 0 23 0 1 0 4
0 2483 34 24 24	0 0 2 0 23 0 1 0 5
0 2484 33 24 24	0 0 2 0 23 0 1 0 5
0 2485 34 24 24	0 0 2 0 23 0 1 0 5
0 2486 34 24 24	0 0 2 0 23 0 1 0 5
0 2487 34 24 24	0 0 2 0 23 0 1 0 5
0 2488 34 24 24	0 0 2 0 23 0 1 0 5
0 2489 34 24 24	0 0 2 0 23 0 1 0 5
0 2490 34 24 24	0 0 2 0 23 0 1 0 5
0 2491 34 24 24	0 0 2 0 23 0 1 0 5
0 2492 37 24 24	0 0 2 0 27 0 1 0 5
0 2493 34 24 24	0 0 2 0 23 0 1 0 5
0 2494 34 24 24	0 0 2 0 23 0 1 0 5
0 2495 35 24 24	0 0 3 0 24 0 1 0 5
0 2496 34 24 24	0 0 2 0 23 0 1 0 5
0 2497 34 24 24	0 0 2 0 24 0 1 0 5
0 2498 33 24 24	0 0 2 0 23 0 1 0 5
0 2499 36 24 24	0 0 2 0 23 0 1 0 7
0 2500 34 24 24	0 0 2 0 24 0 1 0 5
0 2501 33 24 24	0 0 2 0 23 0 1 0 5
0 2502 34 24 24	0 0 3 0 23 0 1 0 5
0 2503 34 24 24	0 0 2 0 23 0 1 0 6
0 2504 34 24 24	0 0 2 0 23 0 1 0 5
0 2505 34 24 24	0 0 2 0 24 0 1 0 5
0 2506 34 24 24	0 0 2 0 23 0 1 0 5
0 2507 37 24 24	0 0 3 0 24 0 1 0 7
0 2508 34 24 24	0 0 2 0 23 0 1 0 5
0 2509 34 24 24	0 0 2 0 23 0 1 0 5
0 2510 34 24 24	0 0 2 0 23 0 1 0 5
0 2511 34 24 24	0 0 2 0 23 0 1 0 5
0 2512 34 24 24	0 0 3 0 23 0 1 0 5
0 2513 33 24 24	0 0 2 0 23 0 1 0 5
0 2514 34 24 24	0 0 2 0 23 0 1 0 5
0 2515 34 24 24	0 0 2 0 23 0 1 0 5
0 2516 34 24 24	0 0 2 0 23 0 1 0 5
0 2517 35 24 24	0 0 3 0 24 0 1 0 5
0 2518 34 24 24	0 0 2 0 23 0 1 0 5
0 2519 34 24 24	0 0 2 0 23 0 1 0 6
0 2520 34 24 24	0 0 2 0 23 0 1 0 5
0 2521 34 24 24	0 0 2 0 23 0 1 0 5
0 2522 34 24 24	0 0 2 0 23 0 1 0 5
0 2523 34 24 24	0 0 2 0 23 0 1 0 5
0 2524 34 24 24	0 0 2 0 23 0 1 0 5
0 2525 35 24 24	0 0 2 0 24 0 1 0 6
0 2526 34 24 24	0 0 2 0 23 0 1 0 5
0 2527 35 24 24	0 0 2 0 24 0 2 0 6
0 2528 34 24 24	0 0 2 0 23 0 1 0 5
0 2529 35 24 24	0 0 2 0 24 0 1 0 6
0 2530 34 24 24	0 0 2 0 23 0 1 0 5
0 2531 35 24 24	0 0 3 0 24 0 1 0 6
0 2532 35 24 24	0 0 3 0 24 0 2 0 5
0 2533 35 24 24	0 0 3 0 23 0 1 0 6
0 2534 35 24 24	0 0 2 0 23 0 1 0 6
0 2535 35 24 24	0 0 2 0 24 0 1 0 6
0 2536 34 24 24	0 0 2 0 23 0 1 0 5
0 2537 35 24 24	0 0 2 0 23 0 2 0 6
0 2538 34 24 24	0 0 2 0 23 0 1 0 5
0 2539 35 24 24	0 0 2 0 23 0 2 0 6
0 2540 34 24 24	0 0 2 0 23 0 1 0 5
0 2541 34 24 24	0 0 2 0 24 0 1 0 5
0 2542 34 24 24	0 0 2 0 23 0 1 0 5
0 2543 34 24 24	0 0 2 0 23 0 1 0 5
0 2544 34 24 24	0 0 2 0 23 0 1 0 5
0 2545 35 24 24	0 0 2 0 24 0 2 0 6
0 2546 34 24 24	0 0 2 0 23 0 2 0 5
0 2547 36 24 24	0 0 3 0 24 0 2 0 5
0 2548 35 24 24	0 0 2 0 24 0 2 0 5
0 2549 35 24 24	0 0 2 0 24 0 2 0 5
0 2550 34 24 24	0 0 2 0 24 0 2 0 5
0 2551 35 24 24	0 0 2 0 24 0 2 0 5
0 2552 34 24 24	0 0 2 0 24 0 2 0 5
0 2553 35 24 24	0 0 2 0 24 0 2 0 5
0 2554 34 24 24	0 0 2 0 24 0 2 0 5
0 2555 34 24 24	0 0 2 0 24 0 2 0 5
0 2556 34 25 25	0 0 2 0 24 0 2 0 5
0 2557 35 25 25	0 0 2 0 24 0 2 0 5
0 2558 34 25 25	0 0 2 0 23 0 2 0 5
0 2559 34 25 25	0 0 2 0 24 0 2 0 5
0 2560 34 25 25	0 0 2 0 24 0 2 0 5
0 2561 34 25 25	0 0 2 0 24 0 2 0 5
0 2562 35 25 25	0 0 2 0 24 0 2 0 5
0 2563 34 25 25	0 0 2 0 23 0 2 0 5
0 2564 34 25 25	0 0 2 0 23 0 2 0 5
0 2565 34 25 25	0 0 2 0 24 0 2 0 5
0 2566 34 25 25	0 0 2 0 24 0 2 0 5
0 2567 34 25 25	0 0 2 0 24 0 2 0 5
0 2568 34 25 25	0 0 2 0 24 0 2 0 5
0 2569 34 25 25	0 0 2 0 24 0 2 0 5
0 2570 34 25 25	0 0 2 0 24 0 2 0 5
0 2571 34 25 25	0 0 2 0 24 0 2 0 5
0 2572 34 25 25	0 0 2 0 24 0 2 0 5
0 2573 34 25 25	0 0 2 0 24 0 2 0 5
0 2574 34 25 25	0 0 2 0 24 0 2 0 5
0 2575 35 25 25	0 0 3 0 24 0 2 0 5
0 2576 36 25 25	0 0 4 0 24 0 2 0 5
0 2577 35 25 25	0 0 3 0 24 0 2 0 5
0 2578 34 25 25	0 0 2 0 23 0 2 0 5
0 2579 35 25 25	0 0 2 0 24 0 2 0 5
0 2580 34 25 25	0 0 2 0 23 0 2 0 4
0 2581 34 25 25	0 0 3 0 23 0 2 0 5
0 2582 34 25 25	0 0 3 0 24 0 2 0 5
0 2583 34 25 25	0 0 2 0 23 0 2 0 5
0 2584 34 25 25	0 0 2 0 23 0 2 0 5
0 2585 35 25 25	0 0 2 0 24 0 2 0 5
0 2586 34 25 25	0 0 2 0 23 0 2 0 5
0 2587 34 25 25	0 0 2 0 24 0 2 0 5
0 2588 34 25 25	0 0 2 0 23 0 2 0 5
0 2589 35 25 25	0 0 2 0 24 0 2 0 5
0 2590 34 25 25	0 0 2 0 23 0 2 0 5
0 2591 34 25 25	0 0 2 0 24 0 2 0 5
0 2592 34 25 25	0 0 2 0 24 0 2 0 5
0 2593 34 25 25	0 0 2 0 23 0 2 0 5
0 2594 34 25 25	0 0 2 0 24 0 2 0 5
0 2595 34 25 25	0 0 2 0 24 0 2 0 5
0 2596 33 25 25	0 0 2 0 23 0 2 0 4
0 2597 34 25 25	0 0 2 0 24 0 2 0 4
0 2598 34 25 25	0 0 2 0 23 0 2 0 5
0 2599 34 25 25	0 0 2 0 23 0 2 0 5
0 2600 34 25 25	0 0 2 0 24 0 2 0 5
0 2601 34 25 25	0 0 2 0 23 0 2 0 5
0 2602 34 25 25	0 0 3 0 23 0 2 0 4
0 2603 33 25 25	0 0 2 0 23 0 2 0 4
0 2604 34 25 25	0 0 2 0 23 0 2 0 5
0 2605 34 25 25	0 0 2 0 23 0 2 0 5
0 2606 34 25 25	0 0 3 0 23 0 2 0 4
0 2607 34 25 25	0 0 2 0 24 0 2 0 4
0 2608 33 25 25	0 0 2 0 23 0 2 0 4
0 2609 34 25 25	0 0 2 0 24 0 2 0 4
0 2610 34 25 25	0 0 2 0 23 0 2 0 5
0 2611 34 25 25	0 0 2 0 23 0 2 0 5
0 2612 34 25 25	0 0 2 0 23 0 2 0 4
0 2613 33 25 25	0 0 2 0 24 0 2 0 4
0 2614 33 25 25	0 0 2 0 23 0 2 0 4
0 2615 34 25 25	0 0 2 0 23 0 2 0 5
0 2616 34 25 25	0 0 2 0 23 0 2 0 5
0 2617 34 25 25	0 0 2 0 24 0 2 0 5
0 2618 34 25 25	0 0 2 0 23 0 2 0 4
0 2619 33 25 25	0 0 2 0 23 0 2 0 4
0 2620 34 25 25	0 0 2 0 23 0 2 0 4
0 2621 34 25 25	0 0 2 0 23 0 2 0 4
0 2622 33 25 25	0 0 2 0 23 0 2 0 4
0 2623 33 25 25	0 0 2 0 23 0 2 0 4
0 2624 33 25 25	0 0 2 0 23 0 2 0 4
0 2625 33 25 25	0 0 2 0 24 0 2 0 4
0 2626 33 25 25	0 0 2 0 23 0 2 0 4
0 2627 33 25 25	0 0 2 0 24 0 2 0 4
0 2628 34 25 25	0 0 2 0 23 0 2 0 4
0 2629 33 25 25	0 0 2 0 23 0 2 0 4
0 2630 34 25 25	0 0 3 0 23 0 2 0 4
0 2631 33 25 25	0 0 2 0 23 0 2 0 4
0 2632 33 25 25	0 0 2 0 23 0 2 0 4
0 2633 34 25 25	0 0 2 0 24 0 2 0 4
0 2634 34 25 25	0 0 2 0 23 0 2 0 4
0 2635 35 25 25	0 0 3 0 24 0 2 0 5
0 2636 34 25 25	0 0 2 0 23 0 2 0 5
0 2637 34 25 25	0 0 2 0 24 0 2 0 5
0 2638 34 25 25	0 0 2 0 23 0 2 0 5
0 2639 35 25 25	0 0 2 0 24 0 2 0 5
0 2640 34 25 25	0 0 2 0 23 0 2 0 5
0 2641 34 25 25	0 0 2 0 23 0 2 0 5
0 2642 34 25 25	0 0 2 0 24 0 2 0 5
0 2643 34 25 25	0 0 2 0 24 0 2 0 5
0 2644 34 25 25	0 0 2 0 23 0 2 0 5
0 2645 34 25 25	0 0 2 0 24 0 2 0 5
0 2646 34 25 25	0 0 2 0 23 0 2 0 5
0 2647 34 25 25	0 0 2 0 24 0 2 0 4
0 2648 33 25 25	0 0 2 0 23 0 2 0 4
0 2649 33 25 25	0 0 2 0 23 0 2 0 4
0 2650 33 25 25	0 0 2 0 23 0 2 0 4
0 2651 33 25 25	0 0 2 0 23 0 2 0 4
0 2652 33 25 25	0 0 2 0 23 0 2 0 4
0 2653 34 25 25	0 0 3 0 24 0 2 0 4
0 2654 33 25 25	0 0 2 0 23 0 2 0 4
0 2655 34 25 25	0 0 2 0 24 0 2 0 4
0 2656 33 25 25	0 0 2 0 23 0 2 0 4
0 2657 33 25 25	0 0 2 0 23 0 2 0 4
0 2658 34 25 25	0 0 2 0 23 0 2 0 4
0 2659 33 24 24	0 0 2 0 23 0 2 0 4
0 2660 34 24 24	0 0 2 0 23 0 2 0 4
0 2661 33 24 24	0 0 2 0 23 0 2 0 4
0 2662 36 24 24	0 0 4 0 24 0 2 0 5
0 2663 34 24 24	0 0 2 0 24 0 2 0 5
0 2664 34 24 24	0 0 2 0 23 0 2 0 5
0 2665 34 24 24	0 0 2 0 23 0 2 0 4
0 2666 34 24 24	0 0 2 0 23 0 2 0 5
0 2667 34 24 24	0 0 2 0 24 0 2 0 5
0 2668 34 24 24	0 0 2 0 23 0 2 0 5
0 2669 35 24 24	0 0 2 0 24 0 2 0 5
0 2670 34 24 24	0 0 2 0 24 0 2 0 5
0 2671 35 24 24	0 0 3 0 23 0 2 0 5
0 2672 34 24 24	0 0 2 0 24 0 2 0 5
0 2673 35 24 24	0 0 3 0 24 0 2 0 5
0 2674 33 24 24	0 0 2 0 23 0 1 0 4
0 2675 34 24 24	0 0 2 0 24 0 2 0 5
0 2676 34 24 24	0 0 2 0 23 0 2 0 5
0 2677 34 24 24	0 0 2 0 23 0 2 0 5
0 2678 33 24 24	0 0 2 0 23 0 2 0 4
0 2679 34 24 24	0 0 2 0 23 0 2 0 4
0 2680 33 24 24	0 0 2 0 23 0 2 0 4
0 2681 33 24 24	0 0 2 0 23 0 2 0 4
0 2682 33 24 24	0 0 2 0 23 0 2 0 4
0 2683 34 24 24	0 0 2 0 23 0 2 0 5
0 2684 34 24 24	0 0 2 0 23 0 2 0 5
0 2685 34 24 24	0 0 2 0 24 0 2 0 5
0 2686 34 24 24	0 0 2 0 23 0 1 0 5
0 2687 34 24 24	0 0 2 0 23 0 2 0 4
0 2688 34 24 24	0 0 2 0 23 0 2 0 4
0 2689 34 24 24	0 0 2 0 23 0 2 0 5
0 2690 33 24 24	0 0 2 0 23 0 2 0 4
0 2691 34 24 24	0 0 2 0 23 0 2 0 5
0 2692 33 24 24	0 0 2 0 23 0 1 0 5
0 2693 35 24 24	0 0 2 0 24 0 2 0 5
0 2694 34 24 24	0 0 2 0 23 0 2 0 5
0 2695 35 24 24	0 0 2 0 24 0 2 0 5
0 2696 34 24 24	0 0 2 0 24 0 2 0 5
0 2697 35 24 24	0 0 2 0 24 0 2 0 5
0 2698 34 24 24	0 0 2 0 23 0 2 0 5
0 2699 35 24 24	0 0 2 0 23 0 2 0 5
0 2700 35 24 24	0 0 2 0 24 0 2 0 5
0 2701 34 24 24	0 0 2 0 23 0 2 0 5
0 2702 34 24 24	0 0 2 0 23 0 2 0 5
0 2703 35 24 24	0 0 2 0 23 0 2 0 5
0 2704 35 24 24	0 0 2 0 23 0 2 0 6
0 2705 35 24 24	0 0 2 0 24 0 2 0 6
0 2706 35 24 24	0 0 3 0 23 0 2 0 5
0 2707 34 24 24	0 0 2 0 24 0 2 0 5
0 2708 34 24 24	0 0 2 0 23 0 2 0 5
0 2709 34 24 24	0 0 2 0 23 0 2 0 5
0 2710 34 24 24	0 0 2 0 23 0 2 0 5
0 2711 34 25 25	0 0 2 0 23 0 2 0 4
0 2712 34 25 25	0 0 2 0 24 0 2 0 5
0 2713 34 25 25	0 0 2 0 23 0 2 0 5
0 2714 34 25 25	0 0 2 0 23 0 2 0 4
0 2715 34 25 25	0 0 2 0 24 0 2 0 5
0 2716 34 25 25	0 0 2 0 23 0 2 0 5
0 2717 34 25 25	0 0 2 0 23 0 2 0 5
0 2718 34 25 25	0 0 2 0 23 0 2 0 5
0 2719 34 25 25	0 0 2 0 23 0 2 0 5
0 2720 34 25 25	0 0 2 0 23 0 2 0 5
0 2721 34 25 25	0 0 2 0 23 0 2 0 5
0 2722 34 25 25	0 0 2 0 23 0 2 0 5
0 2723 36 25 25	0 0 4 0 23 0 2 0 5
0 2724 36 25 25	0 0 4 0 23 0 2 0 5
0 2725 34 25 25	0 0 2 0 23 0 2 0 5
0 2726 35 25 25	0 0 2 0 24 0 2 0 5
0 2727 35 25 25	0 0 2 0 24 0 2 0 5
0 2728 34 25 25	0 0 2 0 23 0 2 0 5
0 2729 34 25 25	0 0 2 0 24 0 2 0 5
0 2730 34 25 25	0 0 2 0 24 0 2 0 5
0 2731 35 25 25	0 0 2 0 24 0 2 0 6
0 2732 35 25 25	0 0 2 0 24 0 2 0 5
0 2733 34 25 25	0 0 2 0 23 0 2 0 5
0 2734 34 25 25	0 0 2 0 23 0 2 0 5
0 2735 35 25 25	0 0 2 0 24 0 2 0 5
0 2736 37 24 24	0 0 4 0 24 0 2 0 5
0 2737 35 24 24	0 0 3 0 23 0 2 0 5
0 2738 34 24 24	0 0 2 0 24 0 2 0 5
0 2739 35 24 24	0 0 2 0 24 0 2 0 5
0 2740 34 24 24	0 0 2 0 24 0 2 0 5
0 2741 34 24 24	0 0 2 0 23 0 2 0 5
0 2742 35 24 24	0 0 2 0 24 0 2 0 5
0 2743 34 24 24	0 0 3 0 23 0 2 0 5
0 2744 34 24 24	0 0 2 0 23 0 2 0 5
0 2745 34 24 24	0 0 2 0 23 0 2 0 5
0 2746 35 24 24	0 0 4 0 23 0 2 0 5
0 2747 35 24 24	0 0 3 0 24 0 2 0 5
0 2748 34 24 24	0 0 2 0 23 0 2 0 5
0 2749 34 24 24	0 0 2 0 23 0 2 0 5
0 2750 34 24 24	0 0 2 0 23 0 2 0 5
0 2751 34 24 24	0 0 2 0 24 0 2 0 5
0 2752 34 24 24	0 0 2 0 23 0 2 0 5
0 2753 34 24 24	0 0 2 0 24 0 2 0 5
0 2754 34 24 24	0 0 2 0 23 0 2 0 5
0 2755 34 24 24	0 0 2 0 24 0 2 0 5
0 2756 33 24 24	0 0 2 0 23 0 2 0 4
0 2757 34 24 24	0 0 2 0 23 0 2 0 5
0 2758 33 24 24	0 0 2 0 23 0 2 0 4
0 2759 33 24 24	0 0 2 0 23 0 2 0 4
0 2760 34 24 24	0 0 2 0 24 0 2 0 4
0 2761 34 24 24	0 0 2 0 24 0 2 0 4
0 2762 33 25 25	0 0 2 0 23 0 2 0 4
0 2763 34 25 25	0 0 2 0 23 0 2 0 5
0 2764 33 25 25	0 0 2 0 23 0 2 0 4
0 2765 34 25 25	0 0 3 0 23 0 2 0 4
0 2766 33 25 25	0 0 2 0 23 0 2 0 4
0 2767 34 25 25	0 0 2 0 23 0 2 0 5
0 2768 33 25 25	0 0 2 0 23 0 2 0 4
0 2769 33 25 25	0 0 2 0 23 0 2 0 4
0 2770 33 25 25	0 0 2 0 23 0 2 0 4
0 2771 33 25 25	0 0 2 0 23 0 2 0 4
0 2772 34 25 25	0 0 2 0 24 0 2 0 4
0 2773 34 25 25	0 0 2 0 24 0 2 0 4
0 2774 33 25 25	0 0 2 0 23 0 2 0 4
0 2775 33 25 25	0 0 2 0 23 0 2 0 4
0 2776 33 25 25	0 0 2 0 23 0 2 0 4
0 2777 33 25 25	0 0 2 0 23 0 2 0 4
0 2778 33 25 25	0 0 2 0 23 0 2 0 4
0 2779 33 25 25	0 0 2 0 23 0 2 0 4
0 2780 33 25 25	0 0 2 0 23 0 2 0 4
0 2781 58 25 25	0 2 3 20 23 0 2 0 5
