2 0 67 0 0	0 0 5 0 50 0 4 0 6
2 1 92 0 0	0 0 6 9 60 0 8 0 7
3 0 113 0 0	0 0 2 0 98 0 4 0 7
2 2 146 0 0	0 0 2 34 87 0 14 0 7
3 1 156 0 0	0 0 3 56 80 0 6 0 9
2 3 183 0 0	0 0 3 80 85 0 8 0 3
3 2 217 0 0	0 0 3 97 91 0 16 0 7
2 4 267 0 0	0 0 8 125 115 0 14 0 3
1 0 166 0 0	0 0 3 0 147 0 5 0 9
0 0 167 0 0	0 0 3 0 150 0 5 0 7
3 3 321 0 0	0 0 4 147 149 0 13 0 6
2 5 383 0 0	0 0 2 202 158 0 15 0 4
1 1 279 0 0	0 0 5 106 150 0 8 0 8
0 1 285 0 0	0 0 3 111 152 0 10 0 7
3 4 423 0 0	0 0 3 255 145 0 14 0 4
2 6 505 0 0	0 0 3 324 158 0 15 0 3
1 2 402 0 0	0 0 5 216 156 0 12 0 10
3 5 543 0 0	0 0 3 362 156 0 16 0 3
0 2 406 0 0	0 0 3 223 153 0 17 0 7
2 7 617 0 0	0 0 2 438 155 0 17 0 3
1 3 518 0 0	0 0 4 334 160 0 12 0 6
0 3 512 0 0	0 0 2 337 150 0 16 0 4
3 6 668 0 0	0 0 2 484 159 0 18 0 3
2 8 767 0 0	0 0 2 558 185 0 15 0 5
1 4 656 0 0	0 0 5 453 179 0 13 0 4
0 4 662 0 0	0 0 3 447 188 0 17 0 4
3 7 803 0 0	0 0 5 597 178 0 18 0 4
2 9 878 8 24	0 0 3 698 157 0 14 0 4
1 5 777 0 0	0 0 4 594 157 0 17 0 4
3 8 926 7 24	0 0 3 741 161 0 15 0 5
0 5 794 0 0	0 0 3 596 169 0 20 0 4
2 10 1000 8 24	0 0 2 818 159 0 15 0 4
1 6 895 5 24	0 0 5 710 157 0 16 0 4
3 9 1041 7 24	0 0 3 858 156 0 16 0 6
0 6 915 5 24	0 0 3 725 161 0 19 0 5
2 11 1128 8 24	0 0 3 940 162 0 18 0 4
1 7 1017 5 24	0 0 3 829 159 0 19 0 4
3 10 1162 7 24	0 0 5 972 161 0 16 0 5
0 7 1042 5 24	0 0 2 847 169 0 16 0 4
2 12 1250 8 24	0 0 3 1059 165 0 17 0 4
1 8 1134 5 24	0 0 3 949 158 0 17 0 3
3 11 1285 7 24	0 0 5 1093 158 0 21 0 6
0 8 1168 5 24	0 0 4 975 165 0 18 0 4
2 13 1377 8 24	0 0 4 1183 165 0 20 0 3
1 9 1261 5 24	0 0 3 1072 162 0 19 0 3
3 12 1416 7 24	0 0 4 1218 163 0 24 0 6
0 9 1297 5 24	0 0 4 1104 166 0 17 0 4
2 14 1505 8 24	0 0 3 1310 164 0 23 0 3
1 10 1409 5 24	0 0 4 1189 187 0 22 0 4
3 13 1555 7 24	0 0 3 1338 184 0 21 0 6
0 10 1444 5 24	0 0 3 1228 185 0 22 0 5
2 15 1654 8 24	0 0 3 1438 187 0 22 0 3
1 11 1534 5 24	0 0 4 1338 164 0 23 0 4
3 14 1683 7 24	0 0 2 1484 167 0 22 0 5
0 11 1570 5 24	0 0 4 1372 165 0 22 0 5
2 16 1785 5 24	0 0 3 1581 168 0 27 0 3
1 12 1658 5 24	0 0 5 1461 163 0 23 0 4
3 15 1815 6 25	0 0 3 1615 164 0 25 0 6
0 12 1692 5 25	0 0 5 1496 160 0 24 0 5
2 17 1910 5 24	0 0 3 1709 165 0 28 0 3
1 13 1800 6 24	0 0 3 1590 177 0 24 0 4
3 16 1943 6 25	0 0 5 1733 166 0 33 0 3
0 13 1822 5 25	0 0 3 1622 160 0 29 0 6
2 18 2040 5 24	0 0 2 1836 168 0 28 0 3
1 14 1930 6 24	0 0 3 1724 169 0 29 0 3
3 17 2079 6 25	0 0 4 1862 171 0 37 0 4
0 14 1942 5 25	0 0 3 1740 161 0 32 0 4
2 19 2174 5 24	0 0 3 1967 172 0 27 0 3
1 15 2057 6 24	0 0 5 1852 165 0 30 0 3
3 18 2211 6 25	0 0 8 1988 171 0 37 0 4
0 15 2074 5 25	0 0 3 1860 169 0 36 0 4
2 20 2309 5 24	0 0 3 2095 176 0 29 0 3
1 16 2204 6 24	0 0 6 1976 189 0 28 0 3
3 19 2367 6 25	0 0 4 2128 192 0 38 0 3
0 16 2227 5 25	0 0 4 1992 192 0 32 0 5
2 21 2461 5 24	0 0 2 2234 193 0 27 0 3
1 17 2351 6 24	0 0 3 2132 175 0 36 0 3
0 17 2354 5 25	0 0 22 2124 160 0 41 0 4
3 20 2497 6 25	0 0 6 2275 168 0 41 0 5
2 22 2599 5 24	0 0 3 2386 169 0 36 0 3
1 18 2474 6 24	0 0 4 2262 166 0 37 0 3
3 21 2622 5 24	0 0 4 2405 167 0 40 0 3
0 18 2483 5 24	0 0 6 2260 168 0 42 0 4
2 23 2733 5 24	0 0 3 2519 175 0 30 0 3
1 19 2610 5 24	0 0 3 2390 172 0 40 0 3
3 22 2751 5 24	0 0 5 2531 162 0 47 0 3
0 19 2617 5 24	0 0 4 2392 175 0 39 0 6
2 24 2864 5 24	0 0 4 2650 170 0 34 0 3
1 20 2745 5 24	0 0 4 2521 170 0 44 0 3
3 23 2886 5 24	0 0 3 2659 170 0 47 0 4
0 20 2745 5 24	0 0 4 2526 166 0 42 0 4
2 25 3003 5 24	0 0 2 2783 173 0 39 0 4
1 21 2889 5 24	0 0 5 2655 173 0 51 0 4
3 24 3012 5 24	0 0 5 2784 165 0 50 0 6
0 21 2886 5 24	0 0 4 2656 174 0 46 0 4
2 26 3159 5 24	0 0 11 2907 182 0 52 0 4
1 22 3044 5 24	0 0 3 2786 192 0 57 0 3
0 22 3036 5 24	0 0 4 2787 180 0 56 0 7
3 25 3176 5 24	0 0 4 2912 190 0 61 0 7
2 27 3302 5 24	0 0 3 3058 194 0 41 0 4
1 23 3180 5 24	0 0 3 2938 176 0 56 0 3
3 26 3305 5 24	0 0 3 3063 174 0 56 0 5
0 23 3174 5 24	0 0 5 2927 183 0 51 0 6
2 28 3446 5 24	0 0 2 3216 178 0 44 0 3
1 24 3309 5 24	0 0 6 3073 169 0 56 0 4
3 27 3441 5 24	0 0 6 3195 173 0 60 0 5
0 24 3315 5 25	0 0 3 3072 174 0 56 0 8
2 29 3603 5 24	0 0 5 3349 187 0 57 0 3
3 28 3567 5 24	0 0 3 3335 164 0 57 0 5
1 25 3454 5 25	0 0 7 3205 174 0 62 0 4
0 25 3456 5 25	0 0 4 3209 181 0 55 0 5
3 29 3707 5 24	0 0 4 3455 175 0 65 0 6
2 30 3757 5 24	0 0 3 3498 181 0 69 0 3
1 26 3593 5 25	0 0 3 3340 179 0 65 0 4
0 26 3591 5 25	0 0 5 3347 171 0 61 0 5
2 31 3885 5 24	0 0 3 3639 177 0 60 0 4
3 30 3847 5 24	0 0 8 3587 181 0 64 0 6
1 27 3736 5 25	0 0 4 3478 184 0 63 0 4
0 27 3731 5 25	0 0 5 3478 178 0 61 0 7
3 31 3995 5 24	0 0 7 3728 197 0 56 0 4
2 32 4055 5 24	0 0 3 3780 202 0 65 0 4
1 28 3896 5 25	0 0 4 3623 199 0 64 0 3
0 28 3887 5 25	0 0 4 3617 191 0 66 0 7
3 32 4153 5 24	0 0 3 3893 179 0 72 0 4
2 33 4198 5 24	0 0 4 3937 180 0 69 0 5
1 29 4035 5 25	0 0 7 3783 175 0 64 0 3
0 29 4022 5 25	0 0 3 3774 172 0 65 0 6
3 33 4284 5 24	0 0 3 4030 180 0 64 0 4
2 34 4336 5 24	0 0 4 4079 180 0 67 0 3
1 30 4169 5 25	0 0 3 3919 171 0 70 0 4
0 30 4158 5 24	0 0 4 3901 176 0 68 0 7
2 35 4471 5 24	0 0 3 4220 173 0 70 0 3
1 31 4304 5 25	0 0 4 4050 173 0 71 0 4
3 34 4430 5 24	0 0 3 4170 178 0 72 0 5
0 31 4293 5 24	0 0 5 4037 178 0 65 0 6
1 32 4445 5 25	0 0 3 4184 182 0 69 0 4
3 35 4572 5 24	0 0 7 4304 181 0 74 0 4
2 36 4624 5 24	0 0 3 4357 183 0 76 0 3
0 32 4436 5 24	0 0 4 4176 173 0 75 0 6
2 37 4755 5 24	0 0 4 4496 180 0 69 0 3
1 33 4589 5 25	0 0 6 4328 176 0 73 0 4
3 36 4712 5 24	0 0 4 4451 180 0 71 0 3
0 33 4574 5 24	0 0 4 4310 178 0 73 0 7
3 37 4870 5 24	0 0 3 4590 200 0 71 0 3
2 38 4919 5 24	0 0 4 4637 199 0 73 0 3
1 34 4748 5 25	0 0 3 4464 201 0 74 0 3
0 34 4737 5 24	0 0 3 4452 199 0 73 0 7
2 39 5054 5 24	0 0 4 4796 181 0 67 0 3
1 35 4884 5 25	0 0 4 4625 182 0 67 0 3
3 38 5010 5 24	0 0 5 4749 180 0 70 0 4
0 35 4874 5 24	0 0 5 4607 181 0 75 0 4
2 40 5197 5 25	0 0 3 4942 177 0 69 0 3
1 36 5025 5 25	0 0 4 4768 175 0 72 0 4
3 39 5150 5 25	0 0 5 4889 177 0 73 0 4
0 36 5011 5 24	0 0 5 4749 177 0 74 0 4
3 40 5293 5 25	0 0 3 5032 182 0 71 0 3
0 37 5151 5 24	0 0 5 4886 181 0 73 0 4
1 37 5173 5 24	0 0 6 4905 184 0 73 0 3
2 41 5343 5 25	0 0 3 5076 182 0 76 0 4
0 38 5291 5 24	0 0 3 5033 178 0 71 0 4
2 42 5479 5 25	0 0 3 5218 179 0 74 0 4
1 38 5308 5 24	0 0 4 5047 177 0 73 0 4
3 41 5434 5 25	0 0 3 5171 182 0 72 0 4
2 43 5642 5 25	0 0 4 5357 183 0 94 0 3
1 39 5470 5 24	0 0 5 5184 182 0 93 0 4
3 42 5595 5 25	0 0 4 5313 177 0 95 0 4
0 39 5456 5 24	0 0 4 5166 183 0 95 0 4
2 44 5787 5 25	0 0 3 5504 198 0 76 0 3
1 40 5612 5 24	0 0 4 5328 199 0 75 0 4
0 40 5597 5 24	0 0 3 5311 200 0 76 0 4
3 43 5737 5 25	0 0 5 5449 200 0 75 0 5
1 41 5752 5 24	0 0 5 5490 178 0 72 0 4
2 45 5922 5 25	0 0 4 5658 178 0 76 0 3
3 44 5877 5 25	0 0 3 5615 182 0 72 0 3
0 41 5741 5 24	0 0 4 5471 179 0 76 0 10
1 42 5893 5 24	0 0 3 5627 183 0 75 0 4
3 45 6018 5 24	0 0 3 5754 179 0 76 0 3
2 46 6067 5 25	0 0 3 5798 182 0 78 0 3
0 42 5884 5 25	0 0 4 5614 184 0 73 0 7
0 43 6023 5 25	0 0 20 5739 183 0 75 0 4
3 46 6164 5 24	0 0 8 5889 184 0 76 0 5
2 48 6356 5 25	0 0 3 6089 185 0 73 0 4
0 44 6166 5 25	0 0 3 5899 184 0 74 0 4
1 44 6183 5 25	0 0 3 5914 184 0 76 0 3
3 47 6308 5 24	0 0 7 6035 185 0 77 0 4
3 48 6473 5 24	0 0 4 6186 203 0 75 0 4
1 45 6346 5 25	0 0 4 6057 204 0 75 0 3
0 45 6332 5 25	0 0 4 6042 204 0 75 0 4
2 49 6520 5 25	0 0 5 6229 203 0 78 0 4
2 50 6664 5 25	0 0 2 6395 184 0 78 0 3
1 46 6496 5 25	0 0 6 6224 183 0 76 0 3
3 49 6619 5 24	0 0 3 6347 185 0 77 0 4
0 46 6480 5 25	0 0 3 6208 184 0 79 0 4
2 51 6811 5 25	0 0 4 6537 185 0 79 0 4
1 47 6640 5 25	0 0 4 6367 184 0 78 0 4
3 50 6764 5 24	0 0 5 6491 184 0 78 0 3
0 47 6629 5 25	0 0 4 6355 182 0 81 0 5
2 52 6962 5 24	0 0 16 6674 188 0 77 0 3
1 48 6786 5 25	0 0 4 6512 188 0 77 0 4
0 48 6771 5 24	0 0 3 6495 188 0 78 0 4
3 51 6912 5 25	0 0 4 6637 186 0 79 0 4
3 52 7059 5 25	0 0 5 6782 188 0 77 0 4
2 53 7108 5 24	0 0 3 6833 188 0 78 0 4
1 49 6935 5 24	0 0 5 6658 187 0 80 0 4
0 49 6921 5 24	0 0 3 6644 189 0 78 0 5
0 50 7078 5 24	0 0 4 6793 184 0 91 0 4
1 50 7098 5 24	0 0 7 6808 188 0 89 0 3
2 54 7278 5 24	0 0 3 6982 198 0 89 0 4
3 53 7233 5 25	0 0 5 6934 199 0 89 0 4
1 51 7236 5 24	0 0 3 6957 200 0 69 0 4
0 51 7226 5 24	0 0 3 6941 208 0 67 0 5
3 54 7374 5 25	0 0 4 7091 204 0 69 0 3
2 55 7426 5 24	0 0 3 7141 210 0 68 0 4
1 52 7385 5 24	0 0 5 7117 187 0 65 0 9
0 52 7369 5 24	0 0 4 7105 186 0 67 0 4
3 55 7524 5 25	0 0 5 7256 191 0 67 0 4
2 56 7578 5 24	0 0 5 7308 188 0 71 0 3
1 53 7527 5 24	0 0 4 7263 183 0 69 0 6
0 53 7517 5 24	0 0 4 7252 181 0 74 0 4
3 56 7662 5 25	0 0 5 7407 178 0 68 0 3
2 57 7721 5 24	0 0 5 7460 187 0 63 0 3
0 54 7674 5 24	0 0 4 7393 192 0 78 0 4
1 54 7695 5 24	0 0 6 7411 194 0 78 0 4
2 58 7865 5 24	0 0 4 7605 171 0 77 0 6
3 57 7821 5 24	0 0 4 7549 181 0 79 0 6
3 58 7949 5 24	0 0 4 7687 183 0 68 0 5
2 59 8002 5 24	0 0 3 7738 180 0 73 0 6
0 55 7818 5 24	0 0 3 7550 182 0 75 0 4
1 55 7841 5 25	0 0 3 7564 204 0 64 0 4
3 59 8119 5 24	0 0 3 7831 205 0 73 0 3
2 60 8167 5 24	0 0 5 7877 208 0 72 0 3
0 56 7981 5 24	0 0 3 7690 206 0 75 0 4
1 56 8000 5 25	0 0 4 7728 198 0 65 0 3
1 57 8139 5 25	0 0 4 7885 173 0 70 0 3
2 61 8315 5 24	0 0 3 8051 184 0 71 0 3
0 57 8124 5 24	0 0 4 7856 186 0 72 0 4
3 60 8265 5 24	0 0 7 7994 185 0 74 0 3
1 58 8276 5 25	0 0 6 8017 181 0 66 0 3
2 62 8449 5 24	0 0 3 8192 182 0 66 0 3
0 58 8262 5 24	0 0 5 8002 180 0 70 0 4
3 61 8418 5 24	0 0 3 8145 186 0 79 0 3
2 63 8592 5 24	0 0 2 8336 178 0 70 0 3
0 59 8408 5 24	0 0 3 8148 179 0 73 0 4
1 59 8424 5 25	0 0 4 8164 178 0 72 0 3
3 62 8549 5 24	0 0 5 8287 181 0 71 0 3
2 64 8729 5 25	0 0 5 8472 177 0 69 0 3
0 60 8542 5 25	0 0 4 8282 181 0 69 0 4
1 60 8564 5 25	0 0 4 8300 185 0 69 0 3
3 63 8690 5 24	0 0 3 8430 183 0 68 0 3
2 65 8901 5 25	0 0 4 8614 179 0 98 0 4
0 61 8711 5 25	0 0 6 8421 181 0 96 0 4
3 64 8854 5 24	0 0 6 8571 174 0 97 0 3
1 61 8730 5 25	0 0 5 8445 183 0 93 0 3
2 66 9038 5 25	0 0 4 8751 204 0 74 0 4
0 62 8852 5 25	0 0 5 8563 207 0 71 0 4
3 65 8996 5 24	0 0 5 8710 204 0 72 0 4
1 62 8877 5 25	0 0 5 8587 215 0 64 0 3
3 66 9139 5 24	0 0 4 8872 184 0 73 0 4
2 67 9188 5 25	0 0 3 8915 186 0 78 0 3
0 63 9004 5 25	0 0 3 8736 183 0 75 0 4
1 63 9024 5 25	0 0 5 8767 179 0 67 0 3
2 68 9324 5 25	0 0 3 9062 183 0 70 0 4
0 64 9138 5 25	0 0 4 8875 183 0 70 0 4
3 67 9285 5 24	0 0 3 9018 190 0 69 0 3
1 64 9167 5 25	0 0 3 8905 188 0 66 0 3
2 69 9455 5 25	0 0 3 9205 179 0 61 0 4
3 68 9432 5 24	0 0 6 9165 184 0 72 0 4
1 65 9310 5 25	0 0 3 9053 183 0 65 0 4
0 65 9299 5 25	0 0 3 9020 185 0 84 0 5
2 70 9604 5 25	0 0 4 9348 182 0 65 0 3
0 66 9426 5 24	0 0 3 9165 180 0 67 0 7
3 69 9568 5 24	0 0 5 9310 180 0 68 0 4
1 66 9453 5 25	0 0 4 9196 187 0 60 0 4
2 71 9763 5 25	0 0 4 9486 197 0 70 0 3
3 70 9719 5 24	0 0 3 9455 194 0 61 0 4
0 67 9580 5 24	0 0 4 9308 197 0 65 0 4
1 67 9612 5 24	0 0 7 9344 194 0 60 0 3
3 71 9848 5 24	0 0 3 9606 169 0 64 0 4
2 72 9903 5 25	0 0 3 9644 177 0 73 0 4
0 68 9716 5 24	0 0 3 9463 171 0 72 0 4
1 68 9749 5 24	0 0 3 9500 184 0 57 0 4
2 73 10042 5 25	0 0 4 9781 180 0 71 0 4
3 72 9996 5 24	0 0 4 9736 179 0 71 0 4
0 69 9859 5 24	0 0 22 9576 185 0 69 0 5
1 69 9891 5 24	0 0 5 9642 178 0 60 0 4
2 74 10178 5 25	0 0 5 9924 180 0 63 0 4
3 73 10140 5 24	0 0 6 9873 186 0 70 0 4
0 70 10010 5 24	0 0 5 9738 184 0 76 0 5
1 70 10035 5 24	0 0 6 9780 182 0 62 0 4
2 75 10324 5 25	0 0 5 10061 187 0 64 0 4
0 71 10145 5 24	0 0 5 9883 188 0 64 0 4
3 74 10289 5 24	0 0 4 10025 187 0 67 0 4
1 71 10182 5 24	0 0 4 9923 187 0 61 0 4
2 76 10465 5 25	0 0 3 10211 185 0 60 0 4
0 72 10312 5 24	0 0 3 10037 175 0 91 0 4
3 75 10449 5 25	0 0 5 10169 182 0 88 0 4
1 72 10333 5 24	0 0 5 10074 183 0 64 0 4
0 73 10453 5 24	0 0 3 10169 203 0 72 0 4
2 77 10642 5 25	0 0 4 10356 203 0 73 0 4
3 76 10608 5 25	0 0 7 10309 204 0 81 0 5
1 73 10495 5 25	0 0 4 10215 205 0 63 0 5
2 78 10789 5 25	0 0 21 10506 186 0 70 0 4
0 74 10603 5 24	0 0 3 10333 193 0 68 0 4
3 77 10760 5 25	0 0 4 10476 188 0 87 0 4
1 74 10648 5 25	0 0 4 10381 188 0 68 0 5
3 78 10891 5 25	0 0 5 10624 188 0 69 0 4
0 75 10756 5 24	0 0 5 10483 187 0 74 0 4
2 79 10944 5 25	0 0 4 10666 192 0 76 0 4
1 75 10788 5 25	0 0 4 10529 190 0 58 0 5
2 80 11079 5 25	0 0 5 10818 184 0 66 0 4
3 79 11039 5 25	0 0 3 10777 187 0 65 0 4
0 76 10920 5 24	0 0 3 10637 185 0 88 0 4
1 76 10938 5 25	0 0 7 10680 179 0 65 0 5
3 80 11180 5 25	0 0 4 10920 180 0 69 0 4
2 81 11227 5 25	0 0 3 10963 183 0 72 0 4
0 77 11051 5 24	0 0 3 10779 192 0 71 0 4
1 77 11078 5 25	0 0 3 10821 185 0 63 0 5
3 81 11352 5 24	0 0 4 11061 191 0 89 0 4
2 82 11400 5 24	0 0 4 11106 188 0 96 0 4
0 78 11214 5 25	0 0 5 10929 202 0 71 0 4
1 78 11250 5 25	0 0 3 10966 207 0 67 0 5
2 83 11551 5 24	0 0 4 11133 194 0 59 0 5
1 79 11398 5 24	0 0 5 11422 181 0 58 0 5
2 84 11673 5 24	0 0 3 11239 192 0 60 0 4
0 80 11500 5 25	0 0 4 11380 195 0 62 0 7
3 83 11650 5 24	0 0 6 11284 200 0 49 0 5
1 80 11546 5 24	0 0 3 11567 185 0 64 0 4
2 85 11824 5 24	0 0 3 11395 179 0 64 0 4
0 81 11647 5 25	0 0 6 11530 179 0 62 0 4
3 84 11784 5 24	0 0 3 11453 191 0 44 0 5
1 81 11698 5 24	0 0 4 11711 180 0 49 0 3
2 86 11949 5 24	0 0 4 11672 182 0 58 0 7
3 85 11925 5 24	0 0 2 11531 198 0 59 0 4
0 82 11796 5 25	0 0 4 11600 193 0 40 0 5
1 82 11843 5 24	0 0 6 11850 179 0 58 0 4
2 87 12098 5 24	0 0 5 11814 181 0 63 0 5
3 86 12070 5 24	0 0 4 11688 189 0 50 0 4
0 83 11938 5 25	0 0 3 11754 193 0 63 0 5
1 83 12020 5 24	0 0 5 11992 207 0 48 0 4
2 88 12258 5 25	0 0 4 11960 214 0 62 0 7
3 87 12249 5 24	0 0 4 11838 209 0 52 0 4
0 84 12109 5 24	0 0 5 11904 210 0 41 0 4
1 84 12168 5 24	0 0 2 12158 183 0 48 0 3
2 89 12398 5 25	0 0 3 12132 186 0 59 0 5
3 88 12386 5 24	0 0 2 12012 181 0 52 0 4
0 85 12253 5 24	0 0 3 12082 183 0 41 0 8
1 85 12319 5 25	0 0 3 12301 183 0 48 0 3
2 90 12540 5 25	0 0 4 12277 184 0 61 0 4
3 89 12533 5 24	0 0 3 12150 186 0 54 0 3
0 86 12398 5 24	0 0 3 12222 187 0 43 0 5
1 86 12462 5 25	0 0 4 12444 187 0 68 0 3
2 91 12707 5 25	0 0 6 12420 186 0 55 0 4
3 90 12673 5 24	0 0 2 12297 188 0 57 0 5
0 87 12551 5 24	0 0 4 12369 183 0 48 0 5
1 87 12611 5 25	0 0 5 12594 184 0 44 0 3
2 92 12832 5 25	0 0 3 12572 187 0 56 0 4
3 91 12824 5 24	0 0 6 12442 190 0 47 0 4
0 88 12691 5 24	0 0 4 12511 186 0 41 0 4
1 88 12749 5 25	0 0 3 12737 178 0 88 0 3
2 93 13012 5 25	0 0 4 12716 179 0 78 0 4
3 92 12983 5 24	0 0 4 12598 202 0 53 0 4
0 89 12862 5 24	0 0 5 12661 201 0 41 0 4
1 89 12914 5 25	0 0 3 12876 209 0 70 0 6
2 94 13166 5 25	0 0 4 12855 209 0 59 0 4
3 93 13133 5 25	0 0 3 12758 178 0 65 0 6
0 90 13012 5 24	0 0 3 12821 177 0 44 0 8
1 90 13056 5 25	0 0 5 13044 187 0 67 0 12
2 95 13318 5 25	0 0 8 13020 183 0 62 0 9
3 94 13285 5 25	0 0 3 12897 187 0 64 0 6
0 91 13159 5 24	0 0 4 12958 175 0 46 0 5
1 91 13190 5 24	0 0 3 13195 191 0 48 0 10
2 96 13450 5 25	0 0 6 13166 184 0 55 0 6
3 95 13419 5 25	0 0 5 13043 185 0 54 0 3
0 92 13292 5 24	0 0 5 13091 190 0 43 0 3
1 92 13334 5 24	0 0 6 13341 183 0 67 0 4
2 97 13604 5 25	0 0 3 13317 181 0 61 0 3
3 96 13568 5 25	0 0 3 13191 175 0 61 0 3
0 93 13435 5 24	0 0 5 13241 179 0 45 0 4
1 93 13476 5 24	0 0 2 13488 183 0 71 0 4
2 98 13751 5 25	0 0 5 13452 189 0 65 0 4
3 97 13718 5 25	0 0 3 13329 185 0 58 0 4
0 94 13581 5 24	0 0 3 13386 198 0 42 0 5
1 94 13637 5 24	0 0 4 13603 195 0 57 0 4
3 98 13866 5 25	0 0 5 13629 201 0 76 0 3
2 99 13917 5 25	0 0 5 13470 193 0 68 0 4
0 95 13742 5 24	0 0 2 13543 200 0 44 0 5
1 95 13796 5 24	0 0 3 13793 190 0 75 0 4
2 100 14066 5 24	0 0 5 13758 185 0 64 0 4
3 99 14018 5 24	0 0 3 13626 181 0 73 0 4
0 96 13888 5 24	0 0 8 13697 191 0 43 0 6
1 96 13947 5 24	0 0 4 13944 185 0 58 0 4
2 101 14197 5 24	0 0 3 13909 185 0 61 0 4
3 100 14165 5 24	0 0 6 13764 186 0 72 0 4
0 97 14034 5 24	0 0 5 13851 192 0 41 0 6
1 97 14097 5 24	0 0 3 14052 180 0 59 0 4
3 101 14300 5 24	0 0 3 14088 185 0 70 0 4
2 102 14352 5 24	0 0 3 13913 198 0 69 0 4
0 98 14189 5 24	0 0 4 14005 184 0 43 0 4
1 98 14242 5 24	0 0 9 14186 182 0 57 0 4
3 102 14440 5 24	0 0 4 14232 187 0 76 0 4
2 103 14506 5 24	0 0 3 14075 192 0 57 0 4
0 99 14333 5 24	0 0 3 14154 188 0 42 0 4
1 99 14393 5 24	0 0 4 14332 190 0 84 0 5
3 103 14618 5 24	0 0 17 14367 187 0 98 0 4
2 104 14675 5 24	0 0 4 14223 214 0 67 0 4
0 100 14514 5 24	0 0 3 14299 207 0 45 0 4
1 100 14559 5 24	0 0 4 14483 210 0 58 0 4
3 104 14762 5 24	0 0 4 14527 214 0 72 0 4
2 105 14824 5 24	0 0 3 14399 185 0 68 0 4
0 101 14662 5 24	0 0 5 14463 187 0 47 0 5
1 101 14710 5 24	0 0 3 14659 196 0 64 0 4
3 105 14928 5 25	0 0 6 14703 198 0 62 0 6
2 106 14977 5 25	0 0 4 14544 194 0 66 0 4
0 102 14815 5 25	0 0 6 14610 188 0 45 0 4
1 102 14855 5 24	0 0 3 14812 191 0 61 0 4
3 106 15074 5 25	0 0 3 14861 188 0 78 0 4
2 107 15136 5 25	0 0 2 14703 189 0 60 0 4
0 103 14961 5 25	0 0 3 14766 193 0 43 0 4
1 103 15012 5 25	0 0 4 14962 190 0 55 0 5
3 107 15218 5 25	0 0 3 15009 193 0 73 0 4
2 108 15284 5 25	0 0 2 14850 191 0 66 0 4
0 104 15116 5 25	0 0 3 14916 188 0 46 0 4
1 104 15160 5 25	0 0 6 15111 185 0 58 0 4
3 108 15365 5 25	0 0 3 15162 185 0 66 0 4
2 109 15423 5 25	0 0 5 14999 197 0 81 0 5
0 105 15290 5 25	0 0 4 15064 185 0 70 0 4
1 105 15329 5 25	0 0 6 15307 206 0 62 0 4
2 110 15587 5 25	0 0 3 15262 207 0 61 0 4
3 109 15540 5 25	0 0 6 15156 212 0 65 0 4
0 106 15445 5 25	0 0 5 15206 202 0 54 0 4
1 106 15475 5 25	0 0 4 15425 187 0 54 0 4
3 110 15676 5 25	0 0 3 15474 189 0 68 0 4
2 111 15741 5 25	0 0 3 15334 193 0 50 0 4
0 107 15586 5 25	0 0 5 15374 191 0 48 0 4
1 107 15625 5 25	0 0 6 15571 183 0 50 0 4
3 111 15816 5 24	0 0 4 15623 184 0 63 0 5
2 112 15882 5 25	0 0 3 15524 177 0 55 0 4
1 108 15766 5 25	0 0 3 15485 193 0 65 0 4
0 108 15752 5 24	0 0 8 15712 184 0 60 0 4
3 112 15970 5 24	0 0 3 15769 184 0 66 0 4
2 113 16029 5 25	0 0 6 15659 186 0 51 0 7
1 109 15912 5 25	0 0 4 15637 202 0 63 0 4
0 109 15912 5 24	0 0 5 15860 192 0 55 0 4
3 113 16118 5 24	0 0 6 15911 189 0 67 0 4
2 114 16179 5 25	0 0 7 15805 185 0 49 0 7
1 110 16055 5 25	0 0 6 15798 189 0 58 0 4
0 110 16056 5 24	0 0 4 16018 204 0 55 0 4
3 114 16287 5 24	0 0 5 16065 206 0 54 0 4
2 115 16335 5 25	0 0 5 15953 207 0 56 0 7
1 111 16230 5 25	0 0 4 15948 200 0 63 0 4
0 111 16221 5 24	0 0 3 16179 186 0 50 0 4
3 115 16425 5 24	0 0 3 16230 186 0 64 0 4
2 116 16489 5 25	0 0 4 16126 182 0 54 0 4
1 112 16373 5 25	0 0 3 16112 178 0 57 0 4
0 112 16357 5 24	0 0 6 16323 183 0 59 0 4
3 116 16578 5 24	0 0 4 16375 182 0 63 0 4
2 117 16630 5 25	0 0 3 16265 192 0 52 0 6
1 113 16520 5 25	0 0 4 16248 194 0 64 0 4
0 113 16515 5 24	0 0 5 16468 190 0 57 0 3
3 117 16725 5 25	0 0 5 16516 188 0 69 0 4
2 118 16785 5 24	0 0 4 16417 191 0 58 0 4
1 114 16676 5 25	0 0 6 16400 193 0 63 0 4
0 114 16668 5 24	0 0 3 16623 195 0 50 0 4
3 118 16878 5 25	0 0 5 16664 189 0 66 0 4
2 119 16929 5 24	0 0 6 16566 195 0 56 0 5
1 115 16831 5 24	0 0 6 16553 191 0 61 0 4
0 115 16817 5 24	0 0 3 16819 189 0 59 0 4
2 120 17076 5 24	0 0 7 16772 184 0 59 0 4
3 119 17028 5 25	0 0 3 16711 196 0 63 0 4
0 116 16978 5 24	0 0 6 16726 216 0 57 0 4
1 116 17011 5 24	0 0 4 16920 212 0 59 0 4
3 120 17201 5 25	0 0 3 16964 214 0 65 0 4
2 121 17252 5 24	0 0 4 16901 188 0 53 0 4
1 117 17153 5 24	0 0 4 16863 207 0 61 0 3
0 117 17140 5 24	0 0 6 17090 195 0 48 0 4
3 121 17345 5 25	0 0 6 17136 193 0 67 0 4
2 122 17408 5 24	0 0 3 17050 191 0 49 0 6
1 118 17302 5 24	0 0 5 17029 196 0 63 0 4
0 118 17299 5 24	0 0 5 17250 189 0 51 0 4
3 122 17502 5 25	0 0 7 17290 190 0 65 0 4
2 123 17558 5 24	0 0 7 17199 187 0 54 0 4
1 119 17452 5 24	0 0 6 17185 186 0 63 0 4
0 119 17444 5 24	0 0 4 17398 187 0 59 0 3
3 123 17653 5 24	0 0 5 17443 185 0 68 0 4
2 124 17706 5 24	0 0 7 17346 190 0 57 0 4
1 120 17605 5 24	0 0 3 17333 188 0 63 0 4
0 120 17593 5 25	0 0 3 17592 189 0 53 0 4
2 125 17842 5 24	0 0 3 17546 185 0 53 0 4
3 124 17793 5 24	0 0 3 17484 189 0 53 0 4
0 121 17736 5 25	0 0 3 17503 184 0 53 0 7
1 121 17753 5 25	0 0 7 17687 211 0 62 0 4
3 125 17973 5 24	0 0 3 17738 212 0 70 0 4
2 126 18029 5 24	0 0 12 17636 218 0 57 0 4
1 122 17929 5 25	0 0 3 17631 214 0 64 0 4
0 122 17918 5 25	0 0 7 17859 198 0 57 0 4
3 126 18127 5 24	0 0 6 17908 198 0 69 0 4
2 127 18186 5 24	0 0 3 17824 187 0 51 0 4
1 123 18071 5 25	0 0 4 17805 191 0 65 0 4
0 123 18070 5 25	0 0 3 18025 191 0 56 0 4
3 127 18281 5 24	0 0 7 18063 190 0 65 0 6
2 128 18333 5 24	0 0 6 17968 191 0 52 0 7
1 124 18226 5 25	0 0 6 17954 190 0 59 0 4
0 124 18215 5 25	0 0 3 18222 185 0 58 0 4
2 129 18473 5 24	0 0 16 18160 188 0 56 0 4
3 128 18426 5 24	0 0 6 18120 180 0 47 0 5
1 125 18360 5 25	0 0 3 18108 186 0 57 0 4
0 125 18360 5 25	0 0 4 18321 184 0 53 0 4
3 129 18568 5 24	0 0 20 18345 189 0 73 0 4
2 130 18634 5 25	0 0 3 18268 168 0 52 0 4
1 126 18496 5 25	0 0 3 18257 200 0 48 0 4
0 126 18514 5 25	0 0 8 18461 190 0 67 0 4
3 130 18732 5 24	0 0 6 18511 198 0 83 0 4
2 131 18804 5 25	0 0 3 18392 211 0 47 0 7
1 127 18662 5 24	0 0 3 18415 205 0 53 0 6
0 127 18685 5 25	0 0 4 18615 206 0 59 0 4
3 131 18890 5 24	0 0 5 18670 205 0 66 0 4
2 132 18952 5 25	0 0 5 18562 185 0 54 0 6
1 128 18815 5 24	0 0 7 18576 186 0 56 0 6
0 128 18834 5 25	0 0 3 18787 191 0 60 0 7
3 132 19050 5 24	0 0 6 18834 190 0 71 0 4
2 133 19108 5 25	0 0 8 18705 194 0 57 0 4
1 129 18969 5 24	0 0 6 18724 185 0 60 0 4
0 129 18981 5 25	0 0 3 18935 193 0 59 0 7
3 133 19200 5 24	0 0 4 18990 191 0 59 0 9
2 134 19255 5 25	0 0 4 18865 188 0 52 0 4
1 130 19114 5 24	0 0 3 18873 194 0 47 0 4
0 130 19123 5 25	0 0 4 19087 187 0 57 0 4
3 134 19342 5 24	0 0 3 19140 189 0 65 0 9
2 135 19408 5 25	0 0 4 19011 200 0 47 0 4
1 131 19269 5 24	0 0 3 19027 188 0 50 0 4
0 131 19274 5 25	0 0 7 19233 188 0 56 0 4
3 135 19489 5 25	0 0 4 19286 194 0 65 0 7
2 136 19559 5 25	0 0 5 19171 190 0 65 0 4
1 132 19438 5 24	0 0 5 19173 191 0 68 0 4
0 132 19443 5 24	0 0 3 19389 213 0 53 0 4
3 136 19665 5 25	0 0 6 19441 206 0 75 0 6
2 137 19737 5 25	0 0 7 19320 203 0 54 0 4
1 133 19590 5 24	0 0 6 19323 221 0 48 0 4
0 133 19604 5 24	0 0 3 19610 187 0 59 0 6
2 138 19867 5 25	0 0 3 19558 193 0 59 0 4
3 137 19821 5 25	0 0 5 19485 204 0 52 0 4
1 134 19753 5 24	0 0 3 19508 180 0 53 0 5
0 134 19752 5 24	0 0 6 19709 192 0 59 0 4
3 138 19973 5 25	0 0 3 19761 193 0 61 0 7
2 139 20027 5 25	0 0 3 19655 193 0 53 0 6
1 135 19912 5 24	0 0 3 19652 188 0 51 0 5
0 135 19901 5 24	0 0 4 19911 187 0 57 0 4
2 140 20165 5 25	0 0 7 19859 188 0 57 0 4
3 139 20118 5 25	0 0 5 19795 180 0 55 0 4
0 136 20041 5 24	0 0 4 19805 187 0 55 0 6
1 136 20058 5 24	0 0 6 20054 184 0 59 0 4
2 141 20310 5 25	0 0 6 20010 189 0 54 0 4
3 140 20265 5 25	0 0 5 19935 197 0 56 0 4
0 137 20199 5 24	0 0 5 19950 194 0 56 0 7
1 137 20215 5 24	0 0 7 20199 214 0 57 0 4
2 142 20483 5 24	0 0 3 20166 210 0 55 0 4
3 141 20440 5 24	0 0 7 20104 214 0 53 0 7
1 138 20388 5 24	0 0 5 20092 216 0 56 0 5
0 138 20376 5 24	0 0 3 20381 190 0 53 0 4
2 143 20633 5 24	0 0 3 20334 197 0 51 0 4
3 142 20591 5 24	0 0 4 20285 196 0 52 0 4
1 139 20542 5 25	0 0 2 20275 197 0 52 0 4
0 139 20533 5 24	0 0 3 20528 188 0 58 0 4
2 144 20783 5 24	0 0 7 20486 186 0 52 0 4
3 143 20738 5 24	0 0 4 20437 181 0 56 0 4
1 140 20684 5 25	0 0 3 20428 181 0 52 0 4
0 140 20670 5 24	0 0 7 20673 184 0 52 0 4
2 145 20922 5 24	0 0 6 20636 185 0 52 0 4
3 144 20884 5 24	0 0 4 20568 184 0 52 0 4
0 141 20814 5 24	0 0 3 20580 189 0 54 0 4
1 141 20832 5 25	0 0 5 20821 184 0 53 0 4
2 146 21069 5 24	0 0 3 20786 189 0 53 0 4
3 145 21039 5 24	0 0 7 20710 191 0 49 0 4
0 142 20963 5 24	0 0 6 20726 187 0 52 0 7
1 142 20981 5 25	0 0 3 20970 184 0 49 0 4
2 147 21213 5 24	0 0 3 20933 193 0 54 0 5
3 146 21191 5 24	0 0 5 20875 212 0 58 0 4
1 143 21157 5 25	0 0 3 20865 208 0 59 0 6
0 143 21143 5 24	0 0 3 21112 213 0 49 0 4
2 148 21384 5 25	0 0 3 21087 216 0 55 0 4
3 147 21368 5 24	0 0 3 21037 193 0 56 0 4
0 144 21295 5 25	0 0 3 21053 196 0 53 0 5
1 144 21312 5 25	0 0 5 21284 191 0 51 0 4
2 149 21537 5 25	0 0 8 21258 188 0 49 0 5
3 148 21511 5 24	0 0 3 21187 188 0 55 0 4
0 145 21440 5 25	0 0 3 21206 191 0 50 0 4
1 145 21456 5 24	0 0 4 21436 189 0 48 0 4
2 150 21684 5 25	0 0 7 21408 186 0 50 0 4
3 149 21658 5 24	0 0 6 21332 183 0 53 0 6
0 146 21584 5 25	0 0 6 21355 193 0 54 0 5
1 146 21613 5 24	0 0 6 21584 192 0 48 0 4
2 151 21836 5 25	0 0 3 21562 193 0 56 0 4
3 150 21822 5 24	0 0 5 21477 190 0 53 0 4
0 147 21732 5 25	0 0 6 21507 196 0 53 0 4
1 147 21769 5 24	0 0 4 21742 189 0 65 0 4
2 152 22006 5 25	0 0 4 21712 189 0 58 0 4
3 151 21969 5 24	0 0 6 21631 187 0 48 0 4
0 148 21879 5 25	0 0 19 21655 198 0 70 0 5
1 148 21948 5 24	0 0 3 21889 209 0 50 0 4
2 153 22158 5 25	0 0 5 21860 211 0 53 0 4
3 152 22135 5 24	0 0 3 21778 212 0 45 0 4
0 149 22045 5 25	0 0 3 21825 212 0 49 0 6
1 149 22098 5 24	0 0 3 22059 193 0 46 0 4
2 154 22308 5 24	0 0 8 22028 194 0 50 0 4
3 153 22287 5 25	0 0 4 21950 196 0 48 0 4
0 150 22204 5 25	0 0 4 21997 184 0 49 0 5
1 150 22242 5 24	0 0 6 22210 184 0 47 0 4
2 155 22453 5 24	0 0 21 22173 196 0 50 0 4
3 154 22446 5 25	0 0 6 22105 186 0 46 0 4
0 151 22349 5 25	0 0 5 22141 192 0 48 0 7
1 151 22394 5 25	0 0 27 22331 194 0 49 0 7
2 156 22611 5 24	0 0 4 22344 190 0 48 0 4
3 155 22592 5 25	0 0 6 22251 192 0 53 0 4
0 152 22509 5 25	0 0 6 22291 183 0 52 0 9
1 152 22545 5 25	0 0 3 22515 192 0 61 0 5
2 157 22778 5 24	0 0 4 22493 192 0 48 0 4
3 156 22744 5 25	0 0 3 22411 188 0 50 0 4
0 153 22657 5 25	0 0 4 22441 192 0 49 0 4
1 153 22693 5 25	0 0 3 22665 182 0 67 0 6
2 158 22925 5 24	0 0 5 22645 216 0 47 0 4
3 157 22920 5 25	0 0 4 22554 212 0 49 0 4
0 154 22825 5 25	0 0 4 22591 216 0 49 0 6
1 154 22868 5 25	0 0 5 22806 210 0 43 0 5
2 159 23071 5 24	0 0 6 22821 189 0 46 0 4
3 158 23069 5 25	0 0 7 22723 185 0 48 0 4
0 155 22969 5 25	0 0 3 22768 195 0 48 0 4
1 155 23020 5 25	0 0 6 22975 186 0 43 0 6
2 160 23218 5 25	0 0 4 22976 187 0 45 0 4
3 159 23217 5 24	0 0 5 22871 193 0 47 0 4
0 156 23122 5 24	0 0 9 22918 188 0 47 0 4
1 156 23168 5 25	0 0 3 23123 185 0 42 0 4
2 161 23359 5 25	0 0 3 23120 185 0 45 0 4
3 160 23360 5 24	0 0 3 23030 187 0 51 0 4
0 157 23277 5 24	0 0 5 23070 182 0 48 0 6
1 157 23313 5 24	0 0 4 23272 185 0 44 0 4
2 162 23511 5 25	0 0 4 23265 189 0 43 0 4
3 161 23507 5 24	0 0 3 23173 183 0 48 0 4
0 158 23414 5 24	0 0 3 23217 182 0 47 0 6
1 158 23458 5 24	0 0 4 23415 185 0 45 0 3
2 163 23656 5 25	0 0 7 23411 187 0 43 0 4
3 162 23654 5 24	0 0 3 23318 177 0 65 0 4
0 159 23569 5 24	0 0 3 23357 187 0 64 0 4
1 159 23617 5 24	0 0 4 23561 205 0 39 0 4
2 164 23815 5 25	0 0 6 23560 203 0 43 0 4
3 163 23818 5 24	0 0 5 23453 202 0 46 0 4
0 160 23712 5 24	0 0 5 23502 218 0 41 0 4
1 160 23773 5 24	0 0 6 23724 184 0 42 0 3
2 165 23961 5 25	0 0 4 23730 182 0 41 0 4
3 164 23962 5 24	0 0 5 23616 177 0 56 0 6
0 161 23862 5 24	0 0 7 23679 181 0 44 0 6
1 161 23919 5 24	0 0 3 23874 183 0 41 0 3
2 166 24107 5 25	0 0 4 23869 202 0 56 0 4
3 165 24137 5 24	0 0 3 23758 186 0 49 0 4
0 162 24002 5 24	0 0 4 23827 186 0 43 0 6
1 162 24068 5 24	0 0 2 24016 182 0 44 0 4
2 167 24250 5 25	0 0 5 24030 182 0 66 0 4
3 166 24288 5 24	0 0 4 23900 181 0 63 0 3
0 163 24154 5 24	0 0 3 23971 194 0 45 0 6
1 163 24221 5 24	0 0 4 24156 194 0 49 0 4
2 168 24410 5 25	0 0 7 24171 193 0 62 0 4
3 167 24440 5 24	0 0 5 24041 197 0 55 0 5
0 164 24305 5 24	0 0 3 24126 197 0 41 0 7
1 164 24376 5 24	0 0 7 24308 194 0 68 0 4
2 169 24583 5 25	0 0 3 24332 208 0 48 0 4
3 168 24598 5 24	0 0 6 24197 210 0 56 0 3
0 165 24475 5 24	0 0 6 24280 207 0 44 0 6
1 165 24546 5 24	0 0 3 24469 203 0 43 0 3
2 170 24723 5 25	0 0 4 24497 183 0 55 0 4
3 169 24744 5 24	0 0 3 24374 181 0 52 0 4
0 166 24616 5 24	0 0 6 24448 193 0 47 0 4
1 166 24700 5 24	0 0 3 24629 175 0 47 0 3
2 171 24861 5 25	0 0 5 24639 184 0 55 0 4
3 170 24889 5 24	0 0 3 24512 181 0 53 0 4
0 167 24755 5 24	0 0 4 24608 180 0 48 0 7
1 167 24849 5 24	0 0 4 24764 181 0 47 0 4
2 172 25002 5 24	0 0 8 24779 189 0 57 0 3
3 171 25039 5 25	0 0 4 24652 182 0 58 0 6
0 168 24904 5 24	0 0 4 24745 190 0 51 0 7
1 168 25000 5 24	0 0 4 24906 181 0 52 0 3
2 173 25148 5 24	0 0 7 24931 191 0 57 0 4
3 172 25192 5 25	0 0 7 24792 187 0 56 0 9
0 169 25054 5 24	0 0 6 24894 194 0 52 0 9
1 169 25156 5 25	0 0 5 25046 188 0 54 0 3
2 174 25298 5 24	0 0 6 24940 192 0 75 0 8
0 170 25225 5 24	0 0 4 25088 189 0 92 0 6
3 173 25381 5 25	0 0 8 25045 211 0 53 0 9
1 170 25329 5 25	0 0 3 25200 213 0 48 0 3
2 175 25469 5 24	0 0 3 25100 219 0 49 0 4
0 171 25377 5 24	0 0 4 25235 214 0 55 0 6
3 174 25516 5 25	0 0 4 25225 188 0 48 0 4
1 171 25470 5 25	0 0 3 25370 187 0 51 0 6
2 176 25620 5 24	0 0 4 25275 181 0 53 0 4
0 172 25518 5 24	0 0 6 25407 182 0 63 0 4
3 175 25663 5 25	0 0 3 25371 184 0 51 0 4
1 172 25615 5 25	0 0 4 25516 180 0 48 0 6
2 177 25757 5 24	0 0 7 25549 179 0 64 0 4
3 176 25805 5 25	0 0 5 25414 189 0 50 0 5
0 173 25665 5 24	0 0 4 25515 186 0 56 0 4
1 173 25767 5 25	0 0 7 25654 178 0 57 0 4
2 178 25902 5 24	0 0 4 25694 183 0 50 0 4
3 177 25938 5 25	0 0 4 25564 180 0 48 0 4
0 174 25802 5 25	0 0 3 25796 183 0 52 0 4
2 179 26040 5 24	0 0 20 25646 182 0 55 0 4
1 174 25909 5 25	0 0 5 25704 177 0 53 0 5
0 175 25947 5 25	0 0 4 25835 186 0 65 0 4
3 178 26096 5 25	0 0 2 25943 177 0 50 0 4
2 180 26179 5 24	0 0 7 25801 183 0 72 0 4
1 175 26069 5 24	0 0 4 25847 206 0 54 0 4
0 176 26116 5 25	0 0 5 25981 204 0 62 0 4
3 179 26257 5 25	0 0 3 26077 210 0 54 0 4
2 181 26350 5 24	0 0 5 25950 206 0 54 0 4
1 176 26221 5 24	0 0 3 26010 182 0 51 0 6
0 177 26255 5 25	0 0 21 26128 185 0 62 0 4
3 180 26402 5 25	0 0 22 26228 184 0 56 0 4
2 182 26496 5 24	0 0 4 26115 185 0 59 0 4
1 177 26368 5 24	0 0 6 26150 185 0 52 0 6
0 178 26401 5 25	0 0 6 26289 183 0 65 0 4
3 181 26549 5 25	0 0 4 26260 185 0 53 0 4
1 178 26507 5 24	0 0 7 26389 188 0 52 0 4
2 183 26641 5 24	0 0 5 26296 188 0 57 0 6
0 179 26555 5 25	0 0 5 26434 187 0 66 0 4
3 182 26698 5 25	0 0 3 26540 186 0 54 0 4
2 184 26789 5 25	0 0 6 26403 190 0 52 0 6
1 179 26658 5 24	0 0 4 26445 183 0 50 0 4
0 180 26689 5 24	0 0 3 26587 185 0 63 0 4
3 183 26844 5 24	0 0 4 26689 181 0 55 0 4
2 185 26935 5 25	0 0 7 26553 182 0 54 0 4
1 180 26801 5 24	0 0 5 26727 182 0 56 0 4
3 184 26976 5 24	0 0 4 26593 182 0 55 0 4
0 181 26840 5 24	0 0 5 26826 200 0 54 0 4
2 186 27091 5 25	0 0 3 26701 199 0 54 0 5
3 185 27138 5 24	0 0 5 26731 199 0 56 0 4
2 187 27238 5 25	0 0 4 26857 195 0 54 0 6
1 182 27119 5 25	0 0 8 27026 186 0 51 0 4
3 186 27276 5 24	0 0 3 26893 191 0 54 0 4
0 183 27147 5 24	0 0 4 27136 187 0 53 0 3
2 188 27386 5 25	0 0 6 27011 184 0 49 0 6
1 183 27258 5 25	0 0 6 27039 189 0 52 0 4
0 184 27293 5 24	0 0 3 27180 188 0 61 0 4
3 187 27438 5 24	0 0 3 27288 187 0 52 0 4
2 189 27536 5 25	0 0 7 27155 182 0 54 0 4
1 184 27403 5 25	0 0 7 27322 186 0 55 0 4
3 188 27576 5 24	0 0 3 27198 180 0 55 0 4
0 185 27441 5 24	0 0 4 27303 187 0 52 0 4
1 185 27553 5 25	0 0 3 27432 190 0 52 0 3
2 190 27682 5 24	0 0 7 27468 189 0 52 0 3
3 189 27721 5 25	0 0 5 27331 187 0 52 0 4
0 186 27582 5 24	0 0 2 27583 186 0 50 0 3
2 191 27827 5 24	0 0 4 27448 182 0 54 0 6
1 186 27696 5 25	0 0 5 27619 208 0 56 0 3
3 190 27894 5 25	0 0 5 27480 206 0 56 0 4
0 187 27754 5 24	0 0 6 27725 205 0 51 0 3
2 192 27991 5 24	0 0 4 27590 212 0 51 0 7
1 187 27866 5 24	0 0 7 27646 186 0 50 0 4
0 188 27894 5 24	0 0 3 27793 185 0 58 0 4
3 191 28045 5 25	0 0 3 27894 187 0 53 0 3
2 193 28142 5 24	0 0 4 27762 186 0 52 0 4
1 188 28011 5 24	0 0 4 27935 180 0 51 0 3
3 192 28176 5 25	0 0 4 27795 189 0 48 0 3
0 189 28041 5 24	0 0 3 28044 185 0 55 0 4
2 194 28293 5 24	0 0 6 27907 187 0 52 0 5
1 189 28158 5 24	0 0 8 28072 187 0 51 0 3
3 193 28322 5 25	0 0 4 27948 180 0 53 0 4
0 190 28191 5 24	0 0 2 28187 180 0 54 0 4
2 195 28429 5 24	0 0 4 28059 187 0 54 0 4
1 190 28310 5 24	0 0 3 28223 186 0 56 0 3
3 194 28474 5 25	0 0 4 28086 186 0 53 0 4
0 191 28335 5 24	0 0 6 28323 187 0 58 0 3
2 196 28580 5 24	0 0 3 28204 182 0 53 0 3
1 191 28448 5 24	0 0 7 28367 184 0 55 0 4
3 195 28619 5 24	0 0 5 28231 183 0 56 0 3
0 192 28481 5 25	0 0 6 28471 208 0 52 0 6
2 197 28746 5 24	0 0 8 28341 205 0 54 0 6
1 192 28616 5 24	0 0 3 28517 209 0 49 0 4
3 196 28784 5 24	0 0 6 28374 208 0 50 0 3
0 193 28643 5 25	0 0 3 28646 179 0 48 0 6
2 198 28884 5 24	0 0 7 28508 184 0 49 0 3
1 193 28754 5 24	0 0 3 28684 181 0 56 0 4
3 197 28930 5 24	0 0 3 28548 192 0 52 0 4
0 194 28800 5 25	0 0 3 28782 186 0 53 0 5
2 199 29031 5 24	0 0 3 28657 193 0 53 0 3
1 194 28912 5 24	0 0 4 28825 192 0 51 0 3
3 198 29078 5 24	0 0 4 28697 189 0 52 0 4
0 195 28948 5 25	0 0 3 28929 188 0 56 0 6
2 200 29185 5 24	0 0 4 28812 186 0 50 0 6
1 195 29061 5 24	0 0 9 28972 188 0 53 0 4
3 199 29229 5 24	0 0 3 28847 187 0 51 0 4
0 196 29094 5 25	0 0 7 29074 185 0 48 0 6
2 201 29321 5 24	0 0 7 28953 189 0 52 0 4
1 196 29208 5 24	0 0 4 29125 184 0 55 0 4
3 200 29373 5 24	0 0 7 28989 184 0 51 0 4
0 197 29237 5 25	0 0 6 29220 184 0 49 0 6
2 202 29467 5 25	0 0 6 29105 187 0 73 0 6
1 197 29379 5 24	0 0 5 29137 212 0 55 0 4
0 198 29414 5 24	0 0 3 29274 216 0 59 0 4
3 201 29559 5 25	0 0 3 29372 212 0 48 0 4
2 203 29640 5 25	0 0 7 29251 214 0 50 0 3
1 198 29529 5 24	0 0 3 29447 183 0 55 0 4
3 202 29694 5 25	0 0 3 29313 186 0 50 0 4
0 199 29559 5 24	0 0 3 29540 189 0 46 0 4
2 204 29784 5 25	0 0 3 29433 187 0 51 0 6
1 199 29682 5 25	0 0 6 29588 195 0 56 0 4
3 203 29851 5 25	0 0 7 29454 187 0 57 0 4
0 200 29712 5 24	0 0 4 29687 180 0 51 0 4
2 205 29929 5 25	0 0 22 29559 187 0 45 0 4
1 200 29818 5 25	0 0 6 29743 187 0 53 0 4
3 204 29996 5 25	0 0 3 29606 188 0 53 0 5
0 201 29856 5 24	0 0 5 29828 181 0 44 0 4
2 206 30064 5 25	0 0 3 29725 190 0 43 0 4
1 201 29967 5 25	0 0 6 29751 182 0 51 0 4
0 202 29996 5 24	0 0 4 29897 192 0 58 0 4
3 205 30158 5 25	0 0 3 29975 184 0 45 0 4
2 207 30213 5 25	0 0 4 29875 185 0 45 0 4
1 202 30115 5 25	0 0 5 29894 186 0 77 0 4
0 203 30168 5 24	0 0 26 30024 184 0 72 0 4
3 206 30313 5 25	0 0 3 30116 201 0 44 0 5
2 208 30370 5 24	0 0 7 30017 210 0 41 0 5
1 203 30283 5 25	0 0 3 30045 206 0 57 0 4
0 204 30318 5 25	0 0 3 30191 202 0 55 0 4
3 207 30457 5 24	0 0 3 30278 184 0 61 0 5
2 209 30533 5 24	0 0 4 30194 213 0 49 0 4
1 204 30466 5 25	0 0 6 30351 204 0 53 0 5
3 208 30621 5 24	0 0 5 30207 205 0 57 0 4
0 205 30481 5 25	0 0 6 30419 205 0 45 0 4
2 210 30682 5 24	0 0 4 30365 192 0 43 0 4
1 205 30609 5 24	0 0 6 30371 191 0 59 0 4
0 206 30634 5 25	0 0 6 30515 189 0 59 0 5
3 209 30775 5 24	0 0 7 30584 187 0 44 0 4
2 211 30828 5 24	0 0 4 30518 188 0 43 0 7
1 206 30762 5 24	0 0 6 30523 189 0 50 0 4
0 207 30774 5 25	0 0 4 30670 197 0 66 0 5
3 210 30964 5 24	0 0 3 30735 177 0 83 0 5
2 212 31005 5 24	0 0 5 30666 218 0 44 0 4
1 207 30938 5 24	0 0 4 30675 249 0 90 0 5
0 208 31025 5 25	0 0 4 30824 244 0 86 0 5
3 211 31165 5 24	0 0 4 30875 248 0 78 0 5
2 213 31211 5 24	0 0 7 30842 248 0 44 0 7
1 208 31149 5 24	0 0 5 31028 222 0 71 0 5
3 212 31332 4 25	0 0 4 30887 225 0 73 0 5
0 209 31196 4 24	0 0 3 31081 210 0 61 0 4
2 214 31361 4 25	0 0 3 31057 196 0 46 0 8
1 209 31312 5 24	0 0 5 31068 201 0 62 0 5
0 210 31344 4 24	0 0 5 31210 202 0 61 0 5
3 213 31485 4 25	0 0 5 31249 188 0 60 0 4
2 215 31509 4 25	0 0 3 31211 198 0 46 0 7
1 210 31468 4 24	0 0 4 31230 189 0 53 0 5
0 211 31483 4 24	0 0 6 31371 195 0 66 0 5
3 214 31646 4 25	0 0 5 31398 187 0 61 0 7
2 216 31660 4 25	0 0 7 31365 196 0 45 0 4
1 211 31620 4 24	0 0 6 31378 188 0 63 0 5
0 212 31642 4 24	0 0 4 31532 189 0 58 0 4
3 215 31788 4 25	0 0 4 31550 196 0 59 0 7
2 217 31819 4 25	0 0 10 31520 191 0 45 0 5
1 212 31772 4 24	0 0 3 31532 198 0 65 0 5
0 213 31805 4 24	0 0 3 31679 190 0 70 0 4
3 216 31949 4 25	0 0 4 31704 182 0 65 0 6
2 218 31963 4 25	0 0 3 31678 214 0 45 0 5
1 213 31947 4 24	0 0 5 31827 219 0 72 0 4
3 217 32129 4 25	0 0 4 31687 220 0 71 0 5
0 214 31989 4 24	0 0 3 31847 214 0 69 0 8
2 219 32142 4 25	0 0 5 31854 194 0 44 0 4
1 214 32103 4 24	0 0 7 32017 188 0 63 0 5
2 220 32284 5 24	0 0 7 32004 199 0 63 0 4
3 218 32280 4 24	0 0 3 31869 200 0 63 0 6
0 215 32143 4 24	0 0 3 32008 196 0 44 0 4
1 215 32257 4 24	0 0 7 32026 195 0 71 0 5
0 216 32305 4 24	0 0 4 32167 197 0 70 0 4
3 219 32445 4 24	0 0 6 32167 205 0 69 0 5
2 221 32455 5 24	0 0 7 32161 197 0 41 0 4
1 216 32412 5 25	0 0 3 32338 190 0 58 0 4
2 222 32596 5 24	0 0 3 32329 193 0 70 0 4
3 220 32601 4 24	0 0 6 32182 206 0 60 0 7
0 217 32463 4 24	0 0 9 32316 193 0 44 0 4
1 217 32567 5 25	0 0 5 32485 187 0 67 0 4
2 223 32749 5 24	0 0 4 32479 185 0 68 0 4
3 221 32742 4 24	0 0 3 32354 185 0 60 0 4
0 218 32608 4 24	0 0 4 32477 184 0 75 0 8
1 218 32751 5 25	0 0 6 32631 207 0 54 0 4
2 224 32905 5 24	0 0 9 32619 222 0 60 0 6
3 222 32918 4 24	0 0 4 32495 217 0 60 0 25
0 219 32804 4 24	0 0 3 32619 223 0 44 0 5
1 219 32897 5 25	0 0 6 32799 184 0 58 0 6
2 225 33055 5 24	0 0 7 32804 190 0 57 0 4
3 223 33064 4 24	0 0 6 32671 194 0 58 0 7
0 220 32938 4 25	0 0 4 32803 192 0 40 0 7
1 220 33047 5 25	0 0 3 32946 187 0 61 0 10
2 226 33210 5 25	0 0 6 32826 187 0 59 0 4
0 221 33085 4 25	0 0 4 32960 191 0 73 0 7
3 224 33237 5 24	0 0 5 32953 196 0 44 0 6
1 221 33207 5 25	0 0 4 33097 187 0 53 0 10
2 227 33352 5 25	0 0 3 32976 192 0 58 0 4
0 222 33236 4 25	0 0 3 33110 199 0 59 0 7
3 225 33379 5 24	0 0 7 33108 191 0 47 0 4
1 222 33359 5 25	0 0 7 33237 190 0 56 0 5
3 226 33524 5 24	0 0 3 33132 188 0 57 0 4
1 223 33506 5 25	0 0 6 33389 197 0 83 0 4
2 229 33682 5 25	0 0 4 33415 182 0 88 0 4
3 227 33695 5 24	0 0 4 33276 211 0 60 0 4
0 224 33558 4 25	0 0 3 33412 220 0 48 0 6
1 224 33691 5 25	0 0 6 33547 212 0 57 0 6
2 230 33830 5 25	0 0 5 33447 184 0 62 0 4
0 225 33705 4 25	0 0 6 33555 213 0 65 0 4
3 228 33846 5 24	0 0 4 33591 193 0 52 0 7
1 225 33849 5 25	0 0 3 33725 181 0 59 0 4
2 231 33975 5 25	0 0 10 33588 197 0 56 0 4
0 226 33857 5 24	0 0 3 33734 195 0 66 0 4
3 229 34005 5 24	0 0 24 33725 195 0 47 0 4
1 226 33997 5 25	0 0 4 33864 197 0 55 0 4
2 232 34126 5 25	0 0 4 33886 187 0 61 0 4
3 230 34144 5 24	0 0 4 33751 191 0 57 0 4
0 227 34009 5 24	0 0 7 33897 190 0 50 0 4
1 227 34150 5 25	0 0 5 34020 185 0 60 0 4
2 233 34276 5 25	0 0 4 34033 185 0 66 0 7
3 231 34298 5 24	0 0 4 33906 196 0 54 0 4
0 228 34166 5 24	0 0 4 34053 198 0 52 0 8
1 228 34317 5 24	0 0 5 34165 188 0 68 0 4
2 234 34433 5 25	0 0 24 34158 189 0 69 0 5
3 232 34448 5 24	0 0 4 34059 186 0 61 0 4
0 229 34316 5 24	0 0 4 34209 216 0 60 0 7
1 229 34498 5 24	0 0 6 34314 215 0 70 0 4
2 235 34612 5 25	0 0 8 34324 204 0 72 0 4
3 233 34614 5 24	0 0 5 34205 207 0 59 0 4
0 230 34482 5 24	0 0 4 34386 193 0 64 0 4
1 230 34653 5 24	0 0 3 34492 192 0 67 0 4
2 236 34760 5 25	0 0 3 34496 190 0 62 0 4
3 234 34758 5 24	0 0 7 34371 195 0 61 0 4
0 231 34640 5 24	0 0 6 34537 190 0 60 0 6
1 231 34801 5 24	0 0 3 34643 191 0 65 0 4
3 235 34910 5 24	0 0 4 34647 191 0 74 0 4
2 237 34922 5 25	0 0 4 34532 191 0 63 0 4
0 232 34796 5 25	0 0 6 34688 197 0 75 0 5
1 232 34973 5 24	0 0 4 34794 184 0 70 0 4
3 236 35058 5 25	0 0 3 34797 191 0 70 0 4
2 238 35067 5 25	0 0 4 34681 197 0 59 0 5
0 233 34947 5 25	0 0 4 34850 196 0 77 0 5
1 233 35134 4 25	0 0 8 34934 192 0 76 0 4
3 237 35217 5 25	0 0 6 34945 191 0 76 0 4
2 239 35225 5 25	0 0 3 34839 193 0 65 0 4
0 234 35107 5 25	0 0 3 35005 216 0 75 0 5
1 234 35305 4 25	0 0 7 35096 214 0 73 0 6
2 240 35399 5 25	0 0 5 35090 213 0 77 0 5
3 238 35391 5 25	0 0 6 34988 202 0 68 0 4
0 235 35270 5 25	0 0 4 35180 193 0 75 0 6
1 235 35460 4 25	0 0 3 35276 192 0 77 0 5
2 241 35555 5 25	0 0 4 35267 201 0 75 0 4
3 239 35554 5 25	0 0 7 35151 191 0 66 0 4
0 236 35422 5 25	0 0 3 35427 191 0 64 0 7
3 240 35696 5 25	0 0 8 35315 196 0 72 0 4
0 237 35576 5 25	0 0 3 35579 189 0 68 0 4
2 243 35844 5 25	0 0 5 35574 186 0 70 0 4
3 241 35841 5 25	0 0 6 35491 197 0 72 0 8
1 237 35776 4 25	0 0 3 35460 194 0 65 0 4
0 238 35729 5 24	0 0 6 35725 189 0 71 0 4
2 244 35997 5 24	0 0 7 35719 195 0 72 0 4
3 242 35999 5 25	0 0 3 35648 189 0 68 0 6
1 238 35917 4 24	0 0 4 35613 195 0 62 0 4
0 239 35880 5 24	0 0 4 35876 189 0 87 0 4
2 245 36163 5 24	0 0 6 35875 187 0 98 0 4
3 243 36172 5 25	0 0 4 35798 184 0 98 0 4
1 239 36090 4 24	0 0 6 35767 197 0 79 0 4
0 240 36055 5 24	0 0 3 36029 211 0 55 0 4
2 246 36305 5 24	0 0 8 35938 226 0 74 0 4
1 240 36253 4 24	0 0 3 36028 223 0 82 0 4
3 244 36344 5 25	0 0 4 35926 212 0 60 0 4
0 241 36208 5 24	0 0 3 36198 193 0 66 0 4
2 247 36466 5 24	0 0 5 36207 197 0 69 0 4
3 245 36485 5 25	0 0 8 36124 197 0 66 0 5
1 241 36402 4 24	0 0 4 36102 199 0 63 0 4
0 242 36373 5 24	0 0 4 36351 194 0 54 0 4
2 248 36609 5 24	0 0 7 36363 187 0 63 0 4
3 246 36626 5 25	0 0 3 36290 199 0 65 0 4
1 242 36563 4 24	0 0 4 36258 192 0 60 0 4
0 243 36520 5 24	0 0 6 36503 191 0 55 0 7
2 249 36764 5 24	0 0 11 36506 197 0 72 0 4
3 247 36793 5 25	0 0 5 36443 189 0 64 0 6
1 243 36710 4 24	0 0 5 36409 194 0 61 0 4
0 244 36674 5 25	0 0 3 36658 189 0 51 0 4
2 250 36907 5 25	0 0 3 36674 193 0 70 0 4
3 248 36947 5 24	0 0 3 36596 190 0 68 0 7
1 244 36866 5 24	0 0 5 36564 191 0 84 0 4
0 245 36849 5 25	0 0 3 36810 216 0 51 0 4
2 251 37087 5 25	0 0 4 36821 214 0 70 0 5
3 249 37116 5 24	0 0 7 36743 215 0 67 0 6
1 245 37039 5 24	0 0 3 36719 219 0 65 0 4
0 246 37012 5 25	0 0 3 36984 193 0 54 0 5
2 252 37241 5 25	0 0 5 36919 181 0 73 0 5
1 246 37185 5 24	0 0 3 36998 191 0 71 0 4
3 250 37270 5 24	0 0 3 36895 199 0 56 0 4
0 247 37160 5 25	0 0 3 37136 189 0 53 0 4
2 253 37388 5 25	0 0 4 37065 198 0 64 0 4
1 247 37338 5 24	0 0 6 37147 198 0 62 0 4
3 251 37419 5 24	0 0 4 37055 199 0 50 0 4
0 248 37314 5 25	0 0 6 37283 191 0 59 0 4
2 254 37546 5 25	0 0 3 37221 193 0 66 0 7
1 248 37493 5 24	0 0 7 37303 195 0 67 0 5
3 252 37580 5 24	0 0 5 37213 191 0 54 0 4
0 249 37469 5 25	0 0 3 37440 194 0 63 0 5
2 255 37707 5 25	0 0 5 37373 189 0 70 0 5
1 249 37644 5 24	0 0 3 37467 190 0 65 0 5
3 253 37732 5 24	0 0 7 37362 199 0 50 0 5
0 250 37625 5 24	0 0 3 37592 231 0 54 0 5
2 256 37887 5 24	0 0 4 37614 221 0 66 0 4
3 254 37911 5 25	0 0 6 37522 240 0 61 0 4
1 250 37835 5 25	0 0 4 37527 231 0 48 0 4
0 251 37817 5 24	0 0 3 37783 201 0 58 0 4
2 257 38051 5 24	0 0 7 37792 192 0 59 0 5
3 255 38057 5 25	0 0 3 37726 203 0 63 0 7
1 251 38005 5 25	0 0 8 37712 197 0 49 0 4
0 252 37973 5 24	0 0 6 37941 199 0 69 0 4
2 258 38222 5 24	0 0 4 37947 199 0 61 0 5
3 256 38218 5 25	0 0 25 37870 202 0 78 0 6
1 252 38183 5 25	0 0 6 37871 251 0 47 0 5
0 253 38182 5 24	0 0 4 38103 227 0 56 0 5
2 259 38397 5 24	0 0 4 38109 217 0 55 0 5
3 257 38392 5 25	0 0 5 38050 241 0 49 0 7
1 253 38354 5 25	0 0 5 38084 192 0 48 0 4
0 254 38335 5 24	0 0 23 38265 194 0 46 0 5
3 258 38534 5 25	0 0 4 38294 223 0 58 0 5
2 260 38585 5 24	0 0 6 38249 204 0 53 0 5
1 254 38520 5 25	0 0 6 38236 189 0 54 0 5
0 255 38491 4 25	0 0 3 38440 225 0 61 0 5
3 259 38736 4 24	0 0 3 38475 225 0 73 0 4
2 261 38783 4 25	0 0 5 38415 208 0 63 0 8
1 255 38702 4 25	0 0 3 38391 218 0 59 0 4
0 256 38678 4 25	0 0 4 38625 197 0 52 0 5
3 260 38885 4 24	0 0 5 38659 198 0 63 0 4
2 262 38932 4 25	0 0 4 38586 196 0 62 0 9
1 256 38858 4 25	0 0 3 38567 190 0 55 0 4
0 257 38821 4 25	0 0 7 38778 199 0 65 0 5
3 261 39056 4 24	0 0 5 38817 184 0 67 0 5
2 263 39080 4 25	0 0 4 38745 186 0 71 0 9
1 257 39016 4 25	0 0 3 38717 197 0 56 0 4
0 258 38979 4 25	0 0 6 38961 195 0 69 0 4
2 264 39237 4 25	0 0 4 38942 201 0 75 0 5
3 262 39229 4 24	0 0 6 38886 195 0 70 0 5
1 258 39164 4 25	0 0 5 38872 189 0 57 0 5
0 259 39130 4 25	0 0 4 39122 197 0 73 0 5
2 265 39402 4 25	0 0 6 39042 188 0 66 0 5
1 259 39309 4 25	0 0 4 39107 199 0 81 0 5
3 263 39398 4 24	0 0 4 39022 198 0 57 0 5
0 260 39289 4 25	0 0 5 39275 224 0 75 0 4
2 266 39585 4 24	0 0 3 39264 229 0 75 0 5
3 264 39578 4 24	0 0 6 39190 221 0 69 0 7
1 260 39496 4 25	0 0 4 39184 237 0 49 0 4
0 261 39481 5 25	0 0 6 39457 198 0 78 0 5
2 267 39745 4 24	0 0 6 39450 199 0 76 0 5
3 265 39739 4 24	0 0 4 39377 194 0 74 0 7
1 261 39658 4 24	0 0 3 39380 180 0 59 0 4
0 262 39629 5 25	0 0 5 39617 187 0 68 0 4
2 268 39885 4 24	0 0 4 39529 195 0 74 0 5
1 262 39810 4 24	0 0 6 39610 195 0 77 0 5
3 266 39895 4 24	0 0 6 39518 203 0 53 0 7
0 263 39789 5 25	0 0 3 39770 194 0 66 0 4
2 269 40040 4 24	0 0 3 39772 196 0 76 0 5
3 267 40055 4 24	0 0 3 39686 203 0 72 0 9
1 263 39975 4 24	0 0 5 39682 190 0 58 1 7
0 264 39946 5 25	0 0 3 39922 204 0 67 0 7
2 270 40204 4 24	0 0 4 39925 201 0 75 0 7
3 268 40214 4 24	0 0 6 39846 199 0 75 0 10
1 264 40138 4 24	0 0 4 39837 181 0 67 0 4
0 265 40095 5 25	0 0 5 40085 192 0 85 0 7
2 271 40375 4 25	0 0 4 40007 196 0 99 0 5
1 265 40314 4 24	0 0 3 40087 201 0 100 0 7
3 269 40401 4 25	0 0 4 39975 211 0 73 0 4
0 266 40270 4 24	0 0 4 40236 218 0 60 0 4
2 272 40525 4 25	0 0 6 40245 221 0 75 0 4
3 270 40553 4 25	0 0 4 40168 220 0 80 0 5
1 266 40478 4 24	0 0 3 40148 197 0 75 0 5
0 267 40430 4 24	0 0 4 40415 199 0 64 0 5
2 273 40689 4 25	0 0 4 40428 199 0 82 0 5
3 271 40720 4 25	0 0 3 40346 196 0 83 0 8
1 267 40638 4 24	0 0 6 40302 190 0 80 0 4
0 268 40585 4 24	0 0 3 40579 203 0 62 0 5
2 274 40854 4 25	0 0 4 40454 191 0 85 0 5
0 269 40742 4 24	0 0 3 40592 205 0 79 0 5
3 272 40886 4 25	0 0 5 40500 204 0 81 0 8
1 268 40800 4 24	0 0 5 40738 195 0 55 0 4
2 275 40999 4 25	0 0 4 40609 199 0 83 0 4
0 270 40901 4 24	0 0 3 40754 200 0 75 0 5
3 273 41040 4 25	0 0 5 40664 197 0 82 0 5
1 269 40956 4 24	0 0 5 40893 195 0 77 0 5
2 276 41177 4 25	0 0 4 40827 197 0 102 0 5
1 270 41137 4 24	0 0 8 40910 205 0 90 0 5
3 274 41219 4 25	0 0 4 40766 198 0 107 0 4
0 271 41081 4 24	0 0 6 41048 213 0 50 0 5
2 277 41324 4 24	0 0 4 40982 213 0 70 0 5
1 271 41276 4 25	0 0 4 40923 227 0 68 0 4
0 272 41229 4 24	0 0 8 41076 229 0 70 0 5
3 275 41389 4 25	0 0 3 41227 194 0 51 0 4
2 278 41482 4 24	0 0 3 41156 190 0 77 0 5
1 272 41432 4 25	0 0 6 41109 197 0 66 0 4
0 273 41385 4 24	0 0 4 41272 195 0 63 0 5
3 276 41542 4 25	0 0 3 41379 195 0 50 0 5
2 279 41635 4 24	0 0 6 41303 195 0 80 0 5
1 273 41591 4 25	0 0 4 41271 190 0 84 0 4
0 274 41556 4 24	0 0 4 41425 200 0 71 0 4
3 277 41706 4 25	0 0 4 41534 196 0 51 0 4
2 280 41791 4 24	0 0 4 41420 192 0 67 0 4
0 275 41689 4 24	0 0 4 41460 199 0 80 0 5
1 274 41751 4 25	0 0 3 41586 200 0 66 0 4
3 278 41861 4 25	0 0 6 41688 192 0 53 0 4
2 281 41946 4 24	0 0 3 41623 195 0 69 0 6
1 275 41898 4 25	0 0 3 41573 193 0 67 0 5
0 276 41843 4 24	0 0 5 41744 212 0 85 0 5
3 279 42054 4 24	0 0 5 41842 222 0 53 0 4
2 282 42128 4 24	0 0 3 41777 222 0 77 0 5
1 276 42086 4 25	0 0 5 41724 225 0 73 0 4
0 277 42033 5 25	0 0 4 41918 224 0 57 0 5
3 280 42211 4 24	0 0 4 42028 200 0 54 0 4
2 283 42293 5 25	0 0 6 41957 196 0 75 0 5
1 277 42239 5 25	0 0 14 41901 200 0 72 0 4
0 278 42194 5 25	0 0 3 42108 193 0 56 0 5
3 281 42366 4 24	0 0 4 42187 198 0 58 0 4
2 284 42452 5 25	0 0 3 42075 190 0 62 0 4
0 279 42338 5 25	0 0 25 42094 196 0 77 0 4
1 278 42398 5 25	0 0 4 42257 197 0 55 0 5
3 282 42520 4 24	0 0 5 42343 193 0 52 0 4
2 285 42599 5 25	0 0 3 42223 186 0 74 0 4
0 280 42493 5 25	0 0 5 42270 195 0 78 0 5
1 279 42556 5 25	0 0 8 42410 184 0 58 0 4
3 283 42666 4 24	0 0 6 42496 187 0 54 0 5
2 286 42750 5 25	0 0 4 42369 194 0 76 0 4
0 281 42650 5 25	0 0 3 42431 196 0 74 0 5
1 280 42711 5 25	0 0 26 42538 200 0 56 0 4
3 284 42826 4 24	0 0 6 42644 229 0 52 0 5
2 287 42939 5 25	0 0 5 42522 228 0 71 0 4
0 282 42834 4 24	0 0 3 42585 221 0 77 0 5
1 281 42893 5 25	0 0 6 42719 237 0 49 0 4
3 285 43017 4 24	0 0 3 42840 198 0 54 0 4
2 288 43101 4 24	0 0 7 42710 199 0 67 0 4
0 283 42989 4 24	0 0 5 42764 203 0 73 0 5
1 282 43052 4 24	0 0 4 42921 198 0 52 0 5
3 286 43182 4 24	0 0 4 42995 203 0 59 0 5
2 289 43268 4 24	0 0 3 42875 198 0 79 0 4
0 284 43163 4 24	0 0 8 42925 200 0 78 0 4
1 283 43216 4 24	0 0 4 43076 199 0 53 0 5
3 287 43340 4 24	0 0 4 43158 194 0 60 0 5
2 290 43423 4 24	0 0 4 43031 197 0 68 0 4
0 285 43306 4 24	0 0 3 43090 196 0 76 0 4
1 284 43372 4 24	0 0 6 43233 211 0 44 0 4
3 288 43501 4 24	0 0 5 43312 192 0 53 0 4
2 291 43569 4 24	0 0 6 43246 197 0 63 0 4
1 285 43519 4 24	0 0 6 43187 199 0 64 0 5
0 286 43463 4 24	0 0 6 43405 190 0 46 0 5
3 289 43654 4 25	0 0 4 43466 217 0 53 0 5
2 292 43747 4 24	0 0 5 43401 216 0 66 0 5
1 286 43696 4 24	0 0 5 43348 218 0 64 0 5
0 287 43641 4 24	0 0 5 43560 220 0 46 0 5
3 290 43838 4 25	0 0 3 43647 194 0 54 0 4
2 293 43905 4 24	0 0 4 43527 187 0 69 0 5
0 288 43794 4 24	0 0 8 43576 201 0 62 0 5
1 287 43854 4 24	0 0 5 43736 192 0 45 0 4
3 291 43985 4 25	0 0 3 43799 191 0 52 0 6
2 294 44053 4 24	0 0 3 43677 191 0 63 0 5
0 289 43941 4 24	0 0 7 43738 197 0 59 0 4
1 288 44008 4 24	0 0 8 43886 197 0 46 0 5
3 292 44145 4 25	0 0 5 43949 187 0 51 0 6
2 295 44199 4 24	0 0 5 43825 183 0 58 0 5
0 290 44078 4 24	0 0 3 43902 202 0 50 0 5
