2 0 58 0 0	0 0 2 0 42 0 5 0 6
2 1 58 0 0	0 0 2 3 40 0 5 0 6
2 2 61 0 0	0 0 2 4 41 0 6 0 7
2 3 66 0 0	0 0 2 8 42 0 6 0 6
2 4 68 0 0	0 0 2 11 42 0 6 0 6
2 5 70 0 0	0 0 2 13 41 0 6 0 6
2 6 70 0 0	0 0 2 14 40 0 6 0 6
2 7 70 0 0	0 0 2 15 40 0 6 0 6
2 8 69 0 0	0 0 2 15 39 0 6 0 6
2 9 71 0 0	0 0 2 14 41 0 6 0 6
2 10 72 0 0	0 0 4 14 40 0 6 0 6
2 11 73 0 0	0 0 2 16 40 0 6 0 7
2 12 72 0 0	0 0 2 16 40 0 6 0 6
2 13 72 0 0	0 0 2 17 39 0 6 0 6
2 14 71 0 0	0 0 2 16 39 0 6 0 5
2 15 71 0 0	0 0 2 16 39 0 6 0 5
2 16 83 0 0	0 0 2 16 51 0 6 0 6
2 17 81 0 0	0 0 14 15 39 0 6 0 5
2 18 77 0 0	0 0 2 23 39 0 6 0 5
2 19 80 0 0	0 0 2 26 39 0 6 0 5
2 20 79 0 0	0 0 2 26 39 0 6 0 5
2 21 79 0 0	0 0 2 25 39 0 6 0 6
2 22 78 0 0	0 0 2 24 39 0 6 0 6
2 23 78 0 0	0 0 2 23 39 0 6 0 6
2 24 78 23 24	0 0 2 23 39 0 6 0 6
2 25 79 23 24	0 0 2 23 39 0 7 0 7
2 26 79 23 24	0 0 2 22 39 0 8 0 6
2 27 79 23 24	0 0 2 21 39 0 8 0 7
2 28 76 23 24	0 0 2 18 40 0 8 0 6
2 29 79 23 24	0 0 2 22 40 0 8 0 6
2 30 81 23 24	0 0 2 22 40 0 9 0 5
2 31 81 23 24	0 0 2 23 40 0 9 0 5
2 32 83 23 24	0 0 2 23 41 0 10 0 5
2 34 97 23 24	0 0 2 30 43 0 13 0 6
2 36 106 23 24	0 0 3 42 42 0 11 0 6
2 38 115 23 24	0 0 3 49 42 0 13 0 6
2 39 117 23 24	0 0 2 52 43 0 13 0 6
2 40 120 23 24	0 0 2 55 42 0 13 0 5
2 41 140 23 24	0 0 2 58 55 0 17 0 6
2 42 144 23 24	0 0 2 73 43 0 17 0 6
2 43 147 23 24	0 0 14 65 46 0 14 0 6
2 44 149 23 24	0 0 2 83 43 0 14 0 5
2 45 154 23 24	0 0 3 86 43 0 15 0 6
2 46 158 23 24	0 0 2 90 43 0 14 0 6
2 48 173 22 25	0 0 2 98 49 0 16 0 6
2 49 178 22 25	0 0 2 108 43 0 18 0 4
2 50 180 22 25	0 0 2 112 44 0 17 0 4
2 51 181 22 25	0 0 2 113 43 0 17 0 4
2 52 187 22 25	0 0 3 118 44 0 15 0 4
2 54 211 22 25	0 0 2 139 44 0 18 0 4
2 56 221 22 25	0 0 2 152 44 0 17 0 4
2 57 244 22 25	0 0 3 155 59 0 20 0 5
2 58 272 22 25	0 0 2 173 70 0 20 0 5
2 59 306 22 25	0 0 2 207 63 0 28 0 4
2 60 339 22 25	0 0 2 230 76 0 25 0 4
2 61 400 22 25	0 0 3 265 97 0 29 0 4
2 62 415 22 25	0 0 9 317 66 0 18 0 4
2 63 420 22 25	0 0 3 345 49 0 17 0 4
2 64 434 22 25	0 0 3 358 49 0 18 0 4
2 65 448 22 25	0 0 4 366 52 0 18 0 5
2 66 458 22 25	0 0 7 373 51 0 20 0 5
2 67 472 18 24	0 0 2 393 53 0 17 0 4
2 68 476 18 24	0 0 5 400 49 0 15 0 4
2 69 497 18 24	0 0 24 395 54 0 18 0 5
2 70 506 18 24	0 0 2 427 55 0 15 0 4
2 71 520 18 24	0 0 2 442 53 0 16 0 4
2 72 538 18 24	0 0 3 459 53 0 17 0 4
2 73 554 18 24	0 0 2 474 55 0 17 0 5
2 74 568 18 24	0 0 2 489 55 0 16 0 5
2 75 584 18 24	0 0 2 504 55 0 16 0 5
2 76 607 18 24	0 0 2 516 58 0 21 0 9
2 77 622 18 24	0 0 3 537 53 0 22 0 6
2 78 622 18 24	0 0 2 550 44 0 20 0 4
2 79 676 18 24	0 0 2 555 61 0 51 0 4
0 0 158 0 0	0 0 7 0 136 0 5 0 8
1 0 159 0 0	0 0 6 0 139 0 6 0 7
2 80 748 18 24	0 0 11 565 127 0 39 0 4
0 1 240 0 0	0 0 23 80 117 0 6 0 11
1 1 247 0 0	0 0 24 81 122 0 10 0 7
2 81 827 18 24	0 0 2 664 116 0 38 0 4
1 2 327 0 0	0 0 6 181 115 0 14 0 8
0 2 328 0 0	0 0 5 176 121 0 16 0 8
2 82 907 18 24	0 0 2 741 116 0 43 0 3
0 3 399 0 0	0 0 5 257 119 0 10 0 6
1 3 403 0 0	0 0 5 258 121 0 13 0 4
2 83 989 14 24	0 0 5 815 124 0 40 0 3
0 4 484 0 0	0 0 6 335 120 0 17 0 4
1 4 484 0 0	0 0 5 339 120 0 15 0 4
2 84 1065 14 24	0 0 2 898 117 0 43 0 3
0 5 563 0 0	0 0 4 417 119 0 16 0 4
1 5 563 0 0	0 0 5 420 117 0 16 0 3
2 85 1150 14 24	0 0 2 978 122 0 42 0 3
1 6 645 0 0	0 0 5 497 120 0 17 0 4
0 6 650 0 0	0 0 5 496 122 0 21 0 4
2 86 1229 14 24	0 0 2 1060 119 0 42 0 3
0 7 727 0 0	0 0 5 579 120 0 17 0 4
1 7 732 0 0	0 0 4 578 120 0 24 0 3
2 87 1311 14 24	0 0 6 1136 118 0 45 0 3
1 8 825 7 24	0 0 5 663 137 0 15 0 3
0 8 833 7 24	0 0 5 663 145 0 15 0 3
2 88 1408 14 24	0 0 2 1216 147 0 38 0 3
1 9 911 7 24	0 0 5 756 124 0 20 0 3
0 9 913 7 24	0 0 4 765 121 0 17 0 3
2 89 1497 14 24	0 0 1 1327 121 0 41 0 3
1 10 994 7 24	0 0 5 840 125 0 18 0 4
0 10 1005 7 24	0 0 6 845 128 0 20 0 4
2 90 1575 14 24	0 0 2 1409 118 0 42 0 3
1 11 1084 7 24	0 0 5 930 124 0 18 0 4
0 11 1101 7 24	0 0 5 939 124 0 27 0 4
2 91 1653 14 24	0 0 2 1480 121 0 44 0 3
1 12 1177 7 24	0 0 5 1011 126 0 30 0 4
0 12 1177 7 24	0 0 5 1019 118 0 29 0 4
2 92 1740 8 25	0 0 3 1562 126 0 44 0 3
0 13 1259 7 24	0 0 6 1097 124 0 27 0 4
1 13 1261 7 24	0 0 5 1097 124 0 29 0 4
2 93 1825 8 25	0 0 2 1652 125 0 41 0 3
0 14 1351 7 24	0 0 5 1186 123 0 31 0 4
1 14 1351 7 24	0 0 5 1186 123 0 32 0 3
2 94 1914 8 25	0 0 4 1738 123 0 44 0 3
0 15 1430 7 24	0 0 5 1266 122 0 31 0 3
1 15 1431 7 24	0 0 5 1266 122 0 32 0 3
2 95 2000 8 25	0 0 16 1806 125 0 46 0 3
1 16 1536 7 24	0 0 5 1348 121 0 55 0 4
0 16 1536 7 24	0 0 6 1348 123 0 54 0 4
2 96 2102 8 25	0 0 3 1908 125 0 60 0 3
1 17 1626 7 24	0 0 5 1434 147 0 34 0 3
0 17 1628 7 24	0 0 5 1436 145 0 36 0 4
2 97 2187 8 25	0 0 4 1990 142 0 45 0 4
1 18 1711 7 24	0 0 5 1538 125 0 37 0 3
0 18 1712 7 24	0 0 5 1538 125 0 38 0 4
2 98 2273 8 25	0 0 3 2094 125 0 45 0 4
1 19 1799 7 24	0 0 6 1623 125 0 39 0 3
0 19 1801 7 24	0 0 6 1623 126 0 40 0 4
2 99 2368 8 25	0 0 3 2182 126 0 51 0 4
1 20 1885 7 24	0 0 5 1713 127 0 34 0 3
0 20 1895 7 24	0 0 5 1714 131 0 39 0 3
2 100 2450 7 25	0 0 3 2265 130 0 46 0 4
1 21 1982 7 24	0 0 6 1797 132 0 42 0 3
0 21 1983 7 24	0 0 5 1802 129 0 42 0 4
2 101 2542 7 25	0 0 4 2355 129 0 49 0 4
1 22 2076 7 24	0 0 6 1889 130 0 45 0 3
0 22 2076 7 24	0 0 5 1891 130 0 45 0 4
2 102 2636 7 25	0 0 2 2449 129 0 49 0 4
0 23 2177 7 24	0 0 4 1986 130 0 51 0 4
1 23 2180 7 24	0 0 5 1985 130 0 54 0 3
2 103 2731 7 25	0 0 6 2531 130 0 57 0 4
0 24 2282 7 25	0 0 5 2071 153 0 46 0 4
1 24 2283 7 25	0 0 4 2072 152 0 49 0 4
2 104 2839 7 25	0 0 5 2623 152 0 51 0 6
1 25 2379 7 25	0 0 8 2181 131 0 54 0 4
0 25 2380 7 25	0 0 6 2183 138 0 47 0 4
2 105 2939 7 25	0 0 2 2742 129 0 57 0 8
1 26 2475 7 25	0 0 5 2279 136 0 49 0 4
2 106 3025 7 25	0 0 3 2826 137 0 49 0 7
0 26 2480 7 25	0 0 5 2287 133 0 49 0 4
2 107 3112 7 25	0 0 3 2924 129 0 46 0 7
1 27 2563 7 25	0 0 21 2356 132 0 49 0 4
0 27 2573 7 25	0 0 22 2360 137 0 47 0 4
1 28 2656 7 25	0 0 4 2465 127 0 54 0 4
2 108 3216 7 24	0 0 2 3017 135 0 53 0 7
0 28 2667 7 25	0 0 5 2475 136 0 45 0 3
1 29 2749 7 25	0 0 6 2554 136 0 48 0 3
2 109 3298 7 24	0 0 3 3108 134 0 47 0 4
0 29 2763 7 25	0 0 6 2575 135 0 41 0 4
1 30 2836 7 25	0 0 5 2647 131 0 46 0 4
2 110 3389 7 24	0 0 2 3203 131 0 46 0 4
0 30 2853 7 25	0 0 5 2667 134 0 41 0 4
2 111 3485 7 24	0 0 2 3299 131 0 46 0 4
1 31 2947 7 25	0 0 3 2741 132 0 65 0 4
0 31 2950 7 25	0 0 4 2763 132 0 45 0 4
1 32 3063 7 24	0 0 5 2836 159 0 57 0 4
2 112 3615 7 24	0 0 3 3387 157 0 62 0 4
0 32 3074 7 24	0 0 6 2858 160 0 45 0 4
2 113 3712 7 24	0 0 3 3505 138 0 59 0 4
1 33 3160 7 24	0 0 5 2951 137 0 60 0 4
0 33 3171 7 24	0 0 4 2975 132 0 53 0 4
2 114 3789 7 24	0 0 2 3607 131 0 43 0 4
1 34 3256 7 24	0 0 4 3049 133 0 64 0 3
0 34 3259 7 24	0 0 5 3068 137 0 45 0 3
2 115 3897 7 24	0 0 4 3694 132 0 60 0 4
1 35 3346 7 24	0 0 5 3142 131 0 62 0 3
0 35 3354 7 24	0 0 5 3165 132 0 46 0 3
1 36 3430 7 24	0 0 4 3238 137 0 44 0 3
2 116 3985 7 25	0 0 4 3787 135 0 53 0 4
0 36 3451 7 24	0 0 4 3262 138 0 41 0 4
2 117 4057 7 25	0 0 2 3887 127 0 34 0 3
1 37 3522 7 24	0 0 4 3333 130 0 49 0 3
0 37 3543 7 24	0 0 4 3357 140 0 37 0 3
1 38 3603 7 24	0 0 5 3423 125 0 44 0 3
2 118 4163 7 25	0 0 2 3972 128 0 55 0 4
0 38 3631 7 24	0 0 6 3456 138 0 26 0 3
1 39 3718 7 24	0 0 4 3513 136 0 59 0 3
2 119 4270 7 25	0 0 4 4059 130 0 71 0 4
0 39 3762 7 24	0 0 4 3560 159 0 33 0 4
2 120 4355 7 25	0 0 2 4154 153 0 40 0 4
1 40 3803 7 24	0 0 4 3606 145 0 43 0 3
0 40 3853 7 24	0 0 4 3675 134 0 33 0 4
1 41 3903 7 24	0 0 6 3709 134 0 48 0 3
2 121 4458 7 25	0 0 16 4251 132 0 53 0 4
0 41 3951 7 24	0 0 7 3767 134 0 37 0 4
1 42 3990 7 24	0 0 5 3809 130 0 41 0 3
2 122 4546 7 25	0 0 2 4357 133 0 48 0 4
0 42 4044 7 24	0 0 4 3869 136 0 29 0 4
2 123 4647 7 25	0 0 2 4449 134 0 56 0 4
1 43 4096 7 24	0 0 5 3895 133 0 58 0 3
0 43 4138 7 24	0 0 4 3961 133 0 34 0 3
2 124 4725 7 25	0 0 4 4546 131 0 38 0 4
1 44 4184 7 24	0 0 5 3988 133 0 52 0 3
0 44 4230 7 24	0 0 6 4053 132 0 34 0 3
2 125 4819 7 25	0 0 3 4635 130 0 45 0 3
1 45 4281 7 24	0 0 4 4086 128 0 57 0 3
0 45 4329 7 24	0 0 4 4151 137 0 31 0 4
1 46 4360 7 24	0 0 3 4172 128 0 51 0 3
2 126 4913 7 25	0 0 4 4724 128 0 51 0 4
0 46 4434 7 24	0 0 3 4245 130 0 34 0 19
2 127 5027 7 25	0 0 5 4816 134 0 67 0 4
1 47 4475 7 24	0 0 7 4257 137 0 68 0 5
0 47 4545 7 24	0 0 7 4333 161 0 36 0 6
1 48 4586 7 24	0 0 3 4361 160 0 53 0 6
2 128 5136 7 25	0 0 3 4906 166 0 54 0 6
0 48 4640 7 25	0 0 4 4461 136 0 34 0 3
1 49 4680 7 24	0 0 4 4477 136 0 56 0 4
2 129 5236 7 25	0 0 4 5034 135 0 54 0 7
0 49 4743 7 25	0 0 4 4553 146 0 34 0 4
2 130 5318 7 25	0 0 4 5133 136 0 38 0 4
1 50 4775 7 24	0 0 6 4572 134 0 57 0 3
0 50 4833 7 25	0 0 6 4658 132 0 33 0 3
1 51 4866 7 24	0 0 5 4672 134 0 50 0 4
2 131 5433 7 25	0 0 4 5226 148 0 49 0 4
0 51 4942 7 25	0 0 4 4756 140 0 36 0 4
1 52 4960 7 24	0 0 3 4764 135 0 52 0 3
2 132 5533 7 24	0 0 5 5334 141 0 47 0 4
0 52 5034 7 25	0 0 4 4852 134 0 38 0 3
1 53 5053 7 24	0 0 23 4840 135 0 50 0 3
2 133 5628 7 24	0 0 3 5440 140 0 38 0 4
0 53 5131 7 25	0 0 23 4928 141 0 33 0 3
1 54 5151 7 24	0 0 6 4952 137 0 50 0 3
2 134 5734 7 24	0 0 4 5536 144 0 44 0 4
0 54 5234 7 25	0 0 8 5044 138 0 38 0 3
1 55 5248 7 24	0 0 4 5055 138 0 44 0 5
2 135 5841 7 24	0 0 5 5640 145 0 45 0 4
0 55 5335 7 25	0 0 4 5151 141 0 34 0 4
1 56 5348 7 25	0 0 5 5150 140 0 48 0 4
2 136 5947 7 24	0 0 3 5752 139 0 47 0 4
0 56 5433 7 25	0 0 4 5248 138 0 37 0 4
1 57 5438 7 25	0 0 6 5249 134 0 42 0 4
2 137 6034 7 24	0 0 3 5847 135 0 42 0 4
0 57 5543 7 25	0 0 6 5344 154 0 33 0 4
1 58 5550 7 25	0 0 4 5350 148 0 42 0 4
2 138 6140 7 24	0 0 5 5941 143 0 45 0 4
0 58 5642 7 25	0 0 3 5466 131 0 35 0 6
1 59 5639 7 25	0 0 4 5456 129 0 45 0 3
2 139 6225 7 24	0 0 3 6050 130 0 36 0 4
0 59 5737 7 25	0 0 5 5552 141 0 34 0 3
1 60 5729 7 25	0 0 6 5542 130 0 45 0 4
2 140 6316 7 25	0 0 3 6137 129 0 41 0 4
0 60 5837 7 25	0 0 6 5652 134 0 39 0 3
1 61 5828 7 25	0 0 4 5639 134 0 46 0 3
2 141 6408 7 25	0 0 4 6225 129 0 43 0 4
0 61 5933 7 25	0 0 4 5753 136 0 36 0 3
1 62 5936 7 25	0 0 4 5729 132 0 66 0 3
2 142 6512 7 25	0 0 3 6319 145 0 39 0 4
0 62 6037 7 25	0 0 4 5845 146 0 37 0 3
1 63 6025 7 25	0 0 6 5820 150 0 45 0 3
2 143 6609 7 25	0 0 4 6421 133 0 46 0 4
0 63 6131 7 25	0 0 5 5950 137 0 33 0 4
1 64 6125 7 24	0 0 5 5931 130 0 53 0 4
2 144 6701 7 25	0 0 4 6514 131 0 47 0 4
0 64 6227 7 25	0 0 4 6048 131 0 38 0 3
1 65 6219 7 24	0 0 4 6026 132 0 51 0 4
2 145 6793 7 25	0 0 3 6605 135 0 44 0 4
0 65 6324 7 25	0 0 5 6143 131 0 40 0 4
1 66 6307 7 24	0 0 5 6114 134 0 48 0 4
2 146 6890 7 25	0 0 3 6704 139 0 37 0 4
0 66 6425 7 25	0 0 4 6231 143 0 40 0 4
1 67 6403 7 24	0 0 6 6208 128 0 56 0 3
2 147 6983 7 25	0 0 18 6787 127 0 45 0 4
0 67 6526 7 25	0 0 5 6333 133 0 43 0 10
1 68 6498 7 24	0 0 4 6302 131 0 52 0 7
2 148 7074 7 24	0 0 5 6886 131 0 46 0 4
0 68 6624 7 25	0 0 4 6431 138 0 44 0 4
1 69 6596 7 24	0 0 6 6388 138 0 52 0 10
2 149 7171 7 24	0 0 3 6983 129 0 49 0 4
0 69 6732 7 25	0 0 6 6524 144 0 51 0 5
1 70 6698 7 24	0 0 8 6485 140 0 58 0 5
2 150 7275 7 24	0 0 3 7069 141 0 50 0 9
0 70 6827 7 25	0 0 7 6628 139 0 44 0 6
1 71 6802 7 24	0 0 4 6594 141 0 56 0 5
2 151 7369 7 24	0 0 5 7169 129 0 57 0 6
0 71 6927 7 25	0 0 4 6735 133 0 49 0 4
1 72 6898 7 24	0 0 5 6690 133 0 64 0 4
2 152 7456 7 24	0 0 3 7264 135 0 48 0 4
0 72 7026 7 25	0 0 4 6825 144 0 47 0 3
1 73 6989 7 24	0 0 4 6785 132 0 60 0 5
2 153 7550 7 24	0 0 3 7356 129 0 56 0 4
0 73 7123 7 25	0 0 4 6929 132 0 51 0 4
2 154 7636 7 24	0 0 5 7444 128 0 53 0 4
1 74 7086 7 24	0 0 5 6876 136 0 61 0 5
0 74 7220 7 25	0 0 7 7019 133 0 55 0 4
2 155 7737 7 24	0 0 3 7538 130 0 60 0 4
1 75 7187 7 24	0 0 4 6978 134 0 64 0 5
2 156 7825 7 25	0 0 3 7625 139 0 52 0 4
0 75 7319 7 25	0 0 4 7119 140 0 50 0 4
1 76 7276 7 24	0 0 6 7067 136 0 60 0 5
0 76 7424 7 25	0 0 6 7213 136 0 63 0 4
1 77 7385 7 24	0 0 7 7163 134 0 75 0 5
2 157 7937 7 25	0 0 6 7721 137 0 66 0 4
1 78 7478 7 24	0 0 4 7263 153 0 51 0 5
2 158 8029 7 25	0 0 4 7821 143 0 54 0 4
0 77 7519 7 25	0 0 7 7309 141 0 55 0 4
0 78 7620 7 25	0 0 5 7418 132 0 59 0 4
1 79 7576 7 24	0 0 19 7358 133 0 60 0 5
2 159 8133 7 25	0 0 3 7930 133 0 60 0 4
0 79 7705 7 25	0 0 22 7488 137 0 51 0 4
2 160 8219 7 25	0 0 5 8018 135 0 55 0 4
1 80 7677 7 25	0 0 7 7463 138 0 62 0 5
0 80 7801 7 24	0 0 6 7603 132 0 55 0 4
1 81 7763 7 25	0 0 4 7564 134 0 55 0 4
2 161 8316 7 25	0 0 4 8115 135 0 56 0 4
1 82 7862 7 25	0 0 4 7662 130 0 60 0 4
1 83 7944 7 25	0 0 5 7749 133 0 52 0 3
2 163 8500 7 25	0 0 3 8304 136 0 52 0 3
0 82 7992 7 24	0 0 4 7795 136 0 51 0 3
0 83 8076 7 24	0 0 5 7886 129 0 51 0 4
2 164 8589 7 24	0 0 6 8397 128 0 53 0 4
1 84 8039 7 25	0 0 6 7841 134 0 52 0 4
0 84 8172 7 24	0 0 7 7973 128 0 58 0 4
2 165 8689 7 24	0 0 3 8492 128 0 60 0 4
1 85 8139 7 25	0 0 4 7941 128 0 61 0 4
2 166 8774 7 24	0 0 3 8578 132 0 55 0 4
1 86 8221 7 25	0 0 5 8024 131 0 56 0 3
0 85 8266 7 24	0 0 5 8068 132 0 56 0 4
0 86 8350 7 24	0 0 6 8156 133 0 51 0 3
1 87 8313 7 25	0 0 6 8115 133 0 53 0 3
2 167 8868 7 24	0 0 6 8668 134 0 54 0 4
0 87 8443 7 24	0 0 6 8249 130 0 53 0 4
1 88 8410 7 24	0 0 2 8216 131 0 55 0 4
2 168 8965 7 24	0 0 4 8767 130 0 56 0 4
0 88 8540 7 25	0 0 3 8343 131 0 57 0 4
1 89 8501 7 24	0 0 3 8303 131 0 58 0 3
2 169 9054 7 24	0 0 3 8856 133 0 56 0 4
0 89 8632 7 25	0 0 2 8438 135 0 51 0 3
2 171 9227 7 24	0 0 5 9040 128 0 48 0 4
0 90 8717 7 25	0 0 6 8525 130 0 51 0 3
1 91 8678 7 24	0 0 5 8488 129 0 51 0 3
2 172 9320 7 24	0 0 4 9133 128 0 49 0 4
0 91 8809 7 25	0 0 7 8615 124 0 57 0 3
1 92 8783 7 24	0 0 4 8581 126 0 56 0 13
1 93 8864 7 24	0 0 6 8662 139 0 52 0 3
0 92 8913 7 25	0 0 3 8707 145 0 53 0 3
2 173 9428 7 24	0 0 16 9206 150 0 50 0 4
1 94 8954 7 24	0 0 6 8761 132 0 49 0 3
0 93 8994 7 25	0 0 5 8807 128 0 49 0 3
2 174 9522 7 24	0 0 5 9328 138 0 46 0 4
0 94 9091 7 25	0 0 7 8893 131 0 53 0 3
1 95 9055 7 24	0 0 4 8860 130 0 56 0 3
2 175 9609 7 24	0 0 3 9428 117 0 54 0 4
1 96 9140 7 25	0 0 4 8947 129 0 55 0 3
2 176 9702 7 24	0 0 3 9510 131 0 52 0 4
0 95 9190 7 25	0 0 4 8992 139 0 50 0 3
2 177 9787 7 24	0 0 4 9596 128 0 53 0 4
2 178 9865 7 24	0 0 5 9683 126 0 44 0 4
1 98 9333 7 25	0 0 2 9138 131 0 55 0 4
0 97 9375 7 24	0 0 5 9172 142 0 50 0 4
2 179 9970 7 24	0 0 4 9776 129 0 56 0 4
1 99 9419 7 25	0 0 3 9226 132 0 52 0 3
0 98 9465 7 24	0 0 3 9278 132 0 47 0 4
2 180 10043 7 25	0 0 3 9863 127 0 44 0 4
1 100 9518 7 25	0 0 6 9315 143 0 45 0 7
0 99 9563 7 24	0 0 2 9374 127 0 51 0 7
2 181 10165 7 25	0 0 6 9947 138 0 67 0 5
0 100 9671 7 24	0 0 6 9453 152 0 51 0 6
1 101 9636 7 25	0 0 4 9421 144 0 54 0 11
1 102 9725 7 25	0 0 5 9528 135 0 51 0 4
2 182 10279 7 25	0 0 3 10053 157 0 55 0 9
0 101 9771 7 24	0 0 5 9567 140 0 53 0 4
1 103 9821 7 25	0 0 6 9618 134 0 58 0 4
0 102 9869 7 24	0 0 4 9672 137 0 50 0 4
2 183 10383 7 25	0 0 2 10167 132 0 69 0 10
1 104 9913 7 24	0 0 8 9710 139 0 50 0 4
2 184 10472 7 25	0 0 5 10258 137 0 66 0 5
0 103 9967 7 24	0 0 6 9763 136 0 55 0 4
1 105 10018 7 24	0 0 24 9796 133 0 59 0 4
2 185 10573 7 25	0 0 4 10359 141 0 61 0 6
0 104 10059 7 25	0 0 8 9858 132 0 56 0 4
1 106 10105 7 24	0 0 4 9908 141 0 46 0 4
0 105 10157 7 25	0 0 28 9932 140 0 50 0 4
2 186 10674 7 25	0 0 3 10458 139 0 66 0 5
1 107 10199 7 24	0 0 5 10007 131 0 50 0 4
0 106 10255 7 25	0 0 4 10055 136 0 54 0 4
2 187 10772 7 25	0 0 4 10557 133 0 70 0 7
1 108 10295 7 24	0 0 7 10098 133 0 51 0 4
2 188 10858 7 24	0 0 5 10649 133 0 63 0 6
0 107 10346 7 25	0 0 6 10149 141 0 45 0 4
1 109 10413 7 24	0 0 4 10198 152 0 53 0 4
2 189 10967 7 24	0 0 4 10748 151 0 59 0 4
0 108 10456 7 25	0 0 5 10252 137 0 56 0 4
1 110 10502 7 24	0 0 3 10308 129 0 56 0 4
0 109 10547 7 25	0 0 4 10354 127 0 56 0 4
2 190 11060 7 24	0 0 3 10857 131 0 64 0 3
0 110 10632 7 25	0 0 4 10437 134 0 51 0 4
1 111 10594 7 24	0 0 5 10395 135 0 53 0 4
2 191 11157 7 24	0 0 6 10946 136 0 61 0 5
1 112 10689 7 24	0 0 6 10490 130 0 56 0 4
2 192 11247 7 24	0 0 5 11047 131 0 58 0 4
0 111 10731 7 25	0 0 5 10531 130 0 59 0 4
1 113 10782 7 24	0 0 4 10587 131 0 54 0 4
0 112 10818 7 24	0 0 7 10619 130 0 56 0 4
2 193 11342 7 24	0 0 3 11137 142 0 54 0 3
0 113 10902 7 24	0 0 4 10716 132 0 44 0 4
1 114 10871 7 24	0 0 5 10673 140 0 48 0 4
2 194 11441 7 24	0 0 7 11236 131 0 59 0 5
0 114 11003 7 24	0 0 5 10802 135 0 54 0 4
1 115 10966 7 24	0 0 6 10773 128 0 53 0 4
2 195 11528 7 24	0 0 4 11333 132 0 53 0 4
1 116 11075 7 24	0 0 3 10867 132 0 67 0 4
0 115 11113 7 24	0 0 6 10898 134 0 69 0 4
2 196 11634 7 25	0 0 4 11423 127 0 73 0 6
1 117 11166 7 24	0 0 7 10953 146 0 55 0 3
0 116 11218 7 24	0 0 3 11000 150 0 60 0 4
2 197 11730 7 25	0 0 4 11509 148 0 63 0 3
1 118 11260 7 24	0 0 6 11061 134 0 54 0 4
0 117 11301 7 24	0 0 6 11102 135 0 52 0 3
2 198 11819 7 25	0 0 6 11616 131 0 60 0 4
1 119 11357 7 24	0 0 3 11160 135 0 52 0 4
0 118 11396 7 24	0 0 5 11199 133 0 53 0 4
2 199 11911 7 25	0 0 20 11694 135 0 54 0 5
0 119 11488 7 24	0 0 4 11297 131 0 50 0 4
1 120 11449 7 24	0 0 5 11252 132 0 55 0 4
2 200 12013 7 25	0 0 3 11806 131 0 67 0 4
1 121 11536 7 24	0 0 5 11344 130 0 51 0 4
0 120 11580 7 25	0 0 5 11383 132 0 54 0 4
2 201 12102 7 25	0 0 5 11895 132 0 63 0 4
2 202 12198 7 25	0 0 6 11988 137 0 59 0 6
0 122 11771 7 25	0 0 3 11575 132 0 55 0 4
1 123 11734 7 24	0 0 2 11536 133 0 58 0 4
2 203 12292 7 25	0 0 3 12092 132 0 59 0 4
1 124 11827 7 24	0 0 7 11622 146 0 47 0 3
0 123 11883 7 25	0 0 2 11672 153 0 50 0 4
2 204 12400 7 24	0 0 3 12181 149 0 59 0 6
0 124 11966 7 25	0 0 6 11777 127 0 47 0 4
2 205 12484 7 24	0 0 5 12288 128 0 56 0 5
1 125 11946 7 24	0 0 5 11732 131 0 73 0 3
1 126 12027 7 24	0 0 3 11829 131 0 58 0 4
2 206 12581 7 24	0 0 4 12381 132 0 57 0 4
0 125 12066 7 25	0 0 5 11866 136 0 54 0 3
1 127 12110 7 24	0 0 6 11913 138 0 48 0 4
0 126 12162 7 25	0 0 4 11967 132 0 52 0 4
2 207 12678 7 24	0 0 3 12473 137 0 57 0 6
1 128 12213 7 25	0 0 5 12013 132 0 56 0 4
0 127 12253 7 25	0 0 5 12055 130 0 57 0 4
2 208 12775 7 24	0 0 5 12567 131 0 65 0 4
0 128 12349 7 24	0 0 5 12145 136 0 57 0 4
2 209 12868 7 24	0 0 6 12661 137 0 57 0 5
1 129 12314 7 25	0 0 3 12110 142 0 53 0 4
1 130 12402 7 25	0 0 6 12207 130 0 52 0 4
0 129 12451 7 24	0 0 3 12248 137 0 55 0 7
2 210 12970 7 24	0 0 3 12759 135 0 66 0 5
1 131 12503 7 25	0 0 28 12276 134 0 59 0 4
0 130 12543 7 24	0 0 5 12339 135 0 58 0 4
2 211 13062 7 24	0 0 4 12852 134 0 66 0 4
1 132 12613 7 25	0 0 3 12395 155 0 53 0 4
2 212 13184 7 24	0 0 6 12946 159 0 65 0 4
0 131 12670 7 24	0 0 24 12416 174 0 51 0 4
1 133 12707 7 25	0 0 2 12514 139 0 44 0 6
2 213 13274 7 24	0 0 3 13073 141 0 50 0 4
0 132 12774 7 24	0 0 5 12569 138 0 51 0 9
1 134 12806 7 25	0 0 4 12609 133 0 46 0 11
2 214 13372 7 24	0 0 3 13171 128 0 64 0 4
0 133 12868 7 24	0 0 3 12670 141 0 46 0 6
1 135 12898 7 25	0 0 4 12702 133 0 52 0 4
2 215 13458 7 24	0 0 6 13256 132 0 52 0 9
0 134 12963 7 24	0 0 4 12773 137 0 43 0 4
1 136 12998 7 25	0 0 3 12800 138 0 50 0 4
2 216 13553 7 24	0 0 3 13355 136 0 51 0 6
0 135 13049 7 24	0 0 6 12865 125 0 47 0 4
2 217 13644 7 24	0 0 3 13449 133 0 54 0 4
1 137 13094 7 25	0 0 2 12897 133 0 55 0 4
0 136 13146 7 25	0 0 4 12953 138 0 45 0 4
2 218 13739 7 24	0 0 4 13540 137 0 52 0 4
1 138 13187 7 25	0 0 5 12988 138 0 50 0 4
0 137 13250 7 25	0 0 2 13057 137 0 47 0 4
2 219 13855 7 24	0 0 4 13641 135 0 68 0 5
1 139 13302 7 25	0 0 3 13092 133 0 68 0 4
0 138 13351 7 25	0 0 6 13147 141 0 51 0 4
1 140 13390 7 25	0 0 2 13184 151 0 48 0 4
2 220 13946 7 25	0 0 3 13734 153 0 50 0 4
0 139 13451 7 25	0 0 3 13252 138 0 52 0 4
1 141 13483 7 25	0 0 4 13292 131 0 49 0 4
2 221 14050 7 25	0 0 3 13847 137 0 57 0 4
0 140 13547 7 25	0 0 2 13354 136 0 48 0 4
1 142 13584 7 25	0 0 2 13389 137 0 50 0 4
2 222 14135 7 25	0 0 3 13944 132 0 49 0 4
0 141 13638 7 25	0 0 5 13445 138 0 45 0 4
1 143 13676 7 25	0 0 4 13482 135 0 48 0 4
2 223 14235 7 25	0 0 3 14041 134 0 50 0 4
0 142 13731 7 25	0 0 2 13545 128 0 49 0 4
2 224 14323 7 25	0 0 4 14131 130 0 52 0 4
1 144 13776 7 24	0 0 4 13577 134 0 55 0 4
0 143 13825 7 25	0 0 4 13632 136 0 46 0 4
2 225 14411 7 25	0 0 20 14204 135 0 45 0 4
1 145 13862 7 24	0 0 5 13671 136 0 44 0 4
0 144 13929 7 24	0 0 5 13732 140 0 45 0 4
2 226 14519 7 25	0 0 4 14320 136 0 52 0 4
1 146 13967 7 24	0 0 3 13774 130 0 53 0 5
0 145 14016 7 24	0 0 5 13829 126 0 50 0 4
1 147 14075 7 24	0 0 2 13862 156 0 48 0 4
2 227 14628 7 25	0 0 3 14415 154 0 49 0 4
0 146 14132 7 24	0 0 4 13918 153 0 51 0 4
2 228 14732 7 24	0 0 3 14530 131 0 62 0 4
1 148 14181 7 24	0 0 6 13974 134 0 61 0 4
0 147 14233 7 24	0 0 3 14036 140 0 49 0 4
1 149 14271 7 24	0 0 5 14071 138 0 50 0 5
2 229 14826 7 24	0 0 3 14624 141 0 50 0 4
0 148 14327 7 24	0 0 5 14130 134 0 52 0 4
1 150 14364 7 24	0 0 3 14170 131 0 54 0 4
2 230 14917 7 24	0 0 3 14724 131 0 53 0 4
0 149 14419 7 24	0 0 4 14225 136 0 47 0 4
2 231 15006 7 24	0 0 3 14815 133 0 48 0 4
1 151 14454 7 24	0 0 5 14259 131 0 54 0 4
0 150 14517 7 24	0 0 2 14328 137 0 44 0 4
1 152 14548 7 25	0 0 6 14349 140 0 46 0 4
2 232 15102 7 24	0 0 4 14908 136 0 48 0 4
0 151 14606 7 24	0 0 4 14419 129 0 47 0 4
2 233 15207 7 24	0 0 3 15009 133 0 55 0 4
1 153 14658 7 25	0 0 4 14454 133 0 60 0 4
0 152 14696 7 25	0 0 6 14507 118 0 59 0 4
1 154 14755 7 25	0 0 3 14544 132 0 70 0 4
2 234 15315 7 24	0 0 4 15097 139 0 67 0 4
0 153 14802 7 25	0 0 4 14588 136 0 68 0 4
1 155 14859 7 25	0 0 3 14638 151 0 59 0 4
0 154 14903 7 25	0 0 4 14688 146 0 59 0 4
2 235 15413 7 24	0 0 5 15196 146 0 59 0 4
2 236 15508 7 25	0 0 3 15308 137 0 54 0 4
0 155 14992 7 25	0 0 4 14790 137 0 55 0 4
1 156 14937 7 25	0 0 3 14733 137 0 56 0 4
1 157 15042 7 25	0 0 8 14843 132 0 52 0 4
0 156 15085 7 25	0 0 4 14883 132 0 59 0 4
2 237 15603 7 25	0 0 3 15403 132 0 59 0 4
1 158 15144 7 25	0 0 4 14940 131 0 62 0 4
1 159 15233 7 25	0 0 6 15030 137 0 54 0 4
2 239 15787 7 25	0 0 5 15585 136 0 56 0 4
0 158 15278 7 25	0 0 3 15079 135 0 55 0 4
1 160 15309 7 24	0 0 5 15130 125 0 43 0 4
2 240 15892 7 25	0 0 4 15685 140 0 56 0 4
0 159 15376 7 25	0 0 8 15166 139 0 57 0 4
1 161 15405 7 24	0 0 4 15215 130 0 47 0 4
0 160 15458 7 24	0 0 4 15269 133 0 46 0 4
2 241 15992 7 25	0 0 4 15783 143 0 54 0 6
1 162 15525 7 24	0 0 6 15304 160 0 49 0 4
0 161 15581 7 24	0 0 2 15369 150 0 54 0 4
2 242 16112 7 25	0 0 4 15886 158 0 56 0 6
0 162 15667 7 24	0 0 6 15471 137 0 47 0 4
1 163 15630 7 24	0 0 5 15426 142 0 50 0 3
2 243 16207 7 25	0 0 4 16007 140 0 47 0 6
1 164 15727 7 24	0 0 6 15526 136 0 52 0 4
0 163 15768 7 24	0 0 6 15569 134 0 53 0 4
2 244 16296 7 25	0 0 3 16105 122 0 59 0 4
1 165 15819 7 24	0 0 3 15624 132 0 55 0 3
0 164 15863 7 24	0 0 6 15664 137 0 51 0 4
2 245 16382 7 25	0 0 4 16187 126 0 59 0 4
0 165 15958 7 24	0 0 3 15767 129 0 53 0 4
1 166 15916 7 24	0 0 5 15716 137 0 53 0 4
2 246 16474 7 25	0 0 4 16277 130 0 55 0 6
0 166 16048 7 24	0 0 5 15852 128 0 57 0 4
1 167 16014 7 24	0 0 5 15815 129 0 59 0 4
2 247 16566 7 25	0 0 3 16365 132 0 59 0 4
0 167 16144 7 24	0 0 5 15941 132 0 59 0 4
2 248 16657 7 25	0 0 3 16455 132 0 60 0 4
1 168 16106 7 25	0 0 6 15901 132 0 60 0 5
1 169 16198 7 25	0 0 6 15994 136 0 56 0 4
0 168 16243 7 24	0 0 3 16039 138 0 56 0 4
2 249 16758 7 25	0 0 3 16553 137 0 55 0 8
2 250 16863 7 25	0 0 4 16645 157 0 51 0 5
1 170 16314 7 25	0 0 6 16092 157 0 53 0 4
0 169 16352 7 24	0 0 5 16132 157 0 52 0 4
1 171 16404 7 25	0 0 3 16211 130 0 55 0 4
0 170 16444 7 24	0 0 5 16250 131 0 53 0 4
2 251 16958 7 25	0 0 22 16744 131 0 53 0 7
0 171 16550 7 24	0 0 2 16347 131 0 64 0 4
2 252 17061 7 25	0 0 6 16853 141 0 54 0 5
1 172 16512 7 25	0 0 6 16297 157 0 47 0 4
0 172 16599 7 24	0 0 7 16429 121 0 37 0 4
2 253 17156 7 25	0 0 5 16959 141 0 45 0 5
1 173 16609 7 25	0 0 6 16417 135 0 45 0 4
0 173 16694 7 24	0 0 5 16513 139 0 32 0 4
1 174 16699 7 25	0 0 5 16512 134 0 42 0 4
2 254 17253 7 25	0 0 3 17058 141 0 44 0 4
0 174 16788 7 24	0 0 4 16613 131 0 34 0 3
1 175 16787 7 25	0 0 3 16607 127 0 43 0 4
2 255 17347 7 25	0 0 6 17156 133 0 45 0 5
0 175 16894 7 24	0 0 4 16710 138 0 37 0 4
1 176 16883 7 24	0 0 5 16694 130 0 47 0 4
2 256 17442 7 25	0 0 4 17252 132 0 47 0 5
0 176 17019 7 25	0 0 6 16801 140 0 66 0 4
1 177 16998 7 24	0 0 5 16786 154 0 46 0 4
2 257 17564 7 25	0 0 4 17346 157 0 49 0 5
0 177 17116 7 25	0 0 5 16903 158 0 43 0 4
1 178 17102 7 24	0 0 4 16901 135 0 55 0 4
2 258 17654 7 25	0 0 3 17464 129 0 51 0 5
0 178 17224 7 25	0 0 3 17028 141 0 46 0 4
1 179 17196 7 24	0 0 6 16994 139 0 51 0 4
2 259 17752 7 25	0 0 3 17554 137 0 51 0 5
0 179 17326 7 25	0 0 6 17122 138 0 54 0 4
1 180 17299 7 24	0 0 5 17097 135 0 57 0 4
2 260 17851 7 24	0 0 4 17650 133 0 57 0 5
0 180 17422 7 25	0 0 3 17224 134 0 55 0 4
1 181 17385 7 24	0 0 6 17188 133 0 52 0 4
2 261 17948 7 24	0 0 4 17746 142 0 49 0 4
1 182 17487 7 24	0 0 3 17286 138 0 54 0 4
0 181 17532 7 25	0 0 5 17316 145 0 57 0 6
2 262 18049 7 24	0 0 4 17846 132 0 61 0 5
1 183 17587 7 24	0 0 5 17383 135 0 58 0 4
0 182 17629 7 25	0 0 3 17429 134 0 58 0 4
2 263 18139 7 24	0 0 3 17939 131 0 58 0 5
1 184 17679 7 25	0 0 5 17474 140 0 54 0 4
0 183 17722 6 24	0 0 5 17517 140 0 54 0 4
2 264 18243 7 24	0 0 4 18033 140 0 54 0 10
2 265 18353 7 24	0 0 4 18131 160 0 52 0 5
1 185 17803 7 25	0 0 4 17579 157 0 54 0 7
0 184 17845 6 24	0 0 6 17616 159 0 55 0 7
0 185 17947 6 24	0 0 4 17742 132 0 60 0 7
2 266 18456 7 24	0 0 4 18250 132 0 59 0 9
1 186 17905 7 25	0 0 6 17694 134 0 62 0 6
0 186 18036 6 24	0 0 7 17828 142 0 54 0 4
1 187 17998 7 25	0 0 5 17791 139 0 56 0 4
2 267 18558 7 24	0 0 4 18346 143 0 55 0 8
1 188 18092 7 25	0 0 7 17888 134 0 57 0 4
0 187 18133 6 24	0 0 4 17933 131 0 59 0 4
2 268 18647 7 24	0 0 3 18447 132 0 57 0 5
0 188 18223 6 24	0 0 5 18023 136 0 54 0 4
1 189 18184 7 25	0 0 4 17986 134 0 54 0 3
2 269 18737 7 24	0 0 2 18541 130 0 57 0 5
0 189 18319 6 24	0 0 2 18126 133 0 52 0 3
2 271 18925 7 24	0 0 3 18214 129 0 56 0 3
0 190 18409 6 24	0 0 6 18171 130 0 57 0 4
1 191 18369 7 25	0 0 2 18265 129 0 73 0 4
1 192 18475 7 25	0 0 7 18301 133 0 70 0 3
0 191 18516 7 25	0 0 4 18817 131 0 70 0 5
2 272 19029 7 24	0 0 5 18351 149 0 48 0 3
1 193 18558 7 25	0 0 3 18402 151 0 53 0 5
0 192 18616 7 25	0 0 4 18910 152 0 56 0 5
2 273 19128 7 24	0 0 16 18453 130 0 50 0 3
1 194 18654 7 25	0 0 3 19026 135 0 49 0 4
2 274 19220 7 24	0 0 5 18507 140 0 50 0 3
0 193 18706 7 25	0 0 5 18552 138 0 54 0 4
1 195 18754 7 25	0 0 13 18598 125 0 51 0 3
0 194 18793 7 25	0 0 3 19119 128 0 53 0 4
2 275 19309 7 24	0 0 3 18652 131 0 58 0 4
1 196 18851 7 25	0 0 6 18693 130 0 57 0 4
0 195 18893 7 25	0 0 3 19207 131 0 60 0 5
2 276 19409 7 25	0 0 5 18744 134 0 56 0 3
1 197 18945 7 25	0 0 4 19298 134 0 54 0 4
2 277 19496 7 25	0 0 2 18791 142 0 49 0 3
0 196 18991 7 25	0 0 4 18838 136 0 51 0 4
1 198 19034 7 25	0 0 6 19394 133 0 52 0 5
2 278 19592 7 25	0 0 3 18889 126 0 51 0 4
0 197 19075 7 25	0 0 6 18972 128 0 57 0 4
0 198 19169 7 25	0 0 5 18929 130 0 56 0 4
1 199 19126 7 25	0 0 3 19486 130 0 58 0 6
2 279 19686 7 25	0 0 4 19576 133 0 55 0 5
2 280 19774 7 25	0 0 2 19027 133 0 55 0 4
1 200 19224 7 24	0 0 5 19060 138 0 58 0 4
0 199 19266 7 24	0 0 3 19671 138 0 54 0 5
2 281 19873 7 25	0 0 4 19166 133 0 54 0 4
0 200 19365 7 24	0 0 2 19122 137 0 55 0 4
1 201 19323 7 24	0 0 6 19211 134 0 59 0 4
1 202 19417 7 24	0 0 3 19258 135 0 59 0 4
0 201 19461 7 24	0 0 4 19771 134 0 62 0 5
2 282 19978 7 25	0 0 4 19311 133 0 34 0 4
1 203 19487 7 24	0 0 7 19347 143 0 50 0 4
0 202 19553 7 24	0 0 4 19863 145 0 50 0 4
2 283 20069 7 25	0 0 4 19406 127 0 39 0 4
1 204 19582 7 24	0 0 3 19970 132 0 52 0 4
2 284 20164 7 25	0 0 2 19461 135 0 51 0 3
0 203 19655 7 24	0 0 7 19488 133 0 45 0 4
1 205 19679 7 24	0 0 6 20063 132 0 48 0 4
2 285 20255 7 25	0 0 3 19552 145 0 46 0 4
0 204 19752 7 24	0 0 4 19584 137 0 45 0 4
1 206 19777 7 24	0 0 4 20154 130 0 50 0 5
2 286 20344 7 25	0 0 8 19652 140 0 45 0 4
0 205 19851 7 24	0 0 4 19684 138 0 54 0 4
1 207 19887 7 24	0 0 4 20243 132 0 53 0 5
2 287 20439 7 25	0 0 5 19756 136 0 48 0 4
0 206 19952 7 24	0 0 3 19782 136 0 40 0 5
1 208 19968 7 25	0 0 14 20330 153 0 44 0 4
2 288 20548 7 25	0 0 5 19857 153 0 37 0 4
0 207 20057 7 24	0 0 4 19876 140 0 38 0 5
1 209 20066 7 25	0 0 4 20451 138 0 52 0 5
2 289 20652 7 25	0 0 4 19968 129 0 42 0 5
0 208 20150 7 24	0 0 3 19979 132 0 37 0 5
1 210 20159 7 25	0 0 4 20549 144 0 42 0 4
2 290 20746 7 25	0 0 4 20056 136 0 46 0 5
0 209 20250 7 24	0 0 2 20075 134 0 31 0 5
1 211 20250 7 25	0 0 4 20653 144 0 34 0 4
2 291 20842 7 25	0 0 4 20158 144 0 41 0 4
0 210 20353 7 24	0 0 4 20165 134 0 34 0 5
1 212 20345 7 25	0 0 4 20761 134 0 39 0 5
2 292 20945 7 25	0 0 3 20260 134 0 40 0 5
0 211 20443 7 24	0 0 5 20259 133 0 36 0 5
1 213 20440 7 25	0 0 3 20852 143 0 42 0 4
2 293 21046 7 25	0 0 4 20353 138 0 42 0 4
0 212 20543 7 24	0 0 5 20356 138 0 33 0 4
1 214 20538 7 25	0 0 4 20957 137 0 47 0 5
2 294 21152 7 25	0 0 5 20449 131 0 47 0 5
0 213 20639 7 24	0 0 4 20453 130 0 40 0 4
1 215 20633 7 25	0 0 5 20544 143 0 47 0 4
0 214 20746 7 24	0 0 4 21057 147 0 45 0 5
2 295 21260 7 25	0 0 7 20536 144 0 37 0 5
1 216 20732 7 24	0 0 4 20644 132 0 47 0 4
0 215 20834 7 25	0 0 5 21160 132 0 44 0 4
2 296 21347 7 25	0 0 2 20650 134 0 36 0 4
1 217 20829 7 24	0 0 5 20733 130 0 45 0 4
0 216 20920 7 25	0 0 4 21253 135 0 40 0 5
2 297 21439 7 25	0 0 3 20746 142 0 34 0 5
1 218 20932 7 24	0 0 4 20832 138 0 38 0 4
0 217 21018 7 25	0 0 3 21351 141 0 40 0 5
2 298 21542 7 25	0 0 7 20842 135 0 36 0 4
1 219 21026 7 24	0 0 3 20927 133 0 37 0 4
0 218 21106 7 25	0 0 4 21454 138 0 43 0 5
2 299 21646 7 25	0 0 3 20941 145 0 39 0 4
1 220 21134 7 24	0 0 5 21018 126 0 42 0 8
0 219 21201 7 25	0 0 3 21550 140 0 38 0 4
2 300 21738 7 24	0 0 3 21050 136 0 44 0 4
1 221 21247 7 24	0 0 4 21109 135 0 34 0 6
0 220 21290 7 25	0 0 4 21651 153 0 37 0 4
2 301 21851 7 24	0 0 4 21143 129 0 35 0 4
1 222 21322 7 24	0 0 4 21201 129 0 30 0 5
0 221 21372 7 25	0 0 4 21767 135 0 36 0 4
2 302 21947 7 24	0 0 5 21232 142 0 34 0 4
1 223 21418 7 24	0 0 3 21292 162 0 33 0 4
0 222 21496 7 25	0 0 5 21857 141 0 34 0 5
2 303 22044 7 24	0 0 5 21336 131 0 37 0 4
1 224 21516 7 25	0 0 4 21413 134 0 35 0 4
0 223 21593 7 25	0 0 4 21961 137 0 37 0 4
2 304 22145 7 24	0 0 5 21425 141 0 36 0 4
1 225 21613 7 25	0 0 5 21508 137 0 35 0 5
0 224 21693 7 25	0 0 4 22062 142 0 34 0 4
2 305 22248 7 24	0 0 5 21526 133 0 37 0 4
1 226 21708 7 25	0 0 5 21604 136 0 35 0 4
0 225 21787 7 25	0 0 4 22161 134 0 35 0 4
2 306 22340 7 24	0 0 2 21624 133 0 39 0 4
1 227 21805 7 25	0 0 5 21701 142 0 35 0 6
0 226 21891 7 25	0 0 6 22254 143 0 35 0 4
2 307 22443 7 24	0 0 6 21714 145 0 37 0 4
1 228 21907 7 25	0 0 3 21809 130 0 37 0 4
0 227 21986 7 25	0 0 4 22359 134 0 35 0 4
2 308 22538 7 24	0 0 6 21818 134 0 36 0 4
1 229 22001 7 25	0 0 4 21896 130 0 38 0 4
0 228 22073 7 25	0 0 3 22458 146 0 36 0 5
2 309 22649 7 24	0 0 6 21912 143 0 39 0 4
1 230 22107 7 25	0 0 5 21984 127 0 54 0 4
0 229 22177 7 25	0 0 4 22559 144 0 35 0 4
2 310 22748 7 24	0 0 4 22021 160 0 46 0 4
1 231 22238 7 25	0 0 6 22071 151 0 44 0 7
0 230 22281 7 25	0 0 4 22664 145 0 36 0 4
2 311 22856 7 24	0 0 3 22141 132 0 48 0 4
1 232 22330 7 24	0 0 4 22189 129 0 47 0 5
0 231 22376 7 25	0 0 3 22773 132 0 36 0 4
2 312 22952 7 24	0 0 7 22229 136 0 45 0 4
1 233 22424 7 24	0 0 4 22275 135 0 44 0 4
0 232 22464 7 25	0 0 5 22861 135 0 34 0 4
2 313 23041 7 24	0 0 4 22326 135 0 47 0 7
1 234 22521 7 24	0 0 7 22367 133 0 49 0 10
0 233 22568 7 25	0 0 4 22957 132 0 36 0 4
2 314 23135 7 24	0 0 4 22464 132 0 50 0 7
0 234 22659 7 25	0 0 5 22423 133 0 49 0 7
1 235 22618 7 24	0 0 3 23054 133 0 36 0 5
2 315 23233 7 24	0 0 4 22556 133 0 38 0 4
0 235 22737 7 25	0 0 6 22514 144 0 42 0 4
1 236 22712 7 24	0 0 3 23145 142 0 37 0 9
2 316 23338 7 24	0 0 5 22647 130 0 39 0 4
0 236 22827 7 25	0 0 6 22619 133 0 42 0 4
1 237 22807 7 24	0 0 4 23246 137 0 51 0 7
2 317 23448 7 24	0 0 5 22738 144 0 40 0 4
0 237 22933 7 25	0 0 3 22719 153 0 38 0 4
1 238 22918 7 24	0 0 4 23345 158 0 40 0 4
2 318 23553 7 24	0 0 4 22848 127 0 42 0 4
0 238 23027 7 25	0 0 5 22828 139 0 36 0 4
1 239 23014 7 24	0 0 3 23464 143 0 44 0 4
2 319 23661 7 24	0 0 5 22931 129 0 49 0 7
0 239 23123 7 24	0 0 6 22925 131 0 38 0 4
1 240 23107 7 25	0 0 4 23567 137 0 49 0 5
2 320 23764 7 24	0 0 6 23018 137 0 47 0 4
0 240 23214 7 24	0 0 3 23022 133 0 37 0 4
1 241 23202 7 25	0 0 5 23664 139 0 44 0 4
2 321 23858 7 24	0 0 5 23121 142 0 48 0 4
0 241 23323 7 24	0 0 4 23116 129 0 44 0 4
1 242 23300 7 25	0 0 3 23768 134 0 47 0 5
2 322 23959 7 24	0 0 3 23222 139 0 47 0 4
0 242 23417 7 24	0 0 5 23201 130 0 45 0 4
1 243 23388 7 25	0 0 4 23858 136 0 40 0 5
2 323 24044 6 24	0 0 6 23317 138 0 47 0 4
0 243 23514 7 24	0 0 5 23293 135 0 47 0 4
1 244 23486 7 25	0 0 4 23954 136 0 41 0 4
2 324 24141 6 24	0 0 4 23392 126 0 53 0 4
1 245 23581 7 25	0 0 6 23416 135 0 56 0 4
0 244 23619 7 24	0 0 3 24052 147 0 42 0 5
2 325 24252 6 24	0 0 4 23518 148 0 53 0 4
0 245 23728 7 24	0 0 4 23476 148 0 55 0 4
1 246 23688 7 25	0 0 3 24163 137 0 44 0 5
2 326 24353 6 24	0 0 5 23582 131 0 55 0 4
1 247 23780 7 25	0 0 4 23622 145 0 47 0 4
0 246 23824 7 24	0 0 5 24254 134 0 43 0 5
2 327 24443 6 24	0 0 4 23679 140 0 53 0 5
1 248 23882 7 24	0 0 5 23727 137 0 48 0 4
0 247 23923 7 24	0 0 3 24351 149 0 50 0 4
2 328 24560 6 24	0 0 5 23775 138 0 60 0 5
1 249 23985 7 24	0 0 4 23830 139 0 50 0 4
0 248 24030 7 24	0 0 4 23874 140 0 57 0 5
1 250 24083 7 24	0 0 4 24463 145 0 61 0 5
2 329 24680 6 24	0 0 5 23924 129 0 58 0 5
0 249 24124 7 24	0 0 5 23975 139 0 56 0 4
1 251 24182 7 24	0 0 5 24014 138 0 64 0 4
0 250 24228 7 24	0 0 5 24564 140 0 67 0 5
2 330 24782 6 24	0 0 5 24113 142 0 58 0 5
0 251 24325 7 24	0 0 4 24664 145 0 59 0 5
2 331 24878 6 24	0 0 4 24079 143 0 61 0 5
1 252 24293 7 24	0 0 3 24221 152 0 53 0 4
0 252 24436 7 24	0 0 3 24772 159 0 62 0 4
2 332 25002 6 24	0 0 6 24176 161 0 58 0 5
1 253 24408 7 24	0 0 6 24327 137 0 55 0 5
0 253 24532 7 24	0 0 3 24892 138 0 58 0 4
2 333 25098 6 24	0 0 6 24299 143 0 53 0 4
1 254 24507 7 24	0 0 7 24424 138 0 44 0 4
0 254 24619 7 24	0 0 5 24988 140 0 49 0 4
2 334 25188 6 24	0 0 3 24408 144 0 53 0 5
1 255 24615 6 24	0 0 4 24529 139 0 56 0 5
0 255 24735 7 25	0 0 4 25090 132 0 57 0 4
2 335 25289 6 24	0 0 3 24510 143 0 46 0 4
2 336 25386 6 24	0 0 6 24623 145 0 50 0 5
1 257 24813 6 24	0 0 7 24726 135 0 58 0 5
0 257 24934 7 25	0 0 5 25284 132 0 60 0 4
2 337 25489 6 24	0 0 4 24708 141 0 50 0 4
1 258 24909 6 24	0 0 5 25378 142 0 50 0 4
2 338 25582 7 25	0 0 5 24824 145 0 49 0 4
0 258 25029 7 25	0 0 5 24810 138 0 54 0 5
1 259 25014 6 24	0 0 3 25486 133 0 52 0 4
2 339 25680 7 25	0 0 6 24932 134 0 66 0 5
0 259 25145 7 25	0 0 5 24905 137 0 62 0 5
1 260 25115 6 24	0 0 4 25575 153 0 52 0 5
2 340 25792 7 25	0 0 4 25023 152 0 51 0 5
0 260 25239 7 25	0 0 6 25003 149 0 54 0 5
1 261 25218 6 24	0 0 4 25689 136 0 60 0 5
2 341 25896 7 25	0 0 7 25135 136 0 60 0 4
0 261 25344 7 25	0 0 8 25113 139 0 49 0 5
1 262 25316 6 24	0 0 3 25791 141 0 53 0 4
2 342 25994 7 25	0 0 8 25233 140 0 53 0 5
0 262 25442 6 24	0 0 5 25212 135 0 56 0 5
1 263 25415 7 24	0 0 3 25889 137 0 62 0 4
2 343 26097 7 25	0 0 5 25333 136 0 63 0 5
0 263 25544 6 24	0 0 6 25307 135 0 52 0 4
1 264 25507 7 24	0 0 5 25985 141 0 57 0 5
2 344 26195 7 25	0 0 6 25428 142 0 59 0 5
0 264 25642 6 24	0 0 4 25405 130 0 58 0 5
1 265 25603 7 24	0 0 4 25498 135 0 64 0 5
1 266 25708 7 24	0 0 5 25531 139 0 64 0 5
0 265 25746 6 24	0 0 4 26088 137 0 65 0 4
2 346 26400 7 24	0 0 7 25588 141 0 60 0 6
0 266 25848 6 24	0 0 5 25691 165 0 61 0 5
1 268 25931 7 24	0 0 6 25733 164 0 61 0 5
0 267 25971 6 24	0 0 5 26286 164 0 63 0 4
2 347 26524 7 24	0 0 5 25821 139 0 60 0 5
1 269 26032 7 24	0 0 6 26410 136 0 63 0 4
2 348 26622 7 24	0 0 6 25858 137 0 61 0 5
0 268 26069 6 24	0 0 3 25917 141 0 54 0 5
1 270 26121 7 24	0 0 5 25960 142 0 55 0 5
0 269 26169 6 24	0 0 3 26513 141 0 66 0 4
2 349 26730 7 24	0 0 4 26060 139 0 62 0 4
0 270 26271 6 24	0 0 3 26612 140 0 62 0 4
2 350 26824 7 24	0 0 5 26018 144 0 57 0 5
1 271 26231 7 25	0 0 6 26156 141 0 62 0 5
0 271 26372 6 24	0 0 7 26709 142 0 61 0 5
2 351 26925 7 24	0 0 2 26126 138 0 62 0 5
1 272 26334 7 25	0 0 3 26265 136 0 62 0 4
0 272 26472 6 24	0 0 3 26227 136 0 61 0 5
1 273 26433 7 25	0 0 3 26817 137 0 65 0 5
2 352 27029 7 24	0 0 2 26358 143 0 62 0 5
0 273 26572 6 24	0 0 4 26318 142 0 62 0 5
1 274 26532 7 25	0 0 3 26912 141 0 63 0 4
2 353 27126 6 24	0 0 5 26458 139 0 83 0 5
0 274 26692 6 24	0 0 4 26419 142 0 81 0 4
1 275 26654 7 25	0 0 4 27013 174 0 59 0 4
2 354 27255 6 24	0 0 12 27139 137 0 57 0 5
2 355 27351 6 24	0 0 4 26558 171 0 58 0 5
0 275 26799 6 24	0 0 4 26525 167 0 60 0 6
1 276 26764 7 25	0 0 4 26695 137 0 63 0 5
0 276 26905 6 24	0 0 4 27247 135 0 70 0 5
2 356 27463 6 24	0 0 6 26648 138 0 71 0 4
1 277 26869 7 25	0 0 6 26785 146 0 55 0 5
0 277 26999 6 24	0 0 4 27339 147 0 57 0 5
2 357 27554 6 24	0 0 6 26747 146 0 57 0 4
1 278 26962 6 24	0 0 5 27445 136 0 63 0 5
2 358 27657 6 24	0 0 7 26892 137 0 63 0 4
0 278 27104 6 24	0 0 4 26858 134 0 66 0 5
1 279 27069 6 24	0 0 4 26995 142 0 56 0 5
0 279 27203 6 24	0 0 4 26949 143 0 65 0 5
1 280 27168 6 24	0 0 4 27546 141 0 71 0 4
2 359 27769 6 24	0 0 4 27094 137 0 61 0 5
0 280 27303 6 24	0 0 4 27645 137 0 63 0 5
2 360 27857 6 25	0 0 6 27050 136 0 66 0 5
1 281 27264 6 24	0 0 4 27743 141 0 79 0 4
2 361 27973 6 25	0 0 6 27190 140 0 82 0 4
0 281 27424 6 24	0 0 3 27153 141 0 85 0 4
1 282 27389 6 24	0 0 5 27843 147 0 59 0 4
2 362 28061 6 25	0 0 4 27296 147 0 60 0 4
0 282 27514 6 24	0 0 4 27249 194 0 41 0 4
1 283 27495 6 24	0 0 3 27956 140 0 57 0 5
2 363 28162 6 25	0 0 5 27400 146 0 51 0 4
0 283 27608 6 24	0 0 7 27401 126 0 45 0 4
1 284 27586 6 24	0 0 3 28053 133 0 40 0 4
2 364 28241 6 25	0 0 7 27504 136 0 38 0 5
0 284 27693 7 25	0 0 4 27491 137 0 53 0 4
1 285 27692 6 24	0 0 5 28144 145 0 51 0 5
2 365 28352 6 25	0 0 4 27603 136 0 50 0 4
0 285 27800 7 25	0 0 4 27592 122 0 53 0 5
1 286 27779 6 25	0 0 6 27669 127 0 58 0 5
1 287 27868 6 25	0 0 5 27703 140 0 59 0 5
0 286 27914 7 25	0 0 3 28254 134 0 69 0 4
2 366 28468 6 25	0 0 5 28345 141 0 58 0 5
2 367 28556 6 25	0 0 7 27756 137 0 57 0 5
1 288 27965 6 25	0 0 6 27798 138 0 60 0 5
0 287 28010 7 25	0 0 5 28446 138 0 62 0 4
2 368 28657 7 24	0 0 8 27895 134 0 60 0 4
0 288 28104 7 25	0 0 5 27860 134 0 63 0 5
1 289 28068 6 25	0 0 3 28547 137 0 50 0 4
2 369 28742 7 24	0 0 6 27949 140 0 52 0 5
1 290 28154 6 25	0 0 4 27997 149 0 52 0 5
0 289 28210 7 25	0 0 6 28050 141 0 58 0 5
1 291 28263 6 25	0 0 3 28646 134 0 68 0 5
2 370 28859 7 24	0 0 3 28104 134 0 55 0 5
0 290 28303 7 25	0 0 4 28737 138 0 49 0 4
2 371 28936 7 24	0 0 4 28158 136 0 53 0 5
1 292 28358 6 25	0 0 5 28197 141 0 49 0 4
0 291 28399 7 25	0 0 5 28835 136 0 52 0 5
2 372 29036 7 24	0 0 5 28250 130 0 51 0 5
1 293 28443 6 25	0 0 4 28303 137 0 53 0 5
0 292 28504 7 24	0 0 6 28340 135 0 48 0 5
1 294 28536 7 25	0 0 4 28936 136 0 62 0 5
2 373 29145 7 24	0 0 5 28395 142 0 50 0 4
0 293 28599 7 24	0 0 5 28440 139 0 52 0 5
1 295 28642 7 25	0 0 3 29031 141 0 51 0 4
2 374 29232 7 24	0 0 7 28496 136 0 52 0 4
0 294 28697 7 24	0 0 4 28536 128 0 44 0 5
1 296 28720 7 25	0 0 4 28599 128 0 51 0 4
0 295 28789 7 24	0 0 6 29129 157 0 49 0 5
2 375 29348 7 24	0 0 5 28624 144 0 60 0 5
2 376 29471 7 25	0 0 5 28683 143 0 77 0 4
1 298 28938 7 25	0 0 3 29342 158 0 53 0 4
2 377 29563 7 25	0 0 4 28787 164 0 54 0 4
0 297 29015 7 24	0 0 5 28851 134 0 41 0 5
1 299 29038 7 25	0 0 6 29458 136 0 50 0 4
2 378 29656 7 25	0 0 5 28911 142 0 46 0 9
0 298 29115 7 24	0 0 5 28943 138 0 34 0 8
1 300 29129 7 25	0 0 4 29559 135 0 57 0 4
2 379 29762 7 25	0 0 5 29017 144 0 44 0 7
0 299 29219 7 24	0 0 7 29038 136 0 37 0 9
1 301 29229 7 25	0 0 3 29653 137 0 49 0 6
2 380 29850 7 25	0 0 6 29116 137 0 43 0 4
0 300 29309 7 25	0 0 4 29142 132 0 42 0 5
1 302 29327 7 24	0 0 4 29749 134 0 49 0 6
2 381 29945 7 25	0 0 6 29214 138 0 40 0 5
0 301 29405 7 25	0 0 4 29230 139 0 37 0 4
1 303 29416 7 24	0 0 5 29844 135 0 45 0 4
2 382 30034 7 25	0 0 4 29318 139 0 41 0 4
0 302 29508 7 25	0 0 5 29329 138 0 50 0 5
1 304 29529 7 24	0 0 3 29943 130 0 57 0 4
2 383 30139 7 25	0 0 4 29414 130 0 44 0 4
0 303 29598 7 25	0 0 5 30028 139 0 50 0 4
2 384 30228 7 25	0 0 4 29431 147 0 50 0 4
1 305 29639 7 24	0 0 6 29502 128 0 53 0 4
0 304 29695 7 25	0 0 4 30129 136 0 58 0 4
2 385 30333 7 25	0 0 8 29531 134 0 60 0 5
1 306 29740 7 24	0 0 4 29596 132 0 52 0 4
0 305 29791 7 25	0 0 4 29629 142 0 53 0 5
1 307 29835 7 24	0 0 3 29686 128 0 53 0 4
0 306 29876 7 25	0 0 3 30229 140 0 61 0 4
2 386 30439 7 25	0 0 3 30327 135 0 60 0 4
2 387 30531 7 25	0 0 6 29772 135 0 61 0 4
0 307 29979 7 25	0 0 4 29732 137 0 60 0 5
1 308 29939 7 24	0 0 6 30419 140 0 56 0 4
2 388 30627 7 25	0 0 4 29868 135 0 59 0 4
0 308 30074 7 24	0 0 4 29832 138 0 57 0 5
1 309 30038 7 24	0 0 5 29967 135 0 53 0 5
0 309 30167 7 24	0 0 5 29927 140 0 58 0 4
1 310 30135 7 24	0 0 3 30525 137 0 65 0 4
2 389 30736 7 25	0 0 5 30059 137 0 56 0 4
0 310 30263 7 24	0 0 3 30619 139 0 54 0 5
2 390 30823 7 25	0 0 5 30027 141 0 53 0 4
1 311 30232 7 24	0 0 5 30156 139 0 54 0 4
0 311 30362 7 24	0 0 6 30716 136 0 57 0 5
2 391 30923 7 25	0 0 2 30135 132 0 67 0 4
1 312 30343 7 24	0 0 3 30260 138 0 60 0 4
0 312 30467 7 24	0 0 3 30816 135 0 58 0 4
2 392 31020 7 25	0 0 5 30221 141 0 54 0 4
1 313 30428 7 24	0 0 10 30318 133 0 51 0 5
1 314 30518 7 24	0 0 5 30355 138 0 54 0 5
0 313 30559 7 24	0 0 3 30915 138 0 65 0 6
2 393 31128 7 25	0 0 5 31008 133 0 59 0 4
2 394 31211 7 25	0 0 12 30446 133 0 62 0 4
0 314 30659 7 24	0 0 3 30422 133 0 63 0 4
1 315 30627 7 24	0 0 5 31102 138 0 53 0 4
2 395 31304 7 25	0 0 3 30551 137 0 57 0 4
0 315 30754 7 24	0 0 4 30511 142 0 50 0 4
1 316 30714 7 24	0 0 4 30646 130 0 46 0 4
0 316 30832 7 24	0 0 8 30610 134 0 54 0 4
1 317 30812 7 24	0 0 3 31205 137 0 62 0 4
2 396 31413 7 25	0 0 6 30734 134 0 53 0 4
0 317 30933 7 24	0 0 3 31300 139 0 51 0 4
2 397 31499 7 25	0 0 3 30710 140 0 50 0 4
1 318 30910 7 25	0 0 4 30834 137 0 48 0 4
0 318 31030 7 24	0 0 5 31397 134 0 52 0 7
2 398 31598 7 25	0 0 4 30808 131 0 57 0 4
1 319 31008 7 25	0 0 4 30929 134 0 58 0 4
0 319 31131 7 24	0 0 5 30900 148 0 52 0 4
1 320 31111 7 25	0 0 3 31496 141 0 61 0 4
2 399 31708 7 25	0 0 5 31021 146 0 39 0 4
0 320 31218 7 24	0 0 8 31005 134 0 51 0 4
1 321 31206 7 25	0 0 3 31595 143 0 54 0 6
2 400 31804 7 24	0 0 7 31127 131 0 43 0 4
0 321 31313 7 24	0 0 5 31697 132 0 57 0 4
2 401 31898 7 24	0 0 4 31108 140 0 56 0 4
1 322 31314 7 25	0 0 5 31224 135 0 44 0 4
0 322 31414 7 24	0 0 5 31204 134 0 52 0 5
0 323 31512 7 24	0 0 6 31297 132 0 55 0 4
1 324 31497 7 25	0 0 3 31889 133 0 58 0 4
2 403 32090 7 24	0 0 5 31417 131 0 46 0 4
0 324 31606 7 25	0 0 4 31982 140 0 52 0 4
2 404 32184 7 24	0 0 4 31395 139 0 50 0 5
1 325 31595 7 25	0 0 4 31514 140 0 40 0 5
0 325 31704 7 25	0 0 12 32074 137 0 58 0 4
2 405 32287 7 24	0 0 5 31490 134 0 58 0 5
1 326 31695 7 24	0 0 5 31609 135 0 45 0 5
0 326 31801 7 25	0 0 8 31582 142 0 50 0 5
1 327 31789 7 24	0 0 3 32184 138 0 59 0 10
2 406 32396 7 24	0 0 7 31703 153 0 44 0 4
0 327 31913 7 25	0 0 4 31692 143 0 56 0 4
1 328 31902 7 24	0 0 3 32279 150 0 54 0 4
2 407 32492 7 24	0 0 4 31823 137 0 56 0 4
0 328 32025 7 25	0 0 7 32385 131 0 56 0 4
2 408 32585 7 25	0 0 4 31792 139 0 52 0 4
1 329 31994 7 24	0 0 4 31915 138 0 44 0 4
0 329 32109 7 25	0 0 3 32484 140 0 55 0 4
2 409 32689 7 25	0 0 5 31890 133 0 57 0 4
1 330 32093 7 24	0 0 5 32014 128 0 40 0 5
0 330 32194 7 25	0 0 5 31984 139 0 53 0 5
1 331 32188 7 24	0 0 4 32580 147 0 46 0 4
2 410 32783 7 25	0 0 6 32101 134 0 36 0 5
0 331 32284 7 25	0 0 4 32088 140 0 46 0 5
1 332 32285 7 24	0 0 5 32686 138 0 46 0 4
2 411 32881 7 25	0 0 4 32202 135 0 38 0 4
0 332 32385 7 25	0 0 6 32183 131 0 44 0 5
1 333 32370 7 24	0 0 3 32787 142 0 40 0 4
2 412 32978 7 25	0 0 4 32294 131 0 43 0 5
0 333 32479 7 25	0 0 7 32273 138 0 45 0 4
1 334 32469 7 25	0 0 5 32891 137 0 47 0 4
2 413 33086 7 25	0 0 6 32383 144 0 49 0 4
0 334 32589 7 25	0 0 5 32378 133 0 55 0 4
1 335 32576 7 25	0 0 4 32987 149 0 39 0 4
2 414 33185 7 25	0 0 4 32494 142 0 38 0 4
0 335 32684 7 25	0 0 6 32466 144 0 44 0 4
1 336 32667 7 25	0 0 5 33095 133 0 43 0 4
2 415 33282 7 25	0 0 5 32591 139 0 37 0 4
0 336 32779 7 25	0 0 5 32572 133 0 45 0 4
1 337 32761 7 25	0 0 4 33192 141 0 46 0 4
2 416 33389 7 25	0 0 4 32691 133 0 38 0 4
0 337 32874 7 25	0 0 5 32666 135 0 47 0 4
1 338 32858 7 25	0 0 3 33291 133 0 37 0 4
2 417 33471 7 25	0 0 5 32785 129 0 39 0 4
0 338 32964 7 25	0 0 4 32765 129 0 39 0 4
1 339 32944 7 25	0 0 6 33382 150 0 34 0 4
2 418 33578 7 25	0 0 4 32878 159 0 39 0 4
0 339 33087 7 25	0 0 12 32840 164 0 40 0 4
1 340 33063 7 25	0 0 3 33499 165 0 42 0 4
2 419 33715 7 25	0 0 10 32985 140 0 31 0 4
0 340 33173 7 25	0 0 7 32972 133 0 63 0 4
1 341 33182 7 25	0 0 4 33620 155 0 35 0 4
2 420 33820 7 25	0 0 6 33093 127 0 39 0 4
0 341 33272 7 25	0 0 3 33071 127 0 43 0 4
1 342 33250 7 24	0 0 6 33734 147 0 37 0 4
2 421 33930 7 25	0 0 3 33188 148 0 38 0 4
0 342 33383 7 25	0 0 5 33159 151 0 38 0 4
1 343 33359 7 24	0 0 3 33847 137 0 46 0 4
2 422 34039 7 25	0 0 3 33292 130 0 44 0 4
0 343 33476 7 25	0 0 5 33266 130 0 42 0 5
1 344 33451 7 24	0 0 3 33942 142 0 45 0 4
2 423 34138 6 24	0 0 7 33379 129 0 56 0 8
0 344 33580 7 25	0 0 4 33358 135 0 41 0 4
1 345 33545 7 24	0 0 5 34042 134 0 50 0 4
2 424 34237 6 24	0 0 4 33471 137 0 49 0 10
0 345 33673 7 25	0 0 5 33457 128 0 44 0 5
1 346 33641 7 24	0 0 5 34138 135 0 35 0 8
2 425 34325 6 24	0 0 4 33572 129 0 41 0 4
0 346 33753 7 25	0 0 5 33542 149 0 35 0 4
1 347 33737 7 24	0 0 3 34234 135 0 51 0 4
2 426 34430 6 24	0 0 5 33655 133 0 49 0 4
0 347 33848 7 25	0 0 6 33650 124 0 41 0 4
1 348 33827 7 24	0 0 4 34328 132 0 62 0 4
2 427 34533 6 24	0 0 6 33749 137 0 47 0 4
0 348 33944 7 24	0 0 4 33740 129 0 44 0 4
1 349 33923 7 24	0 0 5 34421 139 0 52 0 4
2 428 34623 6 24	0 0 3 33853 136 0 72 0 4
0 349 34069 7 24	0 0 4 33826 130 0 68 0 4
1 350 34034 7 24	0 0 3 34525 157 0 44 0 4
2 429 34735 6 24	0 0 4 33944 150 0 52 0 4
0 350 34156 7 24	0 0 5 33915 153 0 50 0 5
1 351 34129 7 24	0 0 5 34637 137 0 77 0 4
2 430 34862 6 24	0 0 3 34034 129 0 61 0 5
1 352 34234 7 24	0 0 6 34052 136 0 69 0 5
0 351 34270 7 24	0 0 4 34735 147 0 46 0 4
2 431 34938 6 25	0 0 3 34119 142 0 52 0 5
1 353 34324 7 24	0 0 3 34153 148 0 55 0 5
0 352 34365 7 24	0 0 3 34833 130 0 39 0 4
2 432 35013 6 25	0 0 3 34265 134 0 73 0 4
0 353 34481 7 24	0 0 6 34219 134 0 72 0 4
1 354 34438 7 24	0 0 4 34934 157 0 53 0 4
2 433 35154 6 25	0 0 6 34353 151 0 58 0 4
0 354 34575 7 24	0 0 7 34313 147 0 61 0 4
1 355 34534 7 24	0 0 9 35045 134 0 63 0 4
2 434 35258 6 25	0 0 4 34427 131 0 61 0 5
1 356 34630 7 24	0 0 11 34459 128 0 61 0 4
0 355 34667 6 24	0 0 5 35144 140 0 59 0 5
0 356 34766 6 24	0 0 5 34514 140 0 57 0 5
0 357 34878 6 24	0 0 6 34613 159 0 53 0 5
1 358 34838 7 25	0 0 4 35248 159 0 63 0 4
2 436 35480 6 25	0 0 7 35362 133 0 63 0 4
2 437 35572 6 25	0 0 6 34772 133 0 61 0 4
0 358 34979 6 24	0 0 2 34740 132 0 60 0 7
1 359 34943 7 25	0 0 5 35456 141 0 55 0 4
2 438 35664 6 25	0 0 3 34870 142 0 58 0 8
0 359 35084 6 24	0 0 3 34829 141 0 60 0 8
1 360 35044 7 25	0 0 4 34928 133 0 60 0 5
1 361 35133 7 25	0 0 4 35561 132 0 59 0 9
2 439 35767 7 24	0 0 2 34977 135 0 56 0 7
0 360 35179 6 24	0 0 6 35021 134 0 54 0 5
1 362 35222 7 25	0 0 3 35657 131 0 60 0 6
2 440 35859 7 24	0 0 5 35065 143 0 50 0 4
0 361 35269 6 24	0 0 4 35121 137 0 51 0 4
1 363 35320 7 25	0 0 6 35167 126 0 54 0 4
0 362 35360 6 24	0 0 5 35743 141 0 55 0 7
2 441 35952 7 24	0 0 6 35844 133 0 58 0 4
2 442 36048 7 24	0 0 4 35260 130 0 61 0 4
0 363 35461 7 25	0 0 6 35212 131 0 62 0 4
1 364 35417 7 25	0 0 7 35302 130 0 76 0 4
1 365 35522 7 25	0 0 3 35944 135 0 71 0 4
2 443 36160 7 24	0 0 7 35343 135 0 72 0 4
0 364 35563 7 25	0 0 5 36035 149 0 60 0 4
2 444 36255 7 24	0 0 18 35386 153 0 62 0 4
1 366 35626 7 24	0 0 7 35439 149 0 62 0 7
0 365 35665 7 25	0 0 3 35511 138 0 57 0 5
1 367 35717 7 24	0 0 8 36142 138 0 55 0 6
2 445 36350 7 24	0 0 19 35540 139 0 55 0 8
0 366 35763 7 25	0 0 3 36246 136 0 56 0 4
2 446 36447 7 24	0 0 4 35609 134 0 60 0 5
1 368 35814 7 24	0 0 4 35650 134 0 61 0 7
0 367 35858 7 25	0 0 4 36340 130 0 57 0 4
2 447 36538 7 25	0 0 6 35742 131 0 59 0 4
0 368 35945 7 25	0 0 7 35700 131 0 60 0 4
1 369 35905 7 24	0 0 5 35798 138 0 58 0 5
1 370 36005 7 24	0 0 4 36431 134 0 58 0 7
2 448 36636 7 25	0 0 6 35834 135 0 58 0 8
0 369 36043 7 25	0 0 6 36524 135 0 60 0 4
2 449 36731 7 25	0 0 5 35935 134 0 61 0 4
0 370 36141 7 25	0 0 6 35888 135 0 61 0 4
1 371 36096 7 24	0 0 3 36027 134 0 59 0 4
0 371 36230 7 24	0 0 4 36623 135 0 58 0 4
2 450 36825 7 25	0 0 5 35987 135 0 58 0 4
1 372 36192 7 24	0 0 2 36718 153 0 60 0 4
2 451 36939 7 25	0 0 6 36119 157 0 58 0 4
0 372 36347 7 24	0 0 4 36087 153 0 60 0 4
1 373 36311 7 24	0 0 6 36195 138 0 53 0 4
1 374 36399 7 24	0 0 4 36243 138 0 53 0 8
0 373 36447 7 24	0 0 6 36828 139 0 65 0 4
2 452 37043 7 25	0 0 3 36933 132 0 57 0 4
2 453 37132 7 25	0 0 5 36295 132 0 60 0 4
1 375 36498 7 24	0 0 5 36336 132 0 60 0 4
0 375 36628 7 24	0 0 3 36390 137 0 53 0 4
2 454 37225 7 25	0 0 2 36491 133 0 52 0 4
1 377 36684 7 24	0 0 2 36530 132 0 54 0 7
0 376 36729 7 24	0 0 4 37117 132 0 60 0 4
2 455 37319 7 24	0 0 4 36578 131 0 60 0 5
1 378 36780 7 24	0 0 3 36620 132 0 61 0 4
0 377 36822 7 24	0 0 4 37209 131 0 65 0 4
2 456 37416 7 24	0 0 3 37303 136 0 54 0 4
2 457 37503 7 24	0 0 5 36709 137 0 54 0 4
0 378 36911 7 24	0 0 6 36668 135 0 56 0 4
1 379 36871 7 24	0 0 5 36768 132 0 55 0 5
1 380 36967 7 24	0 0 4 36807 132 0 55 0 8
0 379 37009 7 24	0 0 5 37395 135 0 88 0 4
2 458 37629 7 24	0 0 5 36857 162 0 60 0 4
1 381 37091 7 24	0 0 4 36903 161 0 60 0 5
0 380 37136 7 24	0 0 6 37491 162 0 69 0 4
1 382 37187 7 25	0 0 5 37021 136 0 59 0 4
2 460 37826 7 24	0 0 4 37082 141 0 50 0 5
1 383 37284 7 25	0 0 6 37116 140 0 54 0 7
0 382 37324 7 24	0 0 3 37723 135 0 61 0 4
2 461 37929 7 24	0 0 4 37818 129 0 57 0 4
2 462 38014 7 24	0 0 4 37181 132 0 59 0 4
1 384 37382 7 25	0 0 4 37222 136 0 59 0 4
0 383 37426 7 24	0 0 10 37267 138 0 53 0 4
1 385 37474 7 25	0 0 4 37908 138 0 53 0 4
2 463 38109 7 25	0 0 4 37314 136 0 54 0 5
0 384 37516 7 24	0 0 8 37405 133 0 58 0 4
0 385 37611 7 24	0 0 5 37375 134 0 58 0 4
1 386 37578 7 25	0 0 3 38009 133 0 60 0 4
2 464 38211 7 25	0 0 4 37466 137 0 55 0 4
1 387 37669 7 25	0 0 5 38097 137 0 56 0 4
2 465 38301 7 25	0 0 4 37509 137 0 58 0 4
0 386 37714 7 24	0 0 3 37603 149 0 59 0 4
0 387 37821 7 25	0 0 4 37564 148 0 59 0 4
1 388 37782 7 25	0 0 6 38195 150 0 59 0 4
2 466 38415 7 25	0 0 3 38311 137 0 55 0 4
2 467 38512 7 25	0 0 6 37710 136 0 57 0 5
0 388 37917 7 25	0 0 7 37670 138 0 56 0 5
1 389 37877 7 25	0 0 3 38406 134 0 61 0 4
2 468 38610 7 25	0 0 5 37774 133 0 61 0 5
1 390 37980 7 24	0 0 5 37807 135 0 63 0 4
0 389 38017 7 25	0 0 5 38498 139 0 57 0 4
2 469 38706 7 25	0 0 5 37863 140 0 57 0 5
1 391 38073 7 24	0 0 4 37907 140 0 59 0 5
0 390 38117 7 25	0 0 18 37951 137 0 58 0 5
1 392 38171 7 24	0 0 3 38599 137 0 59 0 4
2 470 38805 7 25	0 0 4 38004 137 0 60 0 5
0 391 38212 7 25	0 0 20 38086 132 0 60 0 4
0 392 38304 7 25	0 0 4 38066 135 0 57 0 4
1 393 38269 7 24	0 0 3 38699 138 0 55 0 4
2 471 38901 7 25	0 0 4 38158 136 0 54 0 4
1 394 38358 7 24	0 0 3 38200 141 0 52 0 4
0 393 38402 7 25	0 0 4 38795 135 0 52 0 7
2 472 38994 7 25	0 0 8 38249 133 0 53 0 4
1 395 38449 7 24	0 0 3 38890 132 0 57 0 4
2 473 39088 7 25	0 0 3 38296 130 0 60 0 4
0 394 38497 7 25	0 0 3 38348 137 0 55 0 4
1 396 38550 7 24	0 0 7 38382 137 0 56 0 4
0 395 38589 7 25	0 0 4 38984 139 0 53 0 4
2 474 39185 7 25	0 0 6 38482 132 0 50 0 4
0 396 38677 7 25	0 0 4 39081 132 0 48 0 6
2 475 39273 7 25	0 0 4 38448 133 0 64 0 4
1 397 38656 7 24	0 0 5 39172 132 0 57 0 4
2 476 39372 7 25	0 0 3 38582 132 0 59 0 4
0 397 38783 7 25	0 0 6 38537 132 0 58 0 4
1 398 38740 7 25	0 0 4 38670 134 0 46 0 4
0 398 38860 7 25	0 0 5 38630 140 0 52 0 4
1 399 38833 7 25	0 0 3 39270 141 0 54 0 7
2 477 39477 7 25	0 0 6 38762 131 0 44 0 4
0 399 38949 7 25	0 0 4 38736 136 0 53 0 4
1 400 38935 7 25	0 0 3 39368 132 0 56 0 4
2 478 39566 7 25	0 0 4 38859 132 0 46 0 4
0 400 39048 7 25	0 0 5 39459 129 0 52 0 4
2 479 39651 7 24	0 0 7 38825 143 0 44 0 4
1 401 39026 7 25	0 0 3 39550 131 0 44 0 4
2 480 39734 7 24	0 0 6 38946 136 0 48 0 4
0 401 39142 7 25	0 0 7 38929 136 0 48 0 4
1 402 39126 7 25	0 0 6 39043 132 0 49 0 4
0 402 39236 7 25	0 0 3 39644 132 0 47 0 4
2 481 39833 7 24	0 0 4 39028 136 0 42 0 4
1 403 39218 7 25	0 0 4 39137 132 0 51 0 4
0 403 39331 7 24	0 0 4 39733 135 0 51 0 4
2 482 39930 7 24	0 0 4 39129 132 0 44 0 4
1 404 39316 7 25	0 0 4 39233 136 0 44 0 4
0 404 39423 7 24	0 0 4 39829 139 0 45 0 3
2 483 40023 7 24	0 0 4 39217 137 0 42 0 4
1 405 39407 7 25	0 3 4 39321 128 0 37 0 4
0 405 39500 7 24	0 0 4 39931 136 0 47 0 4
2 484 40124 7 24	0 0 6 39313 134 0 39 0 4
1 406 39500 7 25	0 0 6 39412 130 0 37 0 4
0 406 39591 7 24	0 0 5 40023 138 0 40 0 3
2 485 40210 7 24	0 0 4 39414 133 0 40 0 4
1 407 39597 7 25	0 0 4 39508 131 0 37 0 4
0 407 39686 7 24	0 0 12 40115 127 0 41 0 3
2 486 40301 7 24	0 0 3 39506 138 0 40 0 4
1 408 39692 7 25	0 0 5 39595 134 0 34 0 4
0 408 39774 7 24	0 0 3 40215 141 0 42 0 4
2 487 40406 7 24	0 0 6 39597 127 0 41 0 4
1 409 39778 7 25	0 0 6 39686 133 0 39 0 4
0 409 39870 7 24	0 0 4 40313 128 0 42 0 4
2 488 40492 7 24	0 0 4 39694 134 0 40 0 4
1 410 39879 7 25	0 0 4 39788 137 0 36 0 4
0 410 39972 7 24	0 0 4 40397 131 0 42 0 4
2 489 40580 7 24	0 0 7 39782 144 0 44 0 4
1 411 39983 7 25	0 0 5 39881 143 0 39 0 4
0 411 40074 7 25	0 0 4 40493 151 0 39 0 3
2 490 40693 7 24	0 0 6 39888 136 0 39 0 11
1 412 40082 7 25	0 0 6 39982 136 0 41 0 4
0 412 40171 7 25	0 0 3 40608 131 0 41 0 4
2 491 40788 7 24	0 0 4 39987 138 0 39 0 4
1 413 40174 7 25	0 0 4 40082 134 0 37 0 4
0 413 40262 7 25	0 0 5 40694 133 0 46 0 4
2 492 40883 7 24	0 0 4 40089 132 0 40 0 4
1 414 40270 7 24	0 0 5 40180 131 0 40 0 4
0 414 40361 7 25	0 0 4 40788 133 0 44 0 4
2 493 40976 7 24	0 0 7 40174 130 0 41 0 5
1 415 40360 7 24	0 0 6 40265 136 0 38 0 5
0 415 40452 7 25	0 0 3 40885 136 0 49 0 4
2 494 41080 7 24	0 0 6 40266 134 0 42 0 4
1 416 40455 7 24	0 0 5 40363 134 0 39 0 4
0 416 40547 7 25	0 0 3 40980 136 0 42 0 4
2 495 41168 7 24	0 0 4 40366 131 0 41 0 4
1 417 40549 7 24	0 0 4 40463 133 0 41 0 4
0 417 40647 7 25	0 0 5 41076 134 0 49 0 4
2 496 41270 7 24	0 0 18 40441 124 0 48 0 5
1 418 40638 7 24	0 0 16 40540 150 0 43 0 4
0 418 40756 7 25	0 0 3 41174 146 0 48 0 4
2 497 41377 7 24	0 0 5 40537 145 0 49 0 4
1 419 40742 7 24	0 0 5 40661 131 0 36 0 4
0 419 40842 7 24	0 0 3 40649 130 0 41 0 4
1 420 40829 7 24	0 0 3 41279 140 0 42 0 5
2 498 41471 7 24	0 0 3 40755 136 0 38 0 4
0 420 40939 7 24	0 0 2 40737 137 0 53 0 4
1 421 40936 7 24	0 0 4 41375 131 0 50 0 5
2 499 41566 7 24	0 0 3 40855 134 0 42 0 4
0 421 41041 7 24	0 0 6 40829 132 0 46 0 4
1 422 41019 7 24	0 0 4 41469 143 0 42 0 4
2 500 41664 7 24	0 0 5 40943 137 0 37 0 4
0 422 41128 7 24	0 0 7 40908 129 0 44 0 4
1 423 41095 7 24	0 0 4 41576 136 0 43 0 4
2 501 41765 7 24	0 0 8 41026 131 0 40 0 4
0 423 41211 7 24	0 0 5 41017 132 0 44 0 4
1 424 41205 7 24	0 0 4 41668 140 0 53 0 4
2 502 41872 7 24	0 0 4 41138 132 0 40 0 4
0 424 41320 7 24	0 0 6 41104 136 0 42 0 4
1 425 41295 7 24	0 0 5 41769 137 0 36 0 4
2 503 41953 7 25	0 0 5 41225 129 0 52 0 4
0 425 41417 7 24	0 0 6 41201 114 0 51 0 4
1 426 41378 7 24	0 0 3 41870 183 0 35 0 4
2 504 42098 7 25	0 0 5 41314 153 0 47 0 4
0 426 41526 7 24	0 0 4 41279 152 0 51 0 4
1 427 41492 7 24	0 0 4 42011 134 0 34 0 4
2 505 42189 7 25	0 0 4 41430 137 0 45 0 4
0 427 41623 7 25	0 0 3 41389 136 0 45 0 4
1 428 41580 7 24	0 0 4 42102 139 0 36 0 4
2 506 42287 7 25	0 0 5 41526 133 0 43 0 4
0 428 41713 7 25	0 0 5 41485 134 0 44 0 4
1 429 41675 7 24	0 0 3 42206 130 0 37 0 4
2 507 42382 7 25	0 0 7 41616 130 0 47 0 4
0 429 41806 7 25	0 0 2 41587 135 0 45 0 4
1 430 41775 7 24	0 0 3 42298 140 0 32 0 4
2 508 42479 7 25	0 0 3 41713 134 0 45 0 4
0 430 41900 7 25	0 0 3 41677 132 0 42 0 4
1 431 41859 7 24	0 0 4 42396 136 0 37 0 4
2 509 42578 7 25	0 0 3 41808 133 0 44 0 4
0 431 41994 7 25	0 0 7 41765 131 0 43 0 4
1 432 41952 7 24	0 0 4 42492 134 0 34 0 4
2 510 42671 7 25	0 0 7 41895 130 0 46 0 4
0 432 42084 7 25	0 0 6 41857 130 0 47 0 4
1 433 42047 7 24	0 0 3 42589 143 0 33 0 4
2 511 42774 7 25	0 0 6 41987 139 0 59 0 4
0 433 42197 7 25	0 0 4 41953 137 0 59 0 7
1 434 42164 7 24	0 0 13 42681 156 0 39 0 4
2 512 42895 7 25	0 0 4 42048 140 0 54 0 4
1 435 42252 7 24	0 0 4 42093 143 0 51 0 4
0 434 42297 7 25	0 0 4 42806 139 0 59 0 4
2 513 43015 7 25	0 0 6 42147 127 0 56 0 4
1 436 42342 7 24	0 0 4 42193 123 0 58 0 4
0 435 42383 7 24	0 0 7 42272 143 0 52 0 4
0 436 42481 7 24	0 0 3 42907 146 0 55 0 4
2 514 43117 7 25	0 0 4 42240 142 0 56 0 4
1 437 42448 7 24	0 0 3 43017 135 0 55 0 4
2 515 43216 7 25	0 0 2 42384 133 0 59 0 4
0 437 42584 7 24	0 0 4 42338 132 0 60 0 4
1 438 42541 7 25	0 0 3 42432 140 0 50 0 4
1 439 42631 7 25	0 0 4 42473 139 0 51 0 4
0 438 42672 7 24	0 0 4 43107 151 0 48 0 4
2 516 43316 7 25	0 0 6 42569 132 0 49 0 4
0 439 42761 7 24	0 0 6 42530 131 0 49 0 4
1 440 42723 7 25	0 0 7 43211 140 0 43 0 4
2 517 43407 7 25	0 0 5 42664 130 0 47 0 4
0 440 42852 7 24	0 0 4 42628 129 0 50 0 4
1 441 42816 7 25	0 0 3 43323 129 0 45 0 4
2 518 43506 6 25	0 0 5 42712 151 0 48 0 5
1 442 42924 7 25	0 0 4 42759 153 0 47 0 4
0 441 42968 7 24	0 0 4 43410 160 0 44 0 4
2 519 43624 6 25	0 0 7 42822 139 0 47 0 4
1 443 43021 7 25	0 0 7 42865 139 0 45 0 4
0 442 43062 7 24	0 0 8 43527 143 0 37 0 4
2 520 43722 6 25	0 0 23 42910 133 0 46 0 4
1 444 43118 7 25	0 0 6 42966 132 0 47 0 7
0 443 43159 7 24	0 0 3 43636 138 0 37 0 4
2 521 43820 6 25	0 0 24 43044 132 0 51 0 4
0 444 43257 7 24	0 0 4 43018 132 0 54 0 4
1 445 43214 7 25	0 0 4 43734 139 0 34 0 4
2 522 43917 6 25	0 0 6 43108 141 0 45 0 4
1 446 43306 7 24	0 0 4 43153 141 0 45 0 4
0 445 43349 7 24	0 0 5 43831 140 0 33 0 4
2 523 44016 6 25	0 0 6 43210 132 0 46 0 4
1 447 43400 7 24	0 0 6 43252 131 0 45 0 6
0 446 43442 7 24	0 0 3 43934 136 0 32 0 5
2 524 44113 6 25	0 0 5 43345 132 0 47 0 4
0 447 43534 7 24	0 0 4 43308 132 0 48 0 4
1 448 43499 7 24	0 0 3 44034 142 0 36 0 4
2 525 44222 6 25	0 0 4 43442 134 0 42 0 4
0 448 43628 7 24	0 0 4 43397 143 0 42 0 4
1 449 43592 7 24	0 0 4 44132 160 0 36 0 4
2 526 44338 7 24	0 0 5 43499 155 0 42 0 4
1 450 43707 7 24	0 0 3 43533 161 0 45 0 4
0 449 43749 7 24	0 0 6 44251 134 0 32 0 6
2 527 44432 7 24	0 0 3 43620 133 0 42 0 4
1 451 43805 7 24	0 0 8 43650 133 0 44 0 4
0 450 43841 7 24	0 0 3 44351 136 0 35 0 4
2 528 44531 7 24	0 0 2 43712 133 0 43 0 4
1 452 43897 7 24	0 0 3 43749 138 0 42 0 4
0 451 43938 7 25	0 0 2 44446 136 0 38 0 6
2 529 44631 7 24	0 0 4 43802 133 0 45 0 6
1 453 43992 7 24	0 0 2 43852 131 0 44 0 6
0 452 44037 7 25	0 0 6 44539 140 0 35 0 4
2 530 44727 7 24	0 0 5 43935 130 0 45 0 7
0 453 44123 7 25	0 0 7 43891 133 0 43 0 7
1 454 44082 7 24	0 0 3 44644 136 0 38 0 7
2 531 44831 7 24	0 0 6 44023 137 0 44 0 4
0 454 44216 7 25	0 0 4 43994 139 0 42 0 4
1 455 44184 7 24	0 0 2 44741 139 0 34 0 7
2 532 44925 7 24	0 0 3 44129 130 0 43 0 3
0 455 44312 7 25	0 0 3 44091 132 0 41 0 4
1 456 44273 7 24	0 0 6 44836 137 0 36 0 4
2 533 45021 7 24	0 0 6 44179 128 0 76 0 4
1 457 44396 7 24	0 0 4 44216 132 0 78 0 4
0 456 44436 7 25	0 0 4 44936 167 0 36 0 6
2 534 45150 7 24	0 0 2 44276 163 0 47 0 4
1 458 44495 7 24	0 0 6 44306 164 0 48 0 4
0 457 44531 7 25	0 0 4 45067 141 0 37 0 4
2 535 45254 7 24	0 0 2 44397 137 0 44 0 4
1 459 44586 7 24	0 0 2 44436 139 0 43 0 4
0 458 44626 7 25	0 0 5 45162 135 0 35 0 4
2 536 45344 7 24	0 0 3 44538 131 0 45 0 4
0 459 44723 7 24	0 0 7 44489 133 0 44 0 4
1 460 44679 7 24	0 0 6 45259 137 0 33 0 4
2 537 45441 7 24	0 0 7 44622 136 0 46 0 4
0 460 44817 7 24	0 0 4 44585 139 0 44 0 4
1 461 44778 7 24	0 0 15 45349 138 0 39 0 5
2 538 45547 7 24	0 0 5 44720 130 0 42 0 4
0 461 44904 7 24	0 0 4 44688 129 0 52 0 4
1 462 44879 7 25	0 0 4 45456 149 0 48 0 4
2 539 45662 7 24	0 0 4 44816 125 0 53 0 4
0 462 45004 7 24	0 0 5 44773 124 0 53 0 4
1 463 44961 7 25	0 0 6 44857 132 0 57 0 4
1 464 45058 7 25	0 0 4 45564 136 0 61 0 4
0 464 45189 7 24	0 0 6 45660 141 0 50 0 4
2 541 45863 6 25	0 0 4 44954 138 0 60 0 4
1 465 45163 7 25	0 0 4 45049 135 0 58 0 4
1 466 45253 7 25	0 0 3 45767 135 0 58 0 4
2 542 45969 6 25	0 0 4 45094 135 0 60 0 4
0 465 45299 7 24	0 0 5 45144 133 0 54 0 4
1 467 45342 7 25	0 0 4 45185 140 0 51 0 4
0 466 45386 7 24	0 0 3 45860 147 0 48 0 4
2 543 46065 6 25	0 0 5 45285 134 0 48 0 4
0 467 45478 7 25	0 0 3 45243 137 0 62 0 4
1 468 45452 7 25	0 0 5 45966 136 0 54 0 4
2 544 46167 6 25	0 0 3 45337 136 0 68 0 4
1 469 45550 7 25	0 0 4 45380 133 0 68 0 4
0 468 45592 7 25	0 0 3 46066 128 0 64 0 4
2 545 46267 6 25	0 0 4 45477 147 0 59 0 4
0 469 45694 7 25	0 0 21 45415 148 0 61 0 4
1 470 45652 7 24	0 0 4 46152 144 0 60 0 4
2 546 46365 6 25	0 0 6 45538 136 0 58 0 4
1 471 45744 7 24	0 0 4 46254 136 0 57 0 4
2 547 46458 6 25	0 0 21 45563 135 0 63 0 4
0 470 45788 7 25	0 0 6 46350 140 0 50 0 7
2 548 46555 6 25	0 0 5 45640 140 0 69 0 4
1 472 45859 7 24	0 0 6 45673 140 0 70 0 4
0 471 45896 7 25	0 0 6 45734 136 0 58 0 4
1 473 45940 7 24	0 0 3 46454 135 0 55 0 4
2 549 46655 7 24	0 0 3 45780 136 0 60 0 4
0 472 45986 7 25	0 0 6 45830 139 0 52 0 4
1 474 46033 7 24	0 0 6 45870 137 0 56 0 4
0 473 46075 7 25	0 0 5 46547 141 0 50 0 7
2 550 46753 7 24	0 0 4 45935 131 0 54 0 4
1 475 46131 7 24	0 0 6 45968 132 0 59 0 4
0 474 46171 7 25	0 0 5 46649 127 0 58 0 4
2 551 46845 7 24	0 0 4 46063 134 0 58 0 4
0 475 46266 7 25	0 0 3 46741 137 0 53 0 4
2 553 47034 7 24	0 0 3 46163 138 0 55 0 6
0 476 46366 7 25	0 0 3 46118 138 0 54 0 7
1 477 46322 7 24	0 0 5 46255 135 0 60 0 4
0 477 46461 7 25	0 0 6 46214 134 0 61 0 4
1 478 46421 7 25	0 0 5 46929 134 0 59 0 5
2 554 47135 7 24	0 0 5 47027 139 0 51 0 4
2 555 47229 7 24	0 0 5 46350 140 0 52 0 4
0 478 46553 7 25	0 0 4 46315 138 0 57 0 4
1 479 46519 7 25	0 0 4 46409 132 0 69 0 4
1 480 46620 7 25	0 0 3 46456 144 0 55 0 4
0 479 46665 7 25	0 0 3 47125 147 0 53 0 4
2 556 47334 7 24	0 0 7 46499 149 0 53 0 4
1 481 46713 7 25	0 0 3 47232 136 0 52 0 4
2 557 47429 7 25	0 0 4 46556 140 0 49 0 5
0 480 46757 7 25	0 0 5 47326 131 0 53 0 4
2 558 47522 7 25	0 0 5 46655 133 0 56 0 4
0 481 46856 7 25	0 0 2 46617 130 0 66 0 4
1 482 46821 7 25	0 0 2 46704 131 0 54 0 4
1 483 46897 7 25	0 0 3 46753 127 0 53 0 4
0 482 46941 7 25	0 0 3 47423 144 0 47 0 4
2 559 47624 7 25	0 0 7 46790 138 0 50 0 4
1 484 46991 7 25	0 0 3 47525 127 0 49 0 4
2 560 47710 7 25	0 0 3 46844 139 0 50 0 4
0 483 47042 7 24	0 0 7 46888 129 0 40 0 3
1 485 47070 7 25	0 0 6 46936 133 0 53 0 3
0 484 47134 7 24	0 0 6 47609 133 0 53 0 4
2 561 47808 7 25	0 0 4 46983 128 0 41 0 4
1 486 47163 7 24	0 0 3 47709 137 0 46 0 4
2 562 47901 7 25	0 0 4 47032 137 0 46 0 3
0 485 47225 7 24	0 0 5 47068 134 0 38 0 4
1 487 47250 7 24	0 0 3 47803 130 0 47 0 4
2 563 47990 7 25	0 0 4 47134 132 0 47 0 4
0 486 47322 7 24	0 0 7 47161 136 0 39 0 4
1 488 47348 7 24	0 0 17 47880 134 0 51 0 4
2 564 48089 7 25	0 0 5 47222 143 0 45 0 4
0 487 47421 7 24	0 0 4 47264 131 0 41 0 5
1 489 47447 7 24	0 0 7 47323 127 0 49 0 4
0 488 47512 7 24	0 0 6 47986 140 0 48 0 4
2 565 48186 7 25	0 0 4 47352 138 0 40 0 4
1 490 47540 7 24	0 0 3 48093 131 0 53 0 4
2 566 48287 7 25	0 0 4 47418 132 0 56 0 4
0 489 47616 7 24	0 0 5 47450 134 0 45 0 6
1 491 47642 7 24	0 0 3 47508 136 0 48 0 4
0 490 47701 7 24	0 0 4 48181 137 0 47 0 4
2 567 48376 7 25	0 0 3 47550 131 0 43 0 4
1 492 47733 7 24	0 0 6 48276 133 0 49 0 4
2 568 48471 7 25	0 0 6 47601 135 0 49 0 4
0 491 47798 7 24	0 0 3 47638 136 0 40 0 4
1 493 47823 7 24	0 0 4 47700 129 0 56 0 4
0 492 47895 7 24	0 0 4 48376 136 0 51 0 4
2 569 48572 7 25	0 0 7 47730 132 0 43 0 7
1 494 47922 7 25	0 0 3 47794 138 0 50 0 4
0 493 47992 7 24	0 0 3 48469 140 0 46 0 4
2 570 48664 7 25	0 0 4 47826 137 0 36 0 4
1 495 48009 7 25	0 0 5 47887 132 0 45 0 5
0 494 48077 7 24	0 0 4 48568 139 0 57 0 4
2 571 48774 7 25	0 0 22 47909 142 0 62 0 4
1 496 48142 7 25	0 0 5 47979 144 0 46 0 4
0 495 48180 7 24	0 0 4 48667 148 0 46 0 4
2 572 48872 7 25	0 0 3 48028 137 0 41 0 4
1 497 48215 7 25	0 0 23 48069 135 0 43 0 4
0 496 48276 7 24	0 0 3 48780 148 0 36 0 4
2 573 48974 7 24	0 0 6 48123 133 0 40 0 4
1 498 48309 7 25	0 0 4 48180 132 0 48 0 4
0 497 48369 7 24	0 0 5 48884 134 0 39 0 4
2 574 49068 7 24	0 0 3 48223 131 0 52 0 6
1 499 48416 7 25	0 0 7 48270 140 0 46 0 4
0 498 48469 7 24	0 0 5 48979 138 0 36 0 4
2 575 49164 7 24	0 0 2 48312 139 0 36 0 4
1 500 48495 7 25	0 0 4 48374 139 0 46 0 4
0 499 48568 7 24	0 0 3 49083 134 0 40 0 4
2 576 49265 7 24	0 0 8 48405 135 0 36 0 4
1 501 48590 7 25	0 0 3 48477 139 0 39 0 4
0 500 48664 7 24	0 0 7 49170 131 0 39 0 4
2 577 49353 7 24	0 0 6 48502 133 0 34 0 7
1 502 48684 7 24	0 0 7 48569 134 0 41 0 4
0 501 48757 7 24	0 0 5 49264 141 0 39 0 4
2 578 49454 7 24	0 0 4 48601 137 0 52 0 7
1 503 48803 7 24	0 0 7 48663 141 0 46 0 4
0 502 48864 7 24	0 0 4 49369 153 0 35 0 4
2 579 49568 7 24	0 0 4 48695 153 0 40 0 5
1 504 48900 7 24	0 0 3 48773 141 0 49 0 5
0 503 48973 7 24	0 0 3 49481 135 0 37 0 4
2 580 49661 7 24	0 0 8 48805 137 0 41 0 6
1 505 48999 7 24	0 0 4 48870 141 0 45 0 4
0 504 49066 7 24	0 0 4 49575 132 0 58 0 4
2 581 49775 7 25	0 0 3 48910 150 0 39 0 5
1 506 49110 7 24	0 0 6 48969 139 0 48 0 4
0 505 49169 7 24	0 0 5 49667 148 0 38 0 4
2 582 49863 7 25	0 0 3 49018 149 0 35 0 6
1 507 49212 7 24	0 0 3 49073 149 0 40 0 4
0 506 49272 7 24	0 0 3 49780 162 0 32 0 4
2 583 49983 7 25	0 0 5 49125 125 0 35 0 4
1 508 49296 7 24	0 0 2 49187 158 0 46 0 4
0 507 49399 7 24	0 0 3 49900 116 0 44 0 4
2 584 50069 7 25	0 0 5 49210 134 0 48 0 7
1 509 49406 7 24	0 0 5 49299 131 0 51 0 4
0 508 49492 7 24	0 0 5 49974 135 0 45 0 4
2 585 50165 7 25	0 0 4 49309 137 0 30 0 6
1 510 49489 7 25	0 0 4 49391 139 0 64 0 4
0 509 49605 7 24	0 0 3 50075 140 0 58 0 4
2 586 50283 7 25	0 0 6 49401 155 0 30 0 6
1 511 49601 7 25	0 0 4 49494 157 0 38 0 4
0 510 49699 7 24	0 0 3 50173 157 0 42 0 4
2 587 50381 7 25	0 0 6 49517 139 0 36 0 4
1 512 49704 7 25	0 0 6 49606 131 0 37 0 4
0 511 49785 7 24	0 0 6 50287 135 0 38 0 4
2 588 50472 7 25	0 0 4 49622 135 0 49 0 5
1 513 49816 7 25	0 0 5 49697 129 0 41 0 4
0 512 49879 7 24	0 0 4 50385 140 0 40 0 4
2 589 50576 7 24	0 0 5 49713 145 0 37 0 4
1 514 49906 7 25	0 0 4 49792 137 0 40 0 4
0 513 49979 7 24	0 0 16 50478 131 0 38 0 4
2 590 50669 7 24	0 0 5 49817 134 0 37 0 6
1 515 50002 7 25	0 0 5 49885 129 0 43 0 4
0 514 50067 7 24	0 0 5 50577 134 0 39 0 4
2 591 50762 7 24	0 0 7 49972 125 0 47 0 4
0 515 50156 7 25	0 0 3 49918 142 0 58 0 7
1 516 50130 7 25	0 0 6 50670 128 0 44 0 4
2 592 50855 7 24	0 0 2 50018 136 0 55 0 4
1 517 50217 7 25	0 0 5 50060 131 0 57 0 4
0 516 50258 7 25	0 0 4 50765 128 0 43 0 4
2 593 50946 7 24	0 0 6 50110 155 0 54 0 4
1 518 50331 7 24	0 0 3 50156 158 0 56 0 4
0 517 50378 7 25	0 0 4 50851 154 0 44 0 4
2 594 51058 7 24	0 0 6 50225 135 0 46 0 4
1 519 50418 7 24	0 0 6 50267 135 0 45 0 4
0 518 50459 7 25	0 0 4 50964 140 0 38 0 4
2 595 51152 7 24	0 0 5 50326 125 0 49 0 4
1 520 50510 7 24	0 0 5 51064 118 0 45 0 4
2 596 51239 7 24	0 0 6 50362 178 0 39 0 4
0 519 50591 7 25	0 0 3 50409 146 0 40 0 4
1 521 50604 7 24	0 0 3 51148 141 0 40 0 4
2 597 51339 7 24	0 0 5 50505 134 0 37 0 4
0 520 50687 7 25	0 0 19 50499 142 0 45 0 4
1 522 50711 7 24	0 0 3 51247 133 0 54 0 4
2 598 51443 7 24	0 0 4 50597 124 0 54 0 4
0 521 50785 7 25	0 0 4 50617 136 0 47 0 4
1 523 50810 7 24	0 0 6 51337 138 0 44 0 4
2 599 51532 7 24	0 0 23 50662 130 0 55 0 4
0 522 50877 7 25	0 0 3 51443 134 0 45 0 4
2 600 51630 7 24	0 0 4 50716 143 0 54 0 4
1 524 50923 7 24	0 0 5 50771 127 0 65 0 4
0 523 50973 7 24	0 0 5 50815 135 0 82 0 4
1 525 51043 7 24	0 0 4 50863 131 0 84 0 4
0 524 51088 7 24	0 0 3 51534 133 0 82 0 6
2 601 51759 7 24	0 0 7 51623 165 0 56 0 4
2 602 51857 7 24	0 0 6 50909 167 0 56 0 4
1 526 51146 6 25	0 0 6 50948 164 0 63 0 4
0 525 51188 7 24	0 0 4 51751 140 0 43 0 4
2 603 51945 7 24	0 0 6 51073 142 0 66 0 7
0 526 51296 7 24	0 0 4 51044 140 0 64 0 6
1 527 51260 6 25	0 0 3 51856 134 0 57 0 3
2 604 52056 7 24	0 0 3 51182 134 0 59 0 7
0 527 51387 7 24	0 0 3 51141 134 0 57 0 6
1 528 51344 6 25	0 0 4 51272 136 0 52 0 4
0 528 51470 7 24	0 0 5 51945 138 0 52 0 4
2 605 52146 7 25	0 0 6 51233 142 0 49 0 4
1 529 51437 6 25	0 0 7 52042 133 0 51 0 4
2 606 52239 7 25	0 0 7 51366 132 0 59 0 4
0 529 51570 7 24	0 0 4 51341 127 0 67 0 4
1 530 51545 6 25	0 0 4 51465 137 0 55 0 4
0 530 51667 7 24	0 0 4 51425 138 0 51 0 4
1 531 51624 6 25	0 0 3 52142 147 0 48 0 4
2 607 52345 7 25	0 0 4 51523 137 0 57 0 4
1 532 51728 6 25	0 0 3 52246 130 0 54 0 7
2 608 52442 7 25	0 0 3 51559 140 0 61 0 4
0 531 51770 7 25	0 0 5 51658 137 0 58 0 4
0 532 51865 7 25	0 0 4 51620 145 0 51 0 4
1 533 51827 6 25	0 0 7 52332 136 0 57 0 6
2 609 52540 7 25	0 0 4 51730 131 0 54 0 4
1 534 51925 7 24	0 0 3 52436 139 0 55 0 4
2 610 52639 7 25	0 0 5 51756 141 0 56 0 4
0 533 51964 7 25	0 0 2 51864 134 0 60 0 4
0 534 52067 7 25	0 0 3 52532 135 0 60 0 4
2 611 52737 7 25	0 0 7 51814 133 0 62 0 5
1 535 52023 7 24	0 0 6 51910 138 0 50 0 4
1 536 52109 7 24	0 0 3 52628 143 0 52 0 4
2 612 52833 7 25	0 0 6 51951 138 0 61 0 4
0 535 52162 7 25	0 0 4 52013 135 0 56 0 4
1 537 52215 7 24	0 0 5 52730 135 0 56 0 4
2 613 52933 7 24	0 0 7 52049 136 0 64 0 4
0 536 52261 7 25	0 0 4 52106 142 0 56 0 4
1 538 52314 7 24	0 0 3 52152 142 0 55 0 4
0 537 52358 7 25	0 0 3 52830 136 0 54 0 4
2 614 53031 7 24	0 0 6 52205 134 0 53 0 4
1 539 52404 7 24	0 0 4 52924 133 0 56 0 4
2 615 53122 7 24	0 0 5 52249 135 0 65 0 4
0 538 52460 7 25	0 0 3 52306 138 0 52 0 4
1 540 52505 7 24	0 0 17 53004 140 0 52 0 4
2 616 53219 7 24	0 0 8 52340 140 0 58 0 4
0 539 52551 7 25	0 0 4 53121 134 0 50 0 4
1 541 52615 7 24	0 0 3 52448 132 0 66 0 4
0 541 52746 7 25	0 0 5 52496 133 0 64 0 4
1 542 52703 7 25	0 0 3 53213 134 0 60 0 5
2 618 53417 7 24	0 0 5 52593 140 0 49 0 4
1 543 52794 7 25	0 0 5 53305 139 0 53 0 4
2 619 53509 7 24	0 0 5 52631 139 0 63 0 4
0 542 52844 7 25	0 0 5 52731 134 0 61 0 4
0 543 52937 7 25	0 0 7 53403 133 0 66 0 4
2 620 53615 7 24	0 0 3 52693 133 0 67 0 4
1 544 52902 7 25	0 0 2 52832 142 0 51 0 4
0 544 53033 7 25	0 0 4 53503 144 0 51 0 4
2 621 53708 7 25	0 0 4 52786 140 0 61 0 4
1 545 52997 7 25	0 0 4 52929 134 0 55 0 4
0 545 53129 7 25	0 0 5 52884 134 0 67 0 4
1 546 53097 7 25	0 0 3 53605 133 0 71 0 4
2 622 53819 7 25	0 0 4 52983 139 0 50 0 4
1 547 53183 7 25	0 0 5 53023 139 0 48 0 4
0 546 53221 7 25	0 0 6 53695 150 0 55 0 6
2 623 53915 7 25	0 0 24 53060 139 0 57 0 4
1 548 53285 7 25	0 0 4 53127 149 0 56 0 4
0 547 53343 7 24	0 0 3 53812 161 0 45 0 4
2 624 54028 7 25	0 0 22 53215 141 0 44 0 4
0 548 53429 7 24	0 0 6 53177 152 0 59 0 4
1 549 53400 7 25	0 0 3 53931 135 0 56 0 4
2 625 54132 7 25	0 0 5 53334 139 0 55 0 4
0 549 53540 7 24	0 0 7 53287 136 0 64 0 4
1 550 53501 7 25	0 0 6 54023 138 0 52 0 4
2 626 54226 7 25	0 0 4 53390 142 0 46 0 4
1 551 53589 7 25	0 0 9 53429 139 0 50 0 4
0 550 53633 7 24	0 0 3 54124 140 0 49 0 4
2 627 54323 7 25	0 0 3 53539 132 0 58 0 4
0 551 53738 7 24	0 0 5 53488 134 0 66 0 4
1 552 53700 7 25	0 0 3 54227 138 0 48 0 5
2 628 54423 7 25	0 0 5 53625 145 0 59 0 4
0 552 53840 7 24	0 0 5 54321 125 0 56 0 6
2 629 54515 7 24	0 0 6 53582 145 0 64 0 5
1 553 53805 7 25	0 0 5 53693 138 0 60 0 5
1 554 53903 7 25	0 0 7 53728 137 0 62 0 4
0 553 53940 7 24	0 0 6 54405 136 0 61 0 4
2 630 54614 7 24	0 0 4 53832 142 0 53 0 4
0 554 54038 7 24	0 0 3 54507 140 0 57 0 5
2 631 54714 7 24	0 0 5 53789 142 0 71 0 5
1 555 54014 7 25	0 0 3 54605 145 0 58 0 4
2 632 54818 7 24	0 0 4 53931 142 0 61 0 4
0 555 54145 7 24	0 0 5 53891 153 0 51 0 4
1 556 54106 7 25	0 0 6 54032 136 0 44 0 4
0 556 54224 7 24	0 0 7 54706 147 0 50 0 5
2 633 54917 7 24	0 0 7 54002 137 0 56 0 4
1 557 54208 7 25	0 0 6 54129 136 0 53 0 4
0 557 54330 7 24	0 0 4 54105 131 0 56 0 4
1 558 54302 7 24	0 0 3 54821 146 0 48 0 5
2 634 55024 7 24	0 0 4 54231 137 0 44 0 4
0 558 54423 7 24	0 0 3 54194 140 0 51 0 4
1 559 54395 7 24	0 0 5 54922 138 0 50 0 5
2 635 55122 7 24	0 0 5 54293 130 0 50 0 4
1 560 54484 7 24	0 0 5 54323 136 0 55 0 4
0 559 54526 7 24	0 0 6 55019 140 0 47 0 5
2 636 55219 7 24	0 0 4 54388 136 0 50 0 4
1 561 54585 7 24	0 0 7 54418 143 0 48 0 4
0 560 54621 7 24	0 0 4 55121 140 0 48 0 5
2 637 55320 7 25	0 0 5 54480 137 0 51 0 4
1 562 54680 7 24	0 0 4 54529 133 0 52 0 4
0 561 54724 7 24	0 0 3 55226 126 0 53 0 4
2 638 55414 7 25	0 0 5 54617 146 0 43 0 4
0 562 54818 7 24	0 0 6 54577 167 0 52 0 4
1 563 54808 7 24	0 0 3 55309 159 0 47 0 5
2 639 55525 7 25	0 0 6 54723 141 0 53 0 4
0 563 54929 7 25	0 0 5 54705 126 0 54 0 4
1 564 54897 7 24	0 0 4 55424 134 0 48 0 4
2 640 55617 7 25	0 0 4 54826 138 0 49 0 4
0 564 55023 7 25	0 0 4 54797 137 0 49 0 4
1 565 54993 7 24	0 0 3 55526 138 0 50 0 5
2 641 55725 7 25	0 0 4 54891 131 0 50 0 5
1 566 55083 7 24	0 0 3 54929 136 0 52 0 4
0 565 55127 7 25	0 0 17 55608 129 0 51 0 5
2 642 55812 7 25	0 0 5 54981 141 0 52 0 4
1 567 55185 7 24	0 0 5 55021 141 0 55 0 4
0 566 55228 7 25	0 0 4 55710 135 0 52 0 5
2 643 55907 7 25	0 0 5 55086 137 0 60 0 5
1 568 55295 7 24	0 0 6 55120 137 0 63 0 4
0 567 55333 7 25	0 0 3 55804 129 0 63 0 5
2 644 56006 7 25	0 0 4 55898 135 0 60 0 5
2 645 56103 7 25	0 0 5 55223 138 0 60 0 4
0 568 55432 7 25	0 0 6 55179 139 0 59 0 4
1 569 55390 7 24	0 0 6 55279 139 0 55 0 11
1 570 55492 7 24	0 0 3 55992 140 0 72 0 5
2 646 56213 7 25	0 0 6 55316 140 0 72 0 4
0 569 55541 7 25	0 0 7 56089 158 0 57 0 5
2 647 56318 7 25	0 0 7 55416 156 0 60 0 4
0 570 55645 6 24	0 0 4 55383 154 0 72 0 4
1 571 55618 7 24	0 0 6 55492 140 0 60 0 4
1 572 55705 7 24	0 0 3 55541 139 0 60 0 4
0 571 55749 6 24	0 0 3 56210 138 0 61 0 5
2 648 56420 7 25	0 0 6 55593 138 0 49 0 4
1 573 55792 7 24	0 0 6 55633 138 0 49 0 4
0 572 55832 6 24	0 0 4 56309 155 0 52 0 5
2 649 56527 7 25	0 0 26 55672 134 0 53 0 4
1 574 55890 7 24	0 0 7 55731 134 0 59 0 4
0 573 55937 6 24	0 0 7 56419 140 0 47 0 5
2 650 56619 7 25	0 0 26 55806 139 0 52 0 4
0 574 56030 6 24	0 0 4 55791 147 0 51 0 4
1 575 56000 7 24	0 0 4 56523 134 0 50 0 5
2 651 56718 7 25	0 0 4 55932 136 0 58 0 4
0 575 56136 6 24	0 0 5 55894 132 0 56 0 4
1 576 56094 7 24	0 0 3 56621 136 0 51 0 4
2 652 56818 7 25	0 0 5 56023 141 0 52 0 4
0 576 56228 6 24	0 0 5 55986 140 0 51 0 4
1 577 56188 7 24	0 0 6 56711 136 0 50 0 5
2 653 56910 7 24	0 0 6 56123 152 0 61 0 4
0 577 56348 6 24	0 0 7 56807 178 0 53 0 4
2 654 57051 7 24	0 0 5 56091 189 0 51 0 4
1 578 56342 7 24	0 0 4 56257 138 0 48 0 4
2 655 57146 7 24	0 0 4 56237 133 0 49 0 4
1 580 56518 7 24	0 0 4 57047 125 0 49 0 8
2 656 57235 7 24	0 0 5 56351 164 0 52 0 4
0 579 56578 7 24	0 0 4 56418 161 0 48 0 4
1 581 56637 6 24	0 0 5 57131 161 0 46 0 7
2 657 57352 7 24	0 0 4 56476 160 0 51 0 4
0 580 56697 7 24	0 0 4 56542 131 0 45 0 4
1 582 56729 6 24	0 0 3 57257 134 0 49 0 4
2 658 57449 7 24	0 0 4 56597 135 0 43 0 4
0 581 56784 7 24	0 0 7 56616 137 0 51 0 4
1 583 56816 6 24	0 0 3 57349 142 0 49 0 6
2 659 57550 7 24	0 0 3 56697 133 0 50 0 4
0 582 56889 7 24	0 0 6 56728 133 0 47 0 5
1 584 56920 6 24	0 0 7 56769 132 0 53 0 4
0 583 56967 7 24	0 0 4 57451 132 0 62 0 4
2 660 57655 6 24	0 0 4 56824 165 0 59 0 4
1 585 57058 6 24	0 0 3 57544 159 0 59 0 5
2 661 57772 6 24	0 0 7 56875 152 0 59 0 4
0 584 57100 7 24	0 0 6 56947 136 0 53 0 4
1 586 57148 6 24	0 0 3 57667 141 0 53 0 5
2 662 57870 6 24	0 0 4 56992 141 0 52 0 4
0 585 57195 6 25	0 0 5 57044 135 0 53 0 4
1 587 57244 6 24	0 0 5 57092 130 0 53 0 4
0 586 57286 6 25	0 0 4 57763 133 0 64 0 4
2 663 57970 6 24	0 0 3 57143 135 0 56 0 4
1 588 57343 6 25	0 0 4 57183 134 0 57 0 4
0 587 57384 6 25	0 0 9 57852 133 0 62 0 4
2 664 58062 6 24	0 0 3 57955 140 0 54 0 4
2 665 58158 6 24	0 0 2 57241 138 0 55 0 7
1 589 57446 6 25	0 0 3 57283 138 0 55 0 7
0 588 57487 6 25	0 0 4 57335 134 0 64 0 4
1 590 57543 6 25	0 0 3 58052 132 0 63 0 4
2 666 58256 6 24	0 0 3 57378 132 0 65 0 4
0 589 57584 6 25	0 0 5 57429 144 0 52 0 4
1 591 57635 6 25	0 0 5 58142 143 0 51 0 5
2 667 58349 6 24	0 0 5 57468 142 0 54 0 5
0 590 57677 6 25	0 0 23 58232 132 0 49 0 5
2 668 58442 7 25	0 0 4 57575 133 0 50 0 7
0 591 57771 6 25	0 0 3 57538 131 0 97 0 4
1 592 57775 6 25	0 0 3 58340 161 0 53 0 5
2 669 58564 7 25	0 0 2 57627 162 0 56 0 4
1 593 57853 6 25	0 0 3 57666 162 0 60 0 4
0 592 57896 6 25	0 0 4 57786 131 0 50 0 4
0 593 57977 7 25	0 0 5 57747 141 0 52 0 4
1 594 57951 6 25	0 0 3 58462 150 0 46 0 4
2 670 58667 7 25	0 0 3 57882 142 0 50 0 7
0 594 58086 7 25	0 0 3 57853 136 0 56 0 4
1 595 58054 6 25	0 0 6 58563 136 0 52 0 4
2 671 58763 7 25	0 0 4 57945 129 0 54 0 4
1 596 58139 7 24	0 0 3 57982 138 0 55 0 4
0 595 58184 7 25	0 0 3 58672 133 0 47 0 4
2 672 58862 7 25	0 0 4 58078 147 0 56 0 5
0 596 58292 7 25	0 0 6 58033 149 0 60 0 4
1 597 58254 7 24	0 0 3 58763 138 0 58 0 4
2 673 58968 7 25	0 0 4 58146 137 0 54 0 4
1 598 58347 7 24	0 0 4 58860 137 0 52 0 4
2 674 59060 7 25	0 0 6 58184 137 0 55 0 3
0 597 58387 7 25	0 0 3 58958 134 0 53 0 4
2 675 59155 7 25	0 0 2 58248 135 0 54 0 10
1 599 58452 7 24	0 0 5 58286 134 0 54 0 13
0 598 58495 7 25	0 0 24 58319 136 0 58 0 7
1 600 58544 7 24	0 0 2 58380 135 0 61 0 7
0 599 58586 7 25	0 0 3 59056 135 0 59 0 9
2 676 59265 7 24	0 0 6 58432 139 0 55 0 4
1 601 58639 7 24	0 0 24 58453 142 0 54 0 7
0 600 58682 7 25	0 0 8 59138 139 0 55 0 8
2 677 59349 7 24	0 0 4 58535 136 0 60 0 4
1 602 58741 7 24	0 0 4 58575 134 0 62 0 4
0 601 58781 7 25	0 0 7 59245 136 0 61 0 4
2 678 59455 7 24	0 0 4 59348 141 0 53 0 4
2 679 59552 7 24	0 0 2 58636 140 0 55 0 4
1 603 58839 7 24	0 0 3 58674 143 0 54 0 6
0 602 58883 7 25	0 0 4 58732 136 0 60 0 4
1 604 58938 7 24	0 0 3 58774 135 0 60 0 4
0 603 58979 7 25	0 0 4 59446 136 0 61 0 4
2 680 59653 7 24	0 0 6 58826 142 0 55 0 4
1 605 59034 7 24	0 0 6 59540 142 0 55 0 4
2 681 59749 7 24	0 0 6 58866 143 0 55 0 5
0 604 59077 7 25	0 0 3 59649 135 0 61 0 5
2 682 59854 7 24	0 0 4 58934 135 0 63 0 4
1 606 59141 7 24	0 0 6 58970 135 0 62 0 4
0 605 59179 7 25	0 0 5 59070 140 0 56 0 4
0 606 59278 7 25	0 0 3 59741 141 0 56 0 5
2 683 59948 7 24	0 0 4 59025 143 0 56 0 4
2 684 60051 7 25	0 0 3 59168 138 0 62 0 4
1 608 59339 7 24	0 0 2 59228 141 0 52 0 4
1 609 59430 7 24	0 0 5 59265 142 0 52 0 4
0 608 59470 7 25	0 0 5 59939 143 0 59 0 5
2 685 60153 7 25	0 0 2 59333 135 0 58 0 4
1 610 59535 7 24	0 0 2 59374 136 0 59 0 4
0 609 59577 7 24	0 0 4 60046 135 0 61 0 4
2 686 60253 7 25	0 0 4 59424 134 0 49 0 4
1 611 59617 7 24	0 0 4 60139 142 0 51 0 4
2 687 60342 7 25	0 0 2 59467 149 0 48 0 4
0 610 59672 7 24	0 0 7 59515 139 0 59 0 4
1 612 59727 7 25	0 0 4 60241 132 0 60 0 4
2 688 60443 7 25	0 0 5 59573 126 0 59 0 6
0 611 59772 7 24	0 0 4 59621 137 0 56 0 4
1 613 59825 7 25	0 0 7 59658 132 0 60 0 4
0 612 59863 7 24	0 0 3 60335 135 0 59 0 4
2 689 60538 7 25	0 0 3 60430 138 0 55 0 5
2 690 60632 7 25	0 0 4 59716 139 0 55 0 5
1 614 59920 7 25	0 0 4 59757 142 0 56 0 7
0 613 59968 7 24	0 0 4 59855 144 0 51 0 4
0 614 60061 7 24	0 0 7 59811 157 0 52 0 4
1 615 60033 7 25	0 0 4 60527 157 0 52 0 4
2 691 60747 7 25	0 0 6 59958 137 0 48 0 6
0 615 60158 7 24	0 0 3 60646 133 0 55 0 4
2 692 60844 7 25	0 0 4 59936 141 0 51 0 4
1 616 60138 7 25	0 0 4 60062 131 0 55 0 4
0 616 60259 7 24	0 0 3 60741 136 0 52 0 4
2 693 60938 7 25	0 0 4 60034 137 0 47 0 4
1 617 60228 7 25	0 0 20 60819 131 0 52 0 4
2 694 61028 7 25	0 0 4 60151 140 0 54 0 4
0 617 60355 7 25	0 0 5 60131 125 0 54 0 5
1 618 60323 7 25	0 0 5 60250 136 0 62 0 5
0 618 60461 7 25	0 0 5 60925 135 0 63 0 4
2 695 61134 7 25	0 0 6 60215 131 0 62 0 5
1 619 60421 7 25	0 0 5 60312 142 0 56 0 5
1 620 60522 7 24	0 0 3 61023 142 0 58 0 5
2 696 61232 7 25	0 0 6 60346 142 0 57 0 7
0 619 60560 7 25	0 0 3 61128 133 0 63 0 4
2 697 61334 7 25	0 0 4 60411 135 0 61 0 4
1 621 60616 7 24	0 0 5 60453 136 0 62 0 5
0 620 60663 7 25	0 0 6 61215 140 0 54 0 4
2 698 61421 7 25	0 0 2 60548 137 0 56 0 4
0 621 60750 7 25	0 0 8 60502 138 0 56 0 4
1 622 60709 7 24	0 0 8 60604 148 0 58 0 4
1 623 60824 7 24	0 0 6 60642 149 0 58 0 4
0 622 60861 7 25	0 0 5 61317 147 0 63 0 3
2 699 61537 7 25	0 0 3 61430 137 0 56 0 4
2 700 61631 7 25	0 0 3 60714 137 0 54 0 4
1 624 60914 7 24	0 0 8 60753 137 0 56 0 4
0 623 60960 7 25	0 0 7 60807 132 0 59 0 5
1 625 61012 7 24	0 0 3 60852 133 0 60 0 4
0 624 61054 7 25	0 0 3 61523 132 0 64 0 4
2 701 61729 7 25	0 0 7 61612 134 0 59 0 4
2 702 61818 7 25	0 0 28 60879 134 0 58 0 5
1 626 61105 7 24	0 0 6 60942 145 0 51 0 4
0 625 61151 7 25	0 0 3 61714 140 0 54 0 4
2 703 61918 7 25	0 0 8 61046 129 0 54 0 5
0 626 61243 7 25	0 0 3 60993 138 0 68 0 5
1 627 61209 7 24	0 0 3 61096 133 0 63 0 5
1 628 61303 7 25	0 0 3 61811 135 0 62 0 4
2 704 62018 7 25	0 0 2 61145 137 0 58 0 5
0 627 61349 7 25	0 0 6 61186 141 0 59 0 5
1 629 61400 7 25	0 0 3 61237 136 0 58 0 5
0 628 61441 7 25	0 0 5 61904 139 0 59 0 5
2 705 62115 7 25	0 0 4 62005 137 0 79 0 5
2 706 62232 7 25	0 0 5 61288 139 0 79 0 5
1 630 61518 7 25	0 0 6 61331 142 0 74 0 5
0 629 61560 7 25	0 0 4 62106 158 0 63 0 4
2 707 62337 7 25	0 0 4 61435 154 0 62 0 4
0 630 61662 7 25	0 0 4 61390 160 0 61 0 5
1 631 61621 7 25	0 0 3 62221 140 0 56 0 5
2 708 62428 7 25	0 0 5 61508 140 0 55 0 5
1 632 61715 7 25	0 0 4 61550 143 0 55 0 5
0 631 61760 7 25	0 0 5 61652 131 0 63 0 5
0 632 61858 7 25	0 0 6 61608 134 0 63 0 5
1 633 61818 7 25	0 0 7 62319 135 0 65 0 5
2 709 62533 7 25	0 0 3 62422 143 0 56 0 5
2 710 62630 7 25	0 0 6 61743 140 0 59 0 5
0 633 61954 7 24	0 0 4 61709 141 0 57 0 5
1 634 61919 7 25	0 0 5 61848 135 0 66 0 5
0 634 62062 7 24	0 0 6 61804 135 0 64 0 5
1 635 62016 7 25	0 0 11 62514 136 0 64 0 5
2 711 62732 7 25	0 0 6 61939 143 0 50 0 5
0 635 62146 7 24	0 0 4 62617 147 0 55 0 5
2 712 62831 7 25	0 0 6 61900 144 0 58 0 5
1 636 62117 7 24	0 0 6 62042 138 0 53 0 5
0 636 62246 7 24	0 0 4 62725 138 0 81 0 5
2 713 62956 7 25	0 0 5 62006 140 0 84 0 5
1 637 62242 7 24	0 0 4 62142 162 0 51 0 4
0 637 62366 7 24	0 0 4 62112 165 0 59 0 4
1 638 62346 7 24	0 0 3 62828 167 0 55 0 5
2 714 63059 7 25	0 0 4 62269 134 0 45 0 5
0 638 62459 7 24	0 0 5 62232 143 0 58 0 5
1 639 62444 7 24	0 0 5 62949 147 0 57 0 5
2 715 63165 6 24	0 0 5 62359 146 0 53 0 5
0 639 62570 7 24	0 0 6 62334 135 0 51 0 5
1 640 62533 7 24	0 0 6 63056 150 0 46 0 4
2 716 63265 6 24	0 0 6 62465 140 0 46 0 4
