0 0 57 0 0
1 0 65 0 0
0 1 60 0 0
1 1 62 0 0
0 2 71 0 0
1 2 70 0 0
0 3 67 0 0
1 3 69 0 0
0 4 73 0 0
1 4 72 0 0
0 5 79 0 0
1 5 74 0 0
0 6 83 0 0
1 6 74 0 0
0 7 82 0 0
1 7 78 0 0
0 8 83 0 0
1 8 77 0 0
0 9 90 0 0
1 9 78 0 0
0 10 91 0 0
1 10 80 0 0
0 11 94 0 0
1 11 81 0 0
0 12 97 0 0
1 12 80 0 0
0 13 97 0 0
1 13 87 0 0
0 14 100 0 0
1 14 87 0 0
0 15 102 0 0
1 15 87 0 0
0 16 104 0 0
1 16 87 0 0
0 17 107 0 0
1 17 85 0 0
0 18 109 0 0
1 18 86 0 0
0 19 110 0 0
1 19 86 0 0
1 20 88 0 0
0 20 115 0 0
1 21 91 0 0
0 21 120 0 0
1 22 93 0 0
0 22 123 0 0
1 23 95 22 24
0 23 124 22 25
1 24 94 22 24
0 24 125 22 25
1 25 96 22 24
0 25 126 22 25
1 26 95 22 24
0 26 128 22 25
1 27 93 22 24
0 27 131 22 25
1 28 90 22 24
0 28 134 22 25
1 29 89 22 24
0 29 137 22 25
1 30 88 22 24
0 30 139 22 25
1 31 88 22 24
0 31 140 22 25
1 32 89 22 24
0 32 139 22 25
1 33 90 22 24
0 33 139 22 25
1 34 92 22 24
0 34 139 22 25
1 35 94 22 24
0 35 139 22 25
1 36 95 22 24
0 36 140 22 25
1 37 96 22 24
0 37 141 22 25
1 38 97 22 24
0 38 142 22 25
1 39 98 22 24
0 39 142 22 25
1 40 100 22 24
0 40 143 22 25
1 41 101 22 24
0 41 144 22 25
1 42 101 22 24
0 42 145 22 25
1 43 102 22 24
0 43 145 22 25
1 44 103 22 24
0 44 148 22 25
1 45 104 22 24
0 45 148 22 25
1 46 105 22 24
0 46 149 22 25
1 47 107 22 24
0 47 149 22 25
1 48 104 24 24
0 48 152 24 24
1 49 104 24 24
0 49 154 24 24
1 50 103 24 24
0 50 155 24 24
1 51 103 24 24
0 51 157 24 24
1 52 103 24 24
0 52 158 24 24
1 53 102 24 24
0 53 160 24 24
1 54 102 24 24
0 54 163 24 24
1 55 101 24 24
0 55 167 24 24
1 56 102 24 24
1 57 105 24 24
0 56 171 24 24
1 58 108 24 24
0 57 171 24 24
1 59 111 24 24
0 58 175 24 24
1 60 113 24 24
0 59 181 24 24
1 61 116 24 24
0 60 184 24 24
1 62 118 24 24
0 61 187 24 24
1 63 120 24 24
0 62 190 24 24
1 64 121 24 24
0 63 191 24 24
1 65 123 24 24
0 64 191 24 24
1 66 123 24 24
0 65 192 24 24
1 67 119 24 24
0 66 195 24 24
1 68 119 24 24
0 67 200 24 24
1 69 118 24 24
0 68 204 24 24
1 70 116 24 24
0 69 206 24 24
1 71 116 24 24
0 70 210 24 24
1 72 114 24 24
0 71 212 24 24
1 73 114 24 24
0 72 214 23 25
1 74 112 24 24
0 73 217 23 25
1 75 114 24 24
0 74 221 23 25
1 76 116 24 24
1 77 121 24 24
0 75 228 23 25
1 78 124 24 24
0 76 231 23 25
1 79 125 24 24
0 77 233 23 25
1 80 126 24 24
0 78 235 23 25
1 81 127 24 24
0 79 237 23 25
1 82 128 24 24
0 80 238 23 25
1 83 129 24 24
0 81 239 23 25
1 84 129 24 24
0 82 240 23 25
1 85 132 24 24
0 83 242 23 25
1 86 133 24 24
0 84 242 23 25
1 87 135 24 24
0 85 245 23 25
1 88 136 24 24
0 86 246 23 25
1 89 137 24 24
0 87 242 23 25
1 90 137 24 24
0 88 243 23 25
1 91 138 24 24
0 89 247 23 25
1 92 138 24 24
0 90 248 23 25
1 93 139 24 24
0 91 248 23 25
1 94 140 24 24
0 92 249 23 25
1 95 140 24 24
0 93 250 23 25
1 96 140 24 24
0 94 252 23 25
1 97 141 24 24
0 95 253 23 25
1 98 138 24 25
0 96 256 23 24
1 99 138 24 25
0 97 260 23 24
1 100 138 24 25
0 98 260 23 24
1 101 139 24 25
0 99 260 23 24
1 102 142 24 25
0 100 260 23 24
1 103 140 24 25
0 101 262 23 24
1 104 145 24 25
0 102 263 23 24
1 105 150 24 25
0 103 259 23 24
1 106 153 24 25
0 104 260 23 24
0 105 263 23 24
107 (ms) = = 
0 106 268 23 24
current_fps_det 24   
0 107 270 23 24
1 109 166 24 25
1 110 169 24 25
0 108 277 23 24
1 111 172 24 25
0 109 278 23 24
0 110 279 23 24
1 112 175 24 25
0 111 281 23 24
1 113 176 24 25
1 114 178 24 25
0 112 284 23 24
0 113 283 23 24
1 115 179 24 25
0 114 285 23 24
1 116 181 24 25
0 115 288 23 24
current_fps_det 24   
1 118 186 24 25
0 116 292 23 24
0 117 295 23 24
1 119 189 24 25
1 120 192 24 25
0 118 295 23 24
1 121 196 24 25
0 119 302 23 24
0 120 306 23 24
1 122 200 23 24
1 123 203 23 24
0 121 310 23 24
1 124 208 23 24
0 122 313 23 24
1 125 211 23 24
0 123 317 23 24
1 126 216 23 24
0 124 322 23 24
1 127 217 23 24
0 125 327 23 24
1 128 220 23 24
0 126 331 23 24
1 129 228 23 24
0 127 334 23 24
1 130 233 23 24
0 128 339 23 24
1 131 237 23 24
0 129 343 23 24
1 132 240 23 24
0 130 347 23 24
1 133 244 23 24
0 131 351 23 24
1 134 247 23 24
0 132 353 23 24
1 135 249 23 24
0 133 357 23 24
1 136 253 23 24
0 134 360 23 24
1 137 256 23 24
0 135 364 23 24
1 138 257 23 24
0 136 368 23 24
0 137 380 23 24
1 139 286 23 24
0 138 380 23 24
1 140 285 23 24
0 139 385 23 24
1 141 292 23 24
0 140 392 23 24
1 142 294 23 24
0 141 397 23 24
1 143 304 23 24
0 142 398 23 24
1 144 311 23 24
0 143 402 22 24
1 145 296 22 25
0 144 412 22 24
1 146 299 22 25
1 147 305 22 25
0 145 415 22 24
1 148 305 22 25
0 146 416 22 24
1 149 308 22 25
0 147 418 22 24
1 150 310 22 25
0 148 420 22 24
1 151 315 22 25
0 149 422 22 24
1 152 317 22 25
0 150 425 22 24
0 151 429 22 24
1 153 323 22 25
1 154 327 22 25
0 152 433 22 24
1 155 329 22 25
0 153 432 22 24
0 154 439 22 24
1 156 333 22 25
1 157 338 22 25
0 155 444 22 24
1 158 341 22 25
0 156 447 22 24
0 157 450 22 24
1 159 345 22 25
0 158 454 22 24
1 160 346 22 25
0 159 457 22 24
1 161 353 22 25
1 162 354 22 25
0 160 462 22 24
1 163 357 22 25
0 161 465 22 24
1 164 362 22 25
0 162 468 22 24
0 163 472 22 24
1 165 367 22 25
1 166 370 22 25
0 164 476 22 24
0 165 477 22 24
1 167 375 22 25
0 166 485 22 24
1 168 379 22 25
0 167 488 22 24
1 169 383 23 25
1 170 387 23 25
0 168 493 22 24
1 171 389 23 25
0 169 496 22 24
1 172 393 23 25
0 170 500 22 24
0 171 502 22 24
1 173 394 23 25
0 172 507 22 24
1 174 401 23 25
0 173 512 22 24
= current_fps_cap   
1 176 thread_id 174 =
current_fps_det 22   
0 175 520 22 24
1 177 415 23 25
1 178 419 23 25
0 176 527 22 24
1 179 422 23 25
0 177 526 22 24
1 180 426 23 25
0 178 534 22 24
1 181 430 23 25
0 179 537 22 24
1 182 433 23 25
0 180 541 22 24
1 183 437 23 25
0 181 544 22 24
0 182 550 22 24
1 184 441 23 25
1 185 446 23 25
0 183 552 22 24
1 186 460 23 25
0 184 573 22 24
1 187 462 23 25
0 185 573 22 24
1 188 462 23 25
0 186 574 22 24
1 189 463 23 25
0 187 575 22 24
1 190 465 23 25
0 188 573 22 24
1 191 462 23 25
0 189 581 22 25
1 192 461 22 24
0 190 582 22 25
1 193 459 22 24
0 191 583 22 25
1 194 459 22 24
0 192 584 22 25
1 195 453 22 24
0 193 588 22 25
1 196 454 22 24
0 194 591 22 25
1 197 455 22 24
0 195 590 22 25
1 198 457 22 24
0 196 592 22 25
1 199 457 22 24
0 197 587 22 25
1 200 458 22 24
0 198 583 22 25
1 201 458 22 24
0 199 583 22 25
1 202 458 22 24
0 200 588 22 25
1 203 459 22 24
0 201 586 22 25
1 204 459 22 24
0 202 588 22 25
1 205 460 22 24
0 203 585 22 25
1 206 459 22 24
0 204 591 22 25
1 207 460 22 24
0 205 591 22 25
1 208 462 22 24
0 206 592 22 25
1 209 463 22 24
0 207 590 22 25
1 210 464 22 24
0 208 590 22 25
1 211 466 22 24
0 209 588 22 25
1 212 468 22 24
0 210 591 22 25
1 213 468 22 24
0 211 590 22 25
1 214 467 22 24
0 212 592 22 25
1 215 466 22 24
0 213 595 22 25
1 216 468 22 24
0 214 594 24 24
1 217 471 24 24
0 215 595 24 24
1 218 473 24 24
0 216 596 24 24
1 219 476 24 24
0 217 598 24 24
1 220 474 24 24
0 218 597 24 24
1 221 489 24 24
0 219 599 24 24
1 222 472 24 24
0 220 612 24 24
1 223 488 24 24
0 221 598 24 24
1 224 489 24 24
0 222 598 24 24
1 225 474 24 24
0 223 599 24 24
1 226 473 24 24
0 224 613 24 24
1 227 474 24 24
0 225 599 24 24
1 228 473 24 24
0 226 612 24 24
1 229 475 24 24
0 227 612 24 24
1 230 474 24 24
0 228 598 24 24
1 231 473 24 24
0 229 613 24 24
1 232 473 24 24
0 230 613 24 24
1 233 469 24 24
0 231 598 24 24
1 234 472 24 24
0 232 598 24 24
1 235 472 24 24
0 233 597 24 24
1 236 471 24 24
0 234 594 24 24
1 237 471 24 24
0 235 596 24 24
1 238 471 24 24
0 236 596 24 24
1 239 471 24 24
0 237 595 24 24
1 240 470 24 24
0 238 596 24 24
1 241 470 24 24
0 239 595 24 24
1 242 468 24 24
0 240 595 24 24
1 243 469 24 24
0 241 593 24 24
1 244 468 24 24
0 242 594 24 24
1 245 469 24 24
0 243 592 24 24
1 246 468 24 24
0 244 590 24 24
1 247 467 24 24
0 245 593 24 24
1 248 467 24 24
0 246 590 24 24
1 249 466 24 24
0 247 591 24 24
1 250 467 24 24
0 248 593 24 24
1 251 469 24 24
0 249 595 24 24
1 252 470 24 24
0 250 595 24 24
1 253 473 24 24
0 251 596 24 24
1 254 474 24 24
0 252 598 24 24
1 255 476 24 24
0 253 599 24 24
1 256 477 24 24
0 254 600 24 24
1 257 478 24 24
0 255 603 24 24
1 258 479 24 24
0 256 604 24 24
1 259 482 24 24
0 257 604 24 24
1 260 482 24 24
0 258 605 24 24
1 261 484 24 24
0 259 606 24 24
1 262 485 24 24
0 260 607 24 24
1 263 485 24 24
0 261 608 24 24
1 264 488 24 24
0 262 607 24 24
1 265 491 24 24
0 263 609 24 24
1 266 491 24 24
0 264 610 24 25
1 267 494 24 25
0 265 611 24 25
1 268 496 24 25
0 266 611 24 25
1 269 499 24 25
0 267 613 24 25
1 270 501 24 25
0 268 611 24 25
1 271 505 24 25
0 269 613 24 25
0 270 615 24 25
1 272 511 24 25
0 271 620 24 25
1 273 516 24 25
0 272 623 24 25
1 274 519 24 25
0 273 625 24 25
1 275 524 24 25
0 274 625 24 25
1 276 527 24 25
0 275 624 24 25
1 277 530 24 25
0 276 622 24 25
1 278 533 24 25
0 277 621 24 25
1 279 537 24 25
0 278 621 24 25
1 280 540 24 25
0 279 621 24 25
1 281 541 24 25
0 280 623 24 25
1 282 541 24 25
0 281 624 24 25
1 283 543 24 25
0 282 625 24 25
1 284 544 24 25
0 283 625 24 25
1 285 545 24 25
0 284 627 24 25
1 286 547 24 25
0 285 629 24 25
1 287 544 24 25
0 286 631 24 25
1 288 546 24 25
0 287 630 24 25
1 289 544 24 25
0 288 630 24 25
1 290 544 24 25
0 289 630 24 24
1 291 544 23 24
0 290 629 24 24
1 292 544 23 24
0 291 628 24 24
1 293 543 23 24
0 292 628 24 24
1 294 544 23 24
0 293 628 24 24
1 295 543 23 24
0 294 627 24 24
1 296 541 23 24
0 295 627 24 24
1 297 541 23 24
0 296 625 24 24
1 298 542 23 24
0 297 625 24 24
1 299 540 23 24
0 298 624 24 24
1 300 540 23 24
0 299 624 24 24
1 301 541 23 24
0 300 622 24 24
1 302 539 23 24
0 301 624 24 24
1 303 538 23 24
0 302 623 24 24
1 304 538 23 24
0 303 622 24 24
1 305 539 23 24
0 304 621 24 24
1 306 537 23 24
0 305 621 24 24
1 307 537 23 24
0 306 621 24 24
1 308 536 23 24
0 307 621 24 24
1 309 537 23 24
0 308 619 24 24
1 310 536 23 24
0 309 620 24 24
1 311 537 23 24
0 310 617 24 24
1 312 537 23 24
0 311 618 24 24
1 313 536 23 24
0 312 619 24 24
1 314 536 23 24
0 313 619 24 24
1 315 537 23 24
0 314 619 24 24
1 316 537 23 24
0 315 619 25 25
1 317 537 25 25
0 316 619 25 25
1 318 535 25 25
0 317 619 25 25
1 319 535 25 25
0 318 618 25 25
1 320 537 25 25
0 319 620 25 25
1 321 542 25 25
0 320 620 25 25
1 322 538 25 25
0 321 617 25 25
1 323 540 25 25
0 322 617 25 25
1 324 539 25 25
0 323 618 25 25
1 325 539 25 25
0 324 618 25 25
1 326 539 25 25
0 325 617 25 25
1 327 538 25 25
0 326 617 25 25
1 328 537 25 25
0 327 623 25 25
1 329 541 25 25
0 328 616 25 25
1 330 541 25 25
0 329 632 25 25
0 330 618 25 25
1 331 557 25 25
1 332 541 25 25
0 331 623 25 25
1 333 543 25 25
0 332 635 25 25
1 334 538 25 25
0 333 638 25 25
1 335 538 25 25
0 334 632 25 25
1 336 540 25 25
0 335 646 25 25
1 337 542 25 25
0 336 632 25 25
1 338 544 25 25
1 339 542 25 25
0 337 650 25 25
0 338 637 25 25
1 340 545 25 25
1 341 545 25 25
0 339 656 25 25
1 342 546 24 24
0 340 663 24 25
1 343 554 24 24
0 341 668 24 25
0 342 645 24 25
1 344 554 24 24
0 343 644 24 25
1 345 557 24 24
0 344 647 24 25
1 346 559 24 24
0 345 646 24 25
1 347 565 24 24
0 346 646 24 25
1 348 566 24 24
0 347 648 24 25
1 349 568 24 24
0 348 646 24 25
1 350 572 24 24
0 349 642 24 25
1 351 576 24 24
0 350 643 24 25
1 352 577 24 24
0 351 644 24 25
1 353 580 24 24
0 352 646 24 25
1 354 582 24 24
0 353 649 24 25
1 355 587 24 24
0 354 655 24 25
1 356 588 24 24
0 355 657 24 25
1 357 592 24 24
0 356 659 24 25
1 358 595 24 24
0 357 661 24 25
0 358 663 24 25
1 359 599 24 24
0 359 668 24 25
1 360 602 24 24
0 360 672 24 25
1 361 607 24 24
0 361 673 24 25
1 362 610 24 24
0 362 673 24 25
1 363 612 24 24
0 363 674 24 25
1 364 612 24 24
0 364 675 24 25
1 365 613 24 24
0 365 677 24 24
1 366 614 23 25
0 366 681 24 24
1 367 616 23 25
0 367 684 24 24
1 368 621 23 25
0 368 687 24 24
1 369 621 23 25
0 369 688 24 24
1 370 624 23 25
0 370 692 24 24
1 371 627 23 25
1 372 629 23 25
0 371 696 24 24
1 373 633 23 25
0 372 699 24 24
0 373 725 24 24
1 374 657 23 25
0 374 713 24 24
1 375 664 23 25
0 375 714 24 24
1 376 650 23 25
0 376 718 24 24
1 377 670 23 25
0 377 721 24 24
1 378 659 23 25
0 378 726 24 24
1 379 661 23 25
0 379 732 24 24
1 380 686 23 25
0 380 726 24 24
1 381 697 23 25
0 381 726 24 24
1 382 683 23 25
0 382 723 24 24
1 383 687 23 25
0 383 731 24 24
1 384 694 23 25
0 384 725 24 24
0 385 726 24 24
1 385 704 23 25
0 386 738 24 24
1 386 715 23 25
0 387 717 24 24
1 387 734 23 25
0 388 720 24 24
1 388 734 21 24
0 389 724 23 25
1 389 725 21 24
0 390 720 23 25
1 390 720 21 24
0 391 716 23 25
1 391 731 21 24
0 392 720 23 25
0 393 725 23 25
1 392 741 21 24
0 394 719 23 25
1 393 750 21 24
0 395 716 23 25
1 394 760 21 24
0 396 715 23 25
1 395 760 21 24
0 397 712 23 25
1 396 767 21 24
0 398 713 23 25
1 397 765 21 24
0 399 716 23 25
0 400 718 23 25
1 398 769 21 24
0 401 722 23 25
1 399 776 21 24
0 402 725 23 25
1 400 778 21 24
0 403 726 23 25
1 401 782 21 24
0 404 729 23 25
1 402 785 21 24
0 405 731 23 25
1 403 788 21 24
0 406 734 23 25
1 404 789 21 24
0 407 737 23 25
1 405 788 21 24
0 408 740 23 25
1 406 794 21 24
0 409 743 23 25
1 407 796 21 24
0 410 745 23 25
1 408 799 21 24
0 411 749 23 25
1 409 806 21 24
0 412 750 23 25
1 410 810 21 24
0 413 750 23 25
1 411 810 21 24
0 414 750 24 24
1 412 812 23 25
0 415 751 24 24
1 413 809 23 25
0 416 751 24 24
1 414 813 23 25
0 417 756 24 24
1 415 813 23 25
0 418 758 24 24
1 416 814 23 25
0 419 761 24 24
1 417 817 23 25
0 420 764 24 24
1 418 820 23 25
0 421 768 24 24
1 419 822 23 25
0 422 771 24 24
1 420 826 23 25
0 423 772 24 24
1 421 830 23 25
0 424 776 24 24
1 422 834 23 25
0 425 780 24 24
1 423 838 23 25
0 426 783 24 24
1 424 841 23 25
0 427 786 24 24
1 425 845 23 25
0 428 788 24 24
1 426 848 23 25
0 429 789 24 24
1 427 849 23 25
0 430 790 24 24
1 428 845 23 25
0 431 791 24 24
1 429 848 23 25
0 432 791 24 24
1 430 849 23 25
0 433 792 24 24
1 431 849 23 25
0 434 793 24 24
1 432 850 23 25
0 435 795 24 24
1 433 851 23 25
0 436 798 24 24
1 434 853 23 25
0 437 798 24 24
1 435 858 23 25
0 438 803 23 25
1 436 859 23 24
0 439 806 23 25
1 437 861 23 24
0 440 809 23 25
1 438 864 23 24
0 441 812 23 25
1 439 867 23 24
0 442 816 23 25
= current_fps_cap   
1 441 874 23 24
0 443 820 23 25
1 442 878 23 24
current_fps_det 23   
1 443 882 23 24
0 445 829 23 25
0 446 831 23 25
1 444 882 23 24
0 447 835 23 25
current_fps_det 23   
1 446 893 23 24
0 448 839 23 25
1 447 898 23 24
0 449 844 23 25
0 450 847 23 25
1 448 902 23 24
0 451 851 23 25
1 449 907 23 24
0 452 855 23 25
1 450 909 23 24
1 451 913 23 24
0 453 858 23 25
0 454 861 23 25
1 452 916 23 24
1 453 919 23 24
0 455 865 23 25
0 456 866 23 25
1 454 924 23 24
1 455 927 23 24
0 457 872 23 25
0 458 875 23 25
1 456 930 23 24
0 459 879 23 25
1 457 933 23 24
0 460 881 23 25
1 458 938 23 24
0 461 884 22 24
1 459 939 23 24
0 462 887 22 24
1 460 942 23 24
0 463 890 22 24
1 461 945 23 24
0 464 893 22 24
1 462 948 23 24
0 465 897 22 24
1 463 952 23 24
0 466 899 22 24
1 464 951 23 24
0 467 902 22 24
1 465 958 23 24
0 468 906 22 24
1 466 962 23 24
0 469 907 22 24
1 467 964 23 24
0 470 913 22 24
1 468 968 23 24
0 471 916 22 24
1 469 970 23 24
0 472 919 22 24
1 470 974 23 24
0 473 923 22 24
1 471 978 23 24
0 474 925 22 24
1 472 981 23 24
0 475 929 22 24
1 473 983 23 24
0 476 931 22 24
1 474 986 23 24
0 477 934 22 24
1 475 989 23 24
0 478 937 22 24
1 476 988 23 24
0 479 941 22 24
1 477 995 23 24
0 480 943 22 24
1 478 998 23 24
0 481 944 22 24
1 479 1002 23 24
0 482 948 22 24
1 480 1004 23 24
0 483 952 22 24
1 481 1007 23 24
0 484 959 22 24
1 482 1015 23 24
1 483 1017 23 24
0 485 963 23 24
1 484 1017 23 25
0 486 966 23 24
0 487 966 23 24
current_fps_det 23   
1 486 1025 23 25
0 488 971 23 24
1 487 1029 23 25
0 489 979 23 24
1 488 1033 23 25
0 490 981 23 24
1 489 1033 23 25
0 491 987 23 24
1 490 1038 23 25
0 492 987 23 24
1 491 1039 23 25
0 493 990 23 24
1 492 1042 23 25
0 494 1007 23 24
1 493 1045 23 25
0 495 991 23 24
1 494 1047 23 25
0 496 997 23 24
1 495 1049 23 25
0 497 999 23 24
1 496 1051 23 25
0 498 1002 23 24
1 497 1054 23 25
0 499 1004 23 24
1 498 1058 23 25
0 500 1005 23 24
1 499 1061 23 25
0 501 1008 23 24
1 500 1064 23 25
0 502 1014 23 24
1 501 1067 23 25
0 503 1017 23 24
1 502 1070 23 25
0 504 1018 23 24
1 503 1070 23 25
0 505 1023 23 24
1 504 1076 23 25
0 506 1024 23 24
1 505 1079 23 25
0 507 1026 23 24
1 506 1084 23 25
0 508 1028 23 24
0 509 1033 23 25
1 507 1088 23 25
0 510 1036 23 25
1 508 1091 23 25
1 509 1093 23 25
0 511 1040 23 25
1 510 1098 23 25
0 512 1045 23 25
1 511 1100 23 25
0 513 1047 23 25
0 514 1050 23 25
current_fps_det 23   
1 513 1108 23 25
0 515 1055 23 25
1 514 1111 23 25
0 516 1058 23 25
0 517 1060 23 25
1 515 1117 23 25
0 518 1062 23 25
1 516 1115 23 25
0 519 1060 23 25
1 517 1121 23 25
1 518 1123 23 25
0 520 1068 23 25
0 521 1070 23 25
1 519 1124 23 25
0 522 1073 23 25
1 520 1127 23 25
0 523 1074 23 25
1 521 1130 23 25
0 524 1077 23 25
1 522 1134 23 25
1 523 1139 23 25
0 525 1085 23 25
1 524 1143 23 25
0 526 1089 23 25
1 525 1147 23 25
0 527 1095 23 25
1 526 1151 23 25
0 528 1099 23 25
1 527 1155 23 25
0 529 1103 23 25
1 528 1159 23 25
0 530 1107 23 25
1 529 1166 23 25
0 531 1112 23 25
0 532 1113 22 24
1 530 1187 23 25
0 533 1141 22 24
1 531 1198 22 24
0 534 1123 22 24
1 532 1190 22 24
1 533 1181 22 24
0 535 1137 22 24
1 534 1184 22 24
0 536 1142 22 24
1 535 1189 22 24
0 537 1145 22 24
0 538 1144 22 24
1 536 1209 22 24
0 539 1145 22 24
1 537 1201 22 24
0 540 1150 22 24
1 538 1205 22 24
0 541 1158 22 24
1 539 1223 22 24
0 542 1162 22 24
1 540 1218 22 24
0 543 1163 22 24
1 541 1219 22 24
0 544 1167 22 24
1 542 1224 22 24
1 543 1224 22 24
0 545 1170 22 24
0 546 1172 22 24
1 544 1235 22 24
0 547 1189 22 24
1 545 1249 22 24
0 548 1170 22 24
1 546 1245 22 24
0 549 1185 22 24
1 547 1253 22 24
0 550 1182 22 24
1 548 1260 22 24
0 551 1170 22 24
1 549 1246 22 24
0 552 1182 22 24
1 550 1249 22 24
0 553 1172 22 24
1 551 1248 22 24
0 554 1172 22 24
1 552 1263 22 24
0 555 1175 22 24
1 553 1252 22 24
0 556 1187 23 25
1 554 1251 22 24
0 557 1176 23 25
1 555 1251 23 25
0 558 1175 23 25
1 556 1254 23 25
0 559 1175 23 25
1 557 1250 23 25
0 560 1172 23 25
1 558 1265 23 25
0 561 1175 23 25
1 559 1251 23 25
0 562 1180 23 25
1 560 1228 23 25
0 563 1181 23 25
1 561 1248 23 25
0 564 1182 23 25
1 562 1252 23 25
0 565 1182 23 25
1 563 1252 23 25
0 566 1183 23 25
1 564 1255 23 25
0 567 1185 23 25
1 565 1254 23 25
0 568 1186 23 25
1 566 1256 23 25
0 569 1187 23 25
1 567 1257 23 25
0 570 1184 23 25
1 568 1256 23 25
0 571 1192 23 25
1 569 1256 23 25
0 572 1192 23 25
1 570 1257 23 25
0 573 1195 23 25
1 571 1254 23 25
0 574 1198 23 25
1 572 1255 23 25
0 575 1203 23 25
1 573 1258 23 25
0 576 1204 23 25
1 574 1260 23 25
0 577 1207 23 25
1 575 1260 23 25
0 578 1208 23 25
1 576 1265 23 25
0 579 1212 23 25
1 577 1267 23 25
0 580 1214 23 25
1 578 1270 23 25
0 581 1218 24 25
1 579 1273 23 25
0 582 1221 24 25
1 580 1276 24 24
0 583 1223 24 25
1 581 1279 24 24
0 584 1228 24 25
1 582 1284 24 24
1 583 1285 24 24
0 585 1231 24 25
0 586 1232 24 25
1 584 1289 24 24
0 587 1234 24 25
1 585 1290 24 24
0 588 1238 24 25
1 586 1294 24 24
1 587 1299 24 24
0 589 1245 24 25
1 588 1300 24 24
0 590 1246 24 25
1 589 1303 24 24
0 591 1251 24 25
0 592 1254 24 25
1 590 1310 24 24
0 593 1253 24 25
1 591 1313 24 24
0 594 1251 24 25
1 592 1316 24 24
0 595 1249 24 25
1 593 1317 24 24
0 596 1246 24 25
1 594 1320 24 24
0 597 1245 24 25
1 595 1322 24 24
0 598 1250 24 25
1 596 1318 24 24
0 599 1250 24 25
1 597 1319 24 24
0 600 1251 24 25
1 598 1319 24 24
0 601 1248 24 25
1 599 1319 24 24
0 602 1253 24 25
1 600 1318 24 24
0 603 1253 24 25
1 601 1319 24 24
0 604 1250 24 25
1 602 1320 24 24
0 605 1254 24 25
1 603 1321 24 24
0 606 1254 24 25
1 604 1321 23 25
0 607 1252 24 25
1 605 1322 23 25
0 608 1254 24 25
1 606 1325 23 25
0 609 1253 24 25
1 607 1325 23 25
0 610 1253 24 25
1 608 1327 23 25
0 611 1254 24 25
1 609 1326 23 25
0 612 1253 24 25
1 610 1327 23 25
0 613 1254 24 25
1 611 1329 23 25
0 614 1254 24 25
1 612 1328 23 25
0 615 1254 24 25
1 613 1325 23 25
0 616 1254 24 25
1 614 1329 23 25
0 617 1254 24 25
1 615 1325 23 25
0 618 1254 24 25
1 616 1329 23 25
0 619 1249 24 25
1 617 1334 23 25
0 620 1254 24 25
1 618 1340 23 25
0 621 1253 24 25
1 619 1341 23 25
0 622 1255 24 25
1 620 1340 23 25
0 623 1258 24 25
1 621 1343 23 25
0 624 1256 24 25
1 622 1348 23 25
0 625 1255 24 25
0 626 1257 24 25
1 623 1354 23 25
0 627 1259 24 25
1 624 1357 23 25
0 628 1262 24 25
1 625 1360 23 25
0 629 1266 24 25
1 626 1364 23 25
0 630 1270 24 25
1 627 1363 23 25
1 628 1370 23 24
0 631 1276 24 24
0 632 1280 24 24
1 629 1376 23 24
0 633 1285 24 24
1 630 1381 23 24
0 634 1289 24 24
1 631 1385 23 24
0 635 1292 24 24
1 632 1389 23 24
0 636 1295 24 24
1 633 1392 23 24
0 637 1299 24 24
1 634 1396 23 24
0 638 1300 24 24
1 635 1399 23 24
0 639 1302 24 24
1 636 1401 23 24
0 640 1308 24 24
1 637 1403 23 24
0 641 1311 24 24
1 638 1407 23 24
0 642 1314 24 24
1 639 1410 23 24
0 643 1319 24 24
1 640 1415 23 24
0 644 1323 24 24
1 641 1420 23 24
0 645 1325 24 24
1 642 1422 23 24
0 646 1327 24 24
1 643 1425 23 24
0 647 1328 24 24
1 644 1427 23 24
0 648 1330 24 24
1 645 1427 23 24
0 649 1333 24 24
1 646 1429 23 24
0 650 1335 24 24
1 647 1431 23 24
0 651 1339 24 24
1 648 1434 23 24
0 652 1343 24 24
1 649 1438 23 24
0 653 1346 24 24
1 650 1442 23 24
1 651 1446 23 24
0 654 1351 24 24
1 652 1449 23 25
0 655 1354 23 24
1 653 1453 23 25
0 656 1360 23 24
1 654 1460 23 25
0 657 1367 23 24
0 658 1368 23 24
1 655 1465 23 25
0 659 1370 23 24
1 656 1467 23 25
0 660 1372 23 24
1 657 1468 23 25
0 661 1373 23 24
1 658 1470 23 25
0 662 1375 23 24
1 659 1468 23 25
0 663 1377 23 24
1 660 1474 23 25
0 664 1376 23 24
1 661 1476 23 25
0 665 1381 23 24
1 662 1478 23 25
0 666 1384 23 24
1 663 1480 23 25
1 664 1483 23 25
0 667 1388 23 24
0 668 1392 23 24
1 665 1487 23 25
0 669 1394 23 24
1 666 1489 23 25
0 670 1395 23 24
1 667 1494 23 25
0 671 1398 23 24
1 668 1495 23 25
0 672 1400 23 24
1 669 1497 23 25
0 673 1404 23 24
1 670 1496 23 25
0 674 1405 23 24
1 671 1501 23 25
0 675 1407 23 24
1 672 1503 23 25
0 676 1408 23 24
1 673 1506 23 25
1 674 1509 23 25
0 677 1414 23 24
0 678 1417 23 24
1 675 1513 23 25
0 679 1421 23 25
1 676 1516 23 24
0 680 1423 23 25
1 677 1521 23 24
0 681 1427 23 25
1 678 1525 23 24
0 682 1431 23 25
1 679 1526 23 24
0 683 1434 23 25
current_fps_det 23   
0 684 1435 23 25
1 681 1532 23 24
0 685 1439 23 25
1 682 1535 23 24
0 686 1443 23 25
1 683 1539 23 24
1 684 1540 23 24
0 687 1447 23 25
0 688 1447 23 25
1 685 1543 23 24
0 689 1451 23 25
1 686 1542 23 24
0 690 1450 23 25
1 687 1548 23 24
1 688 1551 23 24
current_fps_det 23   
0 692 1459 23 25
1 689 1555 23 24
1 690 1557 23 24
0 693 1464 23 25
0 694 1466 23 25
1 691 1565 23 24
0 695 1470 23 25
1 692 1565 23 24
0 696 1472 23 25
current_fps_det 23   
1 694 1569 23 24
current_fps_det 23   
0 698 1478 23 25
1 695 1573 23 24
0 699 1481 23 25
1 696 1577 23 24
0 700 1485 23 25
1 697 1580 23 24
0 701 1487 23 25
1 698 1583 23 24
0 702 1490 23 25
1 699 1585 23 24
0 703 1493 23 25
1 700 1585 23 25
1 701 1591 23 25
0 704 1497 23 25
1 702 1595 23 25
0 705 1502 23 25
1 703 1598 23 25
0 706 1505 23 25
1 704 1604 23 25
0 707 1507 23 25
1 705 1607 23 25
0 708 1513 23 25
1 706 1609 23 25
0 709 1516 23 25
1 707 1614 23 25
0 710 1519 23 25
0 711 1524 23 25
1 708 1620 23 25
0 712 1527 23 25
1 709 1621 23 25
0 713 1529 23 25
1 710 1624 23 25
0 714 1532 23 25
1 711 1627 23 25
0 715 1534 23 25
1 712 1630 23 25
0 716 1537 23 25
1 713 1632 23 25
0 717 1540 23 25
1 714 1635 23 25
1 715 1636 23 25
0 718 1547 23 25
1 716 1647 23 25
0 719 1553 23 25
0 720 1554 23 25
1 717 1650 23 25
0 721 1551 23 25
1 718 1656 23 25
0 722 1553 23 25
1 719 1659 23 25
0 723 1552 23 25
1 720 1663 23 25
0 724 1552 23 25
1 721 1669 23 25
0 725 1556 23 25
1 722 1675 23 25
0 726 1551 23 25
1 723 1675 22 24
0 727 1552 23 24
1 724 1672 22 24
0 728 1555 23 24
1 725 1671 22 24
0 729 1557 23 24
1 726 1671 22 24
0 730 1559 23 24
1 727 1667 22 24
0 731 1557 23 24
1 728 1665 22 24
0 732 1558 23 24
1 729 1668 22 24
0 733 1557 23 24
1 730 1664 22 24
0 734 1553 23 24
1 731 1668 22 24
0 735 1550 23 24
1 732 1669 22 24
0 736 1554 23 24
1 733 1663 22 24
0 737 1557 23 24
1 734 1664 22 24
0 738 1552 23 24
1 735 1668 22 24
0 739 1552 23 24
1 736 1669 22 24
0 740 1550 23 24
1 737 1662 22 24
0 741 1553 23 24
1 738 1663 22 24
0 742 1554 23 24
1 739 1663 22 24
0 743 1552 23 24
1 740 1669 22 24
0 744 1569 23 24
1 741 1670 22 24
0 745 1556 23 24
1 742 1673 22 24
0 746 1562 23 24
1 743 1673 22 24
0 747 1563 23 24
1 744 1677 22 24
0 748 1558 23 24
1 745 1680 22 24
0 749 1562 23 24
1 746 1683 22 24
0 750 1567 23 24
1 747 1683 22 24
0 751 1567 23 24
1 748 1678 24 25
0 752 1571 24 25
1 749 1681 24 25
0 753 1574 24 25
1 750 1687 24 25
0 754 1574 24 25
1 751 1688 24 25
0 755 1578 24 25
1 752 1686 24 25
0 756 1576 24 25
1 753 1689 24 25
0 757 1576 24 25
1 754 1687 24 25
0 758 1578 24 25
1 755 1689 24 25
0 759 1578 24 25
1 756 1683 24 25
0 760 1576 24 25
1 757 1692 24 25
0 761 1586 24 25
1 758 1705 24 25
0 762 1576 24 25
1 759 1690 24 25
0 763 1576 24 25
1 760 1690 24 25
0 764 1572 24 25
1 761 1689 24 25
0 765 1584 24 25
1 762 1693 24 25
0 766 1580 24 25
1 763 1694 24 25
0 767 1583 24 25
1 764 1692 24 25
0 768 1597 24 25
1 765 1694 24 25
0 769 1585 24 25
1 766 1695 24 25
0 770 1584 24 25
1 767 1698 24 25
0 771 1588 24 25
1 768 1701 24 25
0 772 1597 24 25
1 769 1712 24 25
0 773 1586 24 25
1 770 1707 24 25
0 774 1587 24 25
1 771 1710 24 25
0 775 1600 24 25
1 772 1707 24 25
0 776 1592 24 25
1 773 1722 24 24
0 777 1594 24 24
1 774 1712 24 24
0 778 1595 24 24
1 775 1710 24 24
0 779 1609 24 24
1 776 1714 24 24
0 780 1597 24 24
1 777 1715 24 24
0 781 1598 24 24
1 778 1713 24 24
0 782 1597 24 24
1 779 1713 24 24
0 783 1599 24 24
1 780 1715 24 24
0 784 1599 24 24
1 781 1719 24 24
0 785 1615 24 24
1 782 1722 24 24
0 786 1602 24 24
1 783 1726 24 24
0 787 1616 24 24
1 784 1738 24 24
0 788 1619 24 24
1 785 1723 24 24
0 789 1621 24 24
1 786 1739 24 24
0 790 1612 24 24
1 787 1726 24 24
0 791 1612 24 24
1 788 1732 24 24
0 792 1614 24 24
1 789 1733 24 24
0 793 1615 24 24
1 790 1734 24 24
0 794 1601 24 24
1 791 1738 24 24
0 795 1618 24 24
1 792 1739 24 24
0 796 1616 24 24
1 793 1736 24 24
0 797 1618 24 24
1 794 1739 24 24
0 798 1619 24 24
1 795 1740 24 24
0 799 1622 24 24
1 796 1737 24 24
0 800 1623 24 24
1 797 1741 24 24
0 801 1625 24 24
1 798 1742 24 25
0 802 1627 24 25
1 799 1744 24 25
0 803 1629 24 25
1 800 1744 24 25
0 804 1629 24 25
1 801 1745 24 25
0 805 1630 24 25
1 802 1746 24 25
0 806 1630 24 25
1 803 1747 24 25
0 807 1633 24 25
1 804 1749 24 25
0 808 1635 24 25
1 805 1749 24 25
0 809 1635 24 25
1 806 1749 24 25
0 810 1636 24 25
1 807 1749 24 25
0 811 1643 24 25
1 808 1751 24 25
0 812 1645 24 25
1 809 1751 24 25
0 813 1648 24 25
1 810 1751 24 25
0 814 1652 24 25
1 811 1750 24 25
0 815 1653 24 25
1 812 1753 24 25
0 816 1662 24 25
1 813 1758 24 25
1 814 1762 24 25
0 817 1669 24 25
1 815 1764 24 25
0 818 1671 24 25
1 816 1764 24 25
0 819 1675 24 25
1 817 1772 24 25
0 820 1680 24 25
1 818 1779 24 25
0 821 1687 24 25
1 819 1783 24 25
0 822 1690 24 25
1 820 1788 24 25
0 823 1695 24 25
1 821 1791 24 25
0 824 1698 24 25
1 822 1796 23 24
0 825 1703 24 25
1 823 1801 23 24
0 826 1708 23 25
1 824 1806 23 24
0 827 1712 23 25
1 825 1808 23 24
0 828 1715 23 25
1 826 1811 23 24
0 829 1718 23 25
1 827 1816 23 24
0 830 1723 23 25
1 828 1820 23 24
0 831 1727 23 25
1 829 1824 23 24
0 832 1732 23 25
1 830 1830 23 24
0 833 1737 23 25
1 831 1833 23 24
0 834 1741 23 25
1 832 1838 23 24
0 835 1745 23 25
1 833 1842 23 24
0 836 1751 23 25
1 834 1846 23 24
0 837 1753 23 25
1 835 1850 23 24
0 838 1758 23 25
1 836 1855 23 24
0 839 1762 23 25
1 837 1859 23 24
0 840 1767 23 25
1 838 1863 23 24
0 841 1771 23 25
1 839 1866 23 24
0 842 1774 23 25
1 840 1870 23 24
0 843 1778 23 25
1 841 1873 23 24
0 844 1782 23 25
1 842 1876 23 24
0 845 1785 23 25
1 843 1878 23 24
0 846 1787 23 25
1 844 1881 23 24
0 847 1789 23 25
1 845 1883 22 25
0 848 1791 23 25
1 846 1886 22 25
0 849 1795 22 24
1 847 1889 22 25
0 850 1797 22 24
1 848 1891 22 25
0 851 1796 22 24
1 849 1893 22 25
0 852 1803 22 24
1 850 1898 22 25
0 853 1805 22 24
1 851 1902 22 25
0 854 1808 22 24
1 852 1906 22 25
0 855 1813 22 24
1 853 1911 22 25
0 856 1818 22 24
1 854 1916 22 25
0 857 1823 22 24
1 855 1922 22 25
current_fps_det 22   
1 856 1927 22 25
0 859 1834 22 24
1 857 1928 22 25
0 860 1839 22 24
1 858 1936 22 25
0 861 1844 22 24
1 859 1940 22 25
0 862 1843 22 24
1 860 1944 22 25
0 863 1851 22 24
1 861 1949 22 25
0 864 1857 22 24
1 862 1951 22 25
0 865 1860 22 24
1 863 1953 22 25
0 866 1860 22 24
1 864 1955 22 25
0 867 1863 22 24
1 865 1959 22 25
0 868 1865 22 24
1 866 1965 22 25
0 869 1871 22 24
1 867 1967 22 25
0 870 1874 22 24
1 868 1969 22 24
0 871 1879 22 24
0 872 1880 22 24
1 869 1980 22 24
0 873 1888 22 24
1 870 1984 22 24
0 874 1893 22 24
1 871 1989 22 24
0 875 1897 22 24
1 872 1993 22 24
0 876 1901 22 24
1 873 1997 22 24
0 877 1904 22 24
1 874 2001 22 24
0 878 1909 22 24
1 875 2007 22 24
0 879 1913 22 24
1 876 2009 22 24
0 880 1916 22 24
1 877 2012 22 24
0 881 1920 22 24
1 878 2016 22 24
0 882 1925 22 24
1 879 2017 22 24
0 883 1925 22 24
1 880 2024 22 24
0 884 1932 22 24
1 881 2028 22 24
0 885 1935 22 24
1 882 2032 22 24
0 886 1938 22 24
1 883 2036 22 24
0 887 1941 22 24
1 884 2038 22 24
0 888 1945 22 24
1 885 2041 22 24
0 889 1950 22 24
1 886 2045 22 24
0 890 1952 22 24
1 887 2048 22 24
0 891 1954 22 24
1 888 2051 22 24
0 892 1959 22 24
1 889 2055 22 24
0 893 1963 22 24
1 890 2055 22 24
0 894 1966 22 24
1 891 2062 22 24
0 895 1969 22 25
1 892 2066 22 24
0 896 1969 22 25
1 893 2069 22 24
0 897 1976 22 25
1 894 2073 22 24
0 898 1980 22 25
1 895 2076 22 24
0 899 1982 22 25
1 896 2078 22 24
0 900 1987 22 25
1 897 2081 22 24
1 898 2085 22 24
current_fps_det 22   
1 899 2089 22 24
0 902 1995 22 25
1 900 2094 22 24
0 903 1999 22 25
0 904 2003 22 25
1 901 2099 22 24
1 902 2102 22 24
0 905 2008 22 25
0 906 2007 22 25
1 903 2101 22 24
0 907 2014 22 25
1 904 2109 22 24
0 908 2017 22 25
1 905 2112 22 24
1 906 2117 22 24
0 909 2023 22 25
1 907 2121 22 24
0 910 2027 22 25
1 908 2125 22 24
0 911 2032 22 25
1 909 2130 22 24
0 912 2040 22 25
1 910 2134 22 24
0 913 2042 22 25
0 914 2043 22 25
1 911 2140 22 24
0 915 2047 22 25
1 912 2152 22 24
1 913 2147 22 24
0 916 2059 22 25
1 914 2139 22 24
0 917 2061 22 25
1 915 2141 22 24
0 918 2057 22 24
1 916 2142 22 24
0 919 2061 22 24
1 917 2137 22 24
0 920 2062 22 24
1 918 2136 22 24
0 921 2062 22 24
1 919 2136 22 24
0 922 2061 22 24
1 920 2139 22 24
0 923 2060 22 24
1 921 2138 22 24
0 924 2086 22 24
1 922 2157 22 24
0 925 2076 22 24
1 923 2153 22 24
0 926 2075 22 24
1 924 2148 22 24
0 927 2079 22 24
1 925 2150 22 24
0 928 2076 22 24
1 926 2153 22 24
0 929 2073 22 24
1 927 2154 22 24
0 930 2076 22 24
1 928 2151 22 24
0 931 2077 22 24
1 929 2154 22 24
0 932 2079 22 24
1 930 2153 22 24
0 933 2079 22 24
1 931 2152 22 24
0 934 2078 22 24
1 932 2151 22 24
0 935 2085 22 24
1 933 2150 22 24
0 936 2078 22 24
1 934 2150 22 24
0 937 2077 22 24
1 935 2150 22 24
0 938 2081 22 24
1 936 2144 22 24
0 939 2079 22 24
1 937 2145 22 24
0 940 2077 22 24
1 938 2151 22 24
0 941 2072 22 24
1 939 2153 24 24
0 942 2078 22 24
1 940 2150 24 24
0 943 2079 24 24
1 941 2148 24 24
0 944 2076 24 24
1 942 2148 24 24
0 945 2081 24 24
1 943 2146 24 24
0 946 2077 24 24
1 944 2149 24 24
0 947 2077 24 24
1 945 2147 24 24
0 948 2075 24 24
1 946 2148 24 24
0 949 2074 24 24
1 947 2148 24 24
0 950 2073 24 24
1 948 2149 24 24
0 951 2073 24 24
1 949 2148 24 24
0 952 2077 24 24
1 950 2145 24 24
0 953 2076 24 24
1 951 2145 24 24
0 954 2075 24 24
1 952 2145 24 24
0 955 2074 24 24
1 953 2148 24 24
0 956 2077 24 24
1 954 2143 24 24
0 957 2079 24 24
1 955 2143 24 24
0 958 2077 24 24
1 956 2147 24 24
0 959 2073 24 24
1 957 2150 24 24
0 960 2072 24 24
1 958 2146 24 24
0 961 2074 24 24
1 959 2149 24 24
0 962 2076 24 24
1 960 2143 24 24
0 963 2073 24 24
1 961 2145 24 24
0 964 2076 24 24
1 962 2148 24 24
0 965 2077 24 24
1 963 2147 24 24
0 966 2075 24 24
1 964 2147 24 24
0 967 2073 24 24
1 965 2148 25 25
0 968 2072 24 24
1 966 2148 25 25
0 969 2073 25 25
1 967 2148 25 25
0 970 2072 25 25
1 968 2147 25 25
0 971 2072 25 25
1 969 2146 25 25
0 972 2072 25 25
1 970 2146 25 25
0 973 2070 25 25
1 971 2143 25 25
0 974 2070 25 25
1 972 2144 25 25
0 975 2071 25 25
1 973 2144 25 25
0 976 2064 25 25
1 974 2144 25 25
0 977 2069 25 25
1 975 2140 25 25
0 978 2070 25 25
1 976 2139 25 25
0 979 2069 25 25
1 977 2141 25 25
0 980 2064 25 25
1 978 2143 25 25
0 981 2066 25 25
1 979 2141 25 25
0 982 2070 25 25
1 980 2136 25 25
0 983 2079 25 25
1 981 2138 25 25
0 984 2085 25 25
1 982 2140 25 25
1 983 2146 25 25
0 985 2092 25 25
1 984 2146 25 25
0 986 2098 25 25
1 985 2151 25 25
0 987 2101 25 25
1 986 2153 25 25
0 988 2102 25 25
1 987 2151 25 25
0 989 2111 25 25
1 988 2150 25 25
0 990 2114 25 25
1 989 2150 25 25
0 991 2119 25 25
1 990 2151 24 24
0 992 2123 25 25
1 991 2152 24 24
0 993 2125 23 25
1 992 2153 24 24
0 994 2128 23 25
1 993 2151 24 24
1 994 2152 24 24
0 995 2141 23 25
1 995 2156 24 24
0 996 2142 23 25
0 997 2145 23 25
1 996 2163 24 24
0 998 2152 23 25
1 997 2168 24 24
1 998 2168 24 24
0 999 2157 23 25
1 999 2168 24 24
0 1000 2157 23 25
1 1000 2172 24 24
0 1001 2160 23 25
1 1001 2177 24 24
0 1002 2164 23 25
1 1002 2180 24 24
0 1003 2165 23 25
0 1004 2163 23 25
1 1003 2184 24 24
1 1004 2183 24 24
0 1005 2172 23 25
0 1006 2173 23 25
1 1005 2190 24 24
1 1006 2197 24 24
0 1007 2189 23 25
0 1008 2178 23 25
1 1007 2197 24 24
0 1009 2176 23 25
1 1008 2194 24 24
0 1010 2178 23 25
1 1009 2196 24 24
0 1011 2180 23 25
1 1010 2193 24 24
0 1012 2181 23 25
1 1011 2197 24 24
1 1012 2199 24 24
0 1013 2187 23 25
0 1014 2189 23 25
1 1013 2206 24 24
0 1015 2192 23 25
1 1014 2207 23 25
1 1015 2209 23 25
0 1016 2195 23 25
1 1016 2210 23 25
current_fps_det 23   
1 1017 2214 23 25
0 1018 2203 23 24
1 1018 2218 23 25
0 1019 2207 23 24
1 1019 2219 23 25
0 1020 2206 23 24
1 1020 2219 23 25
0 1021 2206 23 24
1 1021 2219 23 25
0 1022 2208 23 24
1 1022 2222 23 25
0 1023 2209 23 24
1 1023 2222 23 25
0 1024 2210 23 24
1 1024 2224 23 25
0 1025 2212 23 24
1 1025 2226 23 25
0 1026 2212 23 24
1 1026 2228 23 25
0 1027 2214 23 24
1 1027 2230 23 25
0 1028 2216 23 24
1 1028 2233 23 25
0 1029 2219 23 24
1 1029 2235 23 25
0 1030 2221 23 24
1 1030 2238 23 25
0 1031 2224 23 24
1 1031 2242 23 25
0 1032 2227 23 24
1 1032 2245 23 25
0 1033 2231 23 24
0 1034 2233 23 24
1 1033 2248 23 25
1 1034 2250 23 25
0 1035 2237 23 24
1 1035 2253 23 25
0 1036 2239 23 24
1 1036 2257 23 25
0 1037 2244 23 24
1 1037 2259 23 25
0 1038 2245 23 24
1 1038 2261 23 24
0 1039 2248 23 24
1 1039 2262 23 24
0 1040 2254 23 24
1 1040 2262 23 24
0 1041 2255 23 25
1 1041 2262 23 24
0 1042 2254 23 25
1 1042 2263 23 24
0 1043 2254 23 25
1 1043 2264 23 24
0 1044 2248 23 25
1 1044 2266 23 24
0 1045 2255 23 25
1 1045 2268 23 24
0 1046 2256 23 25
1 1046 2270 23 24
0 1047 2256 23 25
0 1048 2258 23 25
1 1047 2274 23 24
0 1049 2262 23 25
1 1048 2280 23 24
0 1050 2264 23 25
1 1049 2282 23 24
0 1051 2266 23 25
1 1050 2280 23 24
0 1052 2269 23 25
1 1051 2285 23 24
0 1053 2272 23 25
1 1052 2288 23 24
0 1054 2275 23 25
1 1053 2290 23 24
1 1054 2293 23 24
0 1055 2274 23 25
1 1055 2297 23 24
0 1056 2287 23 25
1 1056 2299 23 24
0 1057 2285 23 25
1 1057 2301 23 24
0 1058 2288 23 25
1 1058 2303 23 24
0 1059 2291 23 25
1 1059 2307 23 24
0 1060 2292 23 25
0 1061 2295 23 25
1 1060 2310 23 24
1 1061 2312 23 24
0 1062 2298 23 25
1 1062 2313 23 24
0 1063 2302 23 25
1 1063 2318 23 24
0 1064 2306 23 25
1 1064 2318 23 24
0 1065 2309 23 24
1 1065 2318 23 24
0 1066 2312 23 24
1 1066 2318 23 24
0 1067 2315 23 24
1 1067 2311 23 24
0 1068 2318 23 24
1 1068 2314 23 24
0 1069 2324 23 24
1 1069 2314 23 24
0 1070 2327 23 24
1 1070 2315 23 24
0 1071 2327 23 24
1 1071 2316 23 24
0 1072 2331 23 24
1 1072 2316 23 24
0 1073 2328 23 24
1 1073 2317 23 24
0 1074 2338 23 24
1 1074 2316 23 24
0 1075 2341 23 24
1 1075 2318 23 24
1 1076 2322 23 24
0 1076 2349 23 24
1 1077 2326 23 24
0 1077 2352 23 24
1 1078 2328 23 24
0 1078 2357 23 24
1 1079 2331 23 24
0 1079 2360 23 24
1 1080 2334 23 24
0 1080 2363 23 24
1 1081 2336 23 24
0 1081 2366 23 24
1 1082 2337 23 24
0 1082 2368 23 24
1 1083 2337 23 24
0 1083 2371 23 24
1 1084 2336 23 24
0 1084 2374 23 24
1 1085 2333 23 24
0 1085 2380 23 24
1 1086 2332 23 24
0 1086 2382 23 24
1 1087 2330 24 25
0 1087 2387 23 24
1 1088 2333 24 25
0 1088 2389 22 24
1 1089 2337 24 25
0 1089 2390 22 24
1 1090 2336 24 25
0 1090 2387 22 24
1 1091 2335 24 25
0 1091 2395 22 24
1 1092 2334 24 25
0 1092 2394 22 24
1 1093 2334 24 25
1 1094 2337 24 25
0 1093 2402 22 24
1 1095 2340 24 25
0 1094 2407 22 24
1 1096 2343 24 25
0 1095 2414 22 24
1 1097 2348 24 25
0 1096 2419 22 24
1 1098 2352 24 25
0 1097 2421 22 24
1 1099 2355 24 25
0 1098 2423 22 24
1 1100 2357 24 25
0 1099 2428 22 24
1 1101 2356 24 25
0 1100 2432 22 24
1 1102 2354 24 25
0 1101 2436 22 24
1 1103 2351 24 25
0 1102 2440 22 24
1 1104 2351 24 25
0 1103 2446 22 24
1 1105 2348 24 25
0 1104 2447 22 24
1 1106 2352 24 25
0 1105 2450 22 24
1 1107 2352 24 25
0 1106 2456 22 24
1 1108 2352 24 25
1 1109 2359 24 25
0 1107 2464 22 24
1 1110 2360 24 25
0 1108 2467 22 24
1 1111 2360 24 25
0 1109 2471 22 24
1 1112 2365 24 25
0 1110 2472 22 24
1 1113 2368 24 25
0 1111 2476 22 24
1 1114 2372 24 25
0 1112 2474 22 24
1 1115 2378 24 25
0 1113 2485 22 24
1 1116 2383 24 25
0 1114 2494 22 24
1 1117 2385 24 25
0 1115 2493 22 24
1 1118 2387 24 25
0 1116 2494 22 24
1 1119 2391 24 25
0 1117 2497 22 24
1 1120 2396 24 25
0 1118 2504 22 24
1 1121 2396 24 25
0 1119 2508 22 24
1 1122 2402 24 25
0 1120 2509 22 24
0 1121 2515 22 24
1 1123 2410 24 25
1 1124 2405 24 25
0 1122 2512 22 24
1 1125 2405 24 25
0 1123 2513 22 24
1 1126 2409 24 25
0 1124 2518 22 24
1 1127 2410 24 25
0 1125 2517 22 24
1 1128 2407 24 25
0 1126 2516 22 24
1 1129 2406 24 25
0 1127 2518 22 24
1 1130 2404 24 25
0 1128 2520 22 24
1 1131 2401 24 25
0 1129 2521 22 24
1 1132 2402 24 25
0 1130 2525 22 24
1 1133 2400 24 25
0 1131 2524 22 24
1 1134 2399 24 25
0 1132 2523 22 24
1 1135 2399 24 25
0 1133 2524 22 24
1 1136 2398 24 25
0 1134 2521 22 24
1 1137 2398 24 24
0 1135 2521 23 24
1 1138 2398 24 24
0 1136 2521 23 24
1 1139 2398 24 24
0 1137 2522 23 24
1 1140 2396 24 24
0 1138 2520 23 24
1 1141 2397 24 24
0 1139 2524 23 24
1 1142 2396 24 24
0 1140 2525 23 24
1 1143 2398 24 24
0 1141 2525 23 24
1 1144 2395 24 24
0 1142 2520 23 24
1 1145 2396 24 24
0 1143 2523 23 24
1 1146 2394 24 24
0 1144 2524 23 24
1 1147 2391 24 24
0 1145 2529 23 24
1 1148 2391 24 24
0 1146 2526 23 24
1 1149 2389 24 24
0 1147 2536 23 24
1 1150 2391 24 24
0 1148 2538 23 24
1 1151 2393 24 24
1 1152 2399 24 24
0 1149 2548 23 24
1 1153 2400 24 24
0 1150 2549 23 24
1 1154 2402 24 24
0 1151 2554 23 24
1 1155 2396 24 24
0 1152 2553 23 24
1 1156 2394 24 24
0 1153 2556 23 24
1 1157 2392 24 24
0 1154 2561 23 24
1 1158 2390 24 24
0 1155 2563 23 24
1 1159 2391 24 24
0 1156 2559 23 24
1 1160 2390 24 24
0 1157 2566 23 24
1 1161 2386 24 24
0 1158 2572 23 24
1 1162 2389 24 24
1 1163 2392 25 25
0 1159 2579 23 25
1 1164 2390 25 25
0 1160 2581 23 25
1 1165 2391 25 25
0 1161 2580 23 25
1 1166 2392 25 25
0 1162 2581 23 25
1 1167 2394 25 25
0 1163 2579 23 25
1 1168 2394 25 25
0 1164 2584 23 25
1 1169 2394 25 25
0 1165 2588 23 25
1 1170 2401 25 25
0 1166 2590 23 25
1 1171 2406 25 25
0 1167 2592 23 25
0 1168 2595 23 25
current_fps_det 25   
1 1173 2412 25 25
0 1169 2598 23 25
0 1170 2601 23 25
1 1174 2416 25 25
1 1175 2412 25 25
0 1171 2605 23 25
1 1176 2422 25 25
0 1172 2608 23 25
1 1177 2424 25 25
0 1173 2611 23 25
1 1178 2427 25 25
0 1174 2609 23 25
1 1179 2430 25 25
0 1175 2616 23 25
0 1176 2618 23 25
1 1180 2434 25 25
0 1177 2622 23 25
1 1181 2434 25 25
0 1178 2625 23 25
1 1182 2442 25 25
0 1179 2630 23 25
1 1183 2445 25 25
1 1184 2448 25 25
0 1180 2633 23 25
1 1185 2449 25 25
0 1181 2635 23 25
1 1186 2454 25 25
0 1182 2641 23 25
0 1183 2644 23 24
1 1187 2460 23 25
0 1184 2648 23 24
1 1188 2463 23 25
1 1189 2463 23 25
0 1185 2650 23 24
0 1186 2653 23 24
1 1190 2468 23 25
1 1191 2475 23 25
0 1187 2664 23 24
0 1188 2658 23 24
1 1192 2477 23 25
0 1189 2663 23 24
1 1193 2480 23 25
0 1190 2666 23 24
1 1194 2484 23 25
0 1191 2669 23 24
1 1195 2486 23 25
0 1192 2671 23 24
1 1196 2488 23 25
0 1193 2675 23 24
1 1197 2490 23 25
0 1194 2677 23 24
1 1198 2494 23 25
1 1199 2498 23 25
0 1195 2683 23 24
0 1196 2684 23 24
1 1200 2500 23 25
0 1197 2684 23 24
1 1201 2503 23 25
0 1198 2692 23 24
current_fps_det 23   
1 1203 2504 23 25
0 1199 2696 23 24
1 1204 2501 23 25
0 1200 2696 23 24
1 1205 2500 23 25
0 1201 2701 23 24
1 1206 2494 23 25
0 1202 2702 23 24
1 1207 2492 23 25
0 1203 2704 23 24
1 1208 2490 23 25
0 1204 2702 23 24
1 1209 2488 23 25
0 1205 2702 23 24
1 1210 2487 23 25
0 1206 2699 23 24
1 1211 2489 23 25
0 1207 2694 23 25
1 1212 2492 24 25
0 1208 2696 23 25
1 1213 2491 24 25
0 1209 2697 23 25
1 1214 2489 24 25
0 1210 2694 23 25
1 1215 2491 24 25
0 1211 2697 23 25
1 1216 2492 24 25
0 1212 2693 23 25
1 1217 2492 24 25
0 1213 2690 23 25
1 1218 2489 24 25
0 1214 2690 23 25
1 1219 2488 24 25
0 1215 2692 23 25
1 1220 2487 24 25
0 1216 2691 23 25
1 1221 2485 24 25
0 1217 2691 23 25
1 1222 2485 24 25
0 1218 2686 23 25
1 1223 2485 24 25
0 1219 2692 23 25
1 1224 2485 24 25
0 1220 2689 23 25
1 1225 2484 24 25
0 1221 2687 23 25
1 1226 2484 24 25
0 1222 2686 23 25
1 1227 2484 24 25
0 1223 2686 23 25
1 1228 2484 24 25
0 1224 2686 23 25
1 1229 2483 24 25
0 1225 2685 23 25
1 1230 2478 24 25
0 1226 2685 23 25
1 1231 2483 24 25
0 1227 2684 23 25
1 1232 2482 24 25
0 1228 2683 23 25
1 1233 2481 24 25
0 1229 2683 23 25
1 1234 2480 24 25
0 1230 2682 23 25
1 1235 2479 24 25
0 1231 2683 23 25
1 1236 2477 24 25
0 1232 2681 23 25
1 1237 2477 24 25
0 1233 2682 25 25
1 1238 2475 25 24
0 1234 2678 25 25
1 1239 2474 25 24
0 1235 2681 25 25
1 1240 2474 25 24
0 1236 2679 25 25
1 1241 2473 25 24
0 1237 2679 25 25
1 1242 2472 25 24
0 1238 2678 25 25
1 1243 2469 25 24
0 1239 2677 25 25
1 1244 2471 25 24
0 1240 2676 25 25
1 1245 2472 25 24
0 1241 2676 25 25
1 1246 2470 25 24
0 1242 2676 25 25
1 1247 2470 25 24
0 1243 2676 25 25
1 1248 2470 25 24
0 1244 2674 25 25
1 1249 2469 25 24
0 1245 2675 25 25
1 1250 2468 25 24
0 1246 2674 25 25
1 1251 2468 25 24
0 1247 2674 25 25
1 1252 2467 25 24
0 1248 2670 25 25
1 1253 2467 25 24
0 1249 2673 25 25
1 1254 2467 25 24
0 1250 2673 25 25
1 1255 2462 25 24
0 1251 2672 25 25
1 1256 2465 25 24
0 1252 2671 25 25
1 1257 2465 25 24
0 1253 2671 25 25
1 1258 2464 25 24
0 1254 2670 25 25
1 1259 2464 25 24
0 1255 2669 25 25
1 1260 2463 25 24
0 1256 2669 25 25
1 1261 2463 25 24
0 1257 2667 25 25
1 1262 2463 25 24
0 1258 2667 25 25
1 1263 2462 25 24
0 1259 2667 25 24
1 1264 2461 25 25
0 1260 2666 25 24
1 1265 2460 25 25
0 1261 2664 25 24
1 1266 2460 25 25
0 1262 2661 25 24
1 1267 2459 25 25
0 1263 2664 25 24
1 1268 2458 25 25
0 1264 2663 25 24
1 1269 2457 25 25
0 1265 2663 25 24
1 1270 2457 25 25
0 1266 2662 25 24
1 1271 2456 25 25
0 1267 2662 25 24
1 1272 2455 25 25
0 1268 2660 25 24
1 1273 2455 25 25
0 1269 2659 25 24
1 1274 2454 25 25
0 1270 2659 25 24
1 1275 2454 25 25
0 1271 2658 25 24
1 1276 2452 25 25
0 1272 2657 25 24
1 1277 2452 25 25
0 1273 2658 25 24
1 1278 2451 25 25
0 1274 2657 25 24
1 1279 2451 25 25
0 1275 2656 25 24
1 1280 2451 25 25
0 1276 2655 25 24
1 1281 2449 25 25
0 1277 2655 25 24
1 1282 2448 25 25
0 1278 2654 25 24
1 1283 2448 25 25
0 1279 2654 25 24
1 1284 2449 25 25
0 1280 2653 25 24
1 1285 2448 25 25
0 1281 2652 25 24
1 1286 2447 25 25
0 1282 2652 25 24
1 1287 2446 25 25
0 1283 2651 25 24
1 1288 2445 25 25
0 1284 2650 25 24
1 1289 2445 25 25
0 1285 2650 25 25
1 1290 2445 25 25
0 1286 2650 25 25
1 1291 2444 25 25
0 1287 2650 25 25
1 1292 2443 25 25
0 1288 2648 25 25
1 1293 2444 25 25
0 1289 2648 25 25
1 1294 2442 25 25
0 1290 2647 25 25
1 1295 2443 25 25
0 1291 2648 25 25
1 1296 2441 25 25
0 1292 2646 25 25
1 1297 2441 25 25
0 1293 2646 25 25
1 1298 2439 25 25
0 1294 2645 25 25
1 1299 2439 25 25
0 1295 2645 25 25
1 1300 2439 25 25
0 1296 2642 25 25
1 1301 2437 25 25
0 1297 2642 25 25
1 1302 2437 25 25
0 1298 2641 25 25
1 1303 2436 25 25
0 1299 2642 25 25
1 1304 2435 25 25
0 1300 2642 25 25
1 1305 2435 25 25
0 1301 2639 25 25
1 1306 2435 25 25
0 1302 2639 25 25
1 1307 2435 25 25
0 1303 2638 25 25
1 1308 2435 25 25
0 1304 2638 25 25
1 1309 2434 25 25
0 1305 2637 25 25
1 1310 2433 25 25
0 1306 2637 25 25
1 1311 2432 25 25
0 1307 2636 25 25
1 1312 2431 25 25
0 1308 2636 25 25
1 1313 2432 25 25
0 1309 2636 25 25
1 1314 2433 25 25
0 1310 2634 25 25
1 1315 2433 25 25
0 1311 2634 25 24
1 1316 2431 25 24
0 1312 2636 25 24
1 1317 2432 25 24
0 1313 2637 25 24
1 1318 2431 25 24
0 1314 2634 25 24
1 1319 2429 25 24
0 1315 2634 25 24
1 1320 2429 25 24
0 1316 2636 25 24
1 1321 2433 25 24
0 1317 2631 25 24
1 1322 2432 25 24
0 1318 2627 25 24
1 1323 2431 25 24
0 1319 2629 25 24
1 1324 2430 25 24
0 1320 2626 25 24
1 1325 2429 25 24
0 1321 2628 25 24
1 1326 2425 25 24
0 1322 2632 25 24
1 1327 2423 25 24
0 1323 2631 25 24
1 1328 2423 25 24
0 1324 2632 25 24
1 1329 2423 25 24
0 1325 2629 25 24
1 1330 2422 25 24
0 1326 2627 25 24
1 1331 2424 25 24
0 1327 2629 25 24
1 1332 2421 25 24
0 1328 2627 25 24
1 1333 2421 25 24
0 1329 2627 25 24
1 1334 2419 25 24
0 1330 2625 25 24
1 1335 2420 25 24
0 1331 2623 25 24
1 1336 2423 25 24
0 1332 2623 25 24
1 1337 2421 25 24
0 1333 2623 25 24
1 1338 2420 25 24
0 1334 2622 25 24
1 1339 2417 25 24
0 1335 2622 25 24
1 1340 2415 25 24
0 1336 2622 25 24
1 1341 2416 25 24
0 1337 2622 25 25
1 1342 2415 25 25
0 1338 2620 25 25
1 1343 2415 25 25
0 1339 2619 25 25
1 1344 2414 25 25
0 1340 2618 25 25
1 1345 2417 25 25
0 1341 2618 25 25
1 1346 2412 25 25
0 1342 2619 25 25
1 1347 2412 25 25
0 1343 2621 25 25
1 1348 2412 25 25
0 1344 2616 25 25
1 1349 2411 25 25
0 1345 2618 25 25
1 1350 2410 25 25
0 1346 2615 25 25
1 1351 2410 25 25
0 1347 2616 25 25
1 1352 2406 25 25
0 1348 2616 25 25
1 1353 2407 25 25
0 1349 2620 25 25
1 1354 2410 25 25
0 1350 2618 25 25
1 1355 2411 25 25
0 1351 2620 25 25
1 1356 2412 25 25
0 1352 2621 25 25
1 1357 2413 25 25
0 1353 2627 25 25
1 1358 2417 25 25
0 1354 2625 25 25
1 1359 2417 25 25
0 1355 2629 25 25
1 1360 2419 25 25
0 1356 2629 25 25
1 1361 2419 25 25
0 1357 2630 25 25
1 1362 2423 25 25
0 1358 2630 25 25
1 1363 2421 25 25
0 1359 2631 25 25
1 1364 2421 25 25
0 1360 2637 25 25
1 1365 2419 25 25
0 1361 2639 25 25
1 1366 2418 25 25
0 1362 2638 24 24
1 1367 2421 24 24
0 1363 2644 24 24
1 1368 2420 24 24
0 1364 2652 24 24
1 1369 2427 24 24
1 1370 2432 24 24
0 1365 2659 24 24
0 1366 2665 24 24
1 1371 2440 24 24
0 1367 2670 24 24
1 1372 2444 24 24
1 1373 2450 24 24
0 1368 2677 24 24
1 1374 2453 24 24
0 1369 2681 24 24
1 1375 2459 24 24
0 1370 2688 24 24
1 1376 2463 24 24
0 1371 2690 24 24
1 1377 2466 24 24
0 1372 2696 24 24
1 1378 2469 24 24
0 1373 2699 24 24
1 1379 2467 24 24
0 1374 2700 24 24
1 1380 2466 24 24
0 1375 2704 24 24
1 1381 2464 24 24
0 1376 2708 24 24
1 1382 2465 24 24
0 1377 2711 24 24
1 1383 2460 24 24
0 1378 2718 24 24
1 1384 2459 24 24
0 1379 2720 24 24
1 1385 2461 24 24
0 1380 2730 24 24
1 1386 2465 24 24
1 1387 2469 24 24
0 1381 2735 24 24
1 1388 2466 24 24
0 1382 2733 24 24
1 1389 2466 24 24
0 1383 2736 24 24
1 1390 2466 24 24
0 1384 2736 24 24
1 1391 2467 23 24
0 1385 2737 22 25
1 1392 2461 23 24
0 1386 2740 22 25
1 1393 2457 23 24
0 1387 2741 22 25
1 1394 2457 23 24
0 1388 2741 22 25
1 1395 2457 23 24
0 1389 2740 22 25
1 1396 2456 23 24
0 1390 2740 22 25
1 1397 2453 23 24
0 1391 2740 22 25
1 1398 2448 23 24
0 1392 2743 22 25
1 1399 2449 23 24
0 1393 2741 22 25
1 1400 2449 23 24
0 1394 2739 22 25
1 1401 2451 23 24
0 1395 2740 22 25
1 1402 2452 23 24
0 1396 2737 22 25
1 1403 2453 23 24
0 1397 2736 22 25
1 1404 2453 23 24
0 1398 2736 22 25
1 1405 2452 23 24
0 1399 2737 22 25
1 1406 2449 23 24
0 1400 2739 22 25
1 1407 2444 23 24
0 1401 2740 22 25
1 1408 2448 23 24
0 1402 2737 22 25
1 1409 2449 23 24
0 1403 2736 22 25
1 1410 2449 23 24
0 1404 2734 22 25
1 1411 2448 23 24
0 1405 2735 22 25
1 1412 2448 23 24
0 1406 2735 22 25
1 1413 2445 23 24
0 1407 2738 22 25
1 1414 2444 23 24
0 1408 2736 22 25
1 1415 2445 23 24
0 1409 2732 22 25
1 1416 2445 23 24
0 1410 2730 22 25
1 1417 2447 25 25
0 1411 2731 25 25
1 1418 2445 25 25
0 1412 2730 25 25
1 1419 2441 25 25
0 1413 2734 25 25
1 1420 2440 25 25
0 1414 2731 25 25
1 1421 2443 25 25
0 1415 2731 25 25
1 1422 2441 25 25
0 1416 2727 25 25
1 1423 2444 25 25
0 1417 2728 25 25
1 1424 2439 25 25
0 1418 2728 25 25
1 1425 2442 25 25
0 1419 2728 25 25
1 1426 2440 25 25
0 1420 2724 25 25
1 1427 2441 25 25
0 1421 2727 25 25
1 1428 2440 25 25
0 1422 2726 25 25
1 1429 2437 25 25
0 1423 2726 25 25
1 1430 2439 25 25
0 1424 2727 25 25
1 1431 2436 25 25
0 1425 2725 25 25
1 1432 2433 25 25
0 1426 2719 25 25
1 1433 2437 25 25
0 1427 2720 25 25
1 1434 2435 25 25
0 1428 2722 25 25
1 1435 2437 25 25
0 1429 2723 25 25
1 1436 2430 25 25
0 1430 2726 25 25
1 1437 2429 25 25
0 1431 2732 25 25
1 1438 2429 25 25
0 1432 2731 25 25
1 1439 2428 25 25
0 1433 2733 25 25
1 1440 2429 25 25
0 1434 2735 25 25
1 1441 2431 25 25
0 1435 2741 25 25
1 1442 2436 25 25
0 1436 2739 24 24
1 1443 2439 25 24
0 1437 2747 24 24
1 1444 2443 25 24
1 1445 2444 25 24
0 1438 2752 24 24
0 1439 2753 24 24
1 1446 2448 25 24
1 1447 2450 25 24
0 1440 2758 24 24
0 1441 2758 24 24
1 1448 2453 25 24
1 1449 2456 25 24
0 1442 2762 24 24
1 1450 2459 25 24
0 1443 2765 24 24
0 1444 2769 24 24
1 1451 2470 25 24
0 1445 2771 24 24
1 1452 2467 25 24
0 1446 2770 24 24
1 1453 2469 25 24
0 1447 2777 24 24
1 1454 2472 25 24
0 1448 2779 24 24
1 1455 2475 25 24
1 1456 2478 25 24
0 1449 2784 24 24
0 1450 2784 24 24
1 1457 2481 25 24
1 1458 2483 25 24
0 1451 2791 24 24
1 1459 2486 25 24
0 1452 2795 24 24
1 1460 2489 25 24
0 1453 2795 24 24
0 1454 2798 24 24
1 1461 2492 25 24
1 1462 2495 25 24
0 1455 2801 24 24
0 1456 2805 24 24
1 1463 2500 25 24
1 1464 2501 25 24
0 1457 2808 24 24
0 1458 2809 24 24
1 1465 2504 25 24
1 1466 2507 25 24
0 1459 2813 24 24
1 1467 2511 23 25
0 1460 2817 23 25
1 1468 2514 23 25
0 1461 2820 23 25
1 1469 2517 23 25
0 1462 2823 23 25
1 1470 2520 23 25
0 1463 2826 23 25
1 1471 2523 23 25
0 1464 2830 23 25
1 1472 2525 23 25
0 1465 2831 23 25
1 1473 2527 23 25
0 1466 2834 23 25
1 1474 2529 23 25
0 1467 2836 23 25
1 1475 2532 23 25
0 1468 2838 23 25
0 1469 2842 23 25
1 1476 2537 23 25
0 1470 2845 23 25
1 1477 2541 23 25
1 1478 2543 23 25
0 1471 2849 23 25
1 1479 2547 23 25
0 1472 2853 23 25
1 1480 2549 23 25
0 1473 2856 23 25
1 1481 2552 23 25
0 1474 2858 23 25
1 1482 2555 23 25
0 1475 2861 23 25
1 1483 2558 23 25
0 1476 2864 23 25
1 1484 2563 23 25
0 1477 2869 23 25
0 1478 2870 23 25
1 1485 2567 23 25
0 1479 2873 23 25
1 1486 2568 23 25
0 1480 2876 23 25
1 1487 2571 23 25
0 1481 2880 23 25
1 1488 2574 23 25
1 1489 2578 23 25
0 1482 2885 23 25
1 1490 2581 23 25
0 1483 2887 23 25
1 1491 2587 23 25
0 1484 2893 23 25
1 1492 2589 23 25
0 1485 2896 23 25
1 1493 2593 23 25
0 1486 2899 23 25
1 1494 2594 23 25
0 1487 2901 23 25
1 1495 2599 23 25
0 1488 2905 23 25
1 1496 2599 23 25
0 1489 2905 23 25
1 1497 2602 23 25
0 1490 2907 23 25
1 1498 2605 23 25
0 1491 2911 23 25
1 1499 2607 23 25
0 1492 2913 23 25
1 1500 2611 23 25
0 1493 2917 23 25
0 1494 2919 23 25
1 1501 2614 23 25
0 1495 2923 23 25
1 1502 2618 23 25
0 1496 2925 23 25
1 1503 2621 23 25
1 1504 2624 23 25
0 1497 2929 23 25
1 1505 2627 23 25
0 1498 2932 23 25
0 1499 2935 23 25
current_fps_det 23   
1 1507 2632 23 25
0 1500 2939 23 25
1 1508 2635 23 25
0 1501 2941 23 25
1 1509 2638 23 25
0 1502 2944 23 25
1 1510 2642 23 25
0 1503 2949 23 25
1 1511 2645 23 25
0 1504 2951 23 25
1 1512 2647 23 25
0 1505 2953 23 25
0 1506 2955 23 25
1 1513 2651 23 25
1 1514 2653 23 25
0 1507 2959 23 25
0 1508 2962 23 24
1 1515 2657 23 25
1 1516 2659 23 25
0 1509 2965 23 24
1 1517 2661 23 25
0 1510 2964 23 24
1 1518 2664 23 25
0 1511 2969 23 24
0 1512 2972 23 24
current_fps_det 23   
1 1520 2669 23 25
0 1513 2976 23 24
1 1521 2673 23 25
current_fps_det 23   
0 1515 2981 23 24
current_fps_det 23   
0 1516 2983 23 24
1 1523 2679 23 25
0 1517 2988 23 24
1 1524 2683 23 25
0 1518 2991 23 24
1 1525 2687 23 25
1 1526 2688 23 25
0 1519 2995 23 24
0 1520 2997 23 24
1 1527 2692 23 25
0 1521 3000 23 24
1 1528 2695 23 25
0 1522 3004 23 24
1 1529 2699 23 25
1 1530 2701 23 25
0 1523 3007 23 24
0 1524 3008 23 24
1 1531 2704 23 25
0 1525 3008 23 24
1 1532 2708 23 25
0 1526 3013 23 24
1 1533 2707 23 25
0 1527 3017 23 24
1 1534 2713 23 25
0 1528 3023 23 24
1 1535 2722 23 25
0 1529 3025 23 24
1 1536 2723 23 25
0 1530 3026 23 24
1 1537 2723 23 25
0 1531 3029 23 24
1 1538 2726 23 25
0 1532 3031 23 25
1 1539 2728 23 25
0 1533 3033 23 25
1 1540 2729 23 25
0 1534 3035 23 25
1 1541 2733 23 25
0 1535 3037 23 25
1 1542 2735 23 25
0 1536 3039 23 25
1 1543 2736 23 25
0 1537 3042 23 25
1 1544 2739 23 25
0 1538 3042 23 25
1 1545 2740 23 25
0 1539 3041 23 25
1 1546 2740 23 25
0 1540 3046 23 25
1 1547 2738 23 25
0 1541 3049 23 25
1 1548 2743 23 25
0 1542 3050 23 25
1 1549 2748 23 25
0 1543 3053 23 25
1 1550 2749 23 25
0 1544 3056 23 25
1 1551 2754 23 25
0 1545 3058 23 25
1 1552 2754 23 25
0 1546 3060 23 25
1 1553 2759 23 25
0 1547 3063 23 25
1 1554 2760 23 25
0 1548 3066 23 25
1 1555 2762 23 25
0 1549 3069 23 25
1 1556 2765 23 25
0 1550 3071 23 25
1 1557 2767 23 25
0 1551 3072 23 25
1 1558 2769 23 25
0 1552 3074 23 25
1 1559 2771 23 25
0 1553 3073 23 25
1 1560 2770 23 25
0 1554 3078 23 25
1 1561 2775 23 25
0 1555 3084 23 25
1 1562 2779 23 25
0 1556 3085 23 25
1 1563 2780 23 24
0 1557 3088 23 25
1 1564 2785 23 24
0 1558 3088 23 25
1 1565 2788 23 24
0 1559 3088 23 25
1 1566 2785 23 24
0 1560 3089 23 25
1 1567 2786 23 24
0 1561 3090 23 25
1 1568 2787 23 24
0 1562 3093 23 25
1 1569 2790 23 24
0 1563 3094 23 25
1 1570 2790 23 24
0 1564 3097 23 25
1 1571 2793 23 24
0 1565 3099 23 25
1 1572 2795 23 24
0 1566 3101 23 25
1 1573 2798 23 24
0 1567 3100 23 25
1 1574 2802 23 24
0 1568 3107 23 25
1 1575 2801 23 24
0 1569 3109 23 25
1 1576 2805 23 24
0 1570 3110 23 25
1 1577 2807 23 24
0 1571 3112 23 25
1 1578 2810 23 24
0 1572 3114 23 25
1 1579 2811 23 24
0 1573 3117 23 25
1 1580 2814 23 24
0 1574 3119 23 25
1 1581 2815 23 24
1 1582 2818 23 24
0 1575 3124 23 25
0 1576 3126 23 25
1 1583 2822 23 24
0 1577 3130 23 25
1 1584 2825 23 24
0 1578 3132 23 25
1 1585 2827 23 24
0 1579 3135 23 25
1 1586 2831 23 24
0 1580 3137 23 24
1 1587 2833 23 24
0 1581 3136 23 24
1 1588 2838 23 24
0 1582 3141 23 24
1 1589 2838 23 24
0 1583 3145 23 24
1 1590 2838 23 24
0 1584 3149 23 24
1 1591 2844 23 24
0 1585 3150 23 24
1 1592 2847 23 24
0 1586 3152 23 24
1 1593 2847 23 24
0 1587 3154 23 24
1 1594 2853 23 24
0 1588 3157 23 24
1 1595 2856 23 24
0 1589 3159 23 24
1 1596 2859 23 24
0 1590 3162 23 24
1 1597 2859 23 24
0 1591 3164 23 24
1 1598 2861 23 24
0 1592 3166 23 24
1 1599 2863 23 24
0 1593 3170 23 24
1 1600 2866 23 24
0 1594 3172 23 24
1 1601 2869 23 24
0 1595 3175 23 24
1 1602 2872 23 24
0 1596 3174 23 24
1 1603 2871 23 24
0 1597 3180 23 24
1 1604 2876 23 24
0 1598 3182 23 24
1 1605 2878 23 24
0 1599 3186 23 24
1 1606 2882 23 24
0 1600 3188 23 24
1 1607 2883 23 24
0 1601 3192 23 24
1 1608 2887 23 24
0 1602 3194 23 24
1 1609 2890 23 24
0 1603 3198 23 24
1 1610 2894 23 24
0 1604 3201 23 24
1 1611 2897 23 25
0 1605 3204 23 24
1 1612 2900 23 25
0 1606 3207 23 24
1 1613 2902 23 25
0 1607 3210 23 24
1 1614 2906 23 25
0 1608 3213 23 24
1 1615 2909 23 25
0 1609 3216 23 24
1 1616 2912 23 25
0 1610 3219 23 24
1 1617 2915 23 25
0 1611 3222 23 24
1 1618 2918 23 25
0 1612 3222 23 24
1 1619 2921 23 25
0 1613 3229 23 24
1 1620 2924 23 25
0 1614 3230 23 24
1 1621 2926 23 25
1 1622 2923 23 25
0 1615 3233 23 24
1 1623 2928 23 25
0 1616 3234 23 24
1 1624 2931 23 25
0 1617 3237 23 24
1 1625 2933 23 25
0 1618 3239 23 24
1 1626 2934 23 25
0 1619 3243 23 24
1 1627 2937 23 25
0 1620 3245 23 24
1 1628 2939 23 25
0 1621 3247 23 24
1 1629 2941 23 25
0 1622 3249 23 24
1 1630 2942 23 25
0 1623 3250 23 24
1 1631 2944 23 25
0 1624 3251 23 24
1 1632 2946 23 25
0 1625 3253 23 24
1 1633 2948 23 25
0 1626 3255 23 24
1 1634 2951 23 25
0 1627 3257 23 24
1 1635 2953 23 24
0 1628 3259 23 25
1 1636 2955 23 24
0 1629 3261 23 25
0 1630 3263 23 25
1 1637 2959 23 24
0 1631 3261 23 25
1 1638 2961 23 24
0 1632 3267 23 25
1 1639 2963 23 24
0 1633 3269 23 25
1 1640 2965 23 24
0 1634 3272 23 25
1 1641 2967 23 24
1 1642 2969 23 24
0 1635 3275 23 25
1 1643 2969 23 24
0 1636 3278 23 25
1 1644 2975 23 24
0 1637 3281 23 25
1 1645 2978 23 24
0 1638 3284 23 25
1 1646 2979 23 24
0 1639 3286 23 25
1 1647 2982 23 24
0 1640 3290 23 25
1 1648 2984 23 24
0 1641 3292 23 25
1 1649 2987 23 24
0 1642 3293 23 25
1 1650 2989 23 24
0 1643 3296 23 25
1 1651 2992 23 24
0 1644 3298 23 25
1 1652 2994 23 24
0 1645 3301 23 25
1 1653 2996 23 24
0 1646 3302 23 25
1 1654 2998 23 24
0 1647 3305 23 25
1 1655 3001 23 24
0 1648 3309 23 25
1 1656 3004 23 24
0 1649 3311 23 25
1 1657 3006 23 24
0 1650 3312 23 25
1 1658 3008 23 24
0 1651 3314 23 25
1 1659 3011 23 25
0 1652 3313 23 24
1 1660 3014 23 25
0 1653 3320 23 24
1 1661 3014 23 25
0 1654 3324 23 24
1 1662 3020 23 25
0 1655 3326 23 24
1 1663 3021 23 25
0 1656 3329 23 24
1 1664 3026 23 25
0 1657 3336 23 24
1 1665 3025 23 25
0 1658 3338 23 24
1 1666 3023 23 25
0 1659 3336 23 24
1 1667 3022 23 25
0 1660 3335 23 24
1 1668 3020 23 25
0 1661 3337 23 24
1 1669 3018 23 25
0 1662 3337 23 24
1 1670 3013 23 25
0 1663 3344 23 24
1 1671 3010 23 25
0 1664 3343 23 24
1 1672 3009 23 25
0 1665 3342 23 24
1 1673 3009 23 25
0 1666 3340 23 24
1 1674 3011 23 25
0 1667 3337 23 24
1 1675 3011 23 25
0 1668 3332 23 24
1 1676 3009 23 25
0 1669 3339 23 24
1 1677 3005 23 25
0 1670 3336 23 24
1 1678 3008 23 25
0 1671 3338 23 24
1 1679 3007 23 25
0 1672 3335 23 24
1 1680 3008 23 25
0 1673 3332 23 24
1 1681 3006 23 25
0 1674 3334 23 24
1 1682 3006 23 25
0 1675 3333 23 24
1 1683 3005 23 25
0 1676 3332 23 24
1 1684 3004 23 25
0 1677 3331 24 25
1 1685 3005 25 25
0 1678 3330 24 25
1 1686 3004 25 25
0 1679 3337 24 25
1 1687 3003 25 25
0 1680 3336 24 25
1 1688 3003 25 25
0 1681 3335 24 25
1 1689 3002 25 25
0 1682 3335 24 25
1 1690 3002 25 25
0 1683 3333 24 25
1 1691 3003 25 25
0 1684 3328 24 25
1 1692 3000 25 25
0 1685 3329 24 25
1 1693 3003 25 25
0 1686 3328 24 25
1 1694 3003 25 25
0 1687 3329 24 25
1 1695 3001 25 25
0 1688 3328 24 25
1 1696 3000 25 25
0 1689 3327 24 25
1 1697 2999 25 25
0 1690 3327 24 25
1 1698 2998 25 25
0 1691 3327 24 25
1 1699 2998 25 25
0 1692 3328 24 25
1 1700 2998 25 25
0 1693 3325 24 25
1 1701 2997 25 25
0 1694 3324 24 25
1 1702 2996 25 25
0 1695 3324 24 25
1 1703 2996 25 25
0 1696 3322 24 25
1 1704 2996 25 25
0 1697 3322 24 25
1 1705 2996 25 25
0 1698 3320 24 25
1 1706 2995 25 25
0 1699 3316 24 25
1 1707 2994 25 25
0 1700 3319 24 25
1 1708 2993 25 25
0 1701 3319 24 25
1 1709 2993 25 25
0 1702 3318 24 25
1 1710 2992 25 25
0 1703 3318 25 24
1 1711 2989 25 24
0 1704 3317 25 24
1 1712 2991 25 24
0 1705 3316 25 24
1 1713 2991 25 24
0 1706 3316 25 24
1 1714 2989 25 24
0 1707 3315 25 24
1 1715 2990 25 24
0 1708 3313 25 24
1 1716 2990 25 24
0 1709 3313 25 24
1 1717 2988 25 24
0 1710 3313 25 24
1 1718 2988 25 24
0 1711 3313 25 24
1 1719 2987 25 24
0 1712 3312 25 24
1 1720 2986 25 24
0 1713 3315 25 24
1 1721 2985 25 24
0 1714 3312 25 24
1 1722 2985 25 24
0 1715 3311 25 24
1 1723 2984 25 24
0 1716 3312 25 24
1 1724 2983 25 24
0 1717 3309 25 24
1 1725 2984 25 24
0 1718 3310 25 24
1 1726 2983 25 24
0 1719 3303 25 24
1 1727 2983 25 24
0 1720 3307 25 24
1 1728 2981 25 24
0 1721 3306 25 24
1 1729 2978 25 24
0 1722 3304 25 24
1 1730 2980 25 24
0 1723 3309 25 24
1 1731 2979 25 24
0 1724 3305 25 24
1 1732 2979 25 24
0 1725 3304 25 24
1 1733 2979 25 24
0 1726 3302 25 24
1 1734 2979 25 24
0 1727 3305 25 24
1 1735 2978 25 24
0 1728 3301 25 24
1 1736 2978 25 24
0 1729 3300 25 25
1 1737 2977 25 25
0 1730 3300 25 25
1 1738 2975 25 25
0 1731 3299 25 25
1 1739 2975 25 25
0 1732 3298 25 25
1 1740 2974 25 25
0 1733 3298 25 25
1 1741 2974 25 25
0 1734 3297 25 25
1 1742 2972 25 25
0 1735 3298 25 25
1 1743 2971 25 25
0 1736 3292 25 25
1 1744 2971 25 25
0 1737 3296 25 25
1 1745 2971 25 25
0 1738 3295 25 25
1 1746 2969 25 25
0 1739 3295 25 25
1 1747 2969 25 25
0 1740 3276 25 25
1 1748 2969 25 25
0 1741 3293 25 25
1 1749 2968 25 25
0 1742 3291 25 25
1 1750 2968 25 25
0 1743 3291 25 25
1 1751 2967 25 25
0 1744 3292 25 25
1 1752 2966 25 25
0 1745 3290 25 25
1 1753 2966 25 25
0 1746 3289 25 25
1 1754 2965 25 25
0 1747 3289 25 25
1 1755 2965 25 25
0 1748 3288 25 25
1 1756 2963 25 25
0 1749 3288 25 25
1 1757 2962 25 25
0 1750 3287 25 25
1 1758 2962 25 25
0 1751 3286 25 25
1 1759 2961 25 25
0 1752 3285 25 25
1 1760 2959 25 25
0 1753 3286 25 25
1 1761 2957 25 25
0 1754 3288 25 25
1 1762 2952 25 25
0 1755 3295 25 25
1 1763 2953 25 24
0 1756 3295 25 25
1 1764 2952 25 24
0 1757 3297 25 25
1 1765 2954 25 24
0 1758 3298 25 25
1 1766 2955 25 24
0 1759 3298 25 25
1 1767 2958 25 24
0 1760 3296 25 25
1 1768 2958 25 24
0 1761 3300 25 25
1 1769 2958 25 24
0 1762 3301 25 25
1 1770 2958 25 24
0 1763 3304 25 25
1 1771 2959 25 24
1 1772 2960 25 24
0 1764 3311 25 25
1 1773 2959 25 24
0 1765 3311 25 25
1 1774 2958 25 24
0 1766 3306 25 25
1 1775 2960 25 24
0 1767 3308 25 25
1 1776 2963 25 24
0 1768 3312 25 25
1 1777 2966 25 24
0 1769 3314 25 25
1 1778 2970 25 24
0 1770 3317 25 25
1 1779 2970 25 24
0 1771 3318 25 25
1 1780 2970 25 24
0 1772 3319 25 25
0 1773 3317 25 25
1 1781 2973 25 24
1 1782 2975 25 24
0 1774 3321 25 25
0 1775 3321 25 25
1 1783 2979 25 24
1 1784 2978 25 24
0 1776 3324 25 25
0 1777 3326 25 25
1 1785 2984 25 24
0 1778 3328 25 25
1 1786 2984 25 24
0 1779 3336 23 24
1 1787 2992 25 24
1 1788 2989 24 25
0 1780 3339 23 24
1 1789 2994 24 25
0 1781 3341 23 24
1 1790 2996 24 25
0 1782 3342 23 24
0 1783 3346 23 24
1 1791 3002 24 25
1 1792 3002 24 25
0 1784 3350 23 24
0 1785 3353 23 24
1 1793 3008 24 25
0 1786 3354 23 24
1 1794 3012 24 25
0 1787 3356 23 24
1 1795 3013 24 25
1 1796 3014 24 25
0 1788 3362 23 24
1 1797 3020 24 25
0 1789 3366 23 24
1 1798 3022 24 25
0 1790 3369 23 24
0 1791 3369 23 24
1 1799 3027 24 25
0 1792 3374 23 24
1 1800 3030 24 25
1 1801 3030 24 25
0 1793 3377 23 24
0 1794 3379 23 24
1 1802 3036 24 25
1 1803 3036 24 25
0 1795 3385 23 24
0 1796 3385 23 24
1 1804 3041 24 25
1 1805 3044 24 25
0 1797 3391 23 24
1 1806 3048 24 25
0 1798 3394 23 24
1 1807 3051 24 25
0 1799 3400 23 24
1 1808 3053 24 25
0 1800 3401 23 24
1 1809 3053 24 25
0 1801 3403 23 24
1 1810 3051 24 25
0 1802 3404 23 24
1 1811 3049 24 25
0 1803 3408 23 25
1 1812 3047 23 25
0 1804 3409 23 25
1 1813 3038 23 25
0 1805 3413 23 25
1 1814 3041 23 25
0 1806 3412 23 25
1 1815 3037 23 25
0 1807 3413 23 25
1 1816 3035 23 25
0 1808 3414 23 25
1 1817 3034 23 25
0 1809 3415 23 25
1 1818 3033 23 25
0 1810 3418 23 25
1 1819 3035 23 25
1 1820 3035 23 25
0 1811 3422 23 25
1 1821 3038 23 25
0 1812 3427 23 25
1 1822 3042 23 25
0 1813 3430 23 25
0 1814 3434 23 25
1 1823 3050 23 25
1 1824 3053 23 25
0 1815 3439 23 25
1 1825 3056 23 25
0 1816 3441 23 25
1 1826 3058 23 25
0 1817 3444 23 25
0 1818 3444 23 25
1 1827 3062 23 25
1 1828 3063 23 25
0 1819 3449 23 25
0 1820 3448 23 25
1 1829 3065 23 25
1 1830 3068 23 25
0 1821 3455 23 25
0 1822 3458 23 25
1 1831 3074 23 25
1 1832 3079 23 25
0 1823 3466 23 25
1 1833 3083 23 25
0 1824 3470 23 25
1 1834 3085 23 25
0 1825 3472 23 25
1 1835 3087 23 25
0 1826 3472 23 25
0 1827 3474 23 24
1 1836 3090 23 25
1 1837 3093 24 24
0 1828 3478 23 24
0 1829 3481 23 24
1 1838 3097 24 24
1 1839 3094 24 24
0 1830 3484 23 24
1 1840 3103 24 24
0 1831 3489 23 24
1 1841 3095 24 24
0 1832 3497 23 24
1 1842 3089 24 24
0 1833 3500 23 24
1 1843 3091 24 24
0 1834 3499 23 24
1 1844 3089 24 24
0 1835 3489 23 24
1 1845 3089 24 24
0 1836 3497 23 24
1 1846 3092 24 24
0 1837 3481 23 24
1 1847 3088 24 24
0 1838 3493 23 24
1 1848 3087 24 24
0 1839 3495 23 24
1 1849 3087 24 24
0 1840 3492 23 24
1 1850 3089 24 24
0 1841 3493 23 24
1 1851 3087 24 24
0 1842 3493 23 24
1 1852 3088 24 24
0 1843 3491 23 24
1 1853 3088 24 24
0 1844 3494 23 24
1 1854 3088 24 24
0 1845 3492 23 24
1 1855 3089 24 24
0 1846 3491 23 24
1 1856 3087 24 24
0 1847 3494 23 24
1 1857 3084 24 24
0 1848 3490 23 24
1 1858 3083 24 24
0 1849 3490 23 24
1 1859 3083 24 24
0 1850 3491 23 24
1 1860 3085 24 24
0 1851 3491 23 24
1 1861 3084 24 24
0 1852 3487 24 25
1 1862 3086 24 24
0 1853 3486 24 25
1 1863 3083 25 25
0 1854 3486 24 25
1 1864 3082 25 25
0 1855 3482 24 25
1 1865 3084 25 25
0 1856 3484 24 25
1 1866 3078 25 25
0 1857 3487 24 25
1 1867 3084 25 25
0 1858 3488 24 25
1 1868 3085 25 25
0 1859 3485 24 25
1 1869 3078 25 25
0 1860 3487 24 25
1 1870 3078 25 25
0 1861 3484 24 25
1 1871 3079 25 25
0 1862 3484 24 25
1 1872 3077 25 25
0 1863 3486 24 25
1 1873 3079 25 25
0 1864 3482 24 25
1 1874 3079 25 25
0 1865 3481 24 25
1 1875 3079 25 25
0 1866 3481 24 25
1 1876 3076 25 25
0 1867 3482 24 25
1 1877 3075 25 25
0 1868 3481 24 25
1 1878 3077 25 25
0 1869 3479 24 25
1 1879 3074 25 25
0 1870 3478 24 25
1 1880 3070 25 25
0 1871 3479 24 25
1 1881 3076 25 25
0 1872 3475 24 25
1 1882 3075 25 25
0 1873 3479 24 25
1 1883 3073 25 25
0 1874 3476 24 25
1 1884 3075 25 25
0 1875 3476 24 25
1 1885 3075 25 25
0 1876 3476 24 25
1 1886 3071 25 25
0 1877 3478 24 25
1 1887 3069 25 25
0 1878 3475 25 24
1 1888 3069 25 25
0 1879 3475 25 24
1 1889 3069 25 24
0 1880 3476 25 24
1 1890 3068 25 24
0 1881 3473 25 24
1 1891 3068 25 24
0 1882 3475 25 24
1 1892 3067 25 24
0 1883 3471 25 24
1 1893 3068 25 24
0 1884 3468 25 24
1 1894 3067 25 24
0 1885 3471 25 24
1 1895 3067 25 24
0 1886 3470 25 24
1 1896 3067 25 24
0 1887 3470 25 24
1 1897 3066 25 24
0 1888 3469 25 24
1 1898 3065 25 24
0 1889 3468 25 24
1 1899 3066 25 24
0 1890 3467 25 24
1 1900 3065 25 24
0 1891 3466 25 24
1 1901 3064 25 24
0 1892 3465 25 24
1 1902 3064 25 24
0 1893 3467 25 24
1 1903 3063 25 24
0 1894 3466 25 24
1 1904 3062 25 24
0 1895 3466 25 24
1 1905 3063 25 24
0 1896 3466 25 24
1 1906 3062 25 24
0 1897 3467 25 24
1 1907 3062 25 24
0 1898 3463 25 24
1 1908 3062 25 24
0 1899 3464 25 24
1 1909 3057 25 24
0 1900 3463 25 24
1 1910 3059 25 24
0 1901 3459 25 24
1 1911 3058 25 24
0 1902 3461 25 24
1 1912 3058 25 24
0 1903 3461 25 24
1 1913 3058 25 24
0 1904 3460 25 25
1 1914 3057 25 24
0 1905 3461 25 25
1 1915 3058 25 25
0 1906 3459 25 25
1 1916 3057 25 25
0 1907 3459 25 25
1 1917 3056 25 25
0 1908 3459 25 25
1 1918 3054 25 25
0 1909 3459 25 25
1 1919 3055 25 25
0 1910 3458 25 25
1 1920 3054 25 25
0 1911 3458 25 25
1 1921 3056 25 25
0 1912 3457 25 25
1 1922 3053 25 25
0 1913 3458 25 25
1 1923 3053 25 25
0 1914 3458 25 25
1 1924 3053 25 25
0 1915 3455 25 25
1 1925 3053 25 25
0 1916 3457 25 25
1 1926 3053 25 25
0 1917 3457 25 25
1 1927 3055 25 25
0 1918 3456 25 25
1 1928 3053 25 25
0 1919 3457 25 25
1 1929 3053 25 25
0 1920 3457 25 25
1 1930 3052 25 25
0 1921 3457 25 25
1 1931 3051 25 25
0 1922 3457 25 25
1 1932 3052 25 25
0 1923 3457 25 25
1 1933 3052 25 25
0 1924 3457 25 25
1 1934 3053 25 25
0 1925 3456 25 25
1 1935 3053 25 25
0 1926 3454 25 25
1 1936 3053 25 25
0 1927 3455 25 25
1 1937 3053 25 25
0 1928 3455 25 25
1 1938 3052 25 25
0 1929 3455 25 25
1 1939 3051 25 25
0 1930 3454 25 25
1 1940 3050 25 25
0 1931 3454 25 25
1 1941 3050 25 25
0 1932 3453 25 25
1 1942 3051 25 25
0 1933 3453 25 25
1 1943 3052 25 25
0 1934 3453 25 25
1 1944 3050 25 25
0 1935 3454 25 25
1 1945 3049 25 25
0 1936 3453 25 25
1 1946 3049 25 25
0 1937 3454 25 25
1 1947 3047 25 25
0 1938 3454 25 25
1 1948 3047 25 25
0 1939 3453 25 25
1 1949 3047 25 25
0 1940 3452 25 25
1 1950 3047 25 25
0 1941 3452 25 25
1 1951 3048 25 25
0 1942 3451 25 25
1 1952 3048 25 25
0 1943 3452 25 25
1 1953 3047 25 25
0 1944 3451 25 25
1 1954 3049 25 25
0 1945 3452 25 25
1 1955 3048 25 25
0 1946 3453 25 25
1 1956 3046 25 25
0 1947 3450 25 25
1 1957 3046 25 25
0 1948 3449 25 25
1 1958 3047 25 25
0 1949 3448 25 25
1 1959 3047 25 25
0 1950 3448 25 25
1 1960 3046 25 25
0 1951 3449 25 25
1 1961 3050 25 25
0 1952 3453 25 25
1 1962 3048 25 25
0 1953 3449 25 25
1 1963 3047 25 25
0 1954 3450 25 25
1 1964 3046 25 25
0 1955 3451 25 25
1 1965 3045 25 25
0 1956 3451 25 25
1 1966 3046 25 25
0 1957 3450 25 25
1 1967 3046 25 25
0 1958 3453 25 25
1 1968 3041 25 25
0 1959 3452 25 25
1 1969 3042 25 25
0 1960 3450 25 25
1 1970 3044 25 25
0 1961 3449 25 25
1 1971 3045 25 25
0 1962 3448 25 25
1 1972 3043 25 25
0 1963 3448 25 25
1 1973 3043 25 25
0 1964 3447 25 25
1 1974 3042 25 25
0 1965 3447 25 25
1 1975 3043 25 25
0 1966 3447 25 25
1 1976 3043 25 25
0 1967 3447 25 25
1 1977 3043 25 25
0 1968 3445 25 25
1 1978 3042 25 25
0 1969 3444 25 25
1 1979 3040 25 25
0 1970 3446 25 25
1 1980 3037 25 25
0 1971 3447 25 25
1 1981 3037 25 25
0 1972 3444 25 25
1 1982 3038 25 25
0 1973 3444 25 25
1 1983 3040 25 25
0 1974 3442 25 25
1 1984 3037 25 25
0 1975 3445 25 25
1 1985 3036 25 25
0 1976 3442 25 25
1 1986 3035 25 25
0 1977 3442 25 25
1 1987 3041 25 25
0 1978 3438 25 25
1 1988 3038 25 25
0 1979 3438 25 25
1 1989 3038 25 25
0 1980 3438 25 25
1 1990 3034 25 25
0 1981 3439 25 25
1 1991 3034 25 25
0 1982 3442 25 24
1 1992 3034 25 25
0 1983 3437 25 24
1 1993 3034 25 24
0 1984 3437 25 24
1 1994 3033 25 24
0 1985 3438 25 24
1 1995 3032 25 24
0 1986 3435 25 24
1 1996 3031 25 24
0 1987 3435 25 24
1 1997 3031 25 24
0 1988 3436 25 24
1 1998 3030 25 24
0 1989 3436 25 24
1 1999 3031 25 24
0 1990 3434 25 24
1 2000 3031 25 24
0 1991 3434 25 24
1 2001 3032 25 24
0 1992 3434 25 24
1 2002 3031 25 24
0 1993 3434 25 24
1 2003 3030 25 24
0 1994 3433 25 24
1 2004 3031 25 24
0 1995 3432 25 24
1 2005 3029 25 24
0 1996 3432 25 24
1 2006 3028 25 24
0 1997 3431 25 24
1 2007 3027 25 24
0 1998 3432 25 24
1 2008 3030 25 24
0 1999 3432 25 24
1 2009 3027 25 24
0 2000 3431 25 24
1 2010 3028 25 24
0 2001 3431 25 24
1 2011 3027 25 24
0 2002 3430 25 24
1 2012 3025 25 24
0 2003 3433 25 24
1 2013 3026 25 24
0 2004 3432 25 24
1 2014 3025 25 24
0 2005 3430 25 24
1 2015 3024 25 24
0 2006 3429 25 24
1 2016 3024 25 24
0 2007 3429 25 24
1 2017 3024 25 24
0 2008 3428 25 25
1 2018 3023 25 24
0 2009 3428 25 25
1 2019 3022 25 25
0 2010 3427 25 25
1 2020 3023 25 25
0 2011 3429 25 25
1 2021 3022 25 25
0 2012 3429 25 25
1 2022 3019 25 25
0 2013 3431 25 25
1 2023 3021 25 25
0 2014 3429 25 25
1 2024 3020 25 25
0 2015 3427 25 25
1 2025 3018 25 25
0 2016 3426 25 25
1 2026 3018 25 25
0 2017 3428 25 25
1 2027 3017 25 25
0 2018 3429 25 25
1 2028 3017 25 25
0 2019 3427 25 25
1 2029 3018 25 25
0 2020 3423 25 25
1 2030 3011 25 25
0 2021 3425 25 25
1 2031 3019 25 25
0 2022 3422 25 25
1 2032 3019 25 25
0 2023 3425 25 25
1 2033 3014 25 25
0 2024 3425 25 25
1 2034 3014 25 25
0 2025 3424 25 25
1 2035 3012 25 25
0 2026 3425 25 25
1 2036 3014 25 25
0 2027 3424 25 25
1 2037 3013 25 25
0 2028 3423 25 25
1 2038 3012 25 25
0 2029 3422 25 25
1 2039 3011 25 25
0 2030 3420 25 25
1 2040 3014 25 25
0 2031 3420 25 25
1 2041 3013 25 25
0 2032 3419 25 25
1 2042 3018 25 25
0 2033 3419 25 25
1 2043 3014 25 25
0 2034 3418 25 25
1 2044 3011 25 25
0 2035 3419 25 25
1 2045 3011 25 25
0 2036 3417 25 25
1 2046 3010 25 25
0 2037 3417 25 25
1 2047 3010 25 25
0 2038 3411 25 25
1 2048 3010 25 25
0 2039 3410 25 25
1 2049 3009 25 25
0 2040 3414 25 25
1 2050 3008 25 25
0 2041 3418 25 25
1 2051 3009 25 25
0 2042 3416 25 25
1 2052 3008 25 25
0 2043 3413 25 25
1 2053 3008 25 25
0 2044 3413 25 25
1 2054 3006 25 25
0 2045 3413 25 25
1 2055 3006 25 25
0 2046 3413 25 25
1 2056 3005 25 25
0 2047 3411 25 25
1 2057 3006 25 25
0 2048 3414 25 25
1 2058 3004 25 25
0 2049 3412 25 25
1 2059 3003 25 25
0 2050 3410 25 25
1 2060 3003 25 25
0 2051 3410 25 25
1 2061 3003 25 25
0 2052 3411 25 25
1 2062 3003 25 25
0 2053 3408 25 25
1 2063 3002 25 25
0 2054 3407 25 25
1 2064 3001 25 25
0 2055 3407 25 25
1 2065 3001 25 25
0 2056 3406 25 25
1 2066 3002 25 25
0 2057 3408 25 25
1 2067 3001 25 25
0 2058 3406 25 25
1 2068 3001 25 25
0 2059 3405 25 25
1 2069 2999 25 25
0 2060 3405 25 25
1 2070 2999 25 25
0 2061 3404 25 25
1 2071 3002 25 24
0 2062 3403 25 25
1 2072 3003 25 24
0 2063 3402 25 25
1 2073 3002 25 24
0 2064 3401 25 25
1 2074 3000 25 24
0 2065 3402 25 25
1 2075 2997 25 24
0 2066 3403 25 25
1 2076 2997 25 24
0 2067 3403 25 25
1 2077 2997 25 24
0 2068 3402 25 25
1 2078 2996 25 24
0 2069 3402 25 25
1 2079 2996 25 24
0 2070 3400 25 25
1 2080 2997 25 24
0 2071 3399 25 25
1 2081 2995 25 24
0 2072 3399 25 25
1 2082 2994 25 24
0 2073 3398 25 25
1 2083 2994 25 24
0 2074 3398 25 25
1 2084 2993 25 24
0 2075 3398 25 25
1 2085 2993 25 24
0 2076 3397 25 25
1 2086 2992 25 24
0 2077 3398 25 25
1 2087 2992 25 24
0 2078 3396 25 25
1 2088 2992 25 24
0 2079 3396 25 25
1 2089 2991 25 24
0 2080 3396 25 25
1 2090 2991 25 24
0 2081 3396 25 25
1 2091 2991 25 24
0 2082 3394 25 25
1 2092 2990 25 24
0 2083 3393 25 25
1 2093 2990 25 24
0 2084 3392 25 25
1 2094 2990 25 24
0 2085 3391 25 25
1 2095 2989 25 24
0 2086 3392 25 24
1 2096 2989 25 24
0 2087 3390 25 24
1 2097 2989 25 25
0 2088 3390 25 24
1 2098 2987 25 25
0 2089 3390 25 24
1 2099 2988 25 25
0 2090 3395 25 24
1 2100 2987 25 25
0 2091 3398 25 24
1 2101 2985 25 25
0 2092 3399 25 24
1 2102 2988 25 25
0 2093 3404 25 24
1 2103 2988 25 25
0 2094 3403 25 24
1 2104 2988 25 25
0 2095 3407 25 24
1 2105 2990 25 25
0 2096 3410 25 24
1 2106 2989 25 25
0 2097 3419 25 24
1 2107 2994 25 25
1 2108 2996 25 25
0 2098 3425 25 24
1 2109 3004 25 25
0 2099 3434 25 24
1 2110 3006 25 25
0 2100 3436 25 24
1 2111 3009 25 25
0 2101 3450 25 24
1 2112 3005 25 25
0 2102 3445 25 24
1 2113 3003 25 25
0 2103 3450 25 24
1 2114 3003 25 25
0 2104 3453 25 24
1 2115 3004 25 25
0 2105 3455 25 24
1 2116 3005 25 25
0 2106 3456 25 24
1 2117 3003 25 25
0 2107 3460 25 24
1 2118 3006 25 25
0 2108 3468 25 24
1 2119 3007 25 25
0 2109 3473 25 24
1 2120 3009 25 25
0 2110 3479 23 24
1 2121 3014 25 25
1 2122 3020 24 25
0 2111 3486 23 24
1 2123 3021 24 25
0 2112 3489 23 24
1 2124 3020 24 25
0 2113 3489 23 24
1 2125 3022 24 25
0 2114 3489 23 24
1 2126 3024 24 25
0 2115 3490 23 24
1 2127 3025 24 25
0 2116 3491 23 24
1 2128 3028 24 25
current_fps_det 23   
0 2118 3497 23 24
1 2129 3032 24 25
0 2119 3501 23 24
1 2130 3036 24 25
1 2131 3036 24 25
0 2120 3503 23 24
1 2132 3038 24 25
0 2121 3505 23 24
0 2122 3509 23 24
1 2133 3049 24 25
0 2123 3515 23 24
1 2134 3050 24 25
1 2135 3051 24 25
0 2124 3517 23 24
0 2125 3519 23 24
1 2136 3055 24 25
0 2126 3513 23 24
1 2137 3058 24 25
0 2127 3525 23 24
1 2138 3062 24 25
0 2128 3530 23 24
1 2139 3065 24 25
0 2129 3533 23 24
1 2140 3068 24 25
0 2130 3536 23 24
1 2141 3072 24 25
0 2131 3539 23 24
1 2142 3074 24 25
0 2132 3541 23 24
1 2143 3077 24 25
0 2133 3544 23 24
1 2144 3080 24 25
0 2134 3547 23 25
1 2145 3084 24 25
1 2146 3089 23 25
0 2135 3555 23 25
1 2147 3089 23 25
0 2136 3558 23 25
1 2148 3091 23 25
0 2137 3557 23 25
0 2138 3558 23 25
1 2149 3094 23 25
0 2139 3562 23 25
1 2150 3097 23 25
0 2140 3566 23 25
1 2151 3101 23 25
0 2141 3569 23 25
1 2152 3104 23 25
0 2142 3572 23 25
1 2153 3107 23 25
0 2143 3575 23 25
1 2154 3110 23 25
0 2144 3578 23 25
1 2155 3113 23 25
0 2145 3581 23 25
1 2156 3116 23 25
0 2146 3584 23 25
1 2157 3119 23 25
1 2158 3122 23 25
0 2147 3588 23 25
1 2159 3126 23 25
0 2148 3596 23 25
1 2160 3127 23 25
0 2149 3595 23 25
1 2161 3130 23 25
0 2150 3596 23 25
1 2162 3132 23 25
0 2151 3599 23 25
1 2163 3136 23 25
0 2152 3601 23 25
1 2164 3139 23 25
0 2153 3605 23 25
1 2165 3143 23 25
0 2154 3610 23 25
1 2166 3147 23 25
0 2155 3612 23 25
0 2156 3615 23 25
1 2167 3151 23 25
0 2157 3619 23 25
1 2168 3154 23 25
0 2158 3621 23 25
1 2169 3158 23 25
0 2159 3625 23 25
1 2170 3159 23 24
0 2160 3630 23 25
1 2171 3165 23 24
0 2161 3633 23 25
1 2172 3168 23 24
1 2173 3169 23 24
0 2162 3637 23 25
1 2174 3175 23 24
0 2163 3642 23 25
1 2175 3178 23 24
0 2164 3645 23 25
1 2176 3182 23 24
0 2165 3648 23 25
1 2177 3185 23 24
0 2166 3650 23 25
1 2178 3188 23 24
0 2167 3653 23 25
1 2179 3191 23 24
0 2168 3657 23 25
1 2180 3192 23 24
0 2169 3660 23 25
0 2170 3661 23 25
1 2181 3196 23 24
1 2182 3199 23 24
0 2171 3666 23 25
0 2172 3670 23 25
1 2183 3206 23 24
1 2184 3204 23 24
0 2173 3672 23 25
1 2185 3204 23 24
0 2174 3676 23 25
1 2186 3211 23 24
0 2175 3677 23 25
1 2187 3215 23 24
0 2176 3678 23 25
1 2188 3220 23 24
0 2177 3688 23 25
1 2189 3222 23 24
0 2178 3692 23 25
0 2179 3692 23 25
1 2190 3229 23 24
1 2191 3229 23 24
0 2180 3698 23 25
1 2192 3230 23 24
0 2181 3698 23 25
0 2182 3700 23 25
1 2193 3235 23 24
0 2183 3702 23 25
1 2194 3238 23 25
1 2195 3242 23 25
0 2184 3708 23 25
1 2196 3244 23 25
0 2185 3710 23 25
0 2186 3713 23 25
1 2197 3248 23 25
1 2198 3251 23 25
0 2187 3714 23 25
1 2199 3254 23 25
0 2188 3724 23 25
1 2200 3259 23 25
0 2189 3726 23 25
0 2190 3729 23 25
1 2201 3264 23 25
0 2191 3730 23 25
1 2202 3266 23 25
0 2192 3735 23 25
1 2203 3271 23 25
0 2193 3737 23 25
1 2204 3272 23 25
0 2194 3740 23 25
1 2205 3275 23 25
1 2206 3278 23 25
0 2195 3744 23 25
0 2196 3743 23 25
1 2207 3280 23 25
0 2197 3749 23 25
1 2208 3285 23 25
1 2209 3284 23 25
0 2198 3754 23 25
1 2210 3288 23 25
0 2199 3757 23 25
0 2200 3758 23 25
1 2211 3296 23 25
1 2212 3301 23 25
0 2201 3768 23 25
1 2213 3301 23 25
0 2202 3767 23 25
0 2203 3770 23 25
1 2214 3305 23 25
1 2215 3308 23 25
0 2204 3773 23 25
1 2216 3313 23 25
0 2205 3780 23 25
0 2206 3782 23 24
1 2217 3318 23 25
1 2218 3317 23 24
0 2207 3787 23 24
1 2219 3316 23 24
0 2208 3787 23 24
1 2220 3322 23 24
0 2209 3789 23 24
1 2221 3324 23 24
0 2210 3792 23 24
1 2222 3327 23 24
0 2211 3792 23 24
0 2212 3799 23 24
1 2223 3334 23 24
1 2224 3339 23 24
0 2213 3803 23 24
0 2214 3808 23 24
1 2225 3343 23 24
1 2226 3344 23 24
0 2215 3812 23 24
0 2216 3816 23 24
1 2227 3351 23 24
1 2228 3355 23 24
0 2217 3822 23 24
1 2229 3357 23 24
0 2218 3825 23 24
1 2230 3358 23 24
0 2219 3830 23 24
1 2231 3360 23 24
0 2220 3833 23 24
1 2232 3358 23 24
0 2221 3834 23 24
1 2233 3354 23 24
0 2222 3838 23 24
1 2234 3351 23 24
0 2223 3838 23 24
1 2235 3348 23 24
0 2224 3837 23 24
1 2236 3351 23 24
0 2225 3837 23 24
1 2237 3347 23 24
0 2226 3840 23 24
1 2238 3347 23 24
0 2227 3839 23 24
1 2239 3348 23 24
0 2228 3833 23 24
1 2240 3348 23 24
0 2229 3837 23 24
1 2241 3348 23 24
0 2230 3835 23 24
1 2242 3349 23 24
0 2231 3834 23 24
1 2243 3348 24 25
0 2232 3833 23 24
1 2244 3352 24 25
0 2233 3833 23 24
1 2245 3349 24 25
0 2234 3834 23 24
1 2246 3347 24 25
0 2235 3837 23 24
1 2247 3347 24 25
0 2236 3837 23 24
1 2248 3346 24 25
0 2237 3833 23 24
1 2249 3343 24 25
0 2238 3833 23 24
1 2250 3346 24 25
0 2239 3832 23 24
1 2251 3346 24 25
0 2240 3832 23 24
1 2252 3345 24 25
0 2241 3829 23 24
1 2253 3348 24 25
0 2242 3833 23 24
1 2254 3346 24 25
0 2243 3833 23 24
1 2255 3346 24 25
0 2244 3833 23 24
1 2256 3346 24 25
0 2245 3833 23 24
1 2257 3346 24 25
0 2246 3834 23 24
1 2258 3346 24 25
0 2247 3832 23 24
1 2259 3345 24 25
0 2248 3833 23 24
1 2260 3344 24 25
0 2249 3833 23 24
1 2261 3344 24 25
0 2250 3833 23 24
1 2262 3341 24 25
0 2251 3832 23 24
1 2263 3345 24 25
0 2252 3832 23 24
1 2264 3344 24 25
0 2253 3831 23 24
1 2265 3344 24 25
0 2254 3829 23 24
1 2266 3343 24 25
0 2255 3833 23 24
1 2267 3344 24 25
0 2256 3832 25 25
1 2268 3344 24 25
0 2257 3832 25 25
1 2269 3344 25 25
0 2258 3832 25 25
1 2270 3345 25 25
0 2259 3831 25 25
1 2271 3344 25 25
0 2260 3831 25 25
1 2272 3344 25 25
0 2261 3832 25 25
1 2273 3344 25 25
0 2262 3832 25 25
1 2274 3344 25 25
0 2263 3831 25 25
1 2275 3344 25 25
0 2264 3831 25 25
1 2276 3340 25 25
0 2265 3830 25 25
1 2277 3343 25 25
0 2266 3831 25 25
1 2278 3344 25 25
0 2267 3831 25 25
1 2279 3344 25 25
0 2268 3830 25 25
1 2280 3343 25 25
0 2269 3836 25 25
1 2281 3343 25 25
0 2270 3840 25 25
1 2282 3342 25 25
0 2271 3840 25 25
1 2283 3340 25 25
0 2272 3841 25 25
1 2284 3337 25 25
0 2273 3843 25 25
1 2285 3339 25 25
1 2286 3337 25 25
0 2274 3844 25 25
0 2275 3846 25 25
1 2287 3341 25 25
1 2288 3344 25 25
= current_fps_cap   
1 2289 3341 25 25
0 2277 3852 25 25
1 2290 3350 25 25
0 2278 3856 25 25
1 2291 3354 25 25
current_fps_det 25   
1 2292 3355 25 25
0 2280 3864 25 25
0 2281 3861 24 25
1 2293 3361 25 25
0 2282 3866 24 25
1 2294 3365 24 25
0 2283 3875 24 25
1 2295 3370 24 25
0 2284 3873 24 25
1 2296 3371 24 25
1 2297 3370 24 25
0 2285 3878 24 25
0 2286 3875 24 25
1 2298 3377 24 25
0 2287 3883 24 25
1 2299 3380 24 25
1 2300 3380 24 25
0 2288 3892 24 25
1 2301 3385 24 25
0 2289 3891 24 25
0 2290 3892 24 25
1 2302 3388 24 25
0 2291 3891 24 25
1 2303 3388 24 25
0 2292 3885 24 25
1 2304 3395 24 25
0 2293 3880 24 25
1 2305 3393 24 25
0 2294 3879 24 25
1 2306 3393 24 25
0 2295 3875 24 25
1 2307 3396 24 25
0 2296 3880 24 25
1 2308 3393 24 25
0 2297 3876 24 25
1 2309 3393 24 25
0 2298 3875 24 25
1 2310 3392 24 25
0 2299 3878 24 25
1 2311 3393 24 25
0 2300 3878 24 25
1 2312 3391 24 25
0 2301 3876 24 25
1 2313 3389 24 25
0 2302 3876 24 25
1 2314 3392 24 25
0 2303 3875 24 25
1 2315 3385 24 25
0 2304 3875 24 25
1 2316 3389 24 25
0 2305 3874 24 25
1 2317 3389 24 25
0 2306 3873 24 24
1 2318 3389 24 25
0 2307 3870 24 24
1 2319 3389 24 24
0 2308 3875 24 24
1 2320 3388 24 24
0 2309 3872 24 24
1 2321 3387 24 24
0 2310 3872 24 24
1 2322 3389 24 24
0 2311 3873 24 24
1 2323 3385 24 24
0 2312 3871 24 24
1 2324 3386 24 24
0 2313 3872 24 24
1 2325 3385 24 24
0 2314 3870 24 24
1 2326 3384 24 24
0 2315 3869 24 24
1 2327 3384 24 24
0 2316 3867 24 24
1 2328 3383 24 24
0 2317 3867 24 24
1 2329 3381 24 24
0 2318 3868 24 24
1 2330 3382 24 24
0 2319 3862 24 24
1 2331 3381 24 24
0 2320 3866 24 24
1 2332 3380 24 24
0 2321 3864 24 24
1 2333 3381 24 24
0 2322 3864 24 24
1 2334 3380 24 24
0 2323 3863 24 24
1 2335 3379 24 24
0 2324 3863 24 24
1 2336 3378 24 24
0 2325 3862 24 24
1 2337 3378 24 24
0 2326 3861 24 24
1 2338 3378 24 24
0 2327 3861 24 24
1 2339 3376 24 24
0 2328 3861 24 24
1 2340 3376 24 24
0 2329 3860 24 24
1 2341 3376 24 24
0 2330 3860 24 24
1 2342 3378 24 24
0 2331 3858 24 24
1 2343 3377 24 24
0 2332 3858 25 25
1 2344 3376 24 24
0 2333 3858 25 25
1 2345 3377 25 25
0 2334 3859 25 25
1 2346 3374 25 25
0 2335 3857 25 25
1 2347 3373 25 25
0 2336 3857 25 25
1 2348 3373 25 25
0 2337 3853 25 25
1 2349 3373 25 25
0 2338 3856 25 25
1 2350 3370 25 25
0 2339 3855 25 25
1 2351 3371 25 25
0 2340 3856 25 25
1 2352 3371 25 25
0 2341 3855 25 25
1 2353 3371 25 25
0 2342 3855 25 25
1 2354 3371 25 25
0 2343 3855 25 25
1 2355 3371 25 25
0 2344 3855 25 25
1 2356 3369 25 25
0 2345 3854 25 25
1 2357 3369 25 25
0 2346 3853 25 25
1 2358 3369 25 25
0 2347 3852 25 25
1 2359 3368 25 25
0 2348 3851 25 25
1 2360 3368 25 25
0 2349 3851 25 25
1 2361 3367 25 25
0 2350 3851 25 25
1 2362 3366 25 25
0 2351 3851 25 25
1 2363 3367 25 25
0 2352 3851 25 25
1 2364 3366 25 25
0 2353 3850 25 25
1 2365 3366 25 25
0 2354 3850 25 25
1 2366 3366 25 25
0 2355 3849 25 25
1 2367 3365 25 25
0 2356 3848 25 25
1 2368 3363 25 25
0 2357 3850 25 25
1 2369 3362 25 25
0 2358 3850 25 25
1 2370 3362 25 25
0 2359 3848 25 25
1 2371 3363 25 25
0 2360 3847 25 25
1 2372 3362 25 25
0 2361 3847 25 25
1 2373 3361 25 25
0 2362 3847 25 25
1 2374 3360 25 25
0 2363 3847 25 25
1 2375 3361 25 25
0 2364 3846 25 25
1 2376 3359 25 25
0 2365 3846 25 25
1 2377 3358 25 25
0 2366 3845 25 25
1 2378 3359 25 25
0 2367 3844 25 25
1 2379 3358 25 25
0 2368 3844 25 25
1 2380 3358 25 25
0 2369 3842 25 25
1 2381 3359 25 25
0 2370 3842 25 25
1 2382 3358 25 25
0 2371 3840 25 25
1 2383 3359 25 25
0 2372 3841 25 25
1 2384 3357 25 25
0 2373 3840 25 25
1 2385 3356 25 25
0 2374 3840 25 25
1 2386 3355 25 25
0 2375 3841 25 25
1 2387 3353 25 25
0 2376 3841 25 25
1 2388 3354 25 25
0 2377 3840 25 25
1 2389 3354 25 25
0 2378 3839 25 25
1 2390 3354 25 25
0 2379 3839 25 25
1 2391 3353 25 25
0 2380 3838 25 25
1 2392 3354 25 25
0 2381 3837 25 25
1 2393 3354 25 25
0 2382 3837 25 25
1 2394 3353 25 25
0 2383 3838 25 25
1 2395 3353 25 25
0 2384 3834 25 24
1 2396 3353 25 25
0 2385 3836 25 24
1 2397 3352 25 24
0 2386 3835 25 24
1 2398 3351 25 24
0 2387 3835 25 24
1 2399 3350 25 24
0 2388 3836 25 24
1 2400 3349 25 24
0 2389 3835 25 24
1 2401 3349 25 24
0 2390 3835 25 24
1 2402 3349 25 24
0 2391 3834 25 24
1 2403 3348 25 24
0 2392 3833 25 24
1 2404 3349 25 24
0 2393 3833 25 24
1 2405 3348 25 24
0 2394 3832 25 24
1 2406 3348 25 24
0 2395 3831 25 24
1 2407 3348 25 24
0 2396 3832 25 24
1 2408 3347 25 24
0 2397 3831 25 24
1 2409 3347 25 24
0 2398 3831 25 24
1 2410 3345 25 24
0 2399 3831 25 24
1 2411 3344 25 24
0 2400 3831 25 24
1 2412 3343 25 24
0 2401 3830 25 24
1 2413 3345 25 24
0 2402 3830 25 24
1 2414 3343 25 24
0 2403 3829 25 24
1 2415 3343 25 24
0 2404 3830 25 24
1 2416 3342 25 24
0 2405 3828 25 24
1 2417 3342 25 24
0 2406 3828 25 24
1 2418 3342 25 24
0 2407 3827 25 24
1 2419 3342 25 24
0 2408 3828 25 24
1 2420 3341 25 24
0 2409 3828 25 24
1 2421 3341 25 24
0 2410 3826 25 25
1 2422 3340 25 24
0 2411 3825 25 25
1 2423 3339 25 25
0 2412 3825 25 25
1 2424 3339 25 25
0 2413 3823 25 25
1 2425 3341 25 25
0 2414 3823 25 25
1 2426 3339 25 25
0 2415 3823 25 25
1 2427 3339 25 25
0 2416 3822 25 25
1 2428 3338 25 25
0 2417 3822 25 25
1 2429 3338 25 25
0 2418 3822 25 25
1 2430 3337 25 25
0 2419 3821 25 25
1 2431 3336 25 25
0 2420 3821 25 25
1 2432 3335 25 25
0 2421 3820 25 25
1 2433 3336 25 25
0 2422 3819 25 25
1 2434 3338 25 25
0 2423 3818 25 25
1 2435 3336 25 25
0 2424 3818 25 25
1 2436 3338 25 25
0 2425 3817 25 25
1 2437 3338 25 25
0 2426 3816 25 25
1 2438 3336 25 25
0 2427 3817 25 25
1 2439 3336 25 25
0 2428 3816 25 25
1 2440 3334 25 25
0 2429 3817 25 25
1 2441 3334 25 25
0 2430 3816 25 25
1 2442 3334 25 25
0 2431 3816 25 25
1 2443 3333 25 25
0 2432 3815 25 25
1 2444 3332 25 25
0 2433 3818 25 25
1 2445 3331 25 25
0 2434 3816 25 25
1 2446 3332 25 25
0 2435 3816 25 25
1 2447 3331 25 25
0 2436 3815 25 25
1 2448 3331 25 25
0 2437 3816 25 25
1 2449 3330 25 25
0 2438 3815 25 25
1 2450 3329 25 25
0 2439 3815 25 25
1 2451 3329 25 25
0 2440 3814 25 25
1 2452 3328 25 25
0 2441 3815 25 25
1 2453 3328 25 25
0 2442 3814 25 25
1 2454 3329 25 25
0 2443 3813 25 25
1 2455 3329 25 25
0 2444 3813 25 25
1 2456 3328 25 25
0 2445 3813 25 25
1 2457 3327 25 25
0 2446 3811 25 25
1 2458 3330 25 25
0 2447 3810 25 25
1 2459 3329 25 25
0 2448 3811 25 25
1 2460 3328 25 25
0 2449 3811 25 25
1 2461 3327 25 25
0 2450 3812 25 25
1 2462 3327 25 25
0 2451 3811 25 25
1 2463 3325 25 25
0 2452 3810 25 25
1 2464 3325 25 25
0 2453 3811 25 25
1 2465 3324 25 25
0 2454 3810 25 25
1 2466 3325 25 25
0 2455 3810 25 25
1 2467 3325 25 25
0 2456 3809 25 25
1 2468 3323 25 25
0 2457 3809 25 25
1 2469 3323 25 25
0 2458 3807 25 25
1 2470 3323 25 25
0 2459 3807 25 25
1 2471 3323 25 25
0 2460 3806 25 25
1 2472 3322 25 25
0 2461 3805 25 25
1 2473 3323 25 25
0 2462 3804 25 25
1 2474 3323 25 25
0 2463 3804 25 25
1 2475 3323 25 25
0 2464 3804 25 25
1 2476 3322 25 25
0 2465 3803 25 25
1 2477 3320 25 25
0 2466 3803 25 25
1 2478 3320 25 25
0 2467 3803 25 25
1 2479 3319 25 25
0 2468 3802 25 25
1 2480 3318 25 25
0 2469 3802 25 25
1 2481 3317 25 25
0 2470 3801 25 25
1 2482 3316 25 25
0 2471 3802 25 25
1 2483 3316 25 25
0 2472 3801 25 25
1 2484 3316 25 25
0 2473 3801 25 25
1 2485 3315 25 25
0 2474 3800 25 25
1 2486 3315 25 25
0 2475 3799 25 25
1 2487 3315 25 25
0 2476 3799 25 25
1 2488 3314 25 25
0 2477 3798 25 25
1 2489 3314 25 25
0 2478 3797 25 25
1 2490 3313 25 25
0 2479 3797 25 25
1 2491 3313 25 25
0 2480 3796 25 25
1 2492 3313 25 25
0 2481 3796 25 25
1 2493 3313 25 25
0 2482 3795 25 25
1 2494 3312 25 25
0 2483 3795 25 25
1 2495 3311 25 25
0 2484 3795 25 25
1 2496 3310 25 25
0 2485 3795 25 25
1 2497 3311 25 25
0 2486 3795 25 25
1 2498 3309 25 25
0 2487 3795 25 25
1 2499 3309 25 25
0 2488 3794 25 24
1 2500 3307 25 25
0 2489 3796 25 24
1 2501 3307 25 24
0 2490 3794 25 24
1 2502 3307 25 24
0 2491 3794 25 24
1 2503 3308 25 24
0 2492 3793 25 24
1 2504 3309 25 24
0 2493 3791 25 24
1 2505 3309 25 24
0 2494 3791 25 24
1 2506 3307 25 24
0 2495 3793 25 24
1 2507 3307 25 24
0 2496 3791 25 24
1 2508 3306 25 24
0 2497 3790 25 24
1 2509 3306 25 24
0 2498 3790 25 24
1 2510 3305 25 24
0 2499 3790 25 24
1 2511 3305 25 24
0 2500 3789 25 24
1 2512 3305 25 24
0 2501 3789 25 24
1 2513 3304 25 24
0 2502 3789 25 24
1 2514 3304 25 24
0 2503 3788 25 24
1 2515 3304 25 24
0 2504 3788 25 24
1 2516 3302 25 24
0 2505 3789 25 24
1 2517 3303 25 24
0 2506 3788 25 24
1 2518 3303 25 24
0 2507 3787 25 24
1 2519 3302 25 24
0 2508 3787 25 24
1 2520 3302 25 24
0 2509 3785 25 24
1 2521 3302 25 24
0 2510 3784 25 24
1 2522 3303 25 24
0 2511 3784 25 24
1 2523 3302 25 24
0 2512 3784 25 24
1 2524 3302 25 24
0 2513 3783 25 24
1 2525 3301 25 24
0 2514 3783 25 25
1 2526 3301 25 24
0 2515 3783 25 25
1 2527 3300 25 25
0 2516 3782 25 25
1 2528 3300 25 25
0 2517 3781 25 25
1 2529 3303 25 25
0 2518 3779 25 25
1 2530 3302 25 25
0 2519 3779 25 25
1 2531 3302 25 25
0 2520 3778 25 25
1 2532 3303 25 25
0 2521 3779 25 25
1 2533 3301 25 25
0 2522 3778 25 25
1 2534 3302 25 25
0 2523 3779 25 25
1 2535 3302 25 25
0 2524 3778 25 25
1 2536 3301 25 25
0 2525 3779 25 25
1 2537 3296 25 25
0 2526 3780 25 25
1 2538 3295 25 25
0 2527 3780 25 25
1 2539 3295 25 25
0 2528 3780 25 25
1 2540 3294 25 25
0 2529 3780 25 25
1 2541 3293 25 25
0 2530 3782 25 25
1 2542 3292 25 25
0 2531 3781 25 25
1 2543 3293 25 25
0 2532 3779 25 25
1 2544 3293 25 25
0 2533 3779 25 25
1 2545 3293 25 25
0 2534 3778 25 25
1 2546 3292 25 25
0 2535 3781 25 25
1 2547 3296 25 25
0 2536 3775 25 25
1 2548 3297 25 25
0 2537 3776 25 25
1 2549 3292 25 25
0 2538 3778 25 25
1 2550 3292 25 25
0 2539 3775 25 25
1 2551 3295 25 25
0 2540 3774 25 25
1 2552 3291 25 25
0 2541 3774 25 25
1 2553 3292 25 25
0 2542 3773 25 25
1 2554 3292 25 25
0 2543 3773 25 25
1 2555 3291 25 25
0 2544 3775 25 25
1 2556 3292 25 25
0 2545 3776 25 25
1 2557 3292 25 25
0 2546 3775 25 25
1 2558 3290 25 25
0 2547 3774 25 25
1 2559 3303 25 25
0 2548 3775 25 25
1 2560 3287 25 25
0 2549 3776 25 25
1 2561 3289 25 25
0 2550 3774 25 25
1 2562 3289 25 25
0 2551 3775 25 25
1 2563 3287 25 25
0 2552 3773 25 25
1 2564 3288 25 25
0 2553 3772 25 25
1 2565 3288 25 25
0 2554 3771 25 25
1 2566 3288 25 25
0 2555 3771 25 25
1 2567 3287 25 25
0 2556 3771 25 25
1 2568 3287 25 25
0 2557 3771 25 25
1 2569 3286 25 25
0 2558 3770 25 25
1 2570 3287 25 25
0 2559 3771 25 25
1 2571 3286 25 25
0 2560 3769 25 25
1 2572 3287 25 25
0 2561 3769 25 25
1 2573 3286 25 25
0 2562 3770 25 25
1 2574 3288 25 25
0 2563 3771 25 25
1 2575 3285 25 25
0 2564 3771 25 25
1 2576 3282 25 25
0 2565 3768 25 25
1 2577 3280 25 25
0 2566 3770 25 25
1 2578 3284 25 25
0 2567 3769 25 25
1 2579 3279 25 25
0 2568 3771 25 25
1 2580 3281 25 25
0 2569 3769 25 25
1 2581 3282 25 25
0 2570 3767 25 25
1 2582 3280 25 25
0 2571 3768 25 25
1 2583 3280 25 25
0 2572 3765 25 25
1 2584 3281 25 25
0 2573 3765 25 25
1 2585 3282 25 25
0 2574 3763 25 25
1 2586 3281 25 25
0 2575 3767 25 25
1 2587 3278 25 25
0 2576 3764 25 25
1 2588 3278 25 25
0 2577 3764 25 25
1 2589 3277 25 25
0 2578 3762 25 25
1 2590 3277 25 25
0 2579 3762 25 25
1 2591 3283 25 25
0 2580 3765 25 25
1 2592 3278 25 25
0 2581 3765 25 25
1 2593 3278 25 25
0 2582 3765 25 25
1 2594 3279 25 25
0 2583 3764 25 25
1 2595 3282 25 25
0 2584 3764 25 25
1 2596 3278 25 25
0 2585 3764 25 25
1 2597 3278 25 25
0 2586 3763 25 25
1 2598 3275 25 25
0 2587 3762 25 25
1 2599 3275 25 25
0 2588 3762 25 25
1 2600 3275 25 25
0 2589 3761 25 25
1 2601 3275 25 25
0 2590 3766 25 25
1 2602 3274 25 25
0 2591 3759 25 25
1 2603 3272 25 25
0 2592 3763 25 24
1 2604 3273 25 25
0 2593 3760 25 24
1 2605 3272 25 24
0 2594 3759 25 24
1 2606 3273 25 24
0 2595 3758 25 24
1 2607 3272 25 24
0 2596 3757 25 24
1 2608 3272 25 24
0 2597 3756 25 24
1 2609 3272 25 24
0 2598 3756 25 24
1 2610 3272 25 24
0 2599 3756 25 24
1 2611 3270 25 24
0 2600 3756 25 24
1 2612 3270 25 24
0 2601 3757 25 24
1 2613 3268 25 24
0 2602 3757 25 24
1 2614 3268 25 24
0 2603 3754 25 24
1 2615 3269 25 24
0 2604 3754 25 24
1 2616 3268 25 24
0 2605 3753 25 24
1 2617 3268 25 24
0 2606 3753 25 24
1 2618 3267 25 24
0 2607 3752 25 24
1 2619 3266 25 24
0 2608 3752 25 24
1 2620 3267 25 24
0 2609 3752 25 24
1 2621 3266 25 24
0 2610 3752 25 24
1 2622 3265 25 24
0 2611 3751 25 24
1 2623 3264 25 24
0 2612 3750 25 24
1 2624 3265 25 24
0 2613 3748 25 24
1 2625 3265 25 24
0 2614 3748 25 24
1 2626 3265 25 24
0 2615 3748 25 24
1 2627 3264 25 24
0 2616 3748 25 24
1 2628 3264 25 24
0 2617 3747 25 24
1 2629 3250 25 24
0 2618 3747 25 25
1 2630 3263 25 24
0 2619 3747 25 25
1 2631 3260 25 25
0 2620 3747 25 25
1 2632 3260 25 25
0 2621 3744 25 25
1 2633 3260 25 25
0 2622 3743 25 25
1 2634 3262 25 25
0 2623 3741 25 25
1 2635 3266 25 25
0 2624 3741 25 25
1 2636 3268 25 25
0 2625 3740 25 25
1 2637 3272 25 25
0 2626 3741 25 25
1 2638 3278 25 25
0 2627 3745 25 25
0 2628 3750 25 25
1 2639 3286 25 25
0 2629 3758 25 25
1 2640 3307 25 25
0 2630 3765 25 25
1 2641 3311 25 25
0 2631 3766 25 25
1 2642 3301 25 25
0 2632 3771 25 25
1 2643 3308 25 25
0 2633 3774 25 25
1 2644 3313 25 25
0 2634 3780 25 25
1 2645 3329 25 25
0 2635 3782 25 25
1 2646 3333 25 25
0 2636 3784 25 25
1 2647 3324 25 25
0 2637 3785 25 25
1 2648 3336 25 25
0 2638 3786 25 25
1 2649 3336 25 25
1 2650 3323 25 25
0 2639 3791 25 25
0 2640 3791 25 25
1 2651 3339 25 25
0 2641 3790 25 25
1 2652 3342 25 25
0 2642 3791 23 24
1 2653 3342 25 25
0 2643 3793 23 24
1 2654 3344 25 25
0 2644 3796 23 24
1 2655 3345 23 24
0 2645 3797 23 24
1 2656 3346 23 24
0 2646 3800 23 24
1 2657 3347 23 24
0 2647 3802 23 24
1 2658 3339 23 24
0 2648 3803 23 24
1 2659 3340 23 24
0 2649 3807 23 24
1 2660 3342 23 24
0 2650 3809 23 24
1 2661 3346 23 24
0 2651 3811 23 24
1 2662 3349 23 24
0 2652 3814 23 24
1 2663 3352 23 24
0 2653 3816 23 24
1 2664 3355 23 24
0 2654 3819 23 24
1 2665 3357 23 24
0 2655 3821 23 24
1 2666 3367 23 24
0 2656 3827 23 24
1 2667 3365 23 24
0 2657 3828 23 24
1 2668 3364 23 24
0 2658 3832 23 24
1 2669 3369 23 24
0 2659 3835 23 24
1 2670 3373 23 24
0 2660 3837 23 24
1 2671 3377 23 24
0 2661 3840 23 24
1 2672 3379 23 24
0 2662 3844 23 24
1 2673 3382 23 24
0 2663 3848 23 24
1 2674 3385 23 24
0 2664 3850 23 24
1 2675 3386 23 24
0 2665 3852 23 24
1 2676 3389 23 24
0 2666 3856 23 25
1 2677 3392 23 24
0 2667 3860 23 25
1 2678 3395 23 24
1 2679 3395 23 24
0 2668 3863 23 25
1 2680 3401 23 24
0 2669 3867 23 25
0 2670 3871 23 25
1 2681 3406 23 24
0 2671 3875 23 25
1 2682 3410 23 24
1 2683 3409 23 24
0 2672 3876 23 25
0 2673 3866 23 25
1 2684 3415 23 24
0 2674 3883 23 25
1 2685 3418 23 24
0 2675 3881 23 25
1 2686 3421 23 24
0 2676 3887 23 25
1 2687 3425 23 24
0 2677 3892 23 25
1 2688 3428 23 24
0 2678 3893 23 25
1 2689 3431 23 24
0 2679 3895 23 25
1 2690 3433 23 24
0 2680 3899 23 25
1 2691 3435 23 24
0 2681 3903 23 25
1 2692 3438 23 24
0 2682 3907 23 25
1 2693 3442 23 24
0 2683 3911 23 25
1 2694 3447 23 24
1 2695 3447 23 24
0 2684 3914 23 25
0 2685 3914 23 25
1 2696 3453 23 24
0 2686 3922 23 25
1 2697 3458 23 24
0 2687 3923 23 25
1 2698 3458 23 24
0 2688 3925 23 25
1 2699 3463 23 24
0 2689 3929 23 25
1 2700 3466 23 24
0 2690 3931 23 19
1 2701 3469 23 24
0 2691 3936 23 19
1 2702 3472 23 24
1 2703 3474 23 18
0 2692 3943 23 19
0 2693 3942 23 19
1 2704 3478 23 18
0 2694 3945 23 19
1 2705 3481 23 18
0 2695 3949 23 19
1 2706 3484 23 18
0 2696 3952 23 19
1 2707 3488 23 18
0 2697 3956 23 19
1 2708 3491 23 18
0 2698 3960 23 19
1 2709 3495 23 18
0 2699 3961 23 19
1 2710 3498 23 18
1 2711 3502 23 18
0 2700 3967 23 19
0 2701 3970 23 19
1 2712 3505 23 18
0 2702 3974 23 19
1 2713 3509 23 18
0 2703 3976 23 19
1 2714 3512 23 18
1 2715 3512 23 18
0 2704 3980 23 19
1 2716 3519 23 18
0 2705 3985 23 19
1 2717 3520 23 18
0 2706 3986 23 19
1 2718 3523 23 18
0 2707 3989 23 19
1 2719 3525 23 18
0 2708 3991 23 19
1 2720 3525 23 18
0 2709 3994 23 19
1 2721 3531 23 18
0 2710 3996 23 19
0 2711 3992 23 19
1 2722 3532 23 18
0 2712 4000 23 19
1 2723 3535 23 18
1 2724 3533 23 18
0 2713 4002 23 19
1 2725 3536 23 18
0 2714 4004 23 0
0 2715 4007 23 0
1 2726 3544 23 18
0 2716 4010 23 0
1 2727 3547 23 0
1 2728 3542 23 0
0 2717 4014 23 0
0 2718 4017 23 0
1 2729 3553 23 0
1 2730 3552 23 0
0 2719 4020 23 0
0 2720 4022 23 0
1 2731 3556 23 0
0 2721 4025 23 0
1 2732 3564 23 0
0 2722 4026 23 0
1 2733 3562 23 0
0 2723 4027 23 0
1 2734 3563 23 0
0 2724 4029 23 0
1 2735 3563 23 0
0 2725 4031 23 0
1 2736 3566 23 0
0 2726 4033 23 0
1 2737 3568 23 0
0 2727 4036 23 0
1 2738 3569 23 0
0 2728 4038 23 0
1 2739 3573 23 0
1 2740 3576 23 0
0 2729 4044 23 0
0 2730 4043 23 0
1 2741 3578 23 0
0 2731 4047 23 0
1 2742 3581 23 0
0 2732 4049 23 0
1 2743 3585 23 0
0 2733 4052 23 0
1 2744 3587 23 0
0 2734 4054 23 0
1 2745 3590 23 0
0 2735 4054 23 0
1 2746 3595 23 0
0 2736 4060 23 0
1 2747 3599 23 0
0 2737 4063 23 0
1 2748 3600 23 0
0 2738 4064 23 0
1 2749 3602 23 0
0 2739 4067 23 0
1 2750 3601 23 0
0 2740 4068 23 0
1 2751 3606 23 0
0 2741 4065 23 0
1 2752 3607 23 0
0 2742 4071 23 0
1 2753 3608 23 0
0 2743 4072 23 0
1 2754 3609 23 0
0 2744 4077 23 0
1 2755 3614 23 0
0 2745 4080 23 0
1 2756 3615 23 0
0 2746 4082 23 0
1 2757 3617 23 0
0 2747 4085 23 0
1 2758 3621 23 0
0 2748 4087 23 0
1 2759 3623 23 0
0 2749 4090 23 0
1 2760 3626 23 0
0 2750 4091 23 0
1 2761 3627 23 0
0 2751 4092 23 0
1 2762 3629 23 0
0 2752 4093 23 0
1 2763 3630 23 0
0 2753 4094 23 0
1 2764 3630 23 0
0 2754 4096 23 0
1 2765 3629 23 0
0 2755 4098 23 0
1 2766 3637 23 0
0 2756 4099 23 0
1 2767 3636 23 0
0 2757 4099 23 0
1 2768 3638 23 0
0 2758 4103 23 0
1 2769 3640 23 0
0 2759 4108 23 0
1 2770 3645 23 0
0 2760 4110 23 0
1 2771 3645 23 0
0 2761 4114 23 0
1 2772 3648 23 0
0 2762 4116 23 0
1 2773 3651 23 0
0 2763 4117 23 0
1 2774 3657 23 0
0 2764 4119 23 0
1 2775 3656 23 0
0 2765 4121 23 0
1 2776 3659 23 0
1 2777 3659 23 0
0 2766 4124 23 0
1 2778 3661 23 0
0 2767 4127 23 0
0 2768 4128 23 0
1 2779 3662 23 0
0 2769 4130 23 0
1 2780 3666 23 0
1 2781 3701 23 0
0 2770 4140 23 0
0 2771 4132 23 0
0 2772 4109 23 0
0 2773 4092 23 0
0 2774 4076 23 0
0 2775 4063 23 0
0 2776 4051 23 0
0 2777 4044 23 0
0 2778 4033 23 0
0 2779 4029 23 0
0 2780 4011 23 0
0 2781 4031 23 0
