0 0 44 0 31 0 5 0 23
0 4 3 27 28 0 4 0 9
0 0 3 20 27 0 1 0 7
0 0 2 8 26 0 1 0 4
0 0 2 0 25 0 1 0 4
0 0 2 0 25 0 1 0 4
0 0 2 0 24 0 1 0 4
0 0 2 0 24 0 1 0 4
0 0 2 0 24 0 1 0 3
0 0 2 0 24 0 1 0 3
0 0 2 0 23 0 1 0 4
0 0 3 0 24 0 1 0 4
0 0 2 0 24 0 1 0 4
0 0 2 0 23 0 1 0 4
0 0 2 0 24 0 1 0 4
0 0 2 0 24 0 1 0 3
0 0 2 0 23 0 1 0 3
0 0 2 0 24 0 1 0 3
0 0 2 0 24 0 1 0 3
0 0 2 0 23 0 1 0 3
0 0 2 0 24 0 1 0 3
0 0 2 0 24 0 1 0 3
0 0 2 0 24 0 1 0 3
0 0 2 0 23 0 1 0 4
0 0 2 0 24 0 1 0 4
0 0 2 0 23 0 1 0 4
0 0 2 0 23 0 1 0 4
0 0 2 0 24 0 1 0 4
0 0 4 0 23 0 1 0 3
0 0 4 0 24 0 1 0 4
0 0 4 0 24 0 1 0 3
0 0 3 0 23 0 1 0 4
0 0 2 0 24 0 1 0 4
0 0 2 0 24 0 1 0 3
0 0 2 0 23 0 1 0 3
0 0 2 0 24 0 1 0 3
0 0 2 0 24 0 1 0 3
0 0 2 0 24 0 1 0 3
0 0 2 0 24 0 1 0 3
0 0 2 0 24 0 1 0 3
0 0 2 0 25 0 1 0 3
0 0 2 0 24 0 1 0 4
0 0 2 0 24 0 1 0 4
0 0 4 0 23 0 1 0 3
0 0 4 0 23 0 1 0 3
0 0 4 0 24 0 1 0 3
0 0 4 0 23 0 1 0 3
0 0 4 0 24 0 1 0 4
0 0 4 0 24 0 1 0 4
0 0 4 0 23 0 1 0 4
0 0 4 0 24 0 1 0 3
0 0 4 0 24 0 1 0 4
0 0 4 0 23 0 1 0 4
0 0 4 0 23 0 1 0 3
0 0 4 0 24 0 1 0 4
0 0 4 0 23 0 1 0 4
0 0 4 0 24 0 1 0 4
0 0 4 0 24 0 1 0 3
0 0 4 0 23 0 1 0 3
0 0 4 0 24 0 1 0 3
0 0 4 0 24 0 1 0 3
0 0 4 0 23 0 1 0 3
0 0 4 0 24 0 1 0 3
0 0 4 0 24 0 1 0 3
0 0 4 0 23 0 1 0 3
0 0 4 0 24 0 1 0 4
0 0 4 0 24 0 1 0 4
0 0 4 0 23 0 1 0 3
0 0 4 0 24 0 1 0 4
0 0 4 0 24 0 1 0 4
0 0 3 0 23 0 1 0 3
0 0 3 0 24 0 1 0 4
0 0 2 0 24 0 1 0 3
0 0 2 0 23 0 1 0 4
0 0 2 0 24 0 1 0 4
0 0 2 0 24 0 1 0 4
0 0 2 0 23 0 1 0 4
0 0 2 0 24 0 1 0 4
0 0 2 0 24 0 1 0 4
0 0 2 0 23 0 1 0 4
0 0 2 0 24 0 1 0 4
0 0 2 0 24 0 1 0 4
0 0 2 0 23 0 1 0 4
0 0 2 0 24 0 1 0 4
0 0 2 0 24 0 1 0 4
0 0 2 0 23 0 1 0 4
0 0 2 0 24 0 1 0 4
0 0 2 0 24 0 1 0 4
0 0 2 0 23 0 1 0 4
0 0 2 0 24 0 1 0 3
0 0 2 0 24 0 1 0 3
0 0 2 0 23 0 1 0 3
0 0 2 0 24 0 1 0 3
0 0 2 0 24 0 1 0 4
0 0 2 0 23 0 1 0 4
0 0 2 0 24 0 1 0 4
0 0 2 0 24 0 1 0 3
0 0 2 0 24 0 1 0 4
0 0 2 0 24 0 1 0 4
0 0 2 0 24 0 1 0 4
0 0 2 0 24 0 1 0 4
0 0 2 0 24 0 1 0 4
0 0 2 0 24 0 1 0 4
0 0 2 0 24 0 1 0 4
0 0 2 0 24 0 1 0 5
0 0 2 0 24 0 1 0 4
0 0 2 0 24 0 1 0 5
0 0 2 0 24 0 1 0 4
0 0 2 0 24 0 1 0 4
0 0 2 0 24 0 1 0 4
0 0 2 0 24 0 1 0 4
0 0 2 0 24 0 1 0 4
0 0 2 0 24 0 1 0 4
0 0 2 0 24 0 1 0 4
0 0 2 0 24 0 1 0 4
0 0 2 0 24 0 1 0 4
0 0 2 0 24 0 1 0 4
0 0 2 0 24 0 1 0 4
0 0 2 0 23 0 1 0 4
0 0 2 0 24 0 1 0 4
0 0 2 0 24 0 1 0 4
0 0 2 0 24 0 1 0 4
0 0 2 0 24 0 1 0 4
0 0 2 0 24 0 1 0 4
0 0 2 0 23 0 1 0 4
0 0 2 0 24 0 1 0 4
0 0 2 0 24 0 1 0 4
0 0 2 0 23 0 1 0 4
0 0 2 0 24 0 1 0 4
0 0 2 0 24 0 1 0 4
0 0 2 0 23 0 1 0 4
0 0 2 0 24 0 1 0 4
0 0 2 0 24 0 1 0 4
0 0 2 0 23 0 1 0 4
0 0 2 0 24 0 1 0 4
0 0 2 0 24 0 1 0 4
0 0 2 0 23 0 1 0 4
0 0 2 0 24 0 1 0 4
0 0 2 0 24 0 1 0 4
0 0 2 0 23 0 1 0 4
0 0 2 0 24 0 1 0 4
0 0 2 0 24 0 1 0 4
0 0 3 0 23 0 1 0 4
0 0 2 0 24 0 1 0 4
0 0 2 0 23 0 1 0 4
0 0 2 0 23 0 1 0 4
0 0 2 0 24 0 1 0 4
0 0 2 0 24 0 1 0 5
0 0 2 0 23 0 1 0 5
0 0 2 0 24 0 1 0 4
0 0 2 0 24 0 1 0 4
0 0 2 0 24 0 1 0 4
0 0 2 0 24 0 1 0 4
0 0 2 0 24 0 1 0 4
0 0 2 0 23 0 1 0 4
0 0 2 0 24 0 1 0 4
0 0 2 0 24 0 1 0 4
0 0 2 0 23 0 1 0 4
0 0 2 0 24 0 1 0 4
0 0 2 0 23 0 1 0 4
0 0 2 0 23 0 1 0 4
0 0 2 0 24 0 1 0 4
0 0 2 0 24 0 1 0 4
0 0 2 0 23 0 1 0 3
0 0 2 0 24 0 1 0 4
0 0 2 0 23 0 1 0 4
0 0 3 0 23 0 1 0 4
0 0 2 0 24 0 1 0 4
0 0 2 0 23 0 1 0 4
0 0 2 0 24 0 6 0 8
0 0 5 0 28 0 1 0 6
0 0 3 0 23 0 1 0 3
0 0 3 0 24 0 1 0 4
0 0 2 0 24 0 1 0 4
0 0 2 0 24 0 1 0 4
0 0 2 0 25 0 1 0 4
0 0 3 0 24 0 1 0 4
0 0 2 0 24 0 1 0 4
0 0 2 0 34 0 1 0 6
0 0 2 0 24 0 1 0 4
0 0 2 0 24 0 1 0 4
0 0 2 0 23 0 1 0 4
0 0 2 0 24 0 1 0 4
0 0 2 0 24 0 1 0 4
0 0 2 0 23 0 1 0 4
0 0 2 0 24 0 1 0 4
0 0 2 0 24 0 1 0 4
0 0 2 0 24 0 1 0 4
0 0 2 0 23 0 1 0 4
0 0 2 0 23 0 1 0 3
0 0 2 0 24 0 1 0 3
0 0 2 0 24 0 1 0 4
0 0 2 0 24 0 1 0 3
0 0 2 0 23 0 1 0 3
0 0 3 0 24 0 1 0 4
0 0 2 0 23 0 1 0 4
0 0 2 0 23 0 1 0 4
0 0 2 0 24 0 1 0 4
0 0 2 0 24 0 1 0 4
0 0 2 0 26 0 1 0 4
0 0 2 0 24 0 1 0 4
0 0 2 0 24 0 1 0 4
0 0 2 0 23 0 1 0 4
0 0 2 0 24 0 1 0 4
0 0 2 0 24 0 1 0 4
0 0 2 0 24 0 1 0 4
0 0 2 0 24 0 1 0 4
0 0 2 0 23 0 1 0 4
0 0 3 0 23 0 1 0 4
0 0 2 0 24 0 1 0 5
0 0 2 0 23 0 1 0 5
0 0 2 0 26 0 1 0 5
0 0 2 0 24 0 1 0 4
0 0 2 0 23 0 1 0 5
0 0 2 0 23 0 1 0 4
0 0 2 0 24 0 1 0 4
0 0 2 0 23 0 1 0 4
0 0 2 0 23 0 1 0 4
0 0 2 0 24 0 1 0 4
0 0 2 0 23 0 1 0 4
0 0 2 0 23 0 1 0 4
0 0 2 0 24 0 1 0 4
0 0 2 0 24 0 1 0 4
0 0 2 0 23 0 1 0 4
0 0 2 0 24 0 1 0 5
0 0 2 0 24 0 1 0 5
0 0 2 0 23 0 1 0 4
0 0 3 0 24 0 1 0 4
0 0 3 0 23 0 1 0 4
0 0 3 0 23 0 1 0 4
0 0 2 0 24 0 1 0 4
0 0 2 0 24 0 1 0 4
0 0 2 0 23 0 1 0 4
0 0 2 0 24 0 1 0 4
0 0 2 0 23 0 1 0 4
0 0 2 0 23 0 1 0 5
0 0 2 0 24 0 1 0 4
0 0 2 0 23 0 1 0 4
0 0 2 0 23 0 1 0 4
0 0 2 0 24 0 1 0 4
0 0 2 0 23 0 1 0 4
0 0 2 0 24 0 1 0 4
0 0 2 0 24 0 1 0 5
0 0 2 0 23 0 1 0 4
0 0 2 0 23 0 1 0 4
0 0 2 0 24 0 1 0 4
0 0 2 0 24 0 1 0 4
0 0 2 0 23 0 1 0 4
0 0 2 0 24 0 1 0 4
0 0 2 0 24 0 1 0 5
0 0 2 0 23 0 1 0 4
0 0 2 0 24 0 1 0 4
0 0 2 0 24 0 1 0 5
0 0 2 0 24 0 1 0 5
0 0 2 0 24 0 1 0 4
0 0 2 0 24 0 1 0 5
0 0 2 0 24 0 1 0 5
0 0 2 0 24 0 1 0 5
0 0 3 0 23 0 1 0 5
0 0 3 0 24 0 1 0 5
0 0 3 0 24 0 1 0 5
0 0 2 0 24 0 1 0 5
0 0 2 0 24 0 1 0 5
0 0 2 0 24 0 1 0 5
0 0 2 0 24 0 1 0 5
0 0 4 0 24 0 1 0 5
0 0 3 0 24 0 1 0 4
0 0 2 0 24 0 1 0 6
0 0 2 0 24 0 1 0 5
0 0 3 0 24 0 1 0 5
0 0 2 0 24 0 1 0 4
0 0 2 0 24 0 1 0 5
0 0 2 0 24 0 1 0 4
0 0 2 0 23 0 1 0 5
0 0 2 0 24 0 1 0 5
0 0 2 0 24 0 1 0 5
0 0 4 0 24 0 1 0 5
0 0 2 0 23 0 1 0 4
0 0 2 0 24 0 1 0 5
0 0 2 0 24 0 1 0 4
0 0 2 0 24 0 1 0 5
0 0 2 0 24 0 1 0 5
0 0 2 0 24 0 1 0 5
0 0 2 0 23 0 1 0 5
0 0 2 0 24 0 1 0 5
0 0 2 0 24 0 1 0 5
0 0 2 0 24 0 1 0 5
0 0 2 0 24 0 1 0 5
0 0 2 0 24 0 1 0 5
0 0 2 0 23 0 1 0 5
0 0 2 0 24 0 1 0 5
0 0 2 0 24 0 1 0 4
0 0 2 0 24 0 1 0 5
0 0 2 0 24 0 1 0 5
0 0 3 0 24 0 1 0 5
0 0 2 0 23 0 1 0 5
0 0 2 0 24 0 1 0 5
0 0 3 0 24 0 1 0 5
0 0 2 0 24 0 1 0 5
0 0 2 0 24 0 1 0 5
0 0 2 0 24 0 1 0 5
0 0 2 0 24 0 1 0 4
0 0 2 0 24 0 1 0 5
0 0 2 0 24 0 1 0 4
0 0 2 0 24 0 1 0 4
0 0 2 0 24 0 1 0 5
0 0 2 0 24 0 1 0 5
0 0 3 0 24 0 1 0 5
0 0 2 0 24 0 1 0 5
0 0 2 0 24 0 1 0 5
0 0 2 0 24 0 1 0 4
0 0 2 0 24 0 1 0 4
0 0 2 0 24 0 1 0 5
0 0 2 0 23 0 1 0 5
0 0 2 0 24 0 1 0 5
0 0 3 0 23 0 1 0 5
0 0 2 0 24 0 1 0 5
0 0 2 0 24 0 1 0 5
0 0 2 0 23 0 1 0 4
0 0 2 0 24 0 1 0 4
0 0 2 0 24 0 1 0 4
0 0 2 0 24 0 1 0 4
0 0 2 0 24 0 1 0 4
0 0 2 0 24 0 1 0 5
0 0 2 0 24 0 1 0 5
0 0 2 0 24 0 1 0 5
0 0 2 0 24 0 1 0 5
0 0 2 0 24 0 1 0 5
0 0 2 0 23 0 1 0 4
0 0 2 0 24 0 1 0 5
0 0 2 0 24 0 1 0 4
0 0 2 0 24 0 1 0 5
0 0 2 0 24 0 1 0 4
0 0 2 0 24 0 1 0 5
0 0 2 0 26 0 6 0 12
0 0 3 0 24 0 1 0 5
0 0 3 0 23 0 1 0 4
0 0 3 0 23 0 1 0 4
0 0 2 0 23 0 1 0 4
0 0 2 0 23 0 1 0 4
0 0 2 0 23 0 1 0 5
0 0 2 0 24 0 1 0 5
0 0 2 0 23 0 1 0 4
0 0 2 0 23 0 1 0 4
0 0 2 0 24 0 1 0 4
0 0 2 0 27 0 1 0 4
0 0 2 0 24 0 1 0 5
0 0 2 0 24 0 1 0 5
0 0 2 0 23 0 1 0 5
0 0 2 0 23 0 1 0 5
0 0 2 0 24 0 1 0 5
0 0 2 0 24 0 1 0 5
0 0 2 0 23 0 1 0 5
0 0 2 0 24 0 1 0 5
0 0 2 0 24 0 1 0 5
0 0 2 0 24 0 1 0 5
0 0 2 0 24 0 1 0 5
0 0 2 0 24 0 1 0 5
0 0 2 0 23 0 1 0 4
0 0 2 0 23 0 1 0 5
0 0 2 0 23 0 1 0 5
0 0 2 0 23 0 1 0 4
0 0 2 0 23 0 1 0 5
0 0 2 0 23 0 1 0 4
0 0 2 0 23 0 1 0 4
0 0 4 0 25 0 1 0 5
0 0 2 0 24 0 1 0 4
0 0 2 0 24 0 1 0 5
0 0 2 0 24 0 1 0 5
0 0 2 0 24 0 1 0 5
0 0 2 0 24 0 1 0 4
0 0 2 0 24 0 1 0 5
0 0 2 0 24 0 1 0 5
0 0 2 0 24 0 1 0 5
0 0 2 0 24 0 1 0 4
0 0 2 0 27 0 1 0 4
0 0 2 0 24 0 1 0 4
0 0 2 0 24 0 1 0 4
0 0 2 0 24 0 1 0 4
0 0 2 0 24 0 1 0 4
0 0 2 0 24 0 1 0 4
0 0 2 0 24 0 1 0 4
0 0 2 0 24 0 1 0 4
0 0 2 0 24 0 1 0 4
0 0 2 0 24 0 1 0 4
0 0 2 0 23 0 1 0 4
0 0 2 0 24 0 1 0 4
0 0 2 0 24 0 1 0 5
0 0 2 0 24 0 1 0 4
0 0 2 0 24 0 1 0 5
0 0 2 0 24 0 1 0 5
0 0 2 0 24 0 1 0 5
0 0 2 0 24 0 1 0 4
0 0 2 0 23 0 1 0 4
0 0 2 0 23 0 1 0 4
0 0 2 0 24 0 1 0 4
0 0 2 0 24 0 1 0 4
0 0 2 0 24 0 1 0 4
0 0 2 0 24 0 1 0 4
0 0 2 0 24 0 1 0 4
0 0 2 0 23 0 1 0 4
0 0 2 0 24 0 1 0 4
0 0 2 0 24 0 1 0 4
0 0 2 0 23 0 1 0 5
0 0 2 0 24 0 2 0 4
0 0 2 0 24 0 1 0 5
0 0 2 0 24 0 1 0 4
0 0 2 0 24 0 1 0 4
0 0 2 0 24 0 1 0 4
0 0 2 0 24 0 1 0 5
0 0 2 0 24 0 1 0 4
0 0 2 0 24 0 1 0 4
0 0 2 0 24 0 1 0 4
0 0 2 0 24 0 1 0 4
0 0 2 0 24 0 1 0 4
0 0 2 0 24 0 1 0 5
0 0 2 0 24 0 1 0 4
0 0 2 0 24 0 1 0 4
0 0 2 0 23 0 1 0 4
0 0 2 0 24 0 1 0 4
0 0 2 0 23 0 1 0 4
0 0 2 0 23 0 1 0 4
0 0 2 0 24 0 1 0 4
0 0 2 0 23 0 1 0 4
0 0 2 0 23 0 1 0 4
0 0 2 0 24 0 1 0 4
0 0 2 0 23 0 1 0 4
0 0 2 0 24 0 1 0 4
0 0 2 0 24 0 1 0 4
0 0 2 0 24 0 1 0 4
0 0 2 0 23 0 1 0 4
0 0 2 0 24 0 1 0 4
0 0 2 0 24 0 1 0 4
0 0 2 0 23 0 1 0 4
0 0 2 0 24 0 1 0 4
0 0 2 0 23 0 1 0 4
0 0 2 0 23 0 1 0 4
0 0 2 0 24 0 1 0 4
0 0 4 0 23 0 1 0 4
0 0 4 0 23 0 1 0 4
0 0 4 0 23 0 1 0 4
0 0 4 0 24 0 1 0 4
0 0 4 0 24 0 1 0 4
0 0 4 0 24 0 1 0 4
0 0 4 0 23 0 1 0 4
0 0 2 0 23 0 1 0 4
0 0 2 0 23 0 1 0 4
0 0 2 0 24 0 1 0 4
0 0 2 0 23 0 1 0 4
0 0 2 0 23 0 1 0 4
0 0 2 0 23 0 1 0 4
0 0 2 0 23 0 1 0 4
0 0 2 0 24 0 1 0 4
0 0 2 0 23 0 1 0 4
0 0 2 0 23 0 1 0 4
0 0 2 0 24 0 1 0 4
0 0 2 0 23 0 1 0 4
0 0 2 0 23 0 1 0 4
0 0 2 0 24 0 1 0 5
0 0 2 0 23 0 1 0 4
0 0 2 0 23 0 1 0 4
0 0 2 0 24 0 1 0 4
0 0 2 0 23 0 1 0 4
0 0 2 0 23 0 1 0 4
0 0 2 0 24 0 1 0 4
0 0 2 0 24 0 1 0 4
0 0 2 0 23 0 1 0 4
0 0 2 0 24 0 1 0 4
0 0 2 0 24 0 1 0 4
0 0 2 0 23 0 1 0 4
0 0 2 0 24 0 1 0 4
0 0 2 0 23 0 1 0 4
0 0 2 0 23 0 1 0 4
0 0 2 0 24 0 1 0 4
0 0 2 0 24 0 1 0 4
0 0 2 0 24 0 1 0 4
0 0 2 0 24 0 1 0 4
0 0 2 0 24 0 1 0 4
0 0 2 0 23 0 1 0 4
0 0 2 0 24 0 1 0 4
0 0 2 0 24 0 1 0 4
0 0 2 0 23 0 1 0 4
0 0 2 0 24 0 1 0 4
0 0 2 0 23 0 1 0 4
0 0 2 0 23 0 1 0 3
0 0 2 0 24 0 1 0 3
0 0 2 0 23 0 1 0 3
0 0 2 0 23 0 1 0 4
0 0 2 0 24 0 1 0 4
0 0 2 0 23 0 1 0 4
0 0 2 0 23 0 1 0 4
0 0 2 0 24 0 1 0 4
0 0 2 0 24 0 1 0 4
0 0 2 0 23 0 1 0 4
0 0 2 0 24 0 1 0 4
0 0 2 0 24 0 1 0 4
0 0 2 0 23 0 1 0 4
0 0 4 0 24 0 1 0 4
0 0 4 0 24 0 1 0 4
0 0 4 0 24 0 1 0 4
0 0 4 0 24 0 1 0 4
0 0 4 0 24 0 1 0 4
0 0 3 0 24 0 1 0 4
0 0 2 0 24 0 1 0 5
0 0 2 0 24 0 1 0 4
0 0 2 0 24 0 1 0 4
0 0 2 0 24 0 1 0 4
0 0 2 0 24 0 1 0 4
0 0 2 0 24 0 1 0 4
0 0 2 0 24 0 1 0 4
0 0 2 0 24 0 1 0 4
0 0 2 0 24 0 1 0 4
0 0 2 0 24 0 1 0 4
0 0 2 0 23 0 1 0 4
0 0 2 0 24 0 1 0 4
0 0 2 0 24 0 1 0 4
0 0 2 0 23 0 1 0 4
0 0 2 0 24 0 1 0 4
0 0 2 0 24 0 1 0 4
0 0 2 0 24 0 1 0 4
0 0 2 0 24 0 1 0 4
0 0 4 0 24 0 1 0 4
0 0 2 0 24 0 1 0 4
0 0 2 0 23 0 1 0 4
0 0 2 0 24 0 1 0 4
0 0 2 0 24 0 1 0 4
0 0 3 0 23 0 1 0 4
0 0 2 0 24 0 1 0 4
0 0 2 0 24 0 1 0 4
0 0 3 0 24 0 1 0 4
0 0 2 0 24 0 1 0 4
0 0 2 0 23 0 1 0 4
0 0 2 0 24 0 1 0 4
0 0 2 0 24 0 1 0 4
0 0 2 0 23 0 1 0 4
0 0 4 0 23 0 1 0 4
0 0 4 0 24 0 1 0 4
0 0 2 0 23 0 1 0 4
0 0 2 0 23 0 1 0 4
0 0 2 0 24 0 1 0 4
0 0 2 0 24 0 1 0 4
0 0 2 0 23 0 1 0 4
0 0 2 0 24 0 1 0 4
0 0 2 0 24 0 1 0 4
0 0 2 0 23 0 1 0 4
0 0 2 0 24 0 1 0 4
0 0 2 0 24 0 1 0 4
0 0 2 0 23 0 1 0 4
0 0 2 0 24 0 1 0 4
0 0 2 0 24 0 1 0 4
0 0 2 0 23 0 1 0 4
0 0 2 0 24 0 1 0 4
0 0 2 0 24 0 1 0 4
0 0 2 0 23 0 1 0 4
0 0 2 0 24 0 1 0 5
0 0 2 0 24 0 1 0 5
0 0 2 0 24 0 1 0 4
0 0 2 0 24 0 1 0 4
0 0 2 0 24 0 1 0 4
0 0 2 0 24 0 1 0 5
0 0 2 0 24 0 1 0 4
0 0 2 0 24 0 1 0 4
0 0 2 0 24 0 1 0 4
0 0 2 0 25 0 1 0 4
0 0 2 0 24 0 1 0 5
0 0 2 0 24 0 1 0 4
0 0 2 0 24 0 1 0 4
0 0 2 0 24 0 1 0 4
0 0 2 0 23 0 1 0 4
0 0 2 0 24 0 1 0 4
0 0 2 0 23 0 1 0 4
0 0 2 0 23 0 1 0 4
0 0 3 0 24 0 1 0 4
0 0 3 0 24 0 1 0 4
0 0 2 0 23 0 1 0 4
0 0 2 0 24 0 1 0 4
0 0 2 0 24 0 1 0 4
0 0 2 0 23 0 1 0 4
0 0 2 0 24 0 1 0 4
0 0 2 0 24 0 1 0 4
0 0 2 0 24 0 1 0 3
0 0 2 0 24 0 1 0 4
0 0 2 0 23 0 1 0 4
0 0 2 0 24 0 1 0 4
0 0 2 0 24 0 1 0 4
0 0 2 0 24 0 1 0 4
0 0 2 0 24 0 1 0 4
0 0 2 0 24 0 1 0 5
0 0 3 0 24 0 1 0 4
0 0 2 0 29 0 6 0 6
0 0 4 0 25 0 1 0 6
0 0 3 0 24 0 1 0 4
0 0 2 0 24 0 1 0 4
0 0 3 0 24 0 1 0 4
0 0 2 0 24 0 1 0 4
0 0 2 0 24 0 1 0 4
0 0 2 0 24 0 1 0 4
0 0 2 0 30 0 1 0 4
0 0 2 0 23 0 1 0 4
0 0 2 0 23 0 1 0 4
0 0 2 0 24 0 1 0 3
0 0 2 0 24 0 1 0 4
0 0 2 0 24 0 1 0 4
0 0 2 0 24 0 1 0 4
0 0 2 0 23 0 1 0 3
0 0 3 0 24 0 1 0 4
0 0 2 0 23 0 1 0 4
0 0 3 0 23 0 1 0 4
0 0 2 0 27 0 1 0 4
0 0 4 0 24 0 1 0 4
0 0 2 0 24 0 1 0 4
0 0 2 0 24 0 1 0 4
0 0 2 0 24 0 1 0 4
0 0 2 0 24 0 1 0 4
0 0 2 0 24 0 1 0 4
0 0 2 0 24 0 1 0 4
0 0 2 0 24 0 1 0 4
0 0 2 0 25 0 1 0 4
0 0 2 0 24 0 1 0 5
0 0 2 0 24 0 1 0 5
0 0 2 0 24 0 1 0 4
0 0 2 0 24 0 1 0 4
0 0 2 0 25 0 1 0 5
0 0 2 0 24 0 1 0 4
0 0 2 0 24 0 1 0 4
0 0 6 0 27 0 1 0 5
0 0 2 0 24 0 1 0 5
0 0 2 0 25 0 1 0 5
0 0 2 0 24 0 1 0 5
0 0 2 0 24 0 1 0 5
0 0 2 0 25 0 1 0 5
0 0 2 0 24 0 1 0 5
0 0 2 0 24 0 1 0 5
0 0 2 0 24 0 1 0 5
0 0 2 0 24 0 2 0 5
0 0 2 0 24 0 2 0 6
0 0 2 0 24 0 1 0 5
0 0 2 0 24 0 1 0 4
0 0 2 0 23 0 1 0 5
0 0 2 0 24 0 1 0 4
0 0 2 0 24 0 1 0 4
0 0 2 0 24 0 1 0 5
0 0 2 0 24 0 1 0 4
0 0 2 0 24 0 1 0 5
0 0 2 0 24 0 1 0 5
0 0 2 0 24 0 1 0 5
0 0 2 0 24 0 1 0 5
0 0 2 0 24 0 1 0 5
0 0 2 0 24 0 1 0 5
0 0 2 0 24 0 1 0 5
0 0 2 0 24 0 1 0 5
0 0 2 0 24 0 1 0 5
0 0 2 0 24 0 2 0 5
0 0 2 0 24 0 1 0 4
0 0 2 0 24 0 1 0 4
0 0 2 0 23 0 1 0 4
0 0 2 0 24 0 1 0 4
0 0 3 0 24 0 1 0 4
0 0 2 0 23 0 1 0 4
0 0 2 0 24 0 1 0 4
0 0 2 0 24 0 1 0 5
0 0 2 0 24 0 1 0 5
0 0 2 0 23 0 1 0 5
0 0 2 0 23 0 1 0 5
0 0 2 0 23 0 1 0 4
0 0 2 0 24 0 1 0 4
0 0 2 0 23 0 1 0 4
0 0 4 0 24 0 1 0 5
0 0 4 0 23 0 1 0 5
0 0 4 0 24 0 1 0 5
0 0 2 0 23 0 1 0 4
0 0 2 0 24 0 1 0 4
0 0 2 0 23 0 1 0 5
0 0 2 0 23 0 1 0 5
0 0 2 0 23 0 1 0 4
0 0 2 0 23 0 1 0 4
0 0 2 0 23 0 1 0 5
0 0 2 0 24 0 1 0 5
0 0 2 0 24 0 1 0 5
0 0 2 0 23 0 1 0 4
0 0 2 0 24 0 1 0 4
0 0 2 0 23 0 1 0 4
0 0 2 0 23 0 1 0 5
0 0 2 0 23 0 1 0 5
0 0 2 0 24 0 1 0 4
0 0 2 0 23 0 1 0 5
0 0 2 0 24 0 1 0 4
0 0 2 0 23 0 1 0 4
0 0 2 0 23 0 1 0 4
0 0 2 0 23 0 1 0 5
0 0 2 0 24 0 1 0 4
0 0 2 0 23 0 1 0 4
0 0 2 0 23 0 1 0 4
0 0 2 0 23 0 1 0 5
0 0 2 0 23 0 1 0 4
0 0 2 0 23 0 1 0 4
0 0 3 0 23 0 1 0 4
0 0 2 0 23 0 1 0 4
0 0 2 0 24 0 1 0 4
0 0 2 0 23 0 1 0 4
0 0 2 0 23 0 1 0 4
0 0 2 0 24 0 1 0 4
0 0 2 0 24 0 1 0 4
0 0 2 0 23 0 1 0 4
0 0 2 0 24 0 1 0 4
0 0 2 0 24 0 1 0 5
0 0 2 0 24 0 1 0 4
0 0 2 0 23 0 1 0 4
0 0 2 0 24 0 1 0 5
0 0 2 0 23 0 1 0 5
0 0 2 0 24 0 1 0 5
0 0 2 0 23 0 1 0 5
0 0 2 0 24 0 1 0 4
0 0 2 0 24 0 1 0 5
0 0 2 0 23 0 1 0 4
0 0 2 0 24 0 1 0 4
0 0 2 0 24 0 1 0 4
0 0 2 0 24 0 1 0 5
0 0 2 0 23 0 1 0 5
0 0 2 0 23 0 1 0 5
0 0 2 0 23 0 1 0 4
0 0 2 0 23 0 1 0 4
0 0 2 0 24 0 1 0 4
0 0 2 0 23 0 1 0 5
0 0 2 0 24 0 1 0 4
0 0 2 0 24 0 1 0 5
0 0 2 0 23 0 1 0 4
0 0 2 0 23 0 1 0 4
0 0 2 0 24 0 1 0 5
0 0 2 0 24 0 1 0 5
0 0 2 0 24 0 1 0 4
0 0 2 0 23 0 1 0 4
0 0 2 0 24 0 1 0 4
0 0 2 0 23 0 1 0 4
0 0 2 0 23 0 1 0 4
0 0 2 0 23 0 1 0 4
0 0 2 0 23 0 1 0 5
0 0 2 0 24 0 1 0 4
0 0 2 0 23 0 1 0 4
0 0 2 0 23 0 1 0 4
0 0 2 0 23 0 1 0 4
0 0 2 0 24 0 1 0 4
0 0 2 0 23 0 1 0 4
0 0 2 0 23 0 1 0 4
0 0 2 0 24 0 1 0 4
0 0 2 0 24 0 1 0 5
0 0 2 0 24 0 1 0 5
0 0 3 0 24 0 1 0 4
0 0 2 0 23 0 1 0 4
0 0 2 0 23 0 1 0 4
0 0 2 0 23 0 1 0 4
0 0 2 0 24 0 1 0 4
0 0 2 0 24 0 1 0 4
0 0 2 0 24 0 1 0 5
0 0 2 0 24 0 1 0 4
0 0 2 0 24 0 1 0 5
0 0 2 0 23 0 1 0 5
0 0 2 0 24 0 1 0 5
0 0 3 0 23 0 1 0 5
0 0 2 0 24 0 1 0 5
0 0 2 0 24 0 1 0 4
0 0 2 0 24 0 1 0 5
0 0 2 0 24 0 1 0 4
0 0 2 0 23 0 1 0 5
0 0 2 0 24 0 1 0 4
0 0 3 0 24 0 1 0 5
0 0 2 0 23 0 1 0 4
0 0 2 0 24 0 1 0 4
0 0 2 0 24 0 1 0 4
0 0 2 0 23 0 1 0 5
0 0 2 0 24 0 1 0 5
0 0 2 0 24 0 1 0 5
0 0 2 0 24 0 1 0 5
0 0 2 0 24 0 1 0 6
0 0 2 0 24 0 1 0 5
0 0 2 0 24 0 1 0 6
0 0 2 0 24 0 1 0 6
0 0 2 0 24 0 1 0 5
0 0 2 0 23 0 1 0 5
0 0 2 0 24 0 1 0 5
0 0 2 0 24 0 1 0 5
0 0 2 0 23 0 1 0 5
0 0 2 0 24 0 1 0 5
0 0 2 0 24 0 1 0 5
0 0 2 0 23 0 1 0 4
0 0 2 0 23 0 1 0 4
0 0 2 0 24 0 1 0 4
0 0 2 0 24 0 1 0 5
0 0 3 0 23 0 1 0 4
0 0 2 0 23 0 1 0 4
0 0 2 0 23 0 1 0 5
0 0 2 0 24 0 1 0 5
0 0 2 0 24 0 1 0 5
0 0 2 0 23 0 1 0 5
0 0 2 0 24 0 1 0 5
0 0 2 0 24 0 1 0 5
0 0 2 0 23 0 1 0 5
0 0 2 0 23 0 1 0 5
0 0 2 0 24 0 1 0 5
0 0 2 0 24 0 1 0 5
0 0 2 0 24 0 1 0 5
0 0 2 0 26 0 6 0 5
0 0 4 0 24 0 1 0 8
0 0 4 0 24 0 1 0 5
0 0 3 0 24 0 1 0 5
0 0 2 0 24 0 1 0 5
0 0 2 0 24 0 1 0 5
0 0 2 0 24 0 1 0 5
0 0 2 0 24 0 1 0 5
0 0 2 0 24 0 1 0 5
0 0 2 0 24 0 1 0 5
0 0 2 0 29 0 1 0 5
0 0 3 0 24 0 1 0 5
0 0 2 0 24 0 1 0 5
0 0 2 0 24 0 1 0 5
0 0 2 0 24 0 1 0 5
0 0 2 0 24 0 1 0 4
0 0 2 0 24 0 1 0 4
0 0 2 0 24 0 1 0 5
0 0 2 0 24 0 1 0 5
0 0 2 0 24 0 1 0 5
0 0 2 0 23 0 1 0 4
0 0 2 0 25 0 1 0 5
0 0 2 0 24 0 1 0 5
0 0 2 0 24 0 1 0 5
0 0 2 0 24 0 1 0 5
0 0 4 0 24 0 1 0 5
0 0 3 0 24 0 1 0 5
0 0 2 0 24 0 1 0 5
0 0 2 0 23 0 1 0 5
0 0 2 0 24 0 1 0 5
0 0 2 0 24 0 1 0 5
0 0 2 0 24 0 1 0 5
0 0 2 0 23 0 1 0 5
0 0 2 0 24 0 1 0 5
0 0 2 0 24 0 1 0 4
0 0 2 0 23 0 1 0 5
0 0 2 0 23 0 1 0 5
0 0 2 0 23 0 1 0 5
0 0 2 0 24 0 1 0 5
0 0 2 0 23 0 1 0 5
0 0 2 0 24 0 1 0 5
0 0 2 0 24 0 1 0 5
0 0 2 0 23 0 1 0 5
0 0 2 0 24 0 1 0 5
0 0 2 0 23 0 1 0 4
0 0 2 0 23 0 1 0 4
0 0 2 0 23 0 1 0 5
0 0 2 0 26 0 1 0 5
0 0 2 0 24 0 1 0 5
0 0 2 0 23 0 1 0 5
0 0 2 0 24 0 1 0 5
0 0 2 0 24 0 1 0 5
0 0 2 0 23 0 1 0 5
0 0 2 0 23 0 1 0 5
0 0 2 0 24 0 1 0 5
0 0 2 0 23 0 1 0 5
0 0 2 0 24 0 1 0 5
0 0 2 0 23 0 1 0 5
0 0 2 0 23 0 1 0 5
0 0 2 0 24 0 1 0 5
0 0 2 0 24 0 1 0 5
0 0 2 0 24 0 1 0 5
0 0 2 0 24 0 1 0 6
0 0 3 0 24 0 1 0 5
0 0 2 0 24 0 1 0 5
0 0 3 0 23 0 1 0 5
0 0 2 0 24 0 1 0 5
0 0 2 0 23 0 1 0 5
0 0 2 0 23 0 1 0 5
0 0 2 0 24 0 1 0 5
0 0 2 0 23 0 1 0 5
0 0 2 0 24 0 1 0 5
0 0 2 0 23 0 1 0 5
0 0 2 0 23 0 1 0 5
0 0 2 0 24 0 1 0 5
0 0 2 0 24 0 1 0 5
0 0 2 0 23 0 1 0 5
0 0 2 0 23 0 1 0 5
0 0 2 0 24 0 1 0 6
0 0 2 0 24 0 1 0 5
0 0 2 0 23 0 1 0 5
0 0 2 0 24 0 1 0 6
0 0 2 0 23 0 1 0 6
0 0 2 0 24 0 1 0 5
0 0 2 0 24 0 1 0 5
0 0 2 0 23 0 1 0 5
0 0 2 0 24 0 1 0 5
0 0 2 0 24 0 1 0 5
0 0 2 0 24 0 1 0 5
0 0 2 0 23 0 1 0 5
0 0 2 0 24 0 1 0 5
0 0 2 0 24 0 1 0 5
0 0 2 0 23 0 1 0 5
0 0 2 0 24 0 1 0 5
0 0 2 0 23 0 1 0 5
0 0 2 0 24 0 1 0 5
0 0 2 0 24 0 1 0 5
0 0 2 0 23 0 1 0 5
0 0 2 0 24 0 1 0 5
0 0 2 0 24 0 1 0 6
0 0 2 0 24 0 2 0 6
0 0 2 0 24 0 1 0 5
0 0 2 0 24 0 1 0 5
0 0 2 0 23 0 1 0 5
0 0 3 0 24 0 1 0 5
0 0 2 0 24 0 1 0 5
0 0 2 0 24 0 1 0 5
0 0 2 0 23 0 1 0 5
0 0 2 0 24 0 1 0 6
0 0 2 0 24 0 1 0 6
0 0 2 0 24 0 2 0 6
0 0 2 0 24 0 2 0 6
0 0 2 0 23 0 1 0 6
0 0 2 0 23 0 1 0 5
0 0 2 0 24 0 1 0 6
0 0 2 0 24 0 1 0 6
0 0 2 0 24 0 1 0 6
0 0 3 0 23 0 1 0 5
0 0 2 0 23 0 1 0 5
0 0 2 0 24 0 1 0 6
0 0 2 0 24 0 1 0 5
0 0 2 0 23 0 1 0 5
0 0 2 0 24 0 1 0 5
0 0 2 0 24 0 1 0 5
0 0 2 0 24 0 1 0 6
0 0 2 0 24 0 1 0 5
0 0 2 0 24 0 2 0 6
0 0 2 0 23 0 1 0 5
0 0 2 0 24 0 1 0 6
0 0 2 0 24 0 1 0 5
0 0 2 0 23 0 1 0 6
0 0 2 0 24 0 1 0 5
0 0 2 0 24 0 1 0 5
0 0 3 0 23 0 1 0 5
0 0 2 0 24 0 1 0 5
0 0 2 0 24 0 1 0 5
0 0 2 0 24 0 1 0 5
0 0 2 0 24 0 1 0 5
0 0 3 0 23 0 1 0 5
0 0 2 0 24 0 1 0 5
0 0 2 0 24 0 1 0 5
0 0 2 0 24 0 1 0 5
0 0 2 0 23 0 1 0 5
0 0 2 0 24 0 1 0 5
0 0 2 0 24 0 1 0 5
0 0 2 0 24 0 1 0 5
0 0 2 0 24 0 1 0 5
0 0 2 0 24 0 1 0 5
0 0 2 0 24 0 1 0 5
0 0 2 0 24 0 1 0 4
0 0 2 0 24 0 1 0 5
0 0 2 0 24 0 1 0 5
0 0 2 0 24 0 1 0 5
0 0 2 0 24 0 1 0 4
0 0 2 0 24 0 1 0 5
0 0 3 0 24 0 1 0 5
0 0 2 0 24 0 1 0 4
0 0 2 0 24 0 1 0 5
0 0 2 0 24 0 1 0 4
0 0 3 0 24 0 1 0 4
0 0 2 0 24 0 1 0 4
0 0 2 0 24 0 1 0 4
0 0 2 0 24 0 1 0 4
0 0 2 0 23 0 1 0 4
0 0 2 0 24 0 1 0 4
0 0 2 0 24 0 1 0 4
0 0 2 0 24 0 1 0 4
0 0 2 0 24 0 1 0 4
0 0 2 0 23 0 1 0 5
0 0 2 0 24 0 1 0 5
0 0 2 0 24 0 1 0 5
0 0 2 0 24 0 1 0 5
0 0 2 0 24 0 1 0 5
0 0 2 0 23 0 1 0 5
0 0 2 0 24 0 1 0 5
0 0 2 0 24 0 1 0 5
0 0 2 0 24 0 1 0 5
0 0 2 0 24 0 1 0 5
0 0 2 0 24 0 1 0 5
0 0 2 0 24 0 1 0 5
0 0 2 0 24 0 1 0 5
0 0 3 0 24 0 1 0 5
0 0 2 0 24 0 1 0 5
0 0 2 0 23 0 1 0 5
0 0 2 0 24 0 1 0 5
0 0 2 0 24 0 1 0 5
0 0 2 0 24 0 1 0 5
0 0 2 0 24 0 1 0 5
0 0 2 0 23 0 1 0 5
0 0 2 0 24 0 1 0 5
0 0 3 0 24 0 1 0 5
0 0 2 0 24 0 1 0 5
0 0 2 0 24 0 1 0 5
0 0 2 0 23 0 1 0 5
0 0 2 0 24 0 1 0 5
0 0 2 0 24 0 1 0 5
0 0 2 0 24 0 1 0 5
0 0 2 0 24 0 1 0 5
0 0 2 0 24 0 1 0 6
0 0 2 0 24 0 1 0 6
0 0 2 0 24 0 1 0 5
0 0 2 0 24 0 1 0 5
0 0 2 0 24 0 1 0 5
0 0 2 0 24 0 1 0 5
0 0 2 0 24 0 1 0 6
0 0 3 0 24 0 1 0 6
0 0 2 0 24 0 1 0 7
0 0 2 0 24 0 1 0 7
0 0 2 0 24 0 1 0 7
0 0 3 0 24 0 1 0 7
0 0 2 0 24 0 1 0 6
0 0 2 0 24 0 1 0 6
0 0 2 0 24 0 1 0 6
0 0 2 0 24 0 1 0 7
0 0 2 0 24 0 1 0 7
0 0 2 0 24 0 1 0 7
0 0 2 0 24 0 1 0 7
0 0 2 0 24 0 1 0 7
0 0 3 0 24 0 1 0 7
0 0 3 0 24 0 1 0 6
0 0 2 0 24 0 1 0 6
0 0 2 0 24 0 1 0 6
0 0 2 0 24 0 2 0 6
0 0 2 0 24 0 1 0 6
0 0 2 0 24 0 1 0 6
0 0 2 0 24 0 1 0 6
0 0 2 0 24 0 1 0 6
0 0 2 0 24 0 1 0 6
0 0 2 0 24 0 1 0 6
0 0 5 0 24 0 1 0 6
0 0 2 0 24 0 1 0 6
0 0 2 0 24 0 1 0 6
0 0 2 0 24 0 2 0 6
0 0 2 0 24 0 1 0 6
0 0 2 0 24 0 1 0 6
0 0 2 0 24 0 1 0 6
0 0 2 0 24 0 1 0 6
0 0 2 0 24 0 1 0 5
0 0 2 0 24 0 1 0 6
0 0 3 0 24 0 1 0 6
0 0 2 0 24 0 1 0 7
0 0 2 0 24 0 1 0 6
0 0 2 0 24 0 1 0 5
0 0 2 0 24 0 1 0 6
0 0 2 0 24 0 1 0 6
0 0 2 0 24 0 1 0 6
0 0 2 0 24 0 1 0 6
0 0 3 0 24 0 1 0 6
0 0 4 0 24 0 1 0 6
0 0 2 0 24 0 1 0 6
0 0 2 0 24 0 1 0 6
0 0 2 0 24 0 1 0 6
0 0 2 0 24 0 1 0 5
0 0 2 0 24 0 1 0 5
0 0 2 0 24 0 1 0 6
0 0 2 0 24 0 1 0 5
0 0 2 0 24 0 1 0 6
0 0 2 0 24 0 1 0 6
0 0 2 0 24 0 1 0 6
0 0 2 0 24 0 1 0 6
0 0 3 0 24 0 1 0 6
0 0 2 0 24 0 1 0 6
0 0 2 0 24 0 1 0 6
0 0 2 0 24 0 1 0 6
0 0 2 0 24 0 1 0 6
0 0 2 0 24 0 1 0 6
0 0 2 0 24 0 1 0 6
0 0 2 0 24 0 1 0 6
0 0 2 0 24 0 1 0 6
0 0 2 0 24 0 1 0 6
0 0 2 0 24 0 1 0 5
0 0 2 0 24 0 1 0 6
0 0 2 0 24 0 1 0 6
0 0 2 0 24 0 1 0 6
0 0 2 0 24 0 1 0 5
0 0 2 0 24 0 1 0 6
0 0 2 0 24 0 1 0 6
0 0 2 0 24 0 1 0 6
0 0 2 0 24 0 1 0 7
0 0 2 0 24 0 1 0 7
0 0 2 0 24 0 1 0 6
0 0 2 0 24 0 1 0 7
0 0 2 0 24 0 1 0 7
0 0 2 0 24 0 1 0 6
0 0 2 0 24 0 1 0 7
0 0 2 0 24 0 1 0 7
0 0 2 0 24 0 1 0 7
0 0 2 0 24 0 1 0 7
0 0 2 0 24 0 1 0 7
0 0 2 0 24 0 1 0 7
0 0 2 0 24 0 1 0 7
0 0 2 0 24 0 1 0 7
0 0 2 0 24 0 1 0 7
0 0 2 0 24 0 1 0 7
0 0 2 0 24 0 1 0 7
0 0 2 0 24 0 1 0 6
0 0 2 0 24 0 2 0 7
0 0 2 0 24 0 1 0 7
0 0 2 0 24 0 1 0 7
0 0 2 0 24 0 1 0 7
0 0 2 0 24 0 1 0 6
0 0 2 0 24 0 1 0 6
0 0 2 0 24 0 1 0 6
0 0 2 0 24 0 1 0 6
0 0 2 0 24 0 1 0 7
0 0 2 0 24 0 1 0 6
0 0 3 0 24 0 1 0 7
0 0 2 0 24 0 1 0 6
0 0 2 0 24 0 2 0 6
0 0 2 0 24 0 1 0 7
0 0 2 0 24 0 1 0 7
0 0 2 0 24 0 2 0 7
0 0 2 0 24 0 1 0 7
0 0 2 0 24 0 1 0 7
0 0 2 0 24 0 1 0 7
0 0 2 0 24 0 2 0 7
0 0 2 0 24 0 2 0 6
0 0 2 0 24 0 1 0 6
0 0 2 0 24 0 1 0 6
0 0 2 0 24 0 1 0 6
0 0 2 0 24 0 1 0 7
0 0 2 0 24 0 1 0 6
0 0 2 0 24 0 1 0 6
0 0 2 0 24 0 1 0 7
0 0 2 0 24 0 1 0 7
0 0 2 0 24 0 1 0 7
0 0 2 0 24 0 1 0 7
0 0 3 0 24 0 1 0 7
0 0 2 0 24 0 1 0 7
0 0 2 0 24 0 1 0 7
0 0 2 0 24 0 1 0 7
0 0 2 0 24 0 1 0 7
0 0 2 0 24 0 2 0 7
0 0 2 0 24 0 2 0 7
0 0 2 0 24 0 1 0 7
0 0 2 0 24 0 2 0 7
0 0 2 0 24 0 2 0 7
0 0 2 0 24 0 1 0 7
0 0 2 0 24 0 1 0 7
0 0 2 0 24 0 2 0 6
0 0 2 0 24 0 1 0 7
0 0 3 0 24 0 1 0 7
0 0 2 0 24 0 1 0 7
0 0 2 0 24 0 1 0 7
0 0 3 0 24 0 1 0 7
0 0 2 0 24 0 1 0 7
0 0 2 0 24 0 1 0 7
0 0 2 0 24 0 1 0 7
0 0 2 0 24 0 1 0 7
0 0 2 0 24 0 2 0 7
0 0 2 0 24 0 1 0 8
0 0 2 0 24 0 2 0 7
0 0 4 0 24 0 1 0 8
0 0 3 0 24 0 2 0 7
0 0 2 0 24 0 2 0 7
0 0 2 0 24 0 1 0 7
0 0 2 0 24 0 2 0 7
0 0 2 0 24 0 2 0 7
0 0 2 0 24 0 2 0 7
0 0 2 0 24 0 1 0 7
0 0 2 0 24 0 1 0 7
0 0 2 0 24 0 2 0 7
0 0 2 0 27 0 6 0 7
0 0 4 0 25 0 1 0 8
0 0 3 0 24 0 1 0 6
0 0 3 0 24 0 1 0 5
0 0 2 0 24 0 1 0 5
0 0 2 0 24 0 1 0 5
0 0 2 0 24 0 1 0 5
0 0 2 0 24 0 1 0 5
0 0 2 0 24 0 1 0 5
0 0 2 0 24 0 1 0 5
0 0 2 0 24 0 1 0 5
0 0 2 0 24 0 1 0 5
0 0 3 0 30 0 1 0 7
0 0 2 0 24 0 1 0 5
0 0 2 0 24 0 1 0 5
0 0 2 0 24 0 1 0 5
0 0 2 0 24 0 1 0 5
0 0 2 0 24 0 1 0 5
0 0 2 0 24 0 1 0 6
0 0 2 0 24 0 1 0 8
0 0 2 0 24 0 1 0 6
0 0 2 0 24 0 1 0 5
0 0 2 0 24 0 1 0 5
0 0 2 0 24 0 1 0 5
0 0 2 0 24 0 1 0 5
0 0 2 0 26 0 1 0 5
0 0 2 0 24 0 1 0 5
0 0 2 0 24 0 1 0 5
0 0 2 0 24 0 1 0 5
0 0 2 0 24 0 1 0 5
0 0 2 0 24 0 1 0 5
0 0 2 0 24 0 1 0 5
0 0 3 0 24 0 1 0 5
0 0 3 0 24 0 1 0 4
0 0 2 0 24 0 1 0 5
0 0 2 0 24 0 1 0 5
0 0 2 0 24 0 1 0 5
0 0 2 0 24 0 1 0 5
0 0 2 0 24 0 1 0 5
0 0 2 0 27 0 1 0 4
0 0 2 0 24 0 1 0 5
0 0 2 0 24 0 1 0 5
0 0 2 0 24 0 1 0 5
0 0 3 0 24 0 1 0 5
0 0 2 0 24 0 1 0 5
0 0 2 0 24 0 1 0 5
0 0 2 0 24 0 1 0 5
0 0 2 0 24 0 1 0 4
0 0 2 0 24 0 1 0 5
0 0 2 0 24 0 1 0 5
0 0 2 0 24 0 1 0 4
0 0 2 0 24 0 1 0 5
0 0 3 0 24 0 1 0 5
0 0 2 0 24 0 1 0 5
0 0 2 0 24 0 1 0 5
0 0 2 0 25 0 1 0 5
0 0 2 0 24 0 1 0 5
0 0 2 0 24 0 1 0 5
0 0 3 0 24 0 1 0 6
0 0 2 0 24 0 1 0 5
0 0 3 0 23 0 1 0 5
0 0 2 0 23 0 1 0 5
0 0 2 0 24 0 1 0 5
0 0 2 0 24 0 1 0 5
0 0 2 0 24 0 1 0 5
0 0 2 0 23 0 1 0 5
0 0 2 0 23 0 1 0 5
0 0 2 0 23 0 1 0 5
0 0 3 0 23 0 1 0 6
0 0 2 0 23 0 1 0 5
0 0 2 0 23 0 1 0 5
0 0 3 0 23 0 1 0 6
0 0 3 0 23 0 1 0 5
0 0 2 0 23 0 1 0 5
0 0 2 0 23 0 1 0 5
0 0 2 0 23 0 1 0 5
0 0 3 0 23 0 1 0 5
0 0 2 0 23 0 1 0 5
0 0 2 0 23 0 1 0 5
0 0 2 0 23 0 1 0 5
0 0 2 0 23 0 1 0 5
0 0 4 0 23 0 1 0 5
0 0 4 0 24 0 1 0 5
0 0 4 0 23 0 1 0 5
0 0 4 0 23 0 1 0 5
0 0 4 0 23 0 1 0 5
0 0 3 0 23 0 1 0 5
0 0 2 0 24 0 1 0 5
0 0 2 0 24 0 1 0 5
0 0 2 0 23 0 1 0 5
0 0 2 0 23 0 1 0 5
0 0 2 0 24 0 1 0 6
0 0 2 0 23 0 1 0 5
0 0 2 0 24 0 1 0 5
0 0 2 0 24 0 1 0 5
0 0 2 0 23 0 1 0 5
0 0 2 0 24 0 1 0 5
0 0 3 0 24 0 1 0 5
0 0 2 0 24 0 1 0 5
0 0 2 0 23 0 1 0 5
0 0 2 0 24 0 1 0 5
0 0 2 0 23 0 1 0 5
0 0 2 0 24 0 1 0 5
0 0 2 0 24 0 1 0 5
0 0 2 0 23 0 1 0 5
0 0 2 0 23 0 1 0 5
0 0 2 0 24 0 1 0 6
0 0 2 0 23 0 1 0 5
0 0 2 0 24 0 1 0 6
0 0 2 0 24 0 1 0 5
0 0 2 0 23 0 1 0 6
0 0 2 0 24 0 1 0 5
0 0 2 0 24 0 1 0 5
0 0 2 0 23 0 1 0 5
0 0 2 0 24 0 1 0 5
0 0 2 0 23 0 1 0 5
0 0 2 0 23 0 1 0 6
0 0 2 0 24 0 1 0 6
0 0 2 0 24 0 1 0 5
0 0 2 0 24 0 1 0 5
0 0 2 0 23 0 1 0 6
0 0 2 0 24 0 1 0 5
0 0 2 0 23 0 2 0 5
0 0 2 0 24 0 1 0 5
0 0 2 0 24 0 1 0 6
0 0 2 0 23 0 1 0 5
0 0 2 0 24 0 1 0 5
0 0 2 0 24 0 1 0 5
0 0 2 0 24 0 1 0 5
0 0 2 0 24 0 1 0 5
0 0 2 0 23 0 1 0 5
0 0 2 0 23 0 1 0 5
0 0 2 0 24 0 1 0 6
0 0 2 0 24 0 1 0 5
0 0 2 0 24 0 1 0 5
0 0 2 0 23 0 1 0 5
0 0 2 0 24 0 1 0 5
0 0 2 0 24 0 1 0 5
0 0 2 0 24 0 1 0 5
0 0 2 0 24 0 1 0 5
0 0 2 0 23 0 1 0 6
0 0 2 0 24 0 1 0 5
0 0 2 0 24 0 1 0 5
0 0 2 0 24 0 1 0 6
0 0 2 0 24 0 1 0 5
0 0 2 0 24 0 1 0 6
0 0 2 0 24 0 1 0 6
0 0 2 0 24 0 1 0 5
0 0 2 0 24 0 1 0 5
0 0 2 0 24 0 1 0 5
0 0 2 0 23 0 1 0 6
0 0 2 0 24 0 1 0 6
0 0 2 0 24 0 1 0 6
0 0 2 0 24 0 1 0 6
0 0 2 0 24 0 1 0 5
0 0 2 0 23 0 1 0 5
0 0 2 0 24 0 1 0 5
0 0 2 0 24 0 1 0 6
0 0 2 0 24 0 1 0 6
0 0 2 0 24 0 1 0 5
0 0 2 0 24 0 1 0 6
0 0 2 0 24 0 1 0 6
0 0 2 0 24 0 1 0 5
0 0 2 0 24 0 1 0 6
0 0 2 0 24 0 1 0 6
0 0 2 0 24 0 1 0 6
0 0 2 0 24 0 1 0 6
0 0 2 0 24 0 1 0 5
0 0 2 0 24 0 1 0 5
0 0 2 0 24 0 1 0 5
0 0 2 0 23 0 1 0 6
0 0 2 0 23 0 1 0 5
0 0 2 0 24 0 1 0 6
0 0 2 0 24 0 1 0 5
0 0 2 0 24 0 1 0 5
0 0 2 0 23 0 1 0 6
0 0 2 0 24 0 1 0 5
0 0 2 0 24 0 1 0 5
0 0 2 0 24 0 1 0 5
0 0 2 0 24 0 1 0 5
0 0 2 0 24 0 1 0 6
0 0 2 0 23 0 2 0 6
0 0 2 0 24 0 2 0 6
0 0 2 0 24 0 2 0 5
0 0 2 0 24 0 2 0 6
0 0 2 0 24 0 2 0 6
0 0 2 0 23 0 2 0 6
0 0 2 0 24 0 2 0 6
0 0 2 0 24 0 2 0 6
0 0 2 0 24 0 2 0 6
0 0 2 0 24 0 2 0 6
0 0 2 0 23 0 2 0 6
0 0 2 0 24 0 2 0 6
0 0 2 0 24 0 2 0 6
0 0 2 0 24 0 2 0 6
0 0 2 0 24 0 2 0 6
0 0 2 0 24 0 2 0 6
0 0 2 0 23 0 2 0 5
0 0 2 0 24 0 2 0 6
0 0 2 0 24 0 2 0 5
0 0 2 0 24 0 2 0 6
0 0 2 0 24 0 2 0 5
0 0 2 0 24 0 2 0 6
0 0 2 0 24 0 2 0 5
0 0 2 0 24 0 2 0 6
0 0 2 0 24 0 2 0 5
0 0 3 0 23 0 2 0 6
0 0 2 0 24 0 2 0 5
0 0 3 0 24 0 2 0 6
0 0 3 0 24 0 2 0 6
0 0 2 0 24 0 2 0 6
0 0 3 0 24 0 2 0 5
0 0 2 0 24 0 2 0 6
0 0 2 0 24 0 2 0 5
0 0 2 0 24 0 2 0 6
0 0 2 0 24 0 2 0 5
0 0 2 0 24 0 2 0 6
0 0 2 0 24 0 2 0 6
0 0 2 0 24 0 2 0 6
0 0 2 0 24 0 2 0 5
0 0 2 0 24 0 2 0 6
0 0 2 0 24 0 2 0 5
0 0 3 0 24 0 2 0 6
0 0 2 0 24 0 2 0 5
0 0 4 0 25 0 2 0 6
0 0 2 0 24 0 2 0 5
0 0 2 0 24 0 2 0 6
0 0 2 0 24 0 2 0 5
0 0 2 0 24 0 2 0 5
0 0 4 0 24 0 2 0 5
0 0 2 0 24 0 2 0 5
0 0 2 0 24 0 2 0 5
0 0 2 0 24 0 2 0 5
0 0 2 0 24 0 2 0 5
0 0 2 0 24 0 2 0 5
0 0 2 0 24 0 2 0 5
0 0 2 0 24 0 2 0 5
0 0 2 0 24 0 2 0 5
0 0 2 0 24 0 2 0 5
0 0 2 0 24 0 2 0 5
0 0 2 0 24 0 2 0 5
0 0 2 0 24 0 2 0 5
0 0 2 0 25 0 2 0 6
0 0 2 0 24 0 2 0 5
0 0 2 0 24 0 2 0 5
0 0 2 0 23 0 2 0 5
0 0 2 0 24 0 2 0 5
0 0 2 0 24 0 2 0 5
0 0 2 0 23 0 2 0 5
0 0 2 0 24 0 2 0 5
0 0 2 0 24 0 2 0 6
0 0 2 0 24 0 2 0 5
0 0 2 0 24 0 2 0 6
0 0 2 0 24 0 2 0 5
0 0 2 0 23 0 2 0 6
0 0 2 0 24 0 2 0 5
0 0 2 0 24 0 2 0 5
0 0 2 0 24 0 2 0 5
0 0 2 0 24 0 2 0 5
0 0 2 0 24 0 2 0 5
0 0 2 0 24 0 2 0 6
0 0 3 0 24 0 2 0 6
0 0 2 0 24 0 2 0 5
0 0 2 0 24 0 2 0 5
0 0 2 0 24 0 2 0 5
0 0 2 0 24 0 2 0 5
0 0 2 0 24 0 2 0 5
0 0 2 0 24 0 2 0 5
0 0 2 0 24 0 2 0 5
0 0 2 0 24 0 2 0 6
0 0 2 0 24 0 2 0 5
0 0 2 0 24 0 2 0 5
0 0 2 0 24 0 2 0 5
0 0 2 0 24 0 2 0 6
0 0 2 0 24 0 2 0 5
0 0 2 0 24 0 2 0 6
0 0 2 0 24 0 2 0 6
0 0 2 0 24 0 2 0 6
0 0 2 0 24 0 2 0 6
0 0 2 0 24 0 2 0 5
0 0 2 0 24 0 2 0 6
0 0 2 0 24 0 2 0 6
0 0 2 0 24 0 2 0 5
0 0 2 0 24 0 2 0 6
0 0 4 0 24 0 2 0 6
0 0 4 0 24 0 2 0 6
0 0 2 0 24 0 2 0 5
0 0 2 0 24 0 2 0 5
0 0 2 0 24 0 2 0 6
0 0 2 0 24 0 2 0 6
0 0 2 0 24 0 2 0 6
0 0 2 0 24 0 2 0 6
0 0 2 0 24 0 2 0 6
0 0 2 0 24 0 2 0 7
0 0 2 0 24 0 2 0 6
0 0 2 0 24 0 2 0 6
0 0 2 0 24 0 2 0 6
0 0 2 0 24 0 2 0 6
0 0 2 0 24 0 2 0 7
0 0 2 0 24 0 2 0 7
0 0 2 0 24 0 2 0 7
0 0 2 0 24 0 2 0 6
0 0 2 0 24 0 2 0 6
0 0 3 0 24 0 2 0 6
0 0 2 0 24 0 2 0 6
0 0 2 0 24 0 2 0 6
0 0 2 0 23 0 2 0 6
0 0 2 0 24 0 2 0 5
0 0 2 0 24 0 2 0 6
0 0 2 0 24 0 2 0 6
0 0 3 0 24 0 2 0 6
0 0 2 0 23 0 2 0 6
0 0 2 0 24 0 2 0 6
0 0 2 0 24 0 2 0 6
0 0 2 0 24 0 2 0 6
0 0 2 0 24 0 2 0 5
0 0 2 0 23 0 2 0 5
0 0 2 0 23 0 2 0 6
0 0 2 0 24 0 2 0 5
0 0 2 0 24 0 2 0 6
0 0 2 0 24 0 2 0 6
0 0 2 0 23 0 2 0 6
0 0 3 0 24 0 2 0 6
0 0 2 0 24 0 2 0 6
0 0 2 0 24 0 2 0 5
0 0 2 0 24 0 2 0 6
0 0 2 0 23 0 2 0 5
0 0 2 0 24 0 2 0 5
0 0 2 0 24 0 2 0 5
0 0 2 0 23 0 2 0 5
0 0 2 0 24 0 2 0 5
0 0 2 0 23 0 2 0 5
0 0 2 0 23 0 2 0 5
0 0 2 0 23 0 2 0 5
0 0 2 0 24 0 2 0 5
0 0 2 0 23 0 2 0 5
0 0 2 0 23 0 2 0 5
0 0 2 0 24 0 2 0 6
0 0 2 0 23 0 2 0 5
0 0 3 0 24 0 2 0 6
0 0 2 0 24 0 2 0 5
0 0 2 0 23 0 2 0 5
0 0 2 0 24 0 2 0 5
0 0 2 0 24 0 2 0 5
0 0 2 0 24 0 2 0 5
0 0 2 0 24 0 2 0 5
0 0 2 0 23 0 2 0 5
0 0 2 0 24 0 2 0 6
0 0 2 0 24 0 2 0 5
0 0 4 0 24 0 2 0 6
0 0 3 0 24 0 2 0 5
0 0 2 0 23 0 2 0 6
0 0 2 0 24 0 2 0 5
0 0 2 0 24 0 2 0 5
0 0 2 0 24 0 2 0 5
0 0 2 0 23 0 2 0 5
0 0 2 0 24 0 2 0 5
0 0 2 0 24 0 2 0 5
0 0 2 0 24 0 2 0 5
0 0 2 0 24 0 2 0 5
0 0 2 0 24 0 2 0 5
0 0 2 0 26 0 6 0 9
0 0 4 0 25 0 1 0 7
0 0 3 0 24 0 1 0 6
0 0 2 0 24 0 1 0 6
0 0 3 0 24 0 1 0 6
0 0 2 0 24 0 1 0 6
0 0 2 0 24 0 1 0 6
0 0 2 0 26 0 1 0 6
0 0 2 0 24 0 1 0 6
0 0 2 0 24 0 1 0 6
0 0 2 0 24 0 1 0 6
0 0 2 0 24 0 1 0 6
0 0 2 0 24 0 1 0 6
0 0 2 0 24 0 1 0 6
0 0 2 0 24 0 1 0 6
0 0 2 0 24 0 1 0 6
0 0 2 0 24 0 1 0 6
0 0 2 0 24 0 1 0 6
0 0 2 0 24 0 1 0 6
0 0 2 0 24 0 1 0 6
0 0 2 0 24 0 2 0 6
0 0 2 0 24 0 1 0 6
0 0 2 0 24 0 1 0 5
0 0 2 0 24 0 1 0 6
0 0 2 0 24 0 1 0 6
0 0 2 0 24 0 1 0 6
0 0 2 0 26 0 1 0 6
0 0 2 0 24 0 1 0 6
0 0 2 0 24 0 1 0 6
0 0 2 0 24 0 1 0 5
0 0 2 0 24 0 1 0 6
0 0 2 0 24 0 1 0 6
0 0 4 0 24 0 1 0 6
0 0 4 0 24 0 1 0 5
0 0 4 0 24 0 1 0 5
0 0 4 0 24 0 1 0 6
0 0 4 0 24 0 1 0 5
0 0 4 0 26 0 1 0 6
0 0 4 0 24 0 1 0 6
0 0 3 0 24 0 1 0 5
0 0 2 0 23 0 1 0 6
0 0 2 0 24 0 1 0 5
0 0 2 0 24 0 1 0 5
0 0 2 0 24 0 1 0 5
0 0 2 0 24 0 1 0 7
0 0 2 0 24 0 1 0 5
0 0 2 0 24 0 1 0 5
0 0 2 0 24 0 1 0 5
0 0 2 0 24 0 1 0 5
0 0 2 0 23 0 1 0 5
0 0 2 0 24 0 1 0 5
0 0 3 0 24 0 1 0 5
0 0 2 0 23 0 1 0 5
0 0 2 0 24 0 1 0 7
0 0 2 0 24 0 1 0 6
0 0 2 0 24 0 1 0 5
0 0 2 0 24 0 1 0 5
0 0 2 0 24 0 1 0 5
0 0 2 0 23 0 1 0 5
0 0 2 0 23 0 1 0 5
0 0 2 0 23 0 1 0 5
0 0 2 0 23 0 1 0 5
0 0 2 0 23 0 1 0 5
0 0 2 0 23 0 1 0 5
0 0 2 0 23 0 1 0 5
0 0 2 0 23 0 1 0 5
0 0 2 0 23 0 1 0 5
0 0 2 0 26 0 6 0 7
0 0 4 0 24 0 1 0 15
0 0 3 0 23 0 1 0 5
0 0 3 0 23 0 1 0 4
0 0 2 0 23 0 1 0 5
0 0 2 0 23 0 1 0 4
0 0 2 0 23 0 1 0 5
0 0 2 0 23 0 1 0 4
0 0 2 0 23 0 1 0 5
0 0 2 0 23 0 1 0 4
0 0 3 0 23 0 1 0 5
0 0 2 0 23 0 1 0 4
0 0 2 0 23 0 1 0 5
0 0 2 0 23 0 1 0 4
0 0 2 0 27 0 1 0 5
0 0 2 0 23 0 1 0 4
0 0 2 0 23 0 1 0 5
0 0 2 0 23 0 1 0 4
0 0 2 0 23 0 1 0 5
0 0 2 0 23 0 1 0 4
0 0 2 0 23 0 1 0 5
0 0 4 0 23 0 1 0 4
0 0 4 0 23 0 1 0 5
0 0 4 0 23 0 1 0 4
0 0 2 0 23 0 1 0 5
0 0 2 0 23 0 1 0 4
0 0 2 0 24 0 1 0 5
0 0 2 0 23 0 1 0 4
0 0 2 0 23 0 1 0 5
0 0 2 0 25 0 1 0 5
0 0 2 0 23 0 1 0 5
0 0 2 0 23 0 1 0 5
0 0 2 0 23 0 1 0 5
0 0 2 0 23 0 1 0 5
0 0 2 0 24 0 1 0 5
0 0 2 0 23 0 1 0 4
0 0 2 0 23 0 1 0 5
0 0 2 0 23 0 1 0 5
0 0 2 0 23 0 1 0 5
0 0 2 0 23 0 1 0 5
0 0 3 0 23 0 1 0 5
0 0 2 0 23 0 1 0 5
0 0 2 0 23 0 1 0 5
0 0 2 0 23 0 1 0 5
0 0 2 0 24 0 1 0 5
0 0 2 0 23 0 1 0 5
0 0 2 0 23 0 1 0 5
0 0 2 0 23 0 1 0 5
0 0 2 0 23 0 1 0 5
0 0 2 0 23 0 1 0 5
0 0 2 0 23 0 1 0 5
0 0 2 0 23 0 1 0 5
0 0 2 0 23 0 1 0 5
0 0 2 0 23 0 1 0 5
0 0 2 0 23 0 1 0 5
0 0 2 0 23 0 1 0 4
0 0 3 0 24 0 1 0 5
0 0 2 0 23 0 1 0 4
0 0 2 0 23 0 1 0 5
0 0 2 0 23 0 1 0 4
0 0 2 0 23 0 1 0 4
0 0 2 0 24 0 1 0 4
0 0 2 0 23 0 1 0 5
0 0 2 0 23 0 1 0 4
0 0 2 0 23 0 1 0 4
0 0 2 0 23 0 1 0 4
0 0 2 0 23 0 1 0 5
0 0 2 0 23 0 1 0 4
0 0 3 0 23 0 1 0 5
0 0 2 0 23 0 4 0 4
0 0 2 0 24 0 1 0 5
0 0 2 0 23 0 1 0 4
0 0 2 0 23 0 1 0 5
0 0 2 0 23 0 1 0 4
0 0 2 0 23 0 1 0 5
0 0 2 0 23 0 1 0 4
0 0 2 0 23 0 1 0 4
0 0 2 0 23 0 1 0 4
0 0 2 0 23 0 1 0 4
0 0 2 0 24 0 1 0 4
0 0 2 0 23 0 1 0 8
0 0 2 0 23 0 1 0 4
0 0 2 0 23 0 1 0 4
0 0 2 0 23 0 1 0 4
0 0 2 0 23 0 1 0 5
0 0 2 0 23 0 1 0 4
0 0 2 0 23 0 1 0 4
0 0 2 0 23 0 1 0 4
0 0 2 0 23 0 1 0 4
0 0 2 0 23 0 1 0 4
0 0 2 0 23 0 1 0 5
0 0 2 0 23 0 1 0 5
0 0 2 0 23 0 1 0 4
0 0 2 0 23 0 1 0 4
0 0 2 0 23 0 1 0 4
0 0 2 0 23 0 1 0 4
0 0 2 0 23 0 1 0 4
0 0 2 0 23 0 1 0 4
0 0 2 0 23 0 1 0 4
0 0 2 0 23 0 1 0 4
0 0 2 0 23 0 1 0 4
0 0 2 0 23 0 1 0 4
0 0 2 0 23 0 1 0 4
0 0 2 0 23 0 1 0 4
0 0 2 0 23 0 1 0 4
0 0 2 0 23 0 1 0 4
0 0 2 0 23 0 1 0 4
0 0 2 0 23 0 1 0 4
0 0 2 0 23 0 1 0 4
0 0 2 0 23 0 1 0 4
0 0 2 0 23 0 1 0 4
0 0 2 0 23 0 1 0 4
0 0 2 0 23 0 1 0 4
0 0 2 0 23 0 1 0 4
0 0 2 0 23 0 1 0 5
0 0 2 0 23 0 1 0 4
0 0 2 0 24 0 1 0 5
0 0 2 0 23 0 1 0 4
0 0 2 0 24 0 1 0 5
0 0 2 0 23 0 1 0 4
0 0 2 0 23 0 1 0 5
0 0 2 0 23 0 1 0 5
0 0 2 0 24 0 1 0 5
0 0 2 0 23 0 1 0 5
0 0 2 0 24 0 1 0 5
0 0 2 0 23 0 1 0 5
0 0 2 0 23 0 1 0 5
0 0 2 0 23 0 1 0 4
0 0 2 0 24 0 1 0 5
0 0 2 0 23 0 1 0 5
0 0 2 0 23 0 1 0 4
0 0 2 0 23 0 1 0 5
0 0 2 0 23 0 1 0 5
0 0 2 0 23 0 1 0 4
0 0 2 0 24 0 1 0 5
0 0 2 0 24 0 1 0 5
0 0 2 0 24 0 1 0 5
0 0 2 0 24 0 1 0 5
0 0 2 0 24 0 1 0 5
0 0 4 0 24 0 1 0 5
0 0 4 0 24 0 1 0 5
0 0 3 0 24 0 1 0 5
0 0 2 0 24 0 1 0 5
0 0 3 0 24 0 1 0 6
0 0 2 0 24 0 1 0 5
0 0 2 0 24 0 1 0 6
0 0 2 0 24 0 1 0 6
0 0 2 0 24 0 1 0 5
0 0 2 0 24 0 1 0 6
0 0 2 0 23 0 1 0 5
0 0 2 0 23 0 1 0 5
0 0 2 0 23 0 1 0 5
0 0 2 0 24 0 1 0 5
0 0 3 0 23 0 1 0 5
0 0 2 0 24 0 1 0 5
0 0 2 0 24 0 1 0 5
0 0 2 0 24 0 1 0 5
0 0 2 0 23 0 1 0 5
0 0 2 0 24 0 1 0 5
0 0 2 0 23 0 1 0 5
0 0 2 0 24 0 1 0 5
0 0 2 0 24 0 1 0 4
0 0 2 0 23 0 1 0 5
0 0 2 0 23 0 1 0 5
0 0 2 0 24 0 1 0 5
0 0 2 0 23 0 1 0 5
0 0 2 0 24 0 1 0 5
0 0 2 0 24 0 1 0 5
0 0 2 0 23 0 1 0 5
0 0 2 0 24 0 1 0 4
0 0 2 0 24 0 1 0 4
0 0 2 0 24 0 1 0 4
0 0 2 0 23 0 1 0 5
0 0 2 0 24 0 1 0 5
0 0 2 0 24 0 1 0 5
0 0 2 0 24 0 1 0 5
0 0 2 0 24 0 1 0 6
0 0 2 0 23 0 1 0 5
0 0 2 0 24 0 1 0 5
0 0 2 0 24 0 1 0 5
0 0 2 0 24 0 1 0 5
0 0 2 0 24 0 1 0 4
0 0 2 0 24 0 1 0 5
0 0 2 0 23 0 1 0 5
0 0 2 0 24 0 1 0 6
0 0 2 0 24 0 1 0 5
0 0 2 0 24 0 1 0 5
0 0 2 0 24 0 1 0 5
0 0 2 0 24 0 1 0 6
0 0 2 0 24 0 1 0 6
0 0 2 0 24 0 1 0 6
0 0 2 0 24 0 1 0 5
0 0 2 0 24 0 1 0 6
0 0 2 0 24 0 1 0 6
0 0 2 0 24 0 1 0 6
0 0 2 0 24 0 1 0 6
0 0 2 0 24 0 1 0 6
0 0 2 0 24 0 1 0 6
0 0 2 0 24 0 1 0 6
0 0 2 0 24 0 1 0 6
0 0 2 0 24 0 1 0 6
0 0 2 0 24 0 1 0 6
0 0 2 0 24 0 1 0 6
0 0 2 0 24 0 1 0 6
0 0 2 0 24 0 1 0 6
0 0 2 0 24 0 1 0 5
0 0 2 0 24 0 1 0 6
0 0 2 0 24 0 1 0 6
0 0 2 0 24 0 1 0 6
0 0 2 0 24 0 1 0 6
0 0 2 0 24 0 1 0 6
0 0 2 0 24 0 1 0 6
0 0 2 0 24 0 1 0 6
0 0 2 0 24 0 1 0 6
0 0 2 0 24 0 1 0 7
0 0 2 0 24 0 1 0 6
0 0 2 0 24 0 1 0 6
0 0 2 0 24 0 1 0 5
0 0 2 0 24 0 1 0 6
0 0 2 0 24 0 1 0 5
0 0 2 0 24 0 1 0 6
0 0 2 0 24 0 1 0 6
0 0 2 0 24 0 1 0 6
0 0 2 0 24 0 1 0 5
0 0 2 0 24 0 1 0 6
0 0 2 0 24 0 1 0 5
0 0 2 0 24 0 1 0 6
0 0 2 0 24 0 1 0 6
0 0 2 0 24 0 1 0 6
0 0 2 0 24 0 1 0 6
0 0 2 0 24 0 1 0 6
0 0 2 0 24 0 1 0 6
0 0 2 0 24 0 1 0 6
0 0 2 0 24 0 2 0 6
0 0 2 0 24 0 1 0 6
0 0 2 0 24 0 1 0 5
0 0 2 0 24 0 1 0 5
0 0 2 0 23 0 1 0 5
0 0 2 0 24 0 1 0 5
0 0 2 0 24 0 1 0 5
0 0 2 0 24 0 1 0 5
0 0 2 0 24 0 1 0 5
0 0 2 0 24 0 1 0 5
0 0 2 0 24 0 1 0 5
0 0 2 0 24 0 1 0 5
0 0 2 0 24 0 1 0 5
0 0 2 0 24 0 1 0 5
0 0 2 0 23 0 1 0 5
0 0 2 0 24 0 1 0 5
0 0 2 0 23 0 1 0 5
0 0 2 0 23 0 1 0 5
0 0 2 0 24 0 1 0 6
0 0 2 0 23 0 1 0 5
0 0 2 0 24 0 1 0 6
0 0 2 0 24 0 1 0 5
0 0 4 0 23 0 1 0 6
0 0 2 0 24 0 1 0 6
0 0 2 0 23 0 1 0 6
0 0 2 0 24 0 1 0 5
0 0 2 0 24 0 1 0 6
0 0 3 0 24 0 1 0 5
0 0 3 0 24 0 1 0 6
0 0 2 0 24 0 1 0 6
0 0 2 0 23 0 1 0 6
0 0 2 0 23 0 1 0 5
0 0 2 0 24 0 1 0 6
0 0 2 0 24 0 1 0 5
0 0 2 0 24 0 1 0 6
0 0 2 0 24 0 1 0 6
0 0 2 0 23 0 1 0 6
0 0 2 0 23 0 1 0 6
0 0 2 0 24 0 1 0 6
0 0 2 0 24 0 1 0 6
0 0 2 0 24 0 1 0 6
0 0 2 0 24 0 1 0 6
0 0 2 0 24 0 1 0 6
0 0 2 0 24 0 1 0 6
0 0 2 0 24 0 1 0 7
0 0 2 0 24 0 1 0 6
0 0 2 0 23 0 1 0 6
0 0 2 0 24 0 1 0 6
0 0 2 0 24 0 2 0 7
0 0 2 0 23 0 1 0 6
0 0 2 0 24 0 1 0 6
0 0 2 0 24 0 1 0 6
0 0 2 0 23 0 1 0 7
0 0 2 0 24 0 1 0 6
0 0 2 0 24 0 1 0 6
0 0 2 0 23 0 1 0 6
0 0 2 0 24 0 1 0 6
0 0 2 0 24 0 1 0 6
0 0 2 0 23 0 1 0 6
0 0 2 0 23 0 1 0 6
0 0 2 0 24 0 1 0 6
0 0 2 0 23 0 1 0 6
0 0 2 0 23 0 1 0 6
0 0 2 0 24 0 1 0 6
0 0 2 0 23 0 1 0 6
0 0 2 0 23 0 1 0 5
0 0 2 0 23 0 1 0 6
0 0 2 0 23 0 1 0 5
0 0 2 0 23 0 1 0 6
0 0 2 0 23 0 1 0 6
0 0 2 0 24 0 1 0 7
0 0 2 0 24 0 1 0 7
0 0 2 0 24 0 1 0 6
0 0 3 0 24 0 1 0 7
0 0 2 0 24 0 1 0 7
0 0 2 0 24 0 1 0 6
0 0 2 0 23 0 1 0 7
0 0 2 0 23 0 1 0 6
0 0 2 0 24 0 1 0 6
0 0 2 0 23 0 1 0 6
0 0 2 0 23 0 1 0 6
0 0 2 0 24 0 1 0 15
0 0 2 0 24 0 1 0 7
0 0 2 0 24 0 1 0 6
0 0 2 0 24 0 1 0 6
0 0 2 0 24 0 1 0 6
0 0 2 0 24 0 1 0 6
0 0 2 0 24 0 1 0 6
0 0 2 0 24 0 1 0 6
0 0 2 0 23 0 1 0 6
0 0 2 0 24 0 1 0 7
0 0 2 0 24 0 1 0 7
0 0 2 0 24 0 1 0 7
0 0 2 0 24 0 1 0 7
0 0 2 0 24 0 1 0 7
0 0 2 0 24 0 1 0 7
0 0 2 0 24 0 1 0 7
0 0 2 0 24 0 1 0 7
0 0 2 0 24 0 1 0 7
0 0 2 0 24 0 2 0 7
0 0 2 0 24 0 2 0 7
0 0 2 0 24 0 1 0 7
0 0 2 0 24 0 1 0 7
0 0 2 0 24 0 2 0 7
0 0 2 0 24 0 2 0 8
0 0 2 0 24 0 2 0 7
0 0 2 0 24 0 2 0 7
0 0 2 0 24 0 1 0 7
0 0 2 0 24 0 2 0 7
0 0 2 0 24 0 2 0 7
0 0 2 0 24 0 2 0 8
0 0 2 0 24 0 2 0 8
0 0 2 0 24 0 2 0 7
0 0 2 0 24 0 2 0 8
0 0 2 0 24 0 2 0 8
0 0 2 0 24 0 2 0 7
0 0 2 0 24 0 2 0 7
0 0 2 0 24 0 2 0 7
0 0 2 0 24 0 2 0 7
0 0 2 0 24 0 1 0 7
0 0 2 0 24 0 1 0 7
0 0 2 0 24 0 1 0 6
0 0 2 0 24 0 1 0 6
0 0 2 0 24 0 1 0 6
0 0 2 0 23 0 1 0 6
0 0 2 0 24 0 2 0 6
0 0 2 0 24 0 1 0 6
0 0 2 0 24 0 2 0 7
0 0 2 0 24 0 1 0 7
0 0 3 0 24 0 1 0 6
0 0 2 0 24 0 2 0 6
0 0 2 0 24 0 2 0 6
0 0 2 0 23 0 1 0 7
0 0 3 0 24 0 1 0 6
0 0 2 0 24 0 1 0 7
0 0 3 0 24 0 1 0 7
0 0 2 0 23 0 2 0 7
0 0 2 0 23 0 1 0 7
0 0 2 0 24 0 2 0 7
0 0 2 0 23 0 1 0 7
0 0 2 0 23 0 1 0 7
0 0 2 0 24 0 1 0 6
0 0 2 0 23 0 1 0 6
0 0 2 0 24 0 2 0 7
0 0 2 0 24 0 1 0 7
0 0 3 0 23 0 1 0 7
0 0 2 0 23 0 2 0 7
0 0 2 0 24 0 1 0 7
0 0 2 0 24 0 2 0 7
0 0 2 0 24 0 2 0 7
0 0 2 0 24 0 1 0 7
0 0 2 0 24 0 2 0 7
0 0 2 0 24 0 2 0 7
0 0 2 0 24 0 2 0 7
0 0 2 0 24 0 2 0 7
0 0 2 0 24 0 2 0 6
0 0 2 0 24 0 2 0 6
0 0 2 0 24 0 2 0 6
0 0 2 0 24 0 2 0 6
0 0 2 0 24 0 1 0 6
0 0 3 0 24 0 1 0 6
0 0 2 0 25 0 2 0 7
0 0 2 0 24 0 1 0 6
0 0 2 0 25 0 2 0 7
0 0 2 0 25 0 1 0 7
0 0 2 0 25 0 2 0 7
0 0 2 0 25 0 2 0 7
0 0 2 0 25 0 2 0 7
0 0 2 0 25 0 1 0 7
0 0 3 0 24 0 1 0 7
0 0 2 0 24 0 2 0 7
0 0 2 0 25 0 2 0 7
0 0 4 0 26 0 6 0 11
0 0 3 0 24 0 1 0 8
0 0 3 0 24 0 1 0 7
0 0 2 0 23 0 2 0 7
0 0 2 0 24 0 2 0 7
0 0 2 0 24 0 2 0 8
0 0 2 0 24 0 2 0 7
0 0 2 0 24 0 1 0 7
0 0 2 0 24 0 1 0 7
0 0 2 0 24 0 2 0 8
0 0 2 0 23 0 2 0 7
0 0 2 0 24 0 2 0 8
0 0 2 0 23 0 2 0 8
0 0 3 0 23 0 1 0 7
0 0 3 0 24 0 2 0 8
0 0 2 0 23 0 1 0 8
0 0 2 0 24 0 2 0 8
0 0 2 0 24 0 2 0 8
0 0 2 0 28 0 2 0 9
0 0 2 0 24 0 2 0 7
0 0 2 0 23 0 2 0 7
0 0 2 0 23 0 2 0 7
0 0 2 0 23 0 2 0 7
0 0 2 0 24 0 2 0 7
0 0 2 0 23 0 2 0 7
0 0 2 0 23 0 2 0 7
0 0 2 0 24 0 2 0 7
0 0 3 0 23 0 2 0 7
0 0 2 0 23 0 2 0 7
0 0 2 0 24 0 2 0 7
0 0 2 0 24 0 2 0 7
0 0 3 0 24 0 2 0 7
0 0 2 0 24 0 2 0 7
0 0 4 0 23 0 2 0 10
0 0 2 0 24 0 2 0 7
0 0 2 0 24 0 2 0 7
0 0 3 0 23 0 2 0 7
0 0 2 0 23 0 2 0 7
0 0 2 0 23 0 2 0 7
0 0 2 0 23 0 2 0 7
0 0 2 0 23 0 2 0 7
0 0 2 0 23 0 2 0 7
0 0 2 0 23 0 2 0 7
0 0 2 0 23 0 2 0 7
0 0 2 0 23 0 2 0 7
0 0 2 0 26 0 2 0 6
0 0 2 0 23 0 2 0 7
0 0 2 0 23 0 2 0 7
0 0 4 0 23 0 1 0 7
0 0 4 0 23 0 2 0 6
0 0 4 0 23 0 1 0 6
0 0 4 0 23 0 1 0 6
0 0 4 0 23 0 1 0 6
0 0 4 0 23 0 2 0 6
0 0 4 0 23 0 1 0 6
0 0 4 0 23 0 2 0 7
0 0 4 0 23 0 2 0 6
0 0 3 0 23 0 2 0 6
0 0 2 0 23 0 1 0 6
0 0 2 0 23 0 1 0 6
0 0 2 0 23 0 1 0 6
0 0 2 0 23 0 2 0 7
0 0 2 0 23 0 1 0 6
0 0 2 0 23 0 1 0 6
0 0 2 0 23 0 1 0 6
0 0 2 0 23 0 1 0 6
0 0 2 0 23 0 1 0 6
0 0 2 0 23 0 1 0 6
0 0 2 0 23 0 1 0 6
0 0 2 0 23 0 1 0 6
0 0 4 0 23 0 1 0 6
0 0 4 0 23 0 2 0 7
0 0 4 0 23 0 1 0 6
0 0 4 0 23 0 2 0 6
0 0 4 0 24 0 1 0 6
0 0 2 0 23 0 1 0 6
0 0 3 0 24 0 2 0 6
0 0 2 0 23 0 1 0 6
0 0 2 0 23 0 1 0 6
0 0 2 0 23 0 1 0 6
0 0 2 0 23 0 1 0 6
0 0 3 0 23 0 2 0 6
0 0 2 0 23 0 1 0 6
0 0 3 0 23 0 2 0 6
0 0 2 0 23 0 1 0 6
0 0 2 0 23 0 2 0 6
0 0 3 0 24 0 1 0 6
0 0 2 0 23 0 1 0 6
0 0 3 0 23 0 1 0 6
0 0 3 0 23 0 1 0 6
0 0 2 0 23 0 1 0 6
0 0 2 0 24 0 1 0 6
0 0 2 0 23 0 1 0 6
0 0 2 0 23 0 1 0 6
0 0 3 0 23 0 1 0 6
0 0 3 0 23 0 1 0 6
0 0 2 0 23 0 1 0 6
0 0 3 0 23 0 1 0 6
0 0 2 0 23 0 1 0 6
0 0 2 0 23 0 1 0 6
0 0 3 0 23 0 1 0 6
0 0 3 0 23 0 2 0 6
0 0 2 0 23 0 1 0 5
0 0 8 0 27 0 6 0 10
0 0 9 0 24 0 2 0 10
0 0 8 0 24 0 2 0 7
0 0 3 0 24 0 2 0 5
0 0 3 0 24 0 1 0 6
0 0 2 0 26 0 1 0 5
0 0 2 0 24 0 2 0 6
0 0 2 0 24 0 2 0 5
0 0 3 0 24 0 2 0 6
0 0 2 0 23 0 2 0 5
0 0 2 0 24 0 2 0 6
0 0 3 0 23 0 2 0 5
0 0 2 0 23 0 2 0 6
0 0 3 0 23 0 2 0 5
0 0 2 0 23 0 2 0 6
0 0 2 0 23 0 1 0 5
0 0 2 0 23 0 2 0 5
0 0 2 0 23 0 1 0 5
0 0 2 0 23 0 2 0 6
0 0 3 0 23 0 1 0 6
0 0 2 0 23 0 2 0 7
0 0 2 0 23 0 1 0 6
0 0 2 0 23 0 2 0 6
0 0 2 0 23 0 2 0 6
0 0 2 0 23 0 1 0 6
0 0 2 0 23 0 2 0 6
0 0 2 0 26 0 2 0 6
0 0 3 0 24 0 1 0 6
0 0 2 0 24 0 2 0 6
0 0 2 0 23 0 2 0 6
0 0 2 0 23 0 2 0 6
0 0 2 0 23 0 1 0 6
0 0 2 0 24 0 2 0 7
0 0 2 0 24 0 2 0 6
0 0 2 0 24 0 1 0 7
0 0 2 0 23 0 1 0 6
0 0 2 0 23 0 2 0 6
0 0 2 0 24 0 2 0 7
0 0 3 0 23 0 2 0 7
0 0 2 0 23 0 2 0 6
0 0 2 0 23 0 2 0 6
0 0 3 0 23 0 2 0 6
0 0 2 0 23 0 2 0 6
0 0 2 0 23 0 2 0 6
0 0 2 0 24 0 2 0 6
0 0 2 0 23 0 1 0 6
0 0 2 0 24 0 2 0 6
0 0 2 0 23 0 2 0 6
0 0 2 0 23 0 2 0 6
0 0 3 0 23 0 2 0 6
0 0 2 0 23 0 2 0 6
0 0 2 0 23 0 2 0 6
0 0 2 0 23 0 2 0 6
0 0 2 0 23 0 2 0 6
0 0 3 0 23 0 1 0 6
0 0 2 0 23 0 1 0 5
0 0 2 0 23 0 1 0 6
0 0 3 0 23 0 1 0 6
0 0 2 0 24 0 2 0 13
0 0 2 0 23 0 1 0 5
0 0 4 0 23 0 1 0 6
0 0 4 0 23 0 1 0 5
0 0 4 0 23 0 1 0 6
0 0 4 0 23 0 1 0 6
0 0 4 0 23 0 1 0 6
0 0 3 0 23 0 1 0 6
0 0 3 0 24 0 1 0 5
0 0 4 0 24 0 1 0 5
0 0 4 0 24 0 1 0 6
0 0 3 0 24 0 1 0 6
0 0 4 0 24 0 1 0 6
0 0 3 0 24 0 1 0 5
0 0 4 0 24 0 1 0 6
0 0 3 0 24 0 1 0 6
0 0 3 0 24 0 1 0 6
0 0 3 0 24 0 1 0 5
0 0 4 0 24 0 1 0 6
0 0 3 0 24 0 1 0 5
0 0 4 0 24 0 1 0 6
0 0 3 0 24 0 1 0 5
0 0 3 0 24 0 1 0 6
0 0 3 0 24 0 1 0 5
0 0 4 0 24 0 1 0 6
0 0 3 0 24 0 1 0 6
0 0 2 0 24 0 1 0 5
0 0 2 0 24 0 1 0 5
0 0 2 0 24 0 1 0 6
0 0 2 0 23 0 1 0 6
0 0 2 0 23 0 2 0 7
0 0 2 0 23 0 2 0 6
0 0 2 0 23 0 1 0 6
0 0 2 0 23 0 2 0 6
0 0 2 0 23 0 1 0 6
0 0 2 0 23 0 2 0 6
0 0 2 0 24 0 1 0 6
0 0 2 0 23 0 1 0 5
0 0 3 0 23 0 1 0 6
0 0 2 0 23 0 1 0 5
0 0 2 0 23 0 2 0 6
0 0 2 0 23 0 1 0 5
0 0 2 0 23 0 1 0 5
0 0 2 0 23 0 1 0 5
0 0 2 0 23 0 1 0 6
0 0 2 0 23 0 2 0 6
0 0 2 0 23 0 1 0 6
0 0 2 0 23 0 1 0 6
0 0 2 0 24 0 1 0 6
0 0 2 0 23 0 1 0 5
0 0 2 0 24 0 2 0 6
0 0 2 0 23 0 2 0 6
0 0 2 0 23 0 2 0 6
0 0 2 0 23 0 1 0 5
0 0 2 0 23 0 1 0 6
0 0 2 0 23 0 1 0 5
0 0 2 0 23 0 1 0 6
0 0 2 0 23 0 2 0 6
0 0 2 0 23 0 1 0 5
0 0 3 0 23 0 1 0 5
0 0 2 0 23 0 2 0 6
0 0 2 0 23 0 1 0 5
0 0 2 0 23 0 1 0 6
0 0 2 0 23 0 1 0 5
0 0 2 0 23 0 1 0 6
0 0 2 0 23 0 2 0 6
0 0 2 0 23 0 1 0 6
0 0 2 0 23 0 1 0 6
0 0 2 0 23 0 1 0 6
0 0 2 0 23 0 1 0 5
0 0 2 0 23 0 2 0 6
0 0 2 0 23 0 1 0 6
0 0 2 0 23 0 1 0 6
0 0 2 0 23 0 1 0 5
0 0 2 0 23 0 1 0 5
0 0 2 0 24 0 1 0 5
0 0 2 0 23 0 1 0 5
0 0 2 0 23 0 1 0 5
0 0 2 0 23 0 1 0 5
0 0 2 0 23 0 1 0 6
0 0 2 0 24 0 1 0 6
0 0 2 0 23 0 1 0 5
0 0 2 0 23 0 1 0 5
0 0 2 0 23 0 1 0 5
0 0 2 0 23 0 1 0 5
0 0 2 0 23 0 1 0 5
0 0 2 0 23 0 1 0 6
0 0 3 0 23 0 1 0 5
0 0 2 0 23 0 1 0 6
0 0 2 0 23 0 1 0 5
0 0 2 0 23 0 1 0 5
0 0 2 0 23 0 1 0 5
0 0 2 0 23 0 1 0 6
0 0 2 0 23 0 1 0 5
0 0 2 0 23 0 1 0 5
0 0 2 0 23 0 1 0 5
0 0 2 0 23 0 1 0 5
0 0 2 0 23 0 1 0 5
0 0 2 0 23 0 1 0 6
0 0 2 0 23 0 1 0 5
0 0 2 0 23 0 1 0 6
0 0 2 0 23 0 1 0 5
0 0 2 0 23 0 1 0 5
0 0 2 0 23 0 1 0 5
0 0 2 0 23 0 1 0 6
0 0 2 0 23 0 1 0 5
0 0 2 0 23 0 1 0 6
0 0 2 0 23 0 1 0 5
0 0 2 0 23 0 1 0 5
0 0 2 0 23 0 1 0 5
0 0 2 0 23 0 1 0 6
0 0 2 0 23 0 1 0 5
0 0 2 0 23 0 1 0 6
0 0 2 0 23 0 1 0 5
0 0 2 0 23 0 1 0 5
0 0 2 0 23 0 1 0 5
0 0 2 0 23 0 1 0 6
0 0 2 0 23 0 1 0 5
0 0 2 0 23 0 1 0 5
0 0 2 0 23 0 1 0 5
0 0 2 0 23 0 1 0 5
0 0 2 0 23 0 1 0 5
0 0 2 0 23 0 1 0 5
0 0 3 0 23 0 1 0 5
0 0 2 0 23 0 1 0 5
0 0 2 0 23 0 1 0 5
0 0 2 0 23 0 1 0 5
0 0 2 0 23 0 1 0 5
0 0 2 0 23 0 1 0 5
0 0 2 0 23 0 1 0 4
0 0 2 0 23 0 1 0 5
0 0 2 0 23 0 1 0 5
0 0 2 0 23 0 1 0 5
0 0 2 0 23 0 1 0 5
0 0 2 0 23 0 1 0 5
0 0 2 0 23 0 1 0 5
0 0 2 0 23 0 1 0 5
0 0 2 0 23 0 1 0 5
0 0 2 0 23 0 1 0 5
0 0 3 0 23 0 1 0 5
0 0 2 0 23 0 1 0 6
0 0 2 0 23 0 1 0 5
0 0 2 0 23 0 1 0 5
0 0 3 0 23 0 1 0 5
0 0 3 0 23 0 1 0 5
0 0 3 0 23 0 1 0 5
0 0 2 0 23 0 1 0 6
0 0 2 0 23 0 1 0 5
0 0 2 0 23 0 1 0 5
0 0 2 0 23 0 1 0 5
0 0 2 0 23 0 1 0 6
0 0 2 0 23 0 1 0 6
0 0 2 0 23 0 1 0 6
0 0 2 0 23 0 1 0 5
0 0 2 0 23 0 1 0 6
0 0 2 0 23 0 1 0 5
0 0 2 0 23 0 1 0 5
0 0 2 0 23 0 1 0 5
0 0 2 0 23 0 1 0 5
0 0 2 0 23 0 1 0 5
0 0 2 0 23 0 1 0 5
0 0 2 0 23 0 1 0 5
0 0 2 0 23 0 1 0 5
0 0 2 0 23 0 1 0 5
0 0 2 0 23 0 1 0 5
0 0 2 0 23 0 1 0 5
0 0 3 0 23 0 1 0 5
0 0 2 0 23 0 1 0 5
0 0 2 0 23 0 1 0 5
0 0 2 0 23 0 1 0 5
0 0 2 0 23 0 1 0 6
0 0 2 0 23 0 1 0 5
0 0 2 0 23 0 1 0 5
0 0 2 0 23 0 1 0 6
0 0 2 0 23 0 1 0 5
0 0 2 0 23 0 1 0 6
0 0 2 0 23 0 1 0 6
0 0 3 0 23 0 1 0 6
0 0 2 0 23 0 1 0 5
0 0 2 0 23 0 1 0 5
0 0 2 0 23 0 1 0 6
0 0 2 0 23 0 1 0 5
0 0 2 0 23 0 1 0 5
0 0 2 0 23 0 1 0 5
0 0 2 0 23 0 1 0 6
0 0 2 0 23 0 1 0 5
0 0 2 0 24 0 1 0 6
0 0 2 0 23 0 1 0 6
0 0 2 0 23 0 1 0 6
0 0 2 0 23 0 1 0 6
0 0 2 0 23 0 2 0 6
0 0 2 0 23 0 1 0 5
0 0 2 0 23 0 1 0 5
0 0 2 0 23 0 1 0 5
0 0 2 0 23 0 1 0 5
0 0 2 0 24 0 1 0 5
0 0 2 0 23 0 1 0 6
0 0 2 0 23 0 1 0 6
0 0 2 0 23 0 1 0 6
0 0 2 0 23 0 1 0 5
0 0 2 0 24 0 2 0 5
0 0 2 0 23 0 1 0 5
0 0 2 0 23 0 1 0 5
0 0 2 0 23 0 1 0 5
0 0 2 0 23 0 1 0 5
0 0 2 0 23 0 1 0 5
0 0 3 0 23 0 1 0 6
0 0 2 0 23 0 1 0 5
0 0 2 0 23 0 1 0 5
0 0 2 0 23 0 1 0 5
0 0 2 0 23 0 1 0 5
0 0 2 0 23 0 1 0 5
0 0 2 0 23 0 1 0 5
0 0 2 0 23 0 1 0 5
0 0 3 0 23 0 1 0 5
0 0 2 0 23 0 1 0 5
0 0 2 0 23 0 1 0 5
0 0 2 0 23 0 1 0 5
0 0 2 0 23 0 1 0 6
0 0 2 0 23 0 1 0 5
0 0 2 0 23 0 1 0 5
0 0 2 0 23 0 1 0 6
0 0 2 0 23 0 1 0 5
0 0 2 0 23 0 1 0 5
0 0 2 0 23 0 1 0 6
0 0 2 0 23 0 1 0 6
0 0 2 0 23 0 1 0 6
0 0 2 0 23 0 1 0 6
0 0 3 0 23 0 1 0 6
0 0 2 0 23 0 1 0 5
0 0 3 0 23 0 2 0 5
0 0 2 0 23 0 1 0 5
0 0 2 0 23 0 1 0 5
0 0 2 0 23 0 1 0 5
0 0 2 0 24 0 1 0 6
0 0 2 0 23 0 1 0 5
0 0 2 0 23 0 1 0 6
0 0 2 0 23 0 1 0 5
0 0 2 0 23 0 1 0 6
0 0 2 0 23 0 1 0 6
0 0 2 0 23 0 2 0 6
0 0 2 0 23 0 1 0 6
0 0 2 0 23 0 1 0 6
0 0 2 0 23 0 3 0 5
0 0 2 0 24 0 1 0 6
0 0 3 0 24 0 1 0 5
0 0 2 0 24 0 1 0 5
0 0 4 0 23 0 1 0 5
0 0 3 0 24 0 1 0 5
0 0 2 0 23 0 1 0 5
0 0 3 0 23 0 1 0 5
0 0 3 0 23 0 1 0 5
0 0 2 0 23 0 1 0 5
0 0 2 0 23 0 1 0 5
0 0 4 0 23 0 1 0 5
0 0 3 0 23 0 1 0 5
0 0 2 0 23 0 1 0 5
0 0 2 0 23 0 1 0 5
0 0 2 0 23 0 1 0 5
0 0 2 0 23 0 1 0 5
0 0 2 0 23 0 1 0 5
0 0 4 0 23 0 1 0 5
0 0 2 0 23 0 1 0 5
0 0 2 0 23 0 1 0 4
0 0 2 0 23 0 1 0 5
0 0 2 0 23 0 1 0 5
0 0 2 0 23 0 1 0 5
0 0 2 0 23 0 1 0 5
0 0 2 0 23 0 1 0 5
0 0 2 0 23 0 1 0 4
0 0 2 0 23 0 1 0 5
0 0 2 0 23 0 1 0 4
0 0 2 0 24 0 1 0 6
0 0 2 0 23 0 1 0 5
0 0 2 0 23 0 1 0 4
0 0 2 0 23 0 1 0 4
0 0 2 0 23 0 1 0 4
0 0 2 0 23 0 1 0 4
0 0 3 0 23 0 1 0 4
0 0 3 0 23 0 1 0 4
0 0 2 0 23 0 1 0 5
0 0 2 0 23 0 1 0 5
0 0 2 0 23 0 1 0 5
0 0 2 0 23 0 1 0 5
0 0 3 0 23 0 1 0 5
0 0 2 0 23 0 1 0 5
0 0 2 0 23 0 1 0 4
0 0 2 0 23 0 1 0 4
0 0 2 0 23 0 1 0 5
0 0 2 0 23 0 1 0 5
0 0 2 0 24 0 1 0 5
0 0 2 0 23 0 1 0 5
0 0 2 0 23 0 1 0 4
0 0 2 0 23 0 1 0 5
0 0 2 0 23 0 1 0 5
0 0 2 0 23 0 1 0 4
0 0 2 0 23 0 1 0 5
0 0 2 0 23 0 1 0 5
0 0 2 0 23 0 1 0 6
0 0 2 0 23 0 1 0 5
0 0 2 0 23 0 1 0 5
0 0 2 0 23 0 1 0 5
0 0 2 0 23 0 1 0 4
0 0 2 0 23 0 1 0 4
0 0 2 0 23 0 1 0 5
0 0 2 0 23 0 1 0 5
0 0 2 0 26 0 6 0 5
0 0 3 0 24 0 1 0 7
0 0 3 0 24 0 1 0 4
0 0 2 0 23 0 1 0 5
0 0 2 0 23 0 1 0 5
0 0 2 0 23 0 1 0 4
0 0 2 0 23 0 1 0 4
0 0 2 0 23 0 1 0 4
0 0 2 0 23 0 1 0 5
0 0 3 0 23 0 1 0 5
0 0 2 0 28 0 1 0 5
0 0 2 0 23 0 1 0 5
0 0 2 0 23 0 1 0 5
0 0 2 0 23 0 1 0 5
0 0 2 0 23 0 1 0 5
0 0 2 0 23 0 1 0 5
0 0 3 0 23 0 1 0 5
0 0 2 0 23 0 1 0 5
0 0 2 0 23 0 1 0 5
0 0 2 0 23 0 1 0 4
0 0 2 0 23 0 1 0 5
0 0 2 0 23 0 1 0 5
0 0 2 0 23 0 1 0 5
0 0 2 0 23 0 1 0 5
0 0 2 0 23 0 1 0 5
0 0 2 0 23 0 1 0 5
0 0 2 0 23 0 1 0 5
0 0 2 0 23 0 1 0 5
0 0 2 0 23 0 1 0 5
0 0 2 0 27 0 1 0 5
0 0 2 0 23 0 1 0 5
0 0 2 0 23 0 1 0 5
0 0 3 0 24 0 1 0 5
0 0 2 0 23 0 1 0 5
0 0 2 0 24 0 1 0 5
0 0 2 0 23 0 1 0 5
0 0 2 0 23 0 1 0 7
0 0 2 0 24 0 1 0 5
0 0 2 0 23 0 1 0 5
0 0 3 0 23 0 1 0 5
0 0 2 0 23 0 1 0 6
0 0 2 0 23 0 1 0 5
0 0 2 0 24 0 1 0 5
0 0 2 0 23 0 1 0 5
0 0 3 0 24 0 1 0 7
0 0 2 0 23 0 1 0 5
0 0 2 0 23 0 1 0 5
0 0 2 0 23 0 1 0 5
0 0 2 0 23 0 1 0 5
0 0 3 0 23 0 1 0 5
0 0 2 0 23 0 1 0 5
0 0 2 0 23 0 1 0 5
0 0 2 0 23 0 1 0 5
0 0 2 0 23 0 1 0 5
0 0 3 0 24 0 1 0 5
0 0 2 0 23 0 1 0 5
0 0 2 0 23 0 1 0 6
0 0 2 0 23 0 1 0 5
0 0 2 0 23 0 1 0 5
0 0 2 0 23 0 1 0 5
0 0 2 0 23 0 1 0 5
0 0 2 0 23 0 1 0 5
0 0 2 0 24 0 1 0 6
0 0 2 0 23 0 1 0 5
0 0 2 0 24 0 2 0 6
0 0 2 0 23 0 1 0 5
0 0 2 0 24 0 1 0 6
0 0 2 0 23 0 1 0 5
0 0 3 0 24 0 1 0 6
0 0 3 0 24 0 2 0 5
0 0 3 0 23 0 1 0 6
0 0 2 0 23 0 1 0 6
0 0 2 0 24 0 1 0 6
0 0 2 0 23 0 1 0 5
0 0 2 0 23 0 2 0 6
0 0 2 0 23 0 1 0 5
0 0 2 0 23 0 2 0 6
0 0 2 0 23 0 1 0 5
0 0 2 0 24 0 1 0 5
0 0 2 0 23 0 1 0 5
0 0 2 0 23 0 1 0 5
0 0 2 0 23 0 1 0 5
0 0 2 0 24 0 2 0 6
0 0 2 0 23 0 2 0 5
0 0 3 0 24 0 2 0 5
0 0 2 0 24 0 2 0 5
0 0 2 0 24 0 2 0 5
0 0 2 0 24 0 2 0 5
0 0 2 0 24 0 2 0 5
0 0 2 0 24 0 2 0 5
0 0 2 0 24 0 2 0 5
0 0 2 0 24 0 2 0 5
0 0 2 0 24 0 2 0 5
0 0 2 0 24 0 2 0 5
0 0 2 0 24 0 2 0 5
0 0 2 0 23 0 2 0 5
0 0 2 0 24 0 2 0 5
0 0 2 0 24 0 2 0 5
0 0 2 0 24 0 2 0 5
0 0 2 0 24 0 2 0 5
0 0 2 0 23 0 2 0 5
0 0 2 0 23 0 2 0 5
0 0 2 0 24 0 2 0 5
0 0 2 0 24 0 2 0 5
0 0 2 0 24 0 2 0 5
0 0 2 0 24 0 2 0 5
0 0 2 0 24 0 2 0 5
0 0 2 0 24 0 2 0 5
0 0 2 0 24 0 2 0 5
0 0 2 0 24 0 2 0 5
0 0 2 0 24 0 2 0 5
0 0 2 0 24 0 2 0 5
0 0 3 0 24 0 2 0 5
0 0 4 0 24 0 2 0 5
0 0 3 0 24 0 2 0 5
0 0 2 0 23 0 2 0 5
0 0 2 0 24 0 2 0 5
0 0 2 0 23 0 2 0 4
0 0 3 0 23 0 2 0 5
0 0 3 0 24 0 2 0 5
0 0 2 0 23 0 2 0 5
0 0 2 0 23 0 2 0 5
0 0 2 0 24 0 2 0 5
0 0 2 0 23 0 2 0 5
0 0 2 0 24 0 2 0 5
0 0 2 0 23 0 2 0 5
0 0 2 0 24 0 2 0 5
0 0 2 0 23 0 2 0 5
0 0 2 0 24 0 2 0 5
0 0 2 0 24 0 2 0 5
0 0 2 0 23 0 2 0 5
0 0 2 0 24 0 2 0 5
0 0 2 0 24 0 2 0 5
0 0 2 0 23 0 2 0 4
0 0 2 0 24 0 2 0 4
0 0 2 0 23 0 2 0 5
0 0 2 0 23 0 2 0 5
0 0 2 0 24 0 2 0 5
0 0 2 0 23 0 2 0 5
0 0 3 0 23 0 2 0 4
0 0 2 0 23 0 2 0 4
0 0 2 0 23 0 2 0 5
0 0 2 0 23 0 2 0 5
0 0 3 0 23 0 2 0 4
0 0 2 0 24 0 2 0 4
0 0 2 0 23 0 2 0 4
0 0 2 0 24 0 2 0 4
0 0 2 0 23 0 2 0 5
0 0 2 0 23 0 2 0 5
0 0 2 0 23 0 2 0 4
0 0 2 0 24 0 2 0 4
0 0 2 0 23 0 2 0 4
0 0 2 0 23 0 2 0 5
0 0 2 0 23 0 2 0 5
0 0 2 0 24 0 2 0 5
0 0 2 0 23 0 2 0 4
0 0 2 0 23 0 2 0 4
0 0 2 0 23 0 2 0 4
0 0 2 0 23 0 2 0 4
0 0 2 0 23 0 2 0 4
0 0 2 0 23 0 2 0 4
0 0 2 0 23 0 2 0 4
0 0 2 0 24 0 2 0 4
0 0 2 0 23 0 2 0 4
0 0 2 0 24 0 2 0 4
0 0 2 0 23 0 2 0 4
0 0 2 0 23 0 2 0 4
0 0 3 0 23 0 2 0 4
0 0 2 0 23 0 2 0 4
0 0 2 0 23 0 2 0 4
0 0 2 0 24 0 2 0 4
0 0 2 0 23 0 2 0 4
0 0 3 0 24 0 2 0 5
0 0 2 0 23 0 2 0 5
0 0 2 0 24 0 2 0 5
0 0 2 0 23 0 2 0 5
0 0 2 0 24 0 2 0 5
0 0 2 0 23 0 2 0 5
0 0 2 0 23 0 2 0 5
0 0 2 0 24 0 2 0 5
0 0 2 0 24 0 2 0 5
0 0 2 0 23 0 2 0 5
0 0 2 0 24 0 2 0 5
0 0 2 0 23 0 2 0 5
0 0 2 0 24 0 2 0 4
0 0 2 0 23 0 2 0 4
0 0 2 0 23 0 2 0 4
0 0 2 0 23 0 2 0 4
0 0 2 0 23 0 2 0 4
0 0 2 0 23 0 2 0 4
0 0 3 0 24 0 2 0 4
0 0 2 0 23 0 2 0 4
0 0 2 0 24 0 2 0 4
0 0 2 0 23 0 2 0 4
0 0 2 0 23 0 2 0 4
0 0 2 0 23 0 2 0 4
0 0 2 0 23 0 2 0 4
0 0 2 0 23 0 2 0 4
0 0 2 0 23 0 2 0 4
0 0 4 0 24 0 2 0 5
0 0 2 0 24 0 2 0 5
0 0 2 0 23 0 2 0 5
0 0 2 0 23 0 2 0 4
0 0 2 0 23 0 2 0 5
0 0 2 0 24 0 2 0 5
0 0 2 0 23 0 2 0 5
0 0 2 0 24 0 2 0 5
0 0 2 0 24 0 2 0 5
0 0 3 0 23 0 2 0 5
0 0 2 0 24 0 2 0 5
0 0 3 0 24 0 2 0 5
0 0 2 0 23 0 1 0 4
0 0 2 0 24 0 2 0 5
0 0 2 0 23 0 2 0 5
0 0 2 0 23 0 2 0 5
0 0 2 0 23 0 2 0 4
0 0 2 0 23 0 2 0 4
0 0 2 0 23 0 2 0 4
0 0 2 0 23 0 2 0 4
0 0 2 0 23 0 2 0 4
0 0 2 0 23 0 2 0 5
0 0 2 0 23 0 2 0 5
0 0 2 0 24 0 2 0 5
0 0 2 0 23 0 1 0 5
0 0 2 0 23 0 2 0 4
0 0 2 0 23 0 2 0 4
0 0 2 0 23 0 2 0 5
0 0 2 0 23 0 2 0 4
0 0 2 0 23 0 2 0 5
0 0 2 0 23 0 1 0 5
0 0 2 0 24 0 2 0 5
0 0 2 0 23 0 2 0 5
0 0 2 0 24 0 2 0 5
0 0 2 0 24 0 2 0 5
0 0 2 0 24 0 2 0 5
0 0 2 0 23 0 2 0 5
0 0 2 0 23 0 2 0 5
0 0 2 0 24 0 2 0 5
0 0 2 0 23 0 2 0 5
0 0 2 0 23 0 2 0 5
0 0 2 0 23 0 2 0 5
0 0 2 0 23 0 2 0 6
0 0 2 0 24 0 2 0 6
0 0 3 0 23 0 2 0 5
0 0 2 0 24 0 2 0 5
0 0 2 0 23 0 2 0 5
0 0 2 0 23 0 2 0 5
0 0 2 0 23 0 2 0 5
0 0 2 0 23 0 2 0 4
0 0 2 0 24 0 2 0 5
0 0 2 0 23 0 2 0 5
0 0 2 0 23 0 2 0 4
0 0 2 0 24 0 2 0 5
0 0 2 0 23 0 2 0 5
0 0 2 0 23 0 2 0 5
0 0 2 0 23 0 2 0 5
0 0 2 0 23 0 2 0 5
0 0 2 0 23 0 2 0 5
0 0 2 0 23 0 2 0 5
0 0 2 0 23 0 2 0 5
0 0 4 0 23 0 2 0 5
0 0 4 0 23 0 2 0 5
0 0 2 0 23 0 2 0 5
0 0 2 0 24 0 2 0 5
0 0 2 0 24 0 2 0 5
0 0 2 0 23 0 2 0 5
0 0 2 0 24 0 2 0 5
0 0 2 0 24 0 2 0 5
0 0 2 0 24 0 2 0 6
0 0 2 0 24 0 2 0 5
0 0 2 0 23 0 2 0 5
0 0 2 0 23 0 2 0 5
0 0 2 0 24 0 2 0 5
0 0 4 0 24 0 2 0 5
0 0 3 0 23 0 2 0 5
0 0 2 0 24 0 2 0 5
0 0 2 0 24 0 2 0 5
0 0 2 0 24 0 2 0 5
0 0 2 0 23 0 2 0 5
0 0 2 0 24 0 2 0 5
0 0 3 0 23 0 2 0 5
0 0 2 0 23 0 2 0 5
0 0 2 0 23 0 2 0 5
0 0 4 0 23 0 2 0 5
0 0 3 0 24 0 2 0 5
0 0 2 0 23 0 2 0 5
0 0 2 0 23 0 2 0 5
0 0 2 0 23 0 2 0 5
0 0 2 0 24 0 2 0 5
0 0 2 0 23 0 2 0 5
0 0 2 0 24 0 2 0 5
0 0 2 0 23 0 2 0 5
0 0 2 0 24 0 2 0 5
0 0 2 0 23 0 2 0 4
0 0 2 0 23 0 2 0 5
0 0 2 0 23 0 2 0 4
0 0 2 0 23 0 2 0 4
0 0 2 0 24 0 2 0 4
0 0 2 0 24 0 2 0 4
0 0 2 0 23 0 2 0 4
0 0 2 0 23 0 2 0 5
0 0 2 0 23 0 2 0 4
0 0 3 0 23 0 2 0 4
0 0 2 0 23 0 2 0 4
0 0 2 0 23 0 2 0 5
0 0 2 0 23 0 2 0 4
0 0 2 0 23 0 2 0 4
0 0 2 0 23 0 2 0 4
0 0 2 0 23 0 2 0 4
0 0 2 0 24 0 2 0 4
0 0 2 0 24 0 2 0 4
0 0 2 0 23 0 2 0 4
0 0 2 0 23 0 2 0 4
0 0 2 0 23 0 2 0 4
0 0 2 0 23 0 2 0 4
0 0 2 0 23 0 2 0 4
0 0 2 0 23 0 2 0 4
0 0 2 0 23 0 2 0 4
0 2 3 20 23 0 2 0 5
