0 0 2 0 42 0 5 0 6
0 0 2 3 40 0 5 0 6
0 0 2 4 41 0 6 0 7
0 0 2 8 42 0 6 0 6
0 0 2 11 42 0 6 0 6
0 0 2 13 41 0 6 0 6
0 0 2 14 40 0 6 0 6
0 0 2 15 40 0 6 0 6
0 0 2 15 39 0 6 0 6
0 0 2 14 41 0 6 0 6
0 0 4 14 40 0 6 0 6
0 0 2 16 40 0 6 0 7
0 0 2 16 40 0 6 0 6
0 0 2 17 39 0 6 0 6
0 0 2 16 39 0 6 0 5
0 0 2 16 39 0 6 0 5
0 0 2 16 51 0 6 0 6
0 0 14 15 39 0 6 0 5
0 0 2 23 39 0 6 0 5
0 0 2 26 39 0 6 0 5
0 0 2 26 39 0 6 0 5
0 0 2 25 39 0 6 0 6
0 0 2 24 39 0 6 0 6
0 0 2 23 39 0 6 0 6
0 0 2 23 39 0 6 0 6
0 0 2 23 39 0 7 0 7
0 0 2 22 39 0 8 0 6
0 0 2 21 39 0 8 0 7
0 0 2 18 40 0 8 0 6
0 0 2 22 40 0 8 0 6
0 0 2 22 40 0 9 0 5
0 0 2 23 40 0 9 0 5
0 0 2 23 41 0 10 0 5
0 0 2 24 45 0 14 0 6
0 0 2 30 43 0 13 0 6
0 0 2 33 49 0 11 0 6
0 0 3 42 42 0 11 0 6
0 0 2 46 43 0 11 0 5
0 0 3 49 42 0 13 0 6
0 0 2 52 43 0 13 0 6
0 0 2 55 42 0 13 0 5
0 0 2 58 55 0 17 0 6
0 0 2 73 43 0 17 0 6
0 0 14 65 46 0 14 0 6
0 0 2 83 43 0 14 0 5
0 0 3 86 43 0 15 0 6
0 0 2 90 43 0 14 0 6
0 0 2 94 43 0 21 0 6
0 0 2 98 49 0 16 0 6
0 0 2 108 43 0 18 0 4
0 0 2 112 44 0 17 0 4
0 0 2 113 43 0 17 0 4
0 0 3 118 44 0 15 0 4
0 0 2 124 55 0 16 0 4
0 0 2 139 44 0 18 0 4
0 0 1 145 48 0 18 0 4
0 0 2 152 44 0 17 0 4
0 0 3 155 59 0 20 0 5
0 0 2 173 70 0 20 0 5
0 0 2 207 63 0 28 0 4
0 0 2 230 76 0 25 0 4
0 0 3 265 97 0 29 0 4
0 0 9 317 66 0 18 0 4
0 0 3 345 49 0 17 0 4
0 0 3 358 49 0 18 0 4
0 0 4 366 52 0 18 0 5
0 0 7 373 51 0 20 0 5
0 0 2 393 53 0 17 0 4
0 0 5 400 49 0 15 0 4
0 0 24 395 54 0 18 0 5
0 0 2 427 55 0 15 0 4
0 0 2 442 53 0 16 0 4
0 0 3 459 53 0 17 0 4
0 0 2 474 55 0 17 0 5
0 0 2 489 55 0 16 0 5
0 0 2 504 55 0 16 0 5
0 0 2 516 58 0 21 0 9
0 0 3 537 53 0 22 0 6
0 0 2 550 44 0 20 0 4
0 0 2 555 61 0 51 0 4
0 0 7 0 136 0 5 0 8
0 0 6 0 139 0 6 0 7
0 0 11 565 127 0 39 0 4
0 0 23 80 117 0 6 0 11
0 0 24 81 122 0 10 0 7
0 0 2 664 116 0 38 0 4
0 0 6 181 115 0 14 0 8
0 0 5 176 121 0 16 0 8
0 0 2 741 116 0 43 0 3
0 0 5 257 119 0 10 0 6
0 0 5 258 121 0 13 0 4
0 0 5 815 124 0 40 0 3
0 0 6 335 120 0 17 0 4
0 0 5 339 120 0 15 0 4
0 0 2 898 117 0 43 0 3
0 0 4 417 119 0 16 0 4
0 0 5 420 117 0 16 0 3
0 0 2 978 122 0 42 0 3
0 0 5 497 120 0 17 0 4
0 0 5 496 122 0 21 0 4
0 0 2 1060 119 0 42 0 3
0 0 5 579 120 0 17 0 4
0 0 4 578 120 0 24 0 3
0 0 6 1136 118 0 45 0 3
0 0 5 663 137 0 15 0 3
0 0 5 663 145 0 15 0 3
0 0 2 1216 147 0 38 0 3
0 0 5 756 124 0 20 0 3
0 0 4 765 121 0 17 0 3
0 0 1 1327 121 0 41 0 3
0 0 5 840 125 0 18 0 4
0 0 6 845 128 0 20 0 4
0 0 2 1409 118 0 42 0 3
0 0 5 930 124 0 18 0 4
0 0 5 939 124 0 27 0 4
0 0 2 1480 121 0 44 0 3
0 0 5 1011 126 0 30 0 4
0 0 5 1019 118 0 29 0 4
0 0 3 1562 126 0 44 0 3
0 0 6 1097 124 0 27 0 4
0 0 5 1097 124 0 29 0 4
0 0 2 1652 125 0 41 0 3
0 0 5 1186 123 0 31 0 4
0 0 5 1186 123 0 32 0 3
0 0 4 1738 123 0 44 0 3
0 0 5 1266 122 0 31 0 3
0 0 5 1266 122 0 32 0 3
0 0 16 1806 125 0 46 0 3
0 0 5 1348 121 0 55 0 4
0 0 6 1348 123 0 54 0 4
0 0 3 1908 125 0 60 0 3
0 0 5 1434 147 0 34 0 3
0 0 5 1436 145 0 36 0 4
0 0 4 1990 142 0 45 0 4
0 0 5 1538 125 0 37 0 3
0 0 5 1538 125 0 38 0 4
0 0 3 2094 125 0 45 0 4
0 0 6 1623 125 0 39 0 3
0 0 6 1623 126 0 40 0 4
0 0 3 2182 126 0 51 0 4
0 0 5 1713 127 0 34 0 3
0 0 5 1714 131 0 39 0 3
0 0 3 2265 130 0 46 0 4
0 0 6 1797 132 0 42 0 3
0 0 5 1802 129 0 42 0 4
0 0 4 2355 129 0 49 0 4
0 0 6 1889 130 0 45 0 3
0 0 5 1891 130 0 45 0 4
0 0 2 2449 129 0 49 0 4
0 0 4 1986 130 0 51 0 4
0 0 5 1985 130 0 54 0 3
0 0 6 2531 130 0 57 0 4
0 0 5 2071 153 0 46 0 4
0 0 4 2072 152 0 49 0 4
0 0 5 2623 152 0 51 0 6
0 0 8 2181 131 0 54 0 4
0 0 6 2183 138 0 47 0 4
0 0 2 2742 129 0 57 0 8
0 0 5 2279 136 0 49 0 4
0 0 3 2826 137 0 49 0 7
0 0 5 2287 133 0 49 0 4
0 0 3 2924 129 0 46 0 7
0 0 21 2356 132 0 49 0 4
0 0 22 2360 137 0 47 0 4
0 0 4 2465 127 0 54 0 4
0 0 2 3017 135 0 53 0 7
0 0 5 2475 136 0 45 0 3
0 0 6 2554 136 0 48 0 3
0 0 3 3108 134 0 47 0 4
0 0 6 2575 135 0 41 0 4
0 0 5 2647 131 0 46 0 4
0 0 2 3203 131 0 46 0 4
0 0 5 2667 134 0 41 0 4
0 0 2 3299 131 0 46 0 4
0 0 3 2741 132 0 65 0 4
0 0 4 2763 132 0 45 0 4
0 0 5 2836 159 0 57 0 4
0 0 3 3387 157 0 62 0 4
0 0 6 2858 160 0 45 0 4
0 0 3 3505 138 0 59 0 4
0 0 5 2951 137 0 60 0 4
0 0 4 2975 132 0 53 0 4
0 0 2 3607 131 0 43 0 4
0 0 4 3049 133 0 64 0 3
0 0 5 3068 137 0 45 0 3
0 0 4 3694 132 0 60 0 4
0 0 5 3142 131 0 62 0 3
0 0 5 3165 132 0 46 0 3
0 0 4 3238 137 0 44 0 3
0 0 4 3787 135 0 53 0 4
0 0 4 3262 138 0 41 0 4
0 0 2 3887 127 0 34 0 3
0 0 4 3333 130 0 49 0 3
0 0 4 3357 140 0 37 0 3
0 0 5 3423 125 0 44 0 3
0 0 2 3972 128 0 55 0 4
0 0 6 3456 138 0 26 0 3
0 0 4 3513 136 0 59 0 3
0 0 4 4059 130 0 71 0 4
0 0 4 3560 159 0 33 0 4
0 0 2 4154 153 0 40 0 4
0 0 4 3606 145 0 43 0 3
0 0 4 3675 134 0 33 0 4
0 0 6 3709 134 0 48 0 3
0 0 16 4251 132 0 53 0 4
0 0 7 3767 134 0 37 0 4
0 0 5 3809 130 0 41 0 3
0 0 2 4357 133 0 48 0 4
0 0 4 3869 136 0 29 0 4
0 0 2 4449 134 0 56 0 4
0 0 5 3895 133 0 58 0 3
0 0 4 3961 133 0 34 0 3
0 0 4 4546 131 0 38 0 4
0 0 5 3988 133 0 52 0 3
0 0 6 4053 132 0 34 0 3
0 0 3 4635 130 0 45 0 3
0 0 4 4086 128 0 57 0 3
0 0 4 4151 137 0 31 0 4
0 0 3 4172 128 0 51 0 3
0 0 4 4724 128 0 51 0 4
0 0 3 4245 130 0 34 0 19
0 0 5 4816 134 0 67 0 4
0 0 7 4257 137 0 68 0 5
0 0 7 4333 161 0 36 0 6
0 0 3 4361 160 0 53 0 6
0 0 3 4906 166 0 54 0 6
0 0 4 4461 136 0 34 0 3
0 0 4 4477 136 0 56 0 4
0 0 4 5034 135 0 54 0 7
0 0 4 4553 146 0 34 0 4
0 0 4 5133 136 0 38 0 4
0 0 6 4572 134 0 57 0 3
0 0 6 4658 132 0 33 0 3
0 0 5 4672 134 0 50 0 4
0 0 4 5226 148 0 49 0 4
0 0 4 4756 140 0 36 0 4
0 0 3 4764 135 0 52 0 3
0 0 5 5334 141 0 47 0 4
0 0 4 4852 134 0 38 0 3
0 0 23 4840 135 0 50 0 3
0 0 3 5440 140 0 38 0 4
0 0 23 4928 141 0 33 0 3
0 0 6 4952 137 0 50 0 3
0 0 4 5536 144 0 44 0 4
0 0 8 5044 138 0 38 0 3
0 0 4 5055 138 0 44 0 5
0 0 5 5640 145 0 45 0 4
0 0 4 5151 141 0 34 0 4
0 0 5 5150 140 0 48 0 4
0 0 3 5752 139 0 47 0 4
0 0 4 5248 138 0 37 0 4
0 0 6 5249 134 0 42 0 4
0 0 3 5847 135 0 42 0 4
0 0 6 5344 154 0 33 0 4
0 0 4 5350 148 0 42 0 4
0 0 5 5941 143 0 45 0 4
0 0 3 5466 131 0 35 0 6
0 0 4 5456 129 0 45 0 3
0 0 3 6050 130 0 36 0 4
0 0 5 5552 141 0 34 0 3
0 0 6 5542 130 0 45 0 4
0 0 3 6137 129 0 41 0 4
0 0 6 5652 134 0 39 0 3
0 0 4 5639 134 0 46 0 3
0 0 4 6225 129 0 43 0 4
0 0 4 5753 136 0 36 0 3
0 0 4 5729 132 0 66 0 3
0 0 3 6319 145 0 39 0 4
0 0 4 5845 146 0 37 0 3
0 0 6 5820 150 0 45 0 3
0 0 4 6421 133 0 46 0 4
0 0 5 5950 137 0 33 0 4
0 0 5 5931 130 0 53 0 4
0 0 4 6514 131 0 47 0 4
0 0 4 6048 131 0 38 0 3
0 0 4 6026 132 0 51 0 4
0 0 3 6605 135 0 44 0 4
0 0 5 6143 131 0 40 0 4
0 0 5 6114 134 0 48 0 4
0 0 3 6704 139 0 37 0 4
0 0 4 6231 143 0 40 0 4
0 0 6 6208 128 0 56 0 3
0 0 18 6787 127 0 45 0 4
0 0 5 6333 133 0 43 0 10
0 0 4 6302 131 0 52 0 7
0 0 5 6886 131 0 46 0 4
0 0 4 6431 138 0 44 0 4
0 0 6 6388 138 0 52 0 10
0 0 3 6983 129 0 49 0 4
0 0 6 6524 144 0 51 0 5
0 0 8 6485 140 0 58 0 5
0 0 3 7069 141 0 50 0 9
0 0 7 6628 139 0 44 0 6
0 0 4 6594 141 0 56 0 5
0 0 5 7169 129 0 57 0 6
0 0 4 6735 133 0 49 0 4
0 0 5 6690 133 0 64 0 4
0 0 3 7264 135 0 48 0 4
0 0 4 6825 144 0 47 0 3
0 0 4 6785 132 0 60 0 5
0 0 3 7356 129 0 56 0 4
0 0 4 6929 132 0 51 0 4
0 0 5 7444 128 0 53 0 4
0 0 5 6876 136 0 61 0 5
0 0 7 7019 133 0 55 0 4
0 0 3 7538 130 0 60 0 4
0 0 4 6978 134 0 64 0 5
0 0 3 7625 139 0 52 0 4
0 0 4 7119 140 0 50 0 4
0 0 6 7067 136 0 60 0 5
0 0 6 7213 136 0 63 0 4
0 0 7 7163 134 0 75 0 5
0 0 6 7721 137 0 66 0 4
0 0 4 7263 153 0 51 0 5
0 0 4 7821 143 0 54 0 4
0 0 7 7309 141 0 55 0 4
0 0 5 7418 132 0 59 0 4
0 0 19 7358 133 0 60 0 5
0 0 3 7930 133 0 60 0 4
0 0 22 7488 137 0 51 0 4
0 0 5 8018 135 0 55 0 4
0 0 7 7463 138 0 62 0 5
0 0 6 7603 132 0 55 0 4
0 0 4 7564 134 0 55 0 4
0 0 4 8115 135 0 56 0 4
0 0 4 7662 130 0 60 0 4
0 0 3 8214 132 0 58 0 4
0 0 4 7697 133 0 58 0 4
0 0 5 7749 133 0 52 0 3
0 0 3 8304 136 0 52 0 3
0 0 4 7795 136 0 51 0 3
0 0 5 7886 129 0 51 0 4
0 0 6 8397 128 0 53 0 4
0 0 6 7841 134 0 52 0 4
0 0 7 7973 128 0 58 0 4
0 0 3 8492 128 0 60 0 4
0 0 4 7941 128 0 61 0 4
0 0 3 8578 132 0 55 0 4
0 0 5 8024 131 0 56 0 3
0 0 5 8068 132 0 56 0 4
0 0 6 8156 133 0 51 0 3
0 0 6 8115 133 0 53 0 3
0 0 6 8668 134 0 54 0 4
0 0 6 8249 130 0 53 0 4
0 0 2 8216 131 0 55 0 4
0 0 4 8767 130 0 56 0 4
0 0 3 8343 131 0 57 0 4
0 0 3 8303 131 0 58 0 3
0 0 3 8856 133 0 56 0 4
(ms) thread_id frame capture capture-preproc preproc preproc-detect detect detect-track
0 0 5 8393 135 0 50 0 3
0 0 2 8438 135 0 51 0 3
0 0 5 9040 128 0 48 0 4
0 0 6 8525 130 0 51 0 3
0 0 5 8488 129 0 51 0 3
0 0 4 9133 128 0 49 0 4
0 0 7 8615 124 0 57 0 3
0 0 4 8581 126 0 56 0 13
0 0 6 8662 139 0 52 0 3
0 0 3 8707 145 0 53 0 3
0 0 16 9206 150 0 50 0 4
0 0 6 8761 132 0 49 0 3
0 0 5 8807 128 0 49 0 3
0 0 5 9328 138 0 46 0 4
0 0 7 8893 131 0 53 0 3
0 0 4 8860 130 0 56 0 3
0 0 3 9428 117 0 54 0 4
0 0 4 8947 129 0 55 0 3
0 0 3 9510 131 0 52 0 4
0 0 4 8992 139 0 50 0 3
(ms) thread_id frame capture capture-preproc preproc preproc-detect detect detect-track
0 0 4 9036 136 0 52 0 4
0 0 4 9596 128 0 53 0 4
0 0 5 9683 126 0 44 0 4
0 0 2 9138 131 0 55 0 4
0 0 5 9172 142 0 50 0 4
0 0 4 9776 129 0 56 0 4
0 0 3 9226 132 0 52 0 3
0 0 3 9278 132 0 47 0 4
0 0 3 9863 127 0 44 0 4
0 0 6 9315 143 0 45 0 7
0 0 2 9374 127 0 51 0 7
0 0 6 9947 138 0 67 0 5
0 0 6 9453 152 0 51 0 6
0 0 4 9421 144 0 54 0 11
0 0 5 9528 135 0 51 0 4
0 0 3 10053 157 0 55 0 9
0 0 5 9567 140 0 53 0 4
0 0 6 9618 134 0 58 0 4
0 0 4 9672 137 0 50 0 4
0 0 2 10167 132 0 69 0 10
0 0 8 9710 139 0 50 0 4
0 0 5 10258 137 0 66 0 5
0 0 6 9763 136 0 55 0 4
0 0 24 9796 133 0 59 0 4
0 0 4 10359 141 0 61 0 6
0 0 8 9858 132 0 56 0 4
0 0 4 9908 141 0 46 0 4
0 0 28 9932 140 0 50 0 4
0 0 3 10458 139 0 66 0 5
0 0 5 10007 131 0 50 0 4
0 0 4 10055 136 0 54 0 4
0 0 4 10557 133 0 70 0 7
0 0 7 10098 133 0 51 0 4
0 0 5 10649 133 0 63 0 6
0 0 6 10149 141 0 45 0 4
0 0 4 10198 152 0 53 0 4
0 0 4 10748 151 0 59 0 4
0 0 5 10252 137 0 56 0 4
0 0 3 10308 129 0 56 0 4
0 0 4 10354 127 0 56 0 4
0 0 3 10857 131 0 64 0 3
0 0 4 10437 134 0 51 0 4
0 0 5 10395 135 0 53 0 4
0 0 6 10946 136 0 61 0 5
0 0 6 10490 130 0 56 0 4
0 0 5 11047 131 0 58 0 4
0 0 5 10531 130 0 59 0 4
0 0 4 10587 131 0 54 0 4
0 0 7 10619 130 0 56 0 4
0 0 3 11137 142 0 54 0 3
0 0 4 10716 132 0 44 0 4
0 0 5 10673 140 0 48 0 4
0 0 7 11236 131 0 59 0 5
0 0 5 10802 135 0 54 0 4
0 0 6 10773 128 0 53 0 4
0 0 4 11333 132 0 53 0 4
0 0 3 10867 132 0 67 0 4
0 0 6 10898 134 0 69 0 4
0 0 4 11423 127 0 73 0 6
0 0 7 10953 146 0 55 0 3
0 0 3 11000 150 0 60 0 4
0 0 4 11509 148 0 63 0 3
0 0 6 11061 134 0 54 0 4
0 0 6 11102 135 0 52 0 3
0 0 6 11616 131 0 60 0 4
0 0 3 11160 135 0 52 0 4
0 0 5 11199 133 0 53 0 4
0 0 20 11694 135 0 54 0 5
0 0 4 11297 131 0 50 0 4
0 0 5 11252 132 0 55 0 4
0 0 3 11806 131 0 67 0 4
0 0 5 11344 130 0 51 0 4
0 0 5 11383 132 0 54 0 4
0 0 5 11895 132 0 63 0 4
(ms) thread_id frame capture capture-preproc preproc preproc-detect detect detect-track
0 0 3 11439 137 0 52 0 4
0 0 6 11988 137 0 59 0 6
0 0 3 11575 132 0 55 0 4
0 0 2 11536 133 0 58 0 4
0 0 3 12092 132 0 59 0 4
0 0 7 11622 146 0 47 0 3
0 0 2 11672 153 0 50 0 4
0 0 3 12181 149 0 59 0 6
0 0 6 11777 127 0 47 0 4
0 0 5 12288 128 0 56 0 5
0 0 5 11732 131 0 73 0 3
0 0 3 11829 131 0 58 0 4
0 0 4 12381 132 0 57 0 4
0 0 5 11866 136 0 54 0 3
0 0 6 11913 138 0 48 0 4
0 0 4 11967 132 0 52 0 4
0 0 3 12473 137 0 57 0 6
0 0 5 12013 132 0 56 0 4
0 0 5 12055 130 0 57 0 4
0 0 5 12567 131 0 65 0 4
0 0 5 12145 136 0 57 0 4
0 0 6 12661 137 0 57 0 5
0 0 3 12110 142 0 53 0 4
0 0 6 12207 130 0 52 0 4
0 0 3 12248 137 0 55 0 7
0 0 3 12759 135 0 66 0 5
0 0 28 12276 134 0 59 0 4
0 0 5 12339 135 0 58 0 4
0 0 4 12852 134 0 66 0 4
0 0 3 12395 155 0 53 0 4
0 0 6 12946 159 0 65 0 4
0 0 24 12416 174 0 51 0 4
0 0 2 12514 139 0 44 0 6
0 0 3 13073 141 0 50 0 4
0 0 5 12569 138 0 51 0 9
0 0 4 12609 133 0 46 0 11
0 0 3 13171 128 0 64 0 4
0 0 3 12670 141 0 46 0 6
0 0 4 12702 133 0 52 0 4
0 0 6 13256 132 0 52 0 9
0 0 4 12773 137 0 43 0 4
0 0 3 12800 138 0 50 0 4
0 0 3 13355 136 0 51 0 6
0 0 6 12865 125 0 47 0 4
0 0 3 13449 133 0 54 0 4
0 0 2 12897 133 0 55 0 4
0 0 4 12953 138 0 45 0 4
0 0 4 13540 137 0 52 0 4
0 0 5 12988 138 0 50 0 4
0 0 2 13057 137 0 47 0 4
0 0 4 13641 135 0 68 0 5
0 0 3 13092 133 0 68 0 4
0 0 6 13147 141 0 51 0 4
0 0 2 13184 151 0 48 0 4
0 0 3 13734 153 0 50 0 4
0 0 3 13252 138 0 52 0 4
0 0 4 13292 131 0 49 0 4
0 0 3 13847 137 0 57 0 4
0 0 2 13354 136 0 48 0 4
0 0 2 13389 137 0 50 0 4
0 0 3 13944 132 0 49 0 4
0 0 5 13445 138 0 45 0 4
0 0 4 13482 135 0 48 0 4
0 0 3 14041 134 0 50 0 4
0 0 2 13545 128 0 49 0 4
0 0 4 14131 130 0 52 0 4
0 0 4 13577 134 0 55 0 4
0 0 4 13632 136 0 46 0 4
0 0 20 14204 135 0 45 0 4
0 0 5 13671 136 0 44 0 4
0 0 5 13732 140 0 45 0 4
0 0 4 14320 136 0 52 0 4
0 0 3 13774 130 0 53 0 5
0 0 5 13829 126 0 50 0 4
0 0 2 13862 156 0 48 0 4
0 0 3 14415 154 0 49 0 4
0 0 4 13918 153 0 51 0 4
0 0 3 14530 131 0 62 0 4
0 0 6 13974 134 0 61 0 4
0 0 3 14036 140 0 49 0 4
0 0 5 14071 138 0 50 0 5
0 0 3 14624 141 0 50 0 4
0 0 5 14130 134 0 52 0 4
0 0 3 14170 131 0 54 0 4
0 0 3 14724 131 0 53 0 4
0 0 4 14225 136 0 47 0 4
0 0 3 14815 133 0 48 0 4
0 0 5 14259 131 0 54 0 4
0 0 2 14328 137 0 44 0 4
0 0 6 14349 140 0 46 0 4
0 0 4 14908 136 0 48 0 4
0 0 4 14419 129 0 47 0 4
0 0 3 15009 133 0 55 0 4
0 0 4 14454 133 0 60 0 4
0 0 6 14507 118 0 59 0 4
0 0 3 14544 132 0 70 0 4
0 0 4 15097 139 0 67 0 4
0 0 4 14588 136 0 68 0 4
0 0 3 14638 151 0 59 0 4
0 0 4 14688 146 0 59 0 4
0 0 5 15196 146 0 59 0 4
0 0 3 15308 137 0 54 0 4
0 0 4 14790 137 0 55 0 4
0 0 3 14733 137 0 56 0 4
0 0 8 14843 132 0 52 0 4
0 0 4 14883 132 0 59 0 4
0 0 3 15403 132 0 59 0 4
(ms) thread_id frame capture capture-preproc preproc preproc-detect detect detect-track
0 0 8 14977 132 0 59 0 4
0 0 4 14940 131 0 62 0 4
0 0 6 15030 137 0 54 0 4
0 0 5 15585 136 0 56 0 4
0 0 3 15079 135 0 55 0 4
0 0 5 15130 125 0 43 0 4
0 0 4 15685 140 0 56 0 4
0 0 8 15166 139 0 57 0 4
0 0 4 15215 130 0 47 0 4
0 0 4 15269 133 0 46 0 4
0 0 4 15783 143 0 54 0 6
0 0 6 15304 160 0 49 0 4
0 0 2 15369 150 0 54 0 4
0 0 4 15886 158 0 56 0 6
0 0 6 15471 137 0 47 0 4
0 0 5 15426 142 0 50 0 3
0 0 4 16007 140 0 47 0 6
0 0 6 15526 136 0 52 0 4
0 0 6 15569 134 0 53 0 4
0 0 3 16105 122 0 59 0 4
0 0 3 15624 132 0 55 0 3
0 0 6 15664 137 0 51 0 4
0 0 4 16187 126 0 59 0 4
0 0 3 15767 129 0 53 0 4
0 0 5 15716 137 0 53 0 4
0 0 4 16277 130 0 55 0 6
0 0 5 15852 128 0 57 0 4
0 0 5 15815 129 0 59 0 4
0 0 3 16365 132 0 59 0 4
0 0 5 15941 132 0 59 0 4
0 0 3 16455 132 0 60 0 4
0 0 6 15901 132 0 60 0 5
0 0 6 15994 136 0 56 0 4
0 0 3 16039 138 0 56 0 4
0 0 3 16553 137 0 55 0 8
0 0 4 16645 157 0 51 0 5
0 0 6 16092 157 0 53 0 4
0 0 5 16132 157 0 52 0 4
0 0 3 16211 130 0 55 0 4
0 0 5 16250 131 0 53 0 4
0 0 22 16744 131 0 53 0 7
0 0 2 16347 131 0 64 0 4
0 0 6 16853 141 0 54 0 5
0 0 6 16297 157 0 47 0 4
0 0 7 16429 121 0 37 0 4
0 0 5 16959 141 0 45 0 5
0 0 6 16417 135 0 45 0 4
0 0 5 16513 139 0 32 0 4
0 0 5 16512 134 0 42 0 4
0 0 3 17058 141 0 44 0 4
0 0 4 16613 131 0 34 0 3
0 0 3 16607 127 0 43 0 4
0 0 6 17156 133 0 45 0 5
0 0 4 16710 138 0 37 0 4
0 0 5 16694 130 0 47 0 4
0 0 4 17252 132 0 47 0 5
0 0 6 16801 140 0 66 0 4
0 0 5 16786 154 0 46 0 4
0 0 4 17346 157 0 49 0 5
0 0 5 16903 158 0 43 0 4
0 0 4 16901 135 0 55 0 4
0 0 3 17464 129 0 51 0 5
0 0 3 17028 141 0 46 0 4
0 0 6 16994 139 0 51 0 4
0 0 3 17554 137 0 51 0 5
0 0 6 17122 138 0 54 0 4
0 0 5 17097 135 0 57 0 4
0 0 4 17650 133 0 57 0 5
0 0 3 17224 134 0 55 0 4
0 0 6 17188 133 0 52 0 4
0 0 4 17746 142 0 49 0 4
0 0 3 17286 138 0 54 0 4
0 0 5 17316 145 0 57 0 6
0 0 4 17846 132 0 61 0 5
0 0 5 17383 135 0 58 0 4
0 0 3 17429 134 0 58 0 4
0 0 3 17939 131 0 58 0 5
0 0 5 17474 140 0 54 0 4
0 0 5 17517 140 0 54 0 4
0 0 4 18033 140 0 54 0 10
0 0 4 18131 160 0 52 0 5
0 0 4 17579 157 0 54 0 7
0 0 6 17616 159 0 55 0 7
0 0 4 17742 132 0 60 0 7
0 0 4 18250 132 0 59 0 9
0 0 6 17694 134 0 62 0 6
0 0 7 17828 142 0 54 0 4
0 0 5 17791 139 0 56 0 4
0 0 4 18346 143 0 55 0 8
0 0 7 17888 134 0 57 0 4
0 0 4 17933 131 0 59 0 4
0 0 3 18447 132 0 57 0 5
0 0 5 18023 136 0 54 0 4
0 0 4 17986 134 0 54 0 3
0 0 2 18541 130 0 57 0 5
0 0 2 18126 133 0 52 0 3
(ms) 18829 = 1 190 0 0 4 18083
0 0 4 18630 136 0 53 0 4
0 0 3 18730 131 0 53 0 5
0 0 3 18214 129 0 56 0 3
0 0 6 18171 130 0 57 0 4
0 0 2 18265 129 0 73 0 4
0 0 7 18301 133 0 70 0 3
0 0 4 18817 131 0 70 0 5
0 0 5 18351 149 0 48 0 3
0 0 3 18402 151 0 53 0 5
0 0 4 18910 152 0 56 0 5
0 0 16 18453 130 0 50 0 3
0 0 3 19026 135 0 49 0 4
0 0 5 18507 140 0 50 0 3
0 0 5 18552 138 0 54 0 4
0 0 13 18598 125 0 51 0 3
0 0 3 19119 128 0 53 0 4
0 0 3 18652 131 0 58 0 4
0 0 6 18693 130 0 57 0 4
0 0 3 19207 131 0 60 0 5
0 0 5 18744 134 0 56 0 3
0 0 4 19298 134 0 54 0 4
0 0 2 18791 142 0 49 0 3
0 0 4 18838 136 0 51 0 4
0 0 6 19394 133 0 52 0 5
0 0 3 18889 126 0 51 0 4
0 0 6 18972 128 0 57 0 4
0 0 5 18929 130 0 56 0 4
0 0 3 19486 130 0 58 0 6
0 0 4 19576 133 0 55 0 5
0 0 2 19027 133 0 55 0 4
0 0 5 19060 138 0 58 0 4
0 0 3 19671 138 0 54 0 5
0 0 4 19166 133 0 54 0 4
0 0 2 19122 137 0 55 0 4
0 0 6 19211 134 0 59 0 4
0 0 3 19258 135 0 59 0 4
0 0 4 19771 134 0 62 0 5
0 0 4 19311 133 0 34 0 4
0 0 7 19347 143 0 50 0 4
0 0 4 19863 145 0 50 0 4
0 0 4 19406 127 0 39 0 4
0 0 3 19970 132 0 52 0 4
0 0 2 19461 135 0 51 0 3
0 0 7 19488 133 0 45 0 4
0 0 6 20063 132 0 48 0 4
0 0 3 19552 145 0 46 0 4
0 0 4 19584 137 0 45 0 4
0 0 4 20154 130 0 50 0 5
0 0 8 19652 140 0 45 0 4
0 0 4 19684 138 0 54 0 4
0 0 4 20243 132 0 53 0 5
0 0 5 19756 136 0 48 0 4
0 0 3 19782 136 0 40 0 5
0 0 14 20330 153 0 44 0 4
0 0 5 19857 153 0 37 0 4
0 0 4 19876 140 0 38 0 5
0 0 4 20451 138 0 52 0 5
0 0 4 19968 129 0 42 0 5
0 0 3 19979 132 0 37 0 5
0 0 4 20549 144 0 42 0 4
0 0 4 20056 136 0 46 0 5
0 0 2 20075 134 0 31 0 5
0 0 4 20653 144 0 34 0 4
0 0 4 20158 144 0 41 0 4
0 0 4 20165 134 0 34 0 5
0 0 4 20761 134 0 39 0 5
0 0 3 20260 134 0 40 0 5
0 0 5 20259 133 0 36 0 5
0 0 3 20852 143 0 42 0 4
0 0 4 20353 138 0 42 0 4
0 0 5 20356 138 0 33 0 4
0 0 4 20957 137 0 47 0 5
0 0 5 20449 131 0 47 0 5
0 0 4 20453 130 0 40 0 4
0 0 5 20544 143 0 47 0 4
0 0 4 21057 147 0 45 0 5
0 0 7 20536 144 0 37 0 5
0 0 4 20644 132 0 47 0 4
0 0 5 21160 132 0 44 0 4
0 0 2 20650 134 0 36 0 4
0 0 5 20733 130 0 45 0 4
0 0 4 21253 135 0 40 0 5
0 0 3 20746 142 0 34 0 5
0 0 4 20832 138 0 38 0 4
0 0 3 21351 141 0 40 0 5
0 0 7 20842 135 0 36 0 4
0 0 3 20927 133 0 37 0 4
0 0 4 21454 138 0 43 0 5
0 0 3 20941 145 0 39 0 4
0 0 5 21018 126 0 42 0 8
0 0 3 21550 140 0 38 0 4
0 0 3 21050 136 0 44 0 4
0 0 4 21109 135 0 34 0 6
0 0 4 21651 153 0 37 0 4
0 0 4 21143 129 0 35 0 4
0 0 4 21201 129 0 30 0 5
0 0 4 21767 135 0 36 0 4
0 0 5 21232 142 0 34 0 4
0 0 3 21292 162 0 33 0 4
0 0 5 21857 141 0 34 0 5
0 0 5 21336 131 0 37 0 4
0 0 4 21413 134 0 35 0 4
0 0 4 21961 137 0 37 0 4
0 0 5 21425 141 0 36 0 4
0 0 5 21508 137 0 35 0 5
0 0 4 22062 142 0 34 0 4
0 0 5 21526 133 0 37 0 4
0 0 5 21604 136 0 35 0 4
0 0 4 22161 134 0 35 0 4
0 0 2 21624 133 0 39 0 4
0 0 5 21701 142 0 35 0 6
0 0 6 22254 143 0 35 0 4
0 0 6 21714 145 0 37 0 4
0 0 3 21809 130 0 37 0 4
0 0 4 22359 134 0 35 0 4
0 0 6 21818 134 0 36 0 4
0 0 4 21896 130 0 38 0 4
0 0 3 22458 146 0 36 0 5
0 0 6 21912 143 0 39 0 4
0 0 5 21984 127 0 54 0 4
0 0 4 22559 144 0 35 0 4
0 0 4 22021 160 0 46 0 4
0 0 6 22071 151 0 44 0 7
0 0 4 22664 145 0 36 0 4
0 0 3 22141 132 0 48 0 4
0 0 4 22189 129 0 47 0 5
0 0 3 22773 132 0 36 0 4
0 0 7 22229 136 0 45 0 4
0 0 4 22275 135 0 44 0 4
0 0 5 22861 135 0 34 0 4
0 0 4 22326 135 0 47 0 7
0 0 7 22367 133 0 49 0 10
0 0 4 22957 132 0 36 0 4
0 0 4 22464 132 0 50 0 7
0 0 5 22423 133 0 49 0 7
0 0 3 23054 133 0 36 0 5
0 0 4 22556 133 0 38 0 4
0 0 6 22514 144 0 42 0 4
0 0 3 23145 142 0 37 0 9
0 0 5 22647 130 0 39 0 4
0 0 6 22619 133 0 42 0 4
0 0 4 23246 137 0 51 0 7
0 0 5 22738 144 0 40 0 4
0 0 3 22719 153 0 38 0 4
0 0 4 23345 158 0 40 0 4
0 0 4 22848 127 0 42 0 4
0 0 5 22828 139 0 36 0 4
0 0 3 23464 143 0 44 0 4
0 0 5 22931 129 0 49 0 7
0 0 6 22925 131 0 38 0 4
0 0 4 23567 137 0 49 0 5
0 0 6 23018 137 0 47 0 4
0 0 3 23022 133 0 37 0 4
0 0 5 23664 139 0 44 0 4
0 0 5 23121 142 0 48 0 4
0 0 4 23116 129 0 44 0 4
0 0 3 23768 134 0 47 0 5
0 0 3 23222 139 0 47 0 4
0 0 5 23201 130 0 45 0 4
0 0 4 23858 136 0 40 0 5
0 0 6 23317 138 0 47 0 4
0 0 5 23293 135 0 47 0 4
0 0 4 23954 136 0 41 0 4
0 0 4 23392 126 0 53 0 4
0 0 6 23416 135 0 56 0 4
0 0 3 24052 147 0 42 0 5
0 0 4 23518 148 0 53 0 4
0 0 4 23476 148 0 55 0 4
0 0 3 24163 137 0 44 0 5
0 0 5 23582 131 0 55 0 4
0 0 4 23622 145 0 47 0 4
0 0 5 24254 134 0 43 0 5
0 0 4 23679 140 0 53 0 5
0 0 5 23727 137 0 48 0 4
0 0 3 24351 149 0 50 0 4
0 0 5 23775 138 0 60 0 5
0 0 4 23830 139 0 50 0 4
0 0 4 23874 140 0 57 0 5
0 0 4 24463 145 0 61 0 5
0 0 5 23924 129 0 58 0 5
0 0 5 23975 139 0 56 0 4
0 0 5 24014 138 0 64 0 4
0 0 5 24564 140 0 67 0 5
0 0 5 24113 142 0 58 0 5
0 0 4 24664 145 0 59 0 5
0 0 4 24079 143 0 61 0 5
0 0 3 24221 152 0 53 0 4
0 0 3 24772 159 0 62 0 4
0 0 6 24176 161 0 58 0 5
0 0 6 24327 137 0 55 0 5
0 0 3 24892 138 0 58 0 4
0 0 6 24299 143 0 53 0 4
0 0 7 24424 138 0 44 0 4
0 0 5 24988 140 0 49 0 4
0 0 3 24408 144 0 53 0 5
0 0 4 24529 139 0 56 0 5
0 0 4 25090 132 0 57 0 4
0 0 3 24510 143 0 46 0 4
(ms) thread_id frame capture capture-preproc preproc preproc-detect detect detect-track
0 0 6 24623 145 0 50 0 5
0 0 6 24611 134 0 55 0 5
0 0 7 24726 135 0 58 0 5
0 0 5 25284 132 0 60 0 4
0 0 4 24708 141 0 50 0 4
0 0 5 25378 142 0 50 0 4
0 0 5 24824 145 0 49 0 4
0 0 5 24810 138 0 54 0 5
0 0 3 25486 133 0 52 0 4
0 0 6 24932 134 0 66 0 5
0 0 5 24905 137 0 62 0 5
0 0 4 25575 153 0 52 0 5
0 0 4 25023 152 0 51 0 5
0 0 6 25003 149 0 54 0 5
0 0 4 25689 136 0 60 0 5
0 0 7 25135 136 0 60 0 4
0 0 8 25113 139 0 49 0 5
0 0 3 25791 141 0 53 0 4
0 0 8 25233 140 0 53 0 5
0 0 5 25212 135 0 56 0 5
0 0 3 25889 137 0 62 0 4
0 0 5 25333 136 0 63 0 5
0 0 6 25307 135 0 52 0 4
0 0 5 25985 141 0 57 0 5
0 0 6 25428 142 0 59 0 5
0 0 4 25405 130 0 58 0 5
0 0 4 25498 135 0 64 0 5
0 0 5 25531 139 0 64 0 5
0 0 4 26088 137 0 65 0 4
(ms) thread_id frame capture capture-preproc preproc preproc-detect detect detect-track
0 0 7 25588 141 0 60 0 6
0 0 4 25636 142 0 59 0 5
0 0 5 25691 165 0 61 0 5
0 0 6 25733 164 0 61 0 5
0 0 5 26286 164 0 63 0 4
0 0 5 25821 139 0 60 0 5
0 0 6 26410 136 0 63 0 4
0 0 6 25858 137 0 61 0 5
0 0 3 25917 141 0 54 0 5
0 0 5 25960 142 0 55 0 5
0 0 3 26513 141 0 66 0 4
0 0 4 26060 139 0 62 0 4
0 0 3 26612 140 0 62 0 4
0 0 5 26018 144 0 57 0 5
0 0 6 26156 141 0 62 0 5
0 0 7 26709 142 0 61 0 5
0 0 2 26126 138 0 62 0 5
0 0 3 26265 136 0 62 0 4
0 0 3 26227 136 0 61 0 5
0 0 3 26817 137 0 65 0 5
0 0 2 26358 143 0 62 0 5
0 0 4 26318 142 0 62 0 5
0 0 3 26912 141 0 63 0 4
0 0 5 26458 139 0 83 0 5
0 0 4 26419 142 0 81 0 4
0 0 4 27013 174 0 59 0 4
0 0 12 27139 137 0 57 0 5
0 0 4 26558 171 0 58 0 5
0 0 4 26525 167 0 60 0 6
0 0 4 26695 137 0 63 0 5
0 0 4 27247 135 0 70 0 5
0 0 6 26648 138 0 71 0 4
0 0 6 26785 146 0 55 0 5
0 0 4 27339 147 0 57 0 5
0 0 6 26747 146 0 57 0 4
0 0 5 27445 136 0 63 0 5
0 0 7 26892 137 0 63 0 4
0 0 4 26858 134 0 66 0 5
0 0 4 26995 142 0 56 0 5
0 0 4 26949 143 0 65 0 5
0 0 4 27546 141 0 71 0 4
0 0 4 27094 137 0 61 0 5
0 0 4 27645 137 0 63 0 5
0 0 6 27050 136 0 66 0 5
0 0 4 27743 141 0 79 0 4
0 0 6 27190 140 0 82 0 4
0 0 3 27153 141 0 85 0 4
0 0 5 27843 147 0 59 0 4
0 0 4 27296 147 0 60 0 4
0 0 4 27249 194 0 41 0 4
0 0 3 27956 140 0 57 0 5
0 0 5 27400 146 0 51 0 4
0 0 7 27401 126 0 45 0 4
0 0 3 28053 133 0 40 0 4
0 0 7 27504 136 0 38 0 5
0 0 4 27491 137 0 53 0 4
0 0 5 28144 145 0 51 0 5
0 0 4 27603 136 0 50 0 4
0 0 4 27592 122 0 53 0 5
0 0 6 27669 127 0 58 0 5
0 0 5 27703 140 0 59 0 5
0 0 3 28254 134 0 69 0 4
0 0 5 28345 141 0 58 0 5
0 0 7 27756 137 0 57 0 5
0 0 6 27798 138 0 60 0 5
0 0 5 28446 138 0 62 0 4
0 0 8 27895 134 0 60 0 4
0 0 5 27860 134 0 63 0 5
0 0 3 28547 137 0 50 0 4
0 0 6 27949 140 0 52 0 5
0 0 4 27997 149 0 52 0 5
0 0 6 28050 141 0 58 0 5
0 0 3 28646 134 0 68 0 5
0 0 3 28104 134 0 55 0 5
0 0 4 28737 138 0 49 0 4
0 0 4 28158 136 0 53 0 5
0 0 5 28197 141 0 49 0 4
0 0 5 28835 136 0 52 0 5
0 0 5 28250 130 0 51 0 5
0 0 4 28303 137 0 53 0 5
0 0 6 28340 135 0 48 0 5
0 0 4 28936 136 0 62 0 5
0 0 5 28395 142 0 50 0 4
0 0 5 28440 139 0 52 0 5
0 0 3 29031 141 0 51 0 4
0 0 7 28496 136 0 52 0 4
0 0 4 28536 128 0 44 0 5
0 0 4 28599 128 0 51 0 4
0 0 6 29129 157 0 49 0 5
0 0 5 28624 144 0 60 0 5
(ms) thread_id frame capture capture-preproc preproc preproc-detect detect detect-track
0 0 5 28683 143 0 77 0 4
0 0 4 28728 160 0 39 0 5
0 0 3 29342 158 0 53 0 4
0 0 4 28787 164 0 54 0 4
0 0 5 28851 134 0 41 0 5
0 0 6 29458 136 0 50 0 4
0 0 5 28911 142 0 46 0 9
0 0 5 28943 138 0 34 0 8
0 0 4 29559 135 0 57 0 4
0 0 5 29017 144 0 44 0 7
0 0 7 29038 136 0 37 0 9
0 0 3 29653 137 0 49 0 6
0 0 6 29116 137 0 43 0 4
0 0 4 29142 132 0 42 0 5
0 0 4 29749 134 0 49 0 6
0 0 6 29214 138 0 40 0 5
0 0 4 29230 139 0 37 0 4
0 0 5 29844 135 0 45 0 4
0 0 4 29318 139 0 41 0 4
0 0 5 29329 138 0 50 0 5
0 0 3 29943 130 0 57 0 4
0 0 4 29414 130 0 44 0 4
0 0 5 30028 139 0 50 0 4
0 0 4 29431 147 0 50 0 4
0 0 6 29502 128 0 53 0 4
0 0 4 30129 136 0 58 0 4
0 0 8 29531 134 0 60 0 5
0 0 4 29596 132 0 52 0 4
0 0 4 29629 142 0 53 0 5
0 0 3 29686 128 0 53 0 4
0 0 3 30229 140 0 61 0 4
0 0 3 30327 135 0 60 0 4
0 0 6 29772 135 0 61 0 4
0 0 4 29732 137 0 60 0 5
0 0 6 30419 140 0 56 0 4
0 0 4 29868 135 0 59 0 4
0 0 4 29832 138 0 57 0 5
0 0 5 29967 135 0 53 0 5
0 0 5 29927 140 0 58 0 4
0 0 3 30525 137 0 65 0 4
0 0 5 30059 137 0 56 0 4
0 0 3 30619 139 0 54 0 5
0 0 5 30027 141 0 53 0 4
0 0 5 30156 139 0 54 0 4
0 0 6 30716 136 0 57 0 5
0 0 2 30135 132 0 67 0 4
0 0 3 30260 138 0 60 0 4
0 0 3 30816 135 0 58 0 4
0 0 5 30221 141 0 54 0 4
0 0 10 30318 133 0 51 0 5
0 0 5 30355 138 0 54 0 5
0 0 3 30915 138 0 65 0 6
0 0 5 31008 133 0 59 0 4
0 0 12 30446 133 0 62 0 4
0 0 3 30422 133 0 63 0 4
0 0 5 31102 138 0 53 0 4
0 0 3 30551 137 0 57 0 4
0 0 4 30511 142 0 50 0 4
0 0 4 30646 130 0 46 0 4
0 0 8 30610 134 0 54 0 4
0 0 3 31205 137 0 62 0 4
0 0 6 30734 134 0 53 0 4
0 0 3 31300 139 0 51 0 4
0 0 3 30710 140 0 50 0 4
0 0 4 30834 137 0 48 0 4
0 0 5 31397 134 0 52 0 7
0 0 4 30808 131 0 57 0 4
0 0 4 30929 134 0 58 0 4
0 0 5 30900 148 0 52 0 4
0 0 3 31496 141 0 61 0 4
0 0 5 31021 146 0 39 0 4
0 0 8 31005 134 0 51 0 4
0 0 3 31595 143 0 54 0 6
0 0 7 31127 131 0 43 0 4
0 0 5 31697 132 0 57 0 4
0 0 4 31108 140 0 56 0 4
0 0 5 31224 135 0 44 0 4
0 0 5 31204 134 0 52 0 5
0 0 3 31316 142 0 44 0 4
0 0 6 31297 132 0 55 0 4
0 0 3 31889 133 0 58 0 4
0 0 5 31417 131 0 46 0 4
0 0 4 31982 140 0 52 0 4
0 0 4 31395 139 0 50 0 5
0 0 4 31514 140 0 40 0 5
0 0 12 32074 137 0 58 0 4
0 0 5 31490 134 0 58 0 5
0 0 5 31609 135 0 45 0 5
0 0 8 31582 142 0 50 0 5
0 0 3 32184 138 0 59 0 10
0 0 7 31703 153 0 44 0 4
0 0 4 31692 143 0 56 0 4
0 0 3 32279 150 0 54 0 4
0 0 4 31823 137 0 56 0 4
0 0 7 32385 131 0 56 0 4
0 0 4 31792 139 0 52 0 4
0 0 4 31915 138 0 44 0 4
0 0 3 32484 140 0 55 0 4
0 0 5 31890 133 0 57 0 4
0 0 5 32014 128 0 40 0 5
0 0 5 31984 139 0 53 0 5
0 0 4 32580 147 0 46 0 4
0 0 6 32101 134 0 36 0 5
0 0 4 32088 140 0 46 0 5
0 0 5 32686 138 0 46 0 4
0 0 4 32202 135 0 38 0 4
0 0 6 32183 131 0 44 0 5
0 0 3 32787 142 0 40 0 4
0 0 4 32294 131 0 43 0 5
0 0 7 32273 138 0 45 0 4
0 0 5 32891 137 0 47 0 4
0 0 6 32383 144 0 49 0 4
0 0 5 32378 133 0 55 0 4
0 0 4 32987 149 0 39 0 4
0 0 4 32494 142 0 38 0 4
0 0 6 32466 144 0 44 0 4
0 0 5 33095 133 0 43 0 4
0 0 5 32591 139 0 37 0 4
0 0 5 32572 133 0 45 0 4
0 0 4 33192 141 0 46 0 4
0 0 4 32691 133 0 38 0 4
0 0 5 32666 135 0 47 0 4
0 0 3 33291 133 0 37 0 4
0 0 5 32785 129 0 39 0 4
0 0 4 32765 129 0 39 0 4
0 0 6 33382 150 0 34 0 4
0 0 4 32878 159 0 39 0 4
0 0 12 32840 164 0 40 0 4
0 0 3 33499 165 0 42 0 4
0 0 10 32985 140 0 31 0 4
0 0 7 32972 133 0 63 0 4
0 0 4 33620 155 0 35 0 4
0 0 6 33093 127 0 39 0 4
0 0 3 33071 127 0 43 0 4
0 0 6 33734 147 0 37 0 4
0 0 3 33188 148 0 38 0 4
0 0 5 33159 151 0 38 0 4
0 0 3 33847 137 0 46 0 4
0 0 3 33292 130 0 44 0 4
0 0 5 33266 130 0 42 0 5
0 0 3 33942 142 0 45 0 4
0 0 7 33379 129 0 56 0 8
0 0 4 33358 135 0 41 0 4
0 0 5 34042 134 0 50 0 4
0 0 4 33471 137 0 49 0 10
0 0 5 33457 128 0 44 0 5
0 0 5 34138 135 0 35 0 8
0 0 4 33572 129 0 41 0 4
0 0 5 33542 149 0 35 0 4
0 0 3 34234 135 0 51 0 4
0 0 5 33655 133 0 49 0 4
0 0 6 33650 124 0 41 0 4
0 0 4 34328 132 0 62 0 4
0 0 6 33749 137 0 47 0 4
0 0 4 33740 129 0 44 0 4
0 0 5 34421 139 0 52 0 4
0 0 3 33853 136 0 72 0 4
0 0 4 33826 130 0 68 0 4
0 0 3 34525 157 0 44 0 4
0 0 4 33944 150 0 52 0 4
0 0 5 33915 153 0 50 0 5
0 0 5 34637 137 0 77 0 4
0 0 3 34034 129 0 61 0 5
0 0 6 34052 136 0 69 0 5
0 0 4 34735 147 0 46 0 4
0 0 3 34119 142 0 52 0 5
0 0 3 34153 148 0 55 0 5
0 0 3 34833 130 0 39 0 4
0 0 3 34265 134 0 73 0 4
0 0 6 34219 134 0 72 0 4
0 0 4 34934 157 0 53 0 4
0 0 6 34353 151 0 58 0 4
0 0 7 34313 147 0 61 0 4
0 0 9 35045 134 0 63 0 4
0 0 4 34427 131 0 61 0 5
0 0 11 34459 128 0 61 0 4
0 0 5 35144 140 0 59 0 5
(ms) thread_id frame capture capture-preproc preproc preproc-detect detect detect-track
0 0 5 34514 140 0 57 0 5
0 0 4 34655 159 0 53 0 5
0 0 6 34613 159 0 53 0 5
0 0 4 35248 159 0 63 0 4
0 0 7 35362 133 0 63 0 4
0 0 6 34772 133 0 61 0 4
0 0 2 34740 132 0 60 0 7
0 0 5 35456 141 0 55 0 4
0 0 3 34870 142 0 58 0 8
0 0 3 34829 141 0 60 0 8
0 0 4 34928 133 0 60 0 5
0 0 4 35561 132 0 59 0 9
0 0 2 34977 135 0 56 0 7
0 0 6 35021 134 0 54 0 5
0 0 3 35657 131 0 60 0 6
0 0 5 35065 143 0 50 0 4
0 0 4 35121 137 0 51 0 4
0 0 6 35167 126 0 54 0 4
0 0 5 35743 141 0 55 0 7
0 0 6 35844 133 0 58 0 4
0 0 4 35260 130 0 61 0 4
0 0 6 35212 131 0 62 0 4
0 0 7 35302 130 0 76 0 4
0 0 3 35944 135 0 71 0 4
0 0 7 35343 135 0 72 0 4
0 0 5 36035 149 0 60 0 4
0 0 18 35386 153 0 62 0 4
0 0 7 35439 149 0 62 0 7
0 0 3 35511 138 0 57 0 5
0 0 8 36142 138 0 55 0 6
0 0 19 35540 139 0 55 0 8
0 0 3 36246 136 0 56 0 4
0 0 4 35609 134 0 60 0 5
0 0 4 35650 134 0 61 0 7
0 0 4 36340 130 0 57 0 4
0 0 6 35742 131 0 59 0 4
0 0 7 35700 131 0 60 0 4
0 0 5 35798 138 0 58 0 5
0 0 4 36431 134 0 58 0 7
0 0 6 35834 135 0 58 0 8
0 0 6 36524 135 0 60 0 4
0 0 5 35935 134 0 61 0 4
0 0 6 35888 135 0 61 0 4
0 0 3 36027 134 0 59 0 4
0 0 4 36623 135 0 58 0 4
0 0 5 35987 135 0 58 0 4
0 0 2 36718 153 0 60 0 4
0 0 6 36119 157 0 58 0 4
0 0 4 36087 153 0 60 0 4
0 0 6 36195 138 0 53 0 4
0 0 4 36243 138 0 53 0 8
0 0 6 36828 139 0 65 0 4
0 0 3 36933 132 0 57 0 4
0 0 5 36295 132 0 60 0 4
0 0 5 36336 132 0 60 0 4
(ms) thread_id frame capture capture-preproc preproc preproc-detect detect detect-track
0 0 3 36390 137 0 53 0 4
0 0 4 37022 134 0 59 0 4
0 0 2 36491 133 0 52 0 4
0 0 2 36530 132 0 54 0 7
0 0 4 37117 132 0 60 0 4
0 0 4 36578 131 0 60 0 5
0 0 3 36620 132 0 61 0 4
0 0 4 37209 131 0 65 0 4
0 0 3 37303 136 0 54 0 4
0 0 5 36709 137 0 54 0 4
0 0 6 36668 135 0 56 0 4
0 0 5 36768 132 0 55 0 5
0 0 4 36807 132 0 55 0 8
0 0 5 37395 135 0 88 0 4
0 0 5 36857 162 0 60 0 4
0 0 4 36903 161 0 60 0 5
0 0 6 37491 162 0 69 0 4
(ms) thread_id frame capture capture-preproc preproc preproc-detect detect detect-track
0 0 5 37021 136 0 59 0 4
0 0 11 37610 147 0 52 0 4
0 0 4 37082 141 0 50 0 5
0 0 6 37116 140 0 54 0 7
0 0 3 37723 135 0 61 0 4
0 0 4 37818 129 0 57 0 4
0 0 4 37181 132 0 59 0 4
0 0 4 37222 136 0 59 0 4
0 0 10 37267 138 0 53 0 4
0 0 4 37908 138 0 53 0 4
0 0 4 37314 136 0 54 0 5
0 0 8 37405 133 0 58 0 4
0 0 5 37375 134 0 58 0 4
0 0 3 38009 133 0 60 0 4
0 0 4 37466 137 0 55 0 4
0 0 5 38097 137 0 56 0 4
0 0 4 37509 137 0 58 0 4
0 0 3 37603 149 0 59 0 4
0 0 4 37564 148 0 59 0 4
0 0 6 38195 150 0 59 0 4
0 0 3 38311 137 0 55 0 4
0 0 6 37710 136 0 57 0 5
0 0 7 37670 138 0 56 0 5
0 0 3 38406 134 0 61 0 4
0 0 5 37774 133 0 61 0 5
0 0 5 37807 135 0 63 0 4
0 0 5 38498 139 0 57 0 4
0 0 5 37863 140 0 57 0 5
0 0 4 37907 140 0 59 0 5
0 0 18 37951 137 0 58 0 5
0 0 3 38599 137 0 59 0 4
0 0 4 38004 137 0 60 0 5
0 0 20 38086 132 0 60 0 4
0 0 4 38066 135 0 57 0 4
0 0 3 38699 138 0 55 0 4
0 0 4 38158 136 0 54 0 4
0 0 3 38200 141 0 52 0 4
0 0 4 38795 135 0 52 0 7
0 0 8 38249 133 0 53 0 4
0 0 3 38890 132 0 57 0 4
0 0 3 38296 130 0 60 0 4
0 0 3 38348 137 0 55 0 4
0 0 7 38382 137 0 56 0 4
0 0 4 38984 139 0 53 0 4
0 0 6 38482 132 0 50 0 4
0 0 4 39081 132 0 48 0 6
0 0 4 38448 133 0 64 0 4
0 0 5 39172 132 0 57 0 4
0 0 3 38582 132 0 59 0 4
0 0 6 38537 132 0 58 0 4
0 0 4 38670 134 0 46 0 4
0 0 5 38630 140 0 52 0 4
0 0 3 39270 141 0 54 0 7
0 0 6 38762 131 0 44 0 4
0 0 4 38736 136 0 53 0 4
0 0 3 39368 132 0 56 0 4
0 0 4 38859 132 0 46 0 4
0 0 5 39459 129 0 52 0 4
0 0 7 38825 143 0 44 0 4
0 0 3 39550 131 0 44 0 4
0 0 6 38946 136 0 48 0 4
0 0 7 38929 136 0 48 0 4
0 0 6 39043 132 0 49 0 4
0 0 3 39644 132 0 47 0 4
0 0 4 39028 136 0 42 0 4
0 0 4 39137 132 0 51 0 4
0 0 4 39733 135 0 51 0 4
0 0 4 39129 132 0 44 0 4
0 0 4 39233 136 0 44 0 4
0 0 4 39829 139 0 45 0 3
0 0 4 39217 137 0 42 0 4
0 3 4 39321 128 0 37 0 4
0 0 4 39931 136 0 47 0 4
0 0 6 39313 134 0 39 0 4
0 0 6 39412 130 0 37 0 4
0 0 5 40023 138 0 40 0 3
0 0 4 39414 133 0 40 0 4
0 0 4 39508 131 0 37 0 4
0 0 12 40115 127 0 41 0 3
0 0 3 39506 138 0 40 0 4
0 0 5 39595 134 0 34 0 4
0 0 3 40215 141 0 42 0 4
0 0 6 39597 127 0 41 0 4
0 0 6 39686 133 0 39 0 4
0 0 4 40313 128 0 42 0 4
0 0 4 39694 134 0 40 0 4
0 0 4 39788 137 0 36 0 4
0 0 4 40397 131 0 42 0 4
0 0 7 39782 144 0 44 0 4
0 0 5 39881 143 0 39 0 4
0 0 4 40493 151 0 39 0 3
0 0 6 39888 136 0 39 0 11
0 0 6 39982 136 0 41 0 4
0 0 3 40608 131 0 41 0 4
0 0 4 39987 138 0 39 0 4
0 0 4 40082 134 0 37 0 4
0 0 5 40694 133 0 46 0 4
0 0 4 40089 132 0 40 0 4
0 0 5 40180 131 0 40 0 4
0 0 4 40788 133 0 44 0 4
0 0 7 40174 130 0 41 0 5
0 0 6 40265 136 0 38 0 5
0 0 3 40885 136 0 49 0 4
0 0 6 40266 134 0 42 0 4
0 0 5 40363 134 0 39 0 4
0 0 3 40980 136 0 42 0 4
0 0 4 40366 131 0 41 0 4
0 0 4 40463 133 0 41 0 4
0 0 5 41076 134 0 49 0 4
0 0 18 40441 124 0 48 0 5
0 0 16 40540 150 0 43 0 4
0 0 3 41174 146 0 48 0 4
0 0 5 40537 145 0 49 0 4
0 0 5 40661 131 0 36 0 4
0 0 3 40649 130 0 41 0 4
0 0 3 41279 140 0 42 0 5
0 0 3 40755 136 0 38 0 4
0 0 2 40737 137 0 53 0 4
0 0 4 41375 131 0 50 0 5
0 0 3 40855 134 0 42 0 4
0 0 6 40829 132 0 46 0 4
0 0 4 41469 143 0 42 0 4
0 0 5 40943 137 0 37 0 4
0 0 7 40908 129 0 44 0 4
0 0 4 41576 136 0 43 0 4
0 0 8 41026 131 0 40 0 4
0 0 5 41017 132 0 44 0 4
0 0 4 41668 140 0 53 0 4
0 0 4 41138 132 0 40 0 4
0 0 6 41104 136 0 42 0 4
0 0 5 41769 137 0 36 0 4
0 0 5 41225 129 0 52 0 4
0 0 6 41201 114 0 51 0 4
0 0 3 41870 183 0 35 0 4
0 0 5 41314 153 0 47 0 4
0 0 4 41279 152 0 51 0 4
0 0 4 42011 134 0 34 0 4
0 0 4 41430 137 0 45 0 4
0 0 3 41389 136 0 45 0 4
0 0 4 42102 139 0 36 0 4
0 0 5 41526 133 0 43 0 4
0 0 5 41485 134 0 44 0 4
0 0 3 42206 130 0 37 0 4
0 0 7 41616 130 0 47 0 4
0 0 2 41587 135 0 45 0 4
0 0 3 42298 140 0 32 0 4
0 0 3 41713 134 0 45 0 4
0 0 3 41677 132 0 42 0 4
0 0 4 42396 136 0 37 0 4
0 0 3 41808 133 0 44 0 4
0 0 7 41765 131 0 43 0 4
0 0 4 42492 134 0 34 0 4
0 0 7 41895 130 0 46 0 4
0 0 6 41857 130 0 47 0 4
0 0 3 42589 143 0 33 0 4
0 0 6 41987 139 0 59 0 4
0 0 4 41953 137 0 59 0 7
0 0 13 42681 156 0 39 0 4
0 0 4 42048 140 0 54 0 4
0 0 4 42093 143 0 51 0 4
0 0 4 42806 139 0 59 0 4
0 0 6 42147 127 0 56 0 4
0 0 4 42193 123 0 58 0 4
0 0 7 42272 143 0 52 0 4
0 0 3 42907 146 0 55 0 4
0 0 4 42240 142 0 56 0 4
0 0 3 43017 135 0 55 0 4
0 0 2 42384 133 0 59 0 4
0 0 4 42338 132 0 60 0 4
0 0 3 42432 140 0 50 0 4
0 0 4 42473 139 0 51 0 4
0 0 4 43107 151 0 48 0 4
0 0 6 42569 132 0 49 0 4
0 0 6 42530 131 0 49 0 4
0 0 7 43211 140 0 43 0 4
0 0 5 42664 130 0 47 0 4
0 0 4 42628 129 0 50 0 4
0 0 3 43323 129 0 45 0 4
0 0 5 42712 151 0 48 0 5
0 0 4 42759 153 0 47 0 4
0 0 4 43410 160 0 44 0 4
0 0 7 42822 139 0 47 0 4
0 0 7 42865 139 0 45 0 4
0 0 8 43527 143 0 37 0 4
0 0 23 42910 133 0 46 0 4
0 0 6 42966 132 0 47 0 7
0 0 3 43636 138 0 37 0 4
0 0 24 43044 132 0 51 0 4
0 0 4 43018 132 0 54 0 4
0 0 4 43734 139 0 34 0 4
0 0 6 43108 141 0 45 0 4
0 0 4 43153 141 0 45 0 4
0 0 5 43831 140 0 33 0 4
0 0 6 43210 132 0 46 0 4
0 0 6 43252 131 0 45 0 6
0 0 3 43934 136 0 32 0 5
0 0 5 43345 132 0 47 0 4
0 0 4 43308 132 0 48 0 4
0 0 3 44034 142 0 36 0 4
0 0 4 43442 134 0 42 0 4
0 0 4 43397 143 0 42 0 4
0 0 4 44132 160 0 36 0 4
0 0 5 43499 155 0 42 0 4
0 0 3 43533 161 0 45 0 4
0 0 6 44251 134 0 32 0 6
0 0 3 43620 133 0 42 0 4
0 0 8 43650 133 0 44 0 4
0 0 3 44351 136 0 35 0 4
0 0 2 43712 133 0 43 0 4
0 0 3 43749 138 0 42 0 4
0 0 2 44446 136 0 38 0 6
0 0 4 43802 133 0 45 0 6
0 0 2 43852 131 0 44 0 6
0 0 6 44539 140 0 35 0 4
0 0 5 43935 130 0 45 0 7
0 0 7 43891 133 0 43 0 7
0 0 3 44644 136 0 38 0 7
0 0 6 44023 137 0 44 0 4
0 0 4 43994 139 0 42 0 4
0 0 2 44741 139 0 34 0 7
0 0 3 44129 130 0 43 0 3
0 0 3 44091 132 0 41 0 4
0 0 6 44836 137 0 36 0 4
0 0 6 44179 128 0 76 0 4
0 0 4 44216 132 0 78 0 4
0 0 4 44936 167 0 36 0 6
0 0 2 44276 163 0 47 0 4
0 0 6 44306 164 0 48 0 4
0 0 4 45067 141 0 37 0 4
0 0 2 44397 137 0 44 0 4
0 0 2 44436 139 0 43 0 4
0 0 5 45162 135 0 35 0 4
0 0 3 44538 131 0 45 0 4
0 0 7 44489 133 0 44 0 4
0 0 6 45259 137 0 33 0 4
0 0 7 44622 136 0 46 0 4
0 0 4 44585 139 0 44 0 4
0 0 15 45349 138 0 39 0 5
0 0 5 44720 130 0 42 0 4
0 0 4 44688 129 0 52 0 4
0 0 4 45456 149 0 48 0 4
0 0 4 44816 125 0 53 0 4
0 0 5 44773 124 0 53 0 4
0 0 6 44857 132 0 57 0 4
0 0 4 45564 136 0 61 0 4
0 0 6 44895 133 0 59 0 4
0 0 7 44988 139 0 49 0 4
0 0 6 45660 141 0 50 0 4
0 0 4 44954 138 0 60 0 4
0 0 4 45049 135 0 58 0 4
0 0 3 45767 135 0 58 0 4
0 0 4 45094 135 0 60 0 4
0 0 5 45144 133 0 54 0 4
0 0 4 45185 140 0 51 0 4
0 0 3 45860 147 0 48 0 4
0 0 5 45285 134 0 48 0 4
0 0 3 45243 137 0 62 0 4
0 0 5 45966 136 0 54 0 4
0 0 3 45337 136 0 68 0 4
0 0 4 45380 133 0 68 0 4
0 0 3 46066 128 0 64 0 4
0 0 4 45477 147 0 59 0 4
0 0 21 45415 148 0 61 0 4
0 0 4 46152 144 0 60 0 4
0 0 6 45538 136 0 58 0 4
0 0 4 46254 136 0 57 0 4
0 0 21 45563 135 0 63 0 4
0 0 6 46350 140 0 50 0 7
0 0 5 45640 140 0 69 0 4
0 0 6 45673 140 0 70 0 4
0 0 6 45734 136 0 58 0 4
0 0 3 46454 135 0 55 0 4
0 0 3 45780 136 0 60 0 4
0 0 6 45830 139 0 52 0 4
0 0 6 45870 137 0 56 0 4
0 0 5 46547 141 0 50 0 7
0 0 4 45935 131 0 54 0 4
0 0 6 45968 132 0 59 0 4
0 0 5 46649 127 0 58 0 4
0 0 4 46063 134 0 58 0 4
0 0 3 46741 137 0 53 0 4
0 0 2 46026 133 0 59 0 4
0 0 3 46837 134 0 53 0 5
0 0 3 46163 138 0 55 0 6
0 0 3 46118 138 0 54 0 7
0 0 5 46255 135 0 60 0 4
0 0 6 46214 134 0 61 0 4
0 0 5 46929 134 0 59 0 5
0 0 5 47027 139 0 51 0 4
0 0 5 46350 140 0 52 0 4
0 0 4 46315 138 0 57 0 4
0 0 4 46409 132 0 69 0 4
0 0 3 46456 144 0 55 0 4
0 0 3 47125 147 0 53 0 4
0 0 7 46499 149 0 53 0 4
0 0 3 47232 136 0 52 0 4
0 0 4 46556 140 0 49 0 5
0 0 5 47326 131 0 53 0 4
0 0 5 46655 133 0 56 0 4
0 0 2 46617 130 0 66 0 4
0 0 2 46704 131 0 54 0 4
0 0 3 46753 127 0 53 0 4
0 0 3 47423 144 0 47 0 4
0 0 7 46790 138 0 50 0 4
0 0 3 47525 127 0 49 0 4
0 0 3 46844 139 0 50 0 4
0 0 7 46888 129 0 40 0 3
0 0 6 46936 133 0 53 0 3
0 0 6 47609 133 0 53 0 4
0 0 4 46983 128 0 41 0 4
0 0 3 47709 137 0 46 0 4
0 0 4 47032 137 0 46 0 3
0 0 5 47068 134 0 38 0 4
0 0 3 47803 130 0 47 0 4
0 0 4 47134 132 0 47 0 4
0 0 7 47161 136 0 39 0 4
0 0 17 47880 134 0 51 0 4
0 0 5 47222 143 0 45 0 4
0 0 4 47264 131 0 41 0 5
0 0 7 47323 127 0 49 0 4
0 0 6 47986 140 0 48 0 4
0 0 4 47352 138 0 40 0 4
0 0 3 48093 131 0 53 0 4
0 0 4 47418 132 0 56 0 4
0 0 5 47450 134 0 45 0 6
0 0 3 47508 136 0 48 0 4
0 0 4 48181 137 0 47 0 4
0 0 3 47550 131 0 43 0 4
0 0 6 48276 133 0 49 0 4
0 0 6 47601 135 0 49 0 4
0 0 3 47638 136 0 40 0 4
0 0 4 47700 129 0 56 0 4
0 0 4 48376 136 0 51 0 4
0 0 7 47730 132 0 43 0 7
0 0 3 47794 138 0 50 0 4
0 0 3 48469 140 0 46 0 4
0 0 4 47826 137 0 36 0 4
0 0 5 47887 132 0 45 0 5
0 0 4 48568 139 0 57 0 4
0 0 22 47909 142 0 62 0 4
0 0 5 47979 144 0 46 0 4
0 0 4 48667 148 0 46 0 4
0 0 3 48028 137 0 41 0 4
0 0 23 48069 135 0 43 0 4
0 0 3 48780 148 0 36 0 4
0 0 6 48123 133 0 40 0 4
0 0 4 48180 132 0 48 0 4
0 0 5 48884 134 0 39 0 4
0 0 3 48223 131 0 52 0 6
0 0 7 48270 140 0 46 0 4
0 0 5 48979 138 0 36 0 4
0 0 2 48312 139 0 36 0 4
0 0 4 48374 139 0 46 0 4
0 0 3 49083 134 0 40 0 4
0 0 8 48405 135 0 36 0 4
0 0 3 48477 139 0 39 0 4
0 0 7 49170 131 0 39 0 4
0 0 6 48502 133 0 34 0 7
0 0 7 48569 134 0 41 0 4
0 0 5 49264 141 0 39 0 4
0 0 4 48601 137 0 52 0 7
0 0 7 48663 141 0 46 0 4
0 0 4 49369 153 0 35 0 4
0 0 4 48695 153 0 40 0 5
0 0 3 48773 141 0 49 0 5
0 0 3 49481 135 0 37 0 4
0 0 8 48805 137 0 41 0 6
0 0 4 48870 141 0 45 0 4
0 0 4 49575 132 0 58 0 4
0 0 3 48910 150 0 39 0 5
0 0 6 48969 139 0 48 0 4
0 0 5 49667 148 0 38 0 4
0 0 3 49018 149 0 35 0 6
0 0 3 49073 149 0 40 0 4
0 0 3 49780 162 0 32 0 4
0 0 5 49125 125 0 35 0 4
0 0 2 49187 158 0 46 0 4
0 0 3 49900 116 0 44 0 4
0 0 5 49210 134 0 48 0 7
0 0 5 49299 131 0 51 0 4
0 0 5 49974 135 0 45 0 4
0 0 4 49309 137 0 30 0 6
0 0 4 49391 139 0 64 0 4
0 0 3 50075 140 0 58 0 4
0 0 6 49401 155 0 30 0 6
0 0 4 49494 157 0 38 0 4
0 0 3 50173 157 0 42 0 4
0 0 6 49517 139 0 36 0 4
0 0 6 49606 131 0 37 0 4
0 0 6 50287 135 0 38 0 4
0 0 4 49622 135 0 49 0 5
0 0 5 49697 129 0 41 0 4
0 0 4 50385 140 0 40 0 4
0 0 5 49713 145 0 37 0 4
0 0 4 49792 137 0 40 0 4
0 0 16 50478 131 0 38 0 4
0 0 5 49817 134 0 37 0 6
0 0 5 49885 129 0 43 0 4
0 0 5 50577 134 0 39 0 4
0 0 7 49972 125 0 47 0 4
0 0 3 49918 142 0 58 0 7
0 0 6 50670 128 0 44 0 4
0 0 2 50018 136 0 55 0 4
0 0 5 50060 131 0 57 0 4
0 0 4 50765 128 0 43 0 4
0 0 6 50110 155 0 54 0 4
0 0 3 50156 158 0 56 0 4
0 0 4 50851 154 0 44 0 4
0 0 6 50225 135 0 46 0 4
0 0 6 50267 135 0 45 0 4
0 0 4 50964 140 0 38 0 4
0 0 5 50326 125 0 49 0 4
0 0 5 51064 118 0 45 0 4
0 0 6 50362 178 0 39 0 4
0 0 3 50409 146 0 40 0 4
0 0 3 51148 141 0 40 0 4
0 0 5 50505 134 0 37 0 4
0 0 19 50499 142 0 45 0 4
0 0 3 51247 133 0 54 0 4
0 0 4 50597 124 0 54 0 4
0 0 4 50617 136 0 47 0 4
0 0 6 51337 138 0 44 0 4
0 0 23 50662 130 0 55 0 4
0 0 3 51443 134 0 45 0 4
0 0 4 50716 143 0 54 0 4
0 0 5 50771 127 0 65 0 4
0 0 5 50815 135 0 82 0 4
0 0 4 50863 131 0 84 0 4
0 0 3 51534 133 0 82 0 6
0 0 7 51623 165 0 56 0 4
0 0 6 50909 167 0 56 0 4
0 0 6 50948 164 0 63 0 4
0 0 4 51751 140 0 43 0 4
0 0 6 51073 142 0 66 0 7
0 0 4 51044 140 0 64 0 6
0 0 3 51856 134 0 57 0 3
0 0 3 51182 134 0 59 0 7
0 0 3 51141 134 0 57 0 6
0 0 4 51272 136 0 52 0 4
0 0 5 51945 138 0 52 0 4
0 0 6 51233 142 0 49 0 4
0 0 7 52042 133 0 51 0 4
0 0 7 51366 132 0 59 0 4
0 0 4 51341 127 0 67 0 4
0 0 4 51465 137 0 55 0 4
0 0 4 51425 138 0 51 0 4
0 0 3 52142 147 0 48 0 4
0 0 4 51523 137 0 57 0 4
0 0 3 52246 130 0 54 0 7
0 0 3 51559 140 0 61 0 4
0 0 5 51658 137 0 58 0 4
0 0 4 51620 145 0 51 0 4
0 0 7 52332 136 0 57 0 6
0 0 4 51730 131 0 54 0 4
0 0 3 52436 139 0 55 0 4
0 0 5 51756 141 0 56 0 4
0 0 2 51864 134 0 60 0 4
0 0 3 52532 135 0 60 0 4
0 0 7 51814 133 0 62 0 5
0 0 6 51910 138 0 50 0 4
0 0 3 52628 143 0 52 0 4
0 0 6 51951 138 0 61 0 4
0 0 4 52013 135 0 56 0 4
0 0 5 52730 135 0 56 0 4
0 0 7 52049 136 0 64 0 4
0 0 4 52106 142 0 56 0 4
0 0 3 52152 142 0 55 0 4
0 0 3 52830 136 0 54 0 4
0 0 6 52205 134 0 53 0 4
0 0 4 52924 133 0 56 0 4
0 0 5 52249 135 0 65 0 4
0 0 3 52306 138 0 52 0 4
0 0 17 53004 140 0 52 0 4
0 0 8 52340 140 0 58 0 4
0 0 4 53121 134 0 50 0 4
(ms) thread_id frame capture capture-preproc preproc preproc-detect detect detect-track
0 0 3 52448 132 0 66 0 4
0 0 3 52543 134 0 60 0 4
0 0 5 52496 133 0 64 0 4
0 0 3 53213 134 0 60 0 5
0 0 5 52593 140 0 49 0 4
0 0 5 53305 139 0 53 0 4
0 0 5 52631 139 0 63 0 4
0 0 5 52731 134 0 61 0 4
0 0 7 53403 133 0 66 0 4
0 0 3 52693 133 0 67 0 4
0 0 2 52832 142 0 51 0 4
0 0 4 53503 144 0 51 0 4
0 0 4 52786 140 0 61 0 4
0 0 4 52929 134 0 55 0 4
0 0 5 52884 134 0 67 0 4
0 0 3 53605 133 0 71 0 4
0 0 4 52983 139 0 50 0 4
0 0 5 53023 139 0 48 0 4
0 0 6 53695 150 0 55 0 6
0 0 24 53060 139 0 57 0 4
0 0 4 53127 149 0 56 0 4
0 0 3 53812 161 0 45 0 4
0 0 22 53215 141 0 44 0 4
0 0 6 53177 152 0 59 0 4
0 0 3 53931 135 0 56 0 4
0 0 5 53334 139 0 55 0 4
0 0 7 53287 136 0 64 0 4
0 0 6 54023 138 0 52 0 4
0 0 4 53390 142 0 46 0 4
0 0 9 53429 139 0 50 0 4
0 0 3 54124 140 0 49 0 4
0 0 3 53539 132 0 58 0 4
0 0 5 53488 134 0 66 0 4
0 0 3 54227 138 0 48 0 5
0 0 5 53625 145 0 59 0 4
0 0 5 54321 125 0 56 0 6
0 0 6 53582 145 0 64 0 5
0 0 5 53693 138 0 60 0 5
0 0 7 53728 137 0 62 0 4
0 0 6 54405 136 0 61 0 4
0 0 4 53832 142 0 53 0 4
0 0 3 54507 140 0 57 0 5
0 0 5 53789 142 0 71 0 5
0 0 3 54605 145 0 58 0 4
0 0 4 53931 142 0 61 0 4
0 0 5 53891 153 0 51 0 4
0 0 6 54032 136 0 44 0 4
0 0 7 54706 147 0 50 0 5
0 0 7 54002 137 0 56 0 4
0 0 6 54129 136 0 53 0 4
0 0 4 54105 131 0 56 0 4
0 0 3 54821 146 0 48 0 5
0 0 4 54231 137 0 44 0 4
0 0 3 54194 140 0 51 0 4
0 0 5 54922 138 0 50 0 5
0 0 5 54293 130 0 50 0 4
0 0 5 54323 136 0 55 0 4
0 0 6 55019 140 0 47 0 5
0 0 4 54388 136 0 50 0 4
0 0 7 54418 143 0 48 0 4
0 0 4 55121 140 0 48 0 5
0 0 5 54480 137 0 51 0 4
0 0 4 54529 133 0 52 0 4
0 0 3 55226 126 0 53 0 4
0 0 5 54617 146 0 43 0 4
0 0 6 54577 167 0 52 0 4
0 0 3 55309 159 0 47 0 5
0 0 6 54723 141 0 53 0 4
0 0 5 54705 126 0 54 0 4
0 0 4 55424 134 0 48 0 4
0 0 4 54826 138 0 49 0 4
0 0 4 54797 137 0 49 0 4
0 0 3 55526 138 0 50 0 5
0 0 4 54891 131 0 50 0 5
0 0 3 54929 136 0 52 0 4
0 0 17 55608 129 0 51 0 5
0 0 5 54981 141 0 52 0 4
0 0 5 55021 141 0 55 0 4
0 0 4 55710 135 0 52 0 5
0 0 5 55086 137 0 60 0 5
0 0 6 55120 137 0 63 0 4
0 0 3 55804 129 0 63 0 5
0 0 4 55898 135 0 60 0 5
0 0 5 55223 138 0 60 0 4
0 0 6 55179 139 0 59 0 4
0 0 6 55279 139 0 55 0 11
0 0 3 55992 140 0 72 0 5
0 0 6 55316 140 0 72 0 4
0 0 7 56089 158 0 57 0 5
0 0 7 55416 156 0 60 0 4
0 0 4 55383 154 0 72 0 4
0 0 6 55492 140 0 60 0 4
0 0 3 55541 139 0 60 0 4
0 0 3 56210 138 0 61 0 5
0 0 6 55593 138 0 49 0 4
0 0 6 55633 138 0 49 0 4
0 0 4 56309 155 0 52 0 5
0 0 26 55672 134 0 53 0 4
0 0 7 55731 134 0 59 0 4
0 0 7 56419 140 0 47 0 5
0 0 26 55806 139 0 52 0 4
0 0 4 55791 147 0 51 0 4
0 0 4 56523 134 0 50 0 5
0 0 4 55932 136 0 58 0 4
0 0 5 55894 132 0 56 0 4
0 0 3 56621 136 0 51 0 4
0 0 5 56023 141 0 52 0 4
0 0 5 55986 140 0 51 0 4
0 0 6 56711 136 0 50 0 5
0 0 6 56123 152 0 61 0 4
0 0 7 56807 178 0 53 0 4
0 0 5 56091 189 0 51 0 4
0 0 4 56257 138 0 48 0 4
frame capture capture-preproc preproc preproc-detect detect detect-track track track-draw
0 0 4 56237 133 0 49 0 4
0 0 4 56331 127 0 50 0 4
0 0 4 57047 125 0 49 0 8
0 0 5 56351 164 0 52 0 4
0 0 4 56418 161 0 48 0 4
0 0 5 57131 161 0 46 0 7
0 0 4 56476 160 0 51 0 4
0 0 4 56542 131 0 45 0 4
0 0 3 57257 134 0 49 0 4
0 0 4 56597 135 0 43 0 4
0 0 7 56616 137 0 51 0 4
0 0 3 57349 142 0 49 0 6
0 0 3 56697 133 0 50 0 4
0 0 6 56728 133 0 47 0 5
0 0 7 56769 132 0 53 0 4
0 0 4 57451 132 0 62 0 4
0 0 4 56824 165 0 59 0 4
0 0 3 57544 159 0 59 0 5
0 0 7 56875 152 0 59 0 4
0 0 6 56947 136 0 53 0 4
0 0 3 57667 141 0 53 0 5
0 0 4 56992 141 0 52 0 4
0 0 5 57044 135 0 53 0 4
0 0 5 57092 130 0 53 0 4
0 0 4 57763 133 0 64 0 4
0 0 3 57143 135 0 56 0 4
0 0 4 57183 134 0 57 0 4
0 0 9 57852 133 0 62 0 4
0 0 3 57955 140 0 54 0 4
0 0 2 57241 138 0 55 0 7
0 0 3 57283 138 0 55 0 7
0 0 4 57335 134 0 64 0 4
0 0 3 58052 132 0 63 0 4
0 0 3 57378 132 0 65 0 4
0 0 5 57429 144 0 52 0 4
0 0 5 58142 143 0 51 0 5
0 0 5 57468 142 0 54 0 5
0 0 23 58232 132 0 49 0 5
0 0 4 57575 133 0 50 0 7
0 0 3 57538 131 0 97 0 4
0 0 3 58340 161 0 53 0 5
0 0 2 57627 162 0 56 0 4
0 0 3 57666 162 0 60 0 4
0 0 4 57786 131 0 50 0 4
0 0 5 57747 141 0 52 0 4
0 0 3 58462 150 0 46 0 4
0 0 3 57882 142 0 50 0 7
0 0 3 57853 136 0 56 0 4
0 0 6 58563 136 0 52 0 4
0 0 4 57945 129 0 54 0 4
0 0 3 57982 138 0 55 0 4
0 0 3 58672 133 0 47 0 4
0 0 4 58078 147 0 56 0 5
0 0 6 58033 149 0 60 0 4
0 0 3 58763 138 0 58 0 4
0 0 4 58146 137 0 54 0 4
0 0 4 58860 137 0 52 0 4
0 0 6 58184 137 0 55 0 3
0 0 3 58958 134 0 53 0 4
0 0 2 58248 135 0 54 0 10
0 0 5 58286 134 0 54 0 13
0 0 24 58319 136 0 58 0 7
0 0 2 58380 135 0 61 0 7
0 0 3 59056 135 0 59 0 9
0 0 6 58432 139 0 55 0 4
0 0 24 58453 142 0 54 0 7
0 0 8 59138 139 0 55 0 8
0 0 4 58535 136 0 60 0 4
0 0 4 58575 134 0 62 0 4
0 0 7 59245 136 0 61 0 4
0 0 4 59348 141 0 53 0 4
0 0 2 58636 140 0 55 0 4
0 0 3 58674 143 0 54 0 6
0 0 4 58732 136 0 60 0 4
0 0 3 58774 135 0 60 0 4
0 0 4 59446 136 0 61 0 4
0 0 6 58826 142 0 55 0 4
0 0 6 59540 142 0 55 0 4
0 0 6 58866 143 0 55 0 5
0 0 3 59649 135 0 61 0 5
0 0 4 58934 135 0 63 0 4
0 0 6 58970 135 0 62 0 4
0 0 5 59070 140 0 56 0 4
0 0 3 59741 141 0 56 0 5
0 0 4 59025 143 0 56 0 4
(ms) 59378 = 2 684 0 0 3 59842
0 0 3 59168 138 0 62 0 4
0 0 6 59127 136 0 63 0 5
0 0 2 59228 141 0 52 0 4
0 0 5 59265 142 0 52 0 4
0 0 5 59939 143 0 59 0 5
0 0 2 59333 135 0 58 0 4
0 0 2 59374 136 0 59 0 4
0 0 4 60046 135 0 61 0 4
0 0 4 59424 134 0 49 0 4
0 0 4 60139 142 0 51 0 4
0 0 2 59467 149 0 48 0 4
0 0 7 59515 139 0 59 0 4
0 0 4 60241 132 0 60 0 4
0 0 5 59573 126 0 59 0 6
0 0 4 59621 137 0 56 0 4
0 0 7 59658 132 0 60 0 4
0 0 3 60335 135 0 59 0 4
0 0 3 60430 138 0 55 0 5
0 0 4 59716 139 0 55 0 5
0 0 4 59757 142 0 56 0 7
0 0 4 59855 144 0 51 0 4
0 0 7 59811 157 0 52 0 4
0 0 4 60527 157 0 52 0 4
0 0 6 59958 137 0 48 0 6
0 0 3 60646 133 0 55 0 4
0 0 4 59936 141 0 51 0 4
0 0 4 60062 131 0 55 0 4
0 0 3 60741 136 0 52 0 4
0 0 4 60034 137 0 47 0 4
0 0 20 60819 131 0 52 0 4
0 0 4 60151 140 0 54 0 4
0 0 5 60131 125 0 54 0 5
0 0 5 60250 136 0 62 0 5
0 0 5 60925 135 0 63 0 4
0 0 6 60215 131 0 62 0 5
0 0 5 60312 142 0 56 0 5
0 0 3 61023 142 0 58 0 5
0 0 6 60346 142 0 57 0 7
0 0 3 61128 133 0 63 0 4
0 0 4 60411 135 0 61 0 4
0 0 5 60453 136 0 62 0 5
0 0 6 61215 140 0 54 0 4
0 0 2 60548 137 0 56 0 4
0 0 8 60502 138 0 56 0 4
0 0 8 60604 148 0 58 0 4
0 0 6 60642 149 0 58 0 4
0 0 5 61317 147 0 63 0 3
0 0 3 61430 137 0 56 0 4
0 0 3 60714 137 0 54 0 4
0 0 8 60753 137 0 56 0 4
0 0 7 60807 132 0 59 0 5
0 0 3 60852 133 0 60 0 4
0 0 3 61523 132 0 64 0 4
0 0 7 61612 134 0 59 0 4
0 0 28 60879 134 0 58 0 5
0 0 6 60942 145 0 51 0 4
0 0 3 61714 140 0 54 0 4
0 0 8 61046 129 0 54 0 5
0 0 3 60993 138 0 68 0 5
0 0 3 61096 133 0 63 0 5
0 0 3 61811 135 0 62 0 4
0 0 2 61145 137 0 58 0 5
0 0 6 61186 141 0 59 0 5
0 0 3 61237 136 0 58 0 5
0 0 5 61904 139 0 59 0 5
0 0 4 62005 137 0 79 0 5
0 0 5 61288 139 0 79 0 5
0 0 6 61331 142 0 74 0 5
0 0 4 62106 158 0 63 0 4
0 0 4 61435 154 0 62 0 4
0 0 4 61390 160 0 61 0 5
0 0 3 62221 140 0 56 0 5
0 0 5 61508 140 0 55 0 5
0 0 4 61550 143 0 55 0 5
0 0 5 61652 131 0 63 0 5
0 0 6 61608 134 0 63 0 5
0 0 7 62319 135 0 65 0 5
0 0 3 62422 143 0 56 0 5
0 0 6 61743 140 0 59 0 5
0 0 4 61709 141 0 57 0 5
0 0 5 61848 135 0 66 0 5
0 0 6 61804 135 0 64 0 5
0 0 11 62514 136 0 64 0 5
0 0 6 61939 143 0 50 0 5
0 0 4 62617 147 0 55 0 5
0 0 6 61900 144 0 58 0 5
0 0 6 62042 138 0 53 0 5
0 0 4 62725 138 0 81 0 5
0 0 5 62006 140 0 84 0 5
0 0 4 62142 162 0 51 0 4
0 0 4 62112 165 0 59 0 4
0 0 3 62828 167 0 55 0 5
0 0 4 62269 134 0 45 0 5
0 0 5 62232 143 0 58 0 5
0 0 5 62949 147 0 57 0 5
0 0 5 62359 146 0 53 0 5
0 0 6 62334 135 0 51 0 5
0 0 6 63056 150 0 46 0 4
0 0 6 62465 140 0 46 0 4
