0 0 76 0 0
0 1 82 0 0
0 2 83 0 0
0 3 82 0 0
0 4 87 0 0
0 5 87 0 0
0 6 87 0 0
0 7 83 0 0
0 8 82 0 0
0 9 81 0 0
0 10 80 0 0
0 11 80 0 0
0 12 79 0 0
0 13 77 0 0
0 14 76 0 0
0 15 74 0 0
0 16 73 0 0
0 17 73 0 0
0 18 70 0 0
0 19 69 0 0
0 20 68 0 0
0 21 66 0 0
0 22 65 0 0
0 23 64 0 0
0 24 62 23 24
0 25 62 23 24
0 26 63 23 24
0 27 64 23 24
0 28 63 23 24
0 29 62 23 24
0 30 64 23 24
0 31 64 23 24
0 32 65 23 24
0 33 66 23 24
0 34 67 23 24
0 35 68 23 24
0 36 69 23 24
0 37 71 23 24
0 38 72 23 24
0 39 75 23 24
0 40 77 23 24
0 41 80 23 24
0 42 84 23 24
0 43 88 23 24
0 44 91 23 24
0 45 94 23 24
0 46 95 23 24
0 47 99 23 24
0 48 102 23 24
0 49 105 24 25
0 50 109 24 25
0 51 112 24 25
0 52 135 24 25
0 53 139 24 25
0 54 142 24 25
0 55 143 24 25
0 56 148 24 25
0 57 150 24 25
0 58 151 24 25
0 59 154 24 25
0 60 156 24 25
0 61 158 24 25
0 62 161 24 25
0 63 166 24 25
0 64 169 24 25
0 65 169 24 25
0 66 173 24 25
0 67 180 24 25
0 68 183 24 25
0 69 186 24 25
0 70 189 24 25
0 71 192 24 25
0 72 195 22 24
0 73 200 22 24
0 74 205 22 24
0 75 210 22 24
0 76 217 22 24
0 77 228 22 24
0 78 229 22 24
0 79 230 22 24
0 80 234 22 24
0 81 237 22 24
0 82 235 22 24
0 83 239 22 24
0 84 246 22 24
0 85 250 22 24
0 86 254 22 24
0 87 259 22 24
0 88 259 22 24
0 89 261 22 24
0 90 265 22 24
0 91 268 22 24
0 92 270 22 24
0 93 272 22 24
0 94 276 22 24
0 95 279 22 24
0 96 283 22 24
0 97 289 22 24
0 98 293 22 24
0 99 298 22 24
0 100 301 22 24
0 101 305 22 24
0 102 305 22 24
0 103 314 22 24
0 104 318 22 24
0 105 324 22 24
0 106 331 22 24
0 107 334 22 24
0 108 339 22 24
0 109 343 22 24
0 110 346 22 24
0 111 350 22 24
0 112 354 22 24
0 113 357 22 24
0 114 365 22 24
0 115 370 22 24
0 116 374 22 24
0 117 377 22 24
0 118 381 22 25
0 119 390 22 25
0 120 391 22 25
0 121 393 22 25
0 122 397 22 25
0 123 416 22 25
0 124 416 22 25
0 125 422 22 25
0 126 424 22 25
0 127 427 22 25
0 128 424 22 25
0 129 431 22 25
0 130 438 22 25
0 131 442 22 25
0 132 447 22 25
0 133 450 22 25
0 134 458 22 25
0 135 462 22 25
0 136 464 22 25
0 137 469 22 25
0 138 473 22 25
0 139 477 22 25
0 140 481 22 25
0 141 486 22 24
0 142 488 22 24
0 143 496 22 24
0 144 501 22 24
0 145 503 22 24
0 146 509 22 24
0 147 515 22 24
0 148 520 22 24
0 149 527 22 24
0 150 532 22 24
0 151 535 22 24
0 152 537 22 24
0 153 540 22 24
0 154 547 22 24
0 155 551 22 24
0 156 556 22 24
0 157 560 22 24
0 158 564 22 24
0 159 568 22 24
0 160 573 22 24
0 161 575 22 24
0 162 582 22 24
0 163 585 22 24
0 164 587 22 25
0 165 589 22 25
0 166 593 22 25
0 167 597 22 25
0 168 602 22 25
0 169 608 22 25
0 170 615 22 25
0 171 615 22 25
0 172 622 22 25
0 173 622 22 25
0 174 625 22 25
0 175 628 22 25
0 176 632 22 25
0 177 636 22 25
0 178 639 22 25
0 179 643 22 25
0 180 648 22 25
0 181 652 22 25
0 182 656 22 25
0 183 660 22 25
0 184 662 22 25
0 185 666 22 25
0 186 668 22 25
0 187 673 22 24
0 188 674 22 24
0 189 676 22 24
0 190 679 22 24
0 191 681 22 24
0 192 683 22 24
0 193 692 22 24
0 194 696 22 24
0 195 697 22 24
0 196 703 22 24
0 197 705 22 24
0 198 707 22 24
0 199 710 22 24
0 200 714 22 24
0 201 717 22 24
0 202 720 22 24
0 203 722 22 24
0 204 728 22 24
0 205 731 22 24
0 206 735 22 24
0 207 739 22 24
0 208 740 22 24
0 209 750 22 24
0 210 751 22 24
0 211 757 22 24
0 212 765 22 24
0 213 769 22 24
0 214 776 22 24
0 215 779 22 24
0 216 782 22 24
0 217 787 22 24
0 218 794 22 24
0 219 799 22 24
0 220 800 22 24
0 221 807 22 24
0 222 813 22 24
0 223 817 22 24
0 224 821 22 24
0 225 826 22 24
0 226 831 22 24
0 227 834 22 24
0 228 840 22 24
0 229 847 22 24
0 230 851 22 24
0 231 855 22 24
0 232 859 22 24
0 233 863 22 25
0 234 867 22 25
0 235 872 22 25
0 236 877 22 25
0 237 881 22 25
0 238 887 22 25
0 239 892 22 25
0 240 904 22 25
0 241 903 22 25
0 242 908 22 25
0 243 913 22 25
0 244 917 22 25
0 245 921 22 25
0 246 927 22 25
0 247 931 22 25
0 248 935 22 25
0 249 938 22 25
0 250 946 22 25
0 251 951 22 25
0 252 957 22 25
0 253 963 22 25
0 254 970 22 25
0 255 976 22 25
0 256 981 22 25
0 257 984 22 25
0 258 989 22 25
0 259 992 22 25
0 260 1001 22 25
0 261 1006 22 25
0 262 1014 22 25
0 263 1020 22 25
0 264 1024 22 25
0 265 1030 22 25
0 266 1036 22 25
0 267 1042 22 25
0 268 1047 22 25
0 269 1055 22 25
0 270 1059 22 25
0 271 1064 22 25
0 272 1069 22 25
0 273 1075 22 25
0 274 1080 22 25
0 275 1086 22 25
0 276 1094 22 25
0 277 1096 22 25
0 278 1103 21 24
0 279 1109 21 24
0 280 1115 21 24
0 281 1121 21 24
0 282 1128 21 24
0 283 1132 21 24
0 284 1137 21 24
0 285 1138 21 24
0 286 1145 21 24
0 287 1155 21 24
0 288 1160 21 24
0 289 1169 21 24
0 290 1174 21 24
0 291 1179 21 24
0 292 1185 21 24
0 293 1191 21 24
0 294 1197 21 24
0 295 1203 21 24
0 296 1210 21 24
0 297 1216 21 24
0 298 1221 21 24
0 299 1225 21 24
0 300 1231 21 24
0 301 1232 21 24
0 302 1238 21 24
0 303 1247 21 24
0 304 1253 21 24
0 305 1259 21 24
0 306 1264 21 24
0 307 1269 21 24
0 308 1275 21 24
0 309 1299 21 24
0 310 1303 21 24
0 311 1309 21 24
0 312 1314 21 24
0 313 1320 21 24
0 314 1325 21 24
0 315 1339 21 24
0 316 1344 21 24
0 317 1342 21 24
0 318 1350 21 24
0 319 1354 21 24
0 320 1361 21 24
0 321 1368 21 24
0 322 1373 21 25
0 323 1378 21 25
0 324 1382 21 25
0 325 1384 21 25
0 326 1395 21 25
0 327 1400 21 25
0 328 1405 21 25
0 329 1413 21 25
0 330 1417 21 25
0 331 1424 21 25
0 332 1429 21 25
0 333 1431 21 25
0 334 1440 21 25
0 335 1445 21 25
0 336 1452 21 25
0 337 1456 21 25
0 338 1460 21 25
0 339 1464 21 25
0 340 1470 21 25
0 341 1472 21 25
0 342 1481 21 25
0 343 1485 21 25
0 344 1493 21 25
0 345 1497 22 24
0 346 1499 22 24
0 347 1509 22 24
0 348 1507 22 24
0 349 1515 22 24
0 350 1523 22 24
0 351 1531 22 24
0 352 1537 22 24
0 353 1541 22 24
0 354 1541 22 24
0 355 1552 22 24
0 356 1558 22 24
0 357 1564 22 24
0 358 1571 22 24
0 359 1576 22 24
0 360 1582 22 24
0 361 1586 22 24
0 362 1589 22 24
0 363 1597 22 24
0 364 1601 22 24
0 365 1608 22 24
0 366 1613 22 24
0 367 1618 22 24
0 368 1623 21 24
0 369 1628 21 24
0 370 1630 21 24
0 371 1636 21 24
0 372 1643 21 24
0 373 1651 21 24
0 374 1654 21 24
0 375 1661 21 24
0 376 1664 21 24
0 377 1668 21 24
0 378 1673 21 24
0 379 1674 21 24
0 380 1683 21 24
0 381 1690 21 24
0 382 1696 21 24
0 383 1701 21 24
0 384 1703 21 24
0 385 1708 21 24
0 386 1712 21 24
0 387 1717 21 24
0 388 1718 21 24
0 389 1729 21 24
0 390 1735 21 24
0 391 1740 22 25
0 392 1743 22 25
0 393 1748 22 25
0 394 1752 22 25
0 395 1756 22 25
0 396 1757 22 25
0 397 1767 22 25
0 398 1772 22 25
0 399 1776 22 25
0 400 1780 22 25
0 401 1783 22 25
0 402 1789 22 25
0 403 1794 22 25
0 404 1797 22 25
0 405 1804 22 25
0 406 1809 22 25
0 407 1813 22 25
0 408 1817 22 25
0 409 1821 22 25
0 410 1824 22 25
0 411 1829 22 25
0 412 1829 22 25
0 413 1837 22 25
0 414 1841 22 24
0 415 1849 22 24
0 416 1852 22 24
0 417 1856 22 24
0 418 1860 22 24
0 419 1864 22 24
0 420 1868 22 24
0 421 1873 22 24
0 422 1874 22 24
0 423 1882 22 24
0 424 1894 22 24
0 425 1899 22 24
0 426 1903 22 24
0 427 1908 22 24
0 428 1913 22 24
0 429 1917 22 24
0 430 1921 22 24
0 431 1926 22 24
0 432 1931 22 24
0 433 1935 22 24
0 434 1938 22 24
0 435 1943 22 24
0 436 1947 22 24
0 437 1952 22 25
0 438 1956 22 25
0 439 1959 22 25
0 440 1960 22 25
0 441 1968 22 25
0 442 1973 22 25
0 443 1976 22 25
0 444 1981 22 25
0 445 1984 22 25
0 446 1987 22 25
0 447 1994 22 25
0 448 1997 22 25
0 449 1998 22 25
0 450 2006 22 25
0 451 2013 22 25
0 452 2015 22 25
0 453 2018 22 25
0 454 2020 22 25
0 455 2022 22 25
0 456 2027 22 25
0 457 2031 22 25
0 458 2035 22 25
0 459 2038 22 25
0 460 2040 22 24
0 461 2048 22 24
0 462 2052 22 24
0 463 2054 22 24
0 464 2059 22 24
0 465 2063 22 24
0 466 2068 22 24
0 467 2072 22 24
0 468 2076 22 24
0 469 2080 22 24
0 470 2081 22 24
0 471 2093 22 24
0 472 2097 22 24
0 473 2100 22 24
0 474 2103 22 24
0 475 2106 22 24
0 476 2109 22 24
0 477 2114 22 24
0 478 2115 22 24
0 479 2118 22 24
0 480 2124 22 24
0 481 2129 22 24
0 482 2133 22 24
0 483 2135 22 25
0 484 2138 22 25
0 485 2139 22 25
0 486 2141 22 25
0 487 2145 22 25
0 488 2148 22 25
0 489 2152 22 25
0 490 2155 22 25
0 491 2159 22 25
0 492 2163 22 25
0 493 2169 22 25
0 494 2173 22 25
0 495 2177 22 25
0 496 2180 22 25
0 497 2182 22 25
0 498 2188 22 25
0 499 2190 22 25
0 500 2196 22 25
0 501 2200 22 25
0 502 2207 22 25
0 503 2213 22 25
0 504 2218 22 25
0 505 2222 22 25
0 506 2224 22 24
0 507 2228 22 24
0 508 2232 22 24
0 509 2236 22 24
0 510 2240 22 24
0 511 2244 22 24
0 512 2250 22 24
0 513 2254 22 24
0 514 2257 22 24
0 515 2260 22 24
0 516 2263 22 24
0 517 2267 22 24
0 518 2270 22 24
0 519 2274 22 24
0 520 2278 22 24
0 521 2280 22 24
0 522 2290 22 24
0 523 2293 22 24
0 524 2296 22 24
0 525 2300 22 24
0 526 2303 22 24
0 527 2306 22 24
0 528 2321 22 24
0 529 2325 22 24
0 530 2319 22 24
0 531 2323 22 24
0 532 2326 22 24
0 533 2333 22 24
0 534 2337 22 24
0 535 2341 22 24
0 536 2343 22 24
0 537 2346 22 24
0 538 2350 22 24
0 539 2354 22 24
0 540 2357 22 24
0 541 2361 22 24
0 542 2375 22 24
0 543 2379 22 24
0 544 2383 22 24
0 545 2384 22 24
0 546 2393 22 24
0 547 2397 22 24
0 548 2401 22 24
0 549 2408 22 24
0 550 2412 22 24
0 551 2415 22 24
0 552 2420 22 25
0 553 2422 22 25
0 554 2428 22 25
0 555 2433 22 25
0 556 2434 22 25
0 557 2441 22 25
0 558 2446 22 25
0 559 2449 22 25
0 560 2451 22 25
0 561 2458 22 25
0 562 2461 22 25
0 563 2464 22 25
0 564 2470 22 25
0 565 2474 22 25
0 566 2474 22 25
0 567 2484 22 25
0 568 2489 22 25
0 569 2492 22 25
0 570 2497 22 25
0 571 2500 22 25
0 572 2502 22 25
0 573 2506 22 25
0 574 2510 22 25
0 575 2514 22 24
0 576 2518 22 24
0 577 2523 22 24
0 578 2525 22 24
0 579 2533 22 24
0 580 2536 22 24
0 581 2537 22 24
0 582 2541 22 24
0 583 2545 22 24
0 584 2549 22 24
0 585 2552 22 24
0 586 2552 22 24
0 587 2560 22 24
0 588 2563 22 24
0 589 2575 22 24
0 590 2578 22 24
0 591 2581 22 24
0 592 2584 22 24
0 593 2588 22 24
0 594 2591 22 24
0 595 2594 22 24
0 596 2598 22 24
0 597 2601 22 24
0 598 2606 22 24
0 599 2610 22 24
0 600 2610 22 24
0 601 2616 22 24
0 602 2620 22 24
0 603 2621 22 24
0 604 2624 22 24
0 605 2630 22 24
0 606 2633 22 24
0 607 2638 22 24
0 608 2638 22 24
0 609 2647 22 24
0 610 2650 22 24
0 611 2654 22 24
0 612 2660 22 24
0 613 2663 22 24
0 614 2667 22 24
0 615 2671 22 24
0 616 2675 22 24
0 617 2680 22 24
0 618 2683 22 24
0 619 2692 22 24
0 620 2696 22 24
0 621 2700 22 25
0 622 2703 22 25
0 623 2707 22 25
0 624 2712 22 25
0 625 2717 22 25
0 626 2722 22 25
0 627 2729 22 25
0 628 2735 22 25
0 629 2737 22 25
0 630 2744 22 25
0 631 2750 22 25
0 632 2754 22 25
0 633 2760 22 25
0 634 2767 22 25
0 635 2773 22 25
0 636 2778 22 25
0 637 2783 22 25
0 638 2788 22 25
0 639 2793 22 25
0 640 2794 22 25
0 641 2802 22 25
0 642 2809 22 25
0 643 2814 22 25
0 644 2819 22 25
0 645 2823 22 25
0 646 2828 22 25
0 647 2834 22 25
0 648 2840 22 25
0 649 2847 22 25
0 650 2852 22 25
0 651 2854 22 25
0 652 2863 22 25
0 653 2867 22 25
0 654 2869 22 25
0 655 2874 22 25
0 656 2879 22 25
0 657 2883 22 25
0 658 2888 22 25
0 659 2894 22 25
0 660 2898 22 25
0 661 2901 22 25
0 662 2903 22 25
0 663 2910 22 25
0 664 2914 22 25
0 665 2918 22 25
0 666 2924 22 25
0 667 2931 22 25
0 668 2936 22 25
0 669 2940 22 25
0 670 2943 22 25
0 671 2947 22 25
0 672 2952 22 25
0 673 2955 22 25
0 674 2957 22 25
0 675 2966 22 25
0 676 2971 22 25
0 677 2977 22 25
0 678 2981 22 25
0 679 2984 22 25
0 680 2989 22 25
0 681 2993 22 25
0 682 3014 22 25
0 683 3019 22 25
0 684 3020 22 25
0 685 3028 22 25
0 686 3032 22 25
0 687 3037 22 25
0 688 3040 22 25
0 689 3046 22 25
0 690 3051 22 24
0 691 3056 22 24
0 692 3059 22 24
0 693 3062 22 24
0 694 3064 22 24
0 695 3070 22 24
0 696 3077 22 24
0 697 3080 22 24
0 698 3085 22 24
0 699 3088 22 24
0 700 3092 22 24
0 701 3096 22 24
0 702 3100 22 24
0 703 3104 22 24
0 704 3109 22 24
0 705 3115 22 24
0 706 3121 22 24
0 707 3125 22 24
0 708 3133 22 24
0 709 3138 22 24
0 710 3144 22 24
0 711 3146 22 24
0 712 3154 22 24
0 713 3159 22 24
0 714 3164 22 24
0 715 3171 22 24
0 716 3175 22 24
0 717 3180 22 24
0 718 3184 22 24
0 719 3186 22 24
0 720 3196 22 24
0 721 3202 22 24
0 722 3207 22 24
0 723 3213 22 24
0 724 3218 22 24
0 725 3222 22 24
0 726 3225 22 24
0 727 3229 22 24
0 728 3233 22 24
0 729 3240 22 24
0 730 3247 22 24
0 731 3250 22 24
0 732 3254 22 24
0 733 3258 22 24
0 734 3261 22 24
0 735 3264 22 24
0 736 3267 22 25
0 737 3271 22 25
0 738 3277 22 25
0 739 3278 22 25
0 740 3284 22 25
0 741 3289 22 25
0 742 3293 22 25
0 743 3297 22 25
0 744 3301 22 25
0 745 3307 22 25
0 746 3311 22 25
0 747 3315 22 25
0 748 3315 22 25
0 749 3323 22 25
0 750 3329 22 25
0 751 3333 22 25
0 752 3337 22 25
0 753 3342 22 25
0 754 3346 22 25
0 755 3353 22 25
0 756 3358 22 25
0 757 3360 22 25
0 758 3370 22 25
0 759 3376 22 25
0 760 3380 22 25
0 761 3383 22 25
0 762 3387 22 25
0 763 3393 22 25
0 764 3393 22 25
0 765 3402 22 25
0 766 3408 22 25
0 767 3412 22 25
0 768 3417 22 25
0 769 3421 22 25
0 770 3426 22 25
0 771 3433 22 25
0 772 3439 22 25
0 773 3448 22 25
0 774 3449 22 25
0 775 3461 22 25
0 776 3465 22 25
0 777 3473 22 25
0 778 3479 22 25
0 779 3485 22 25
0 780 3493 22 25
0 781 3497 21 24
0 782 3502 21 24
0 783 3507 21 24
0 784 3510 21 24
0 785 3517 21 24
0 786 3521 21 24
0 787 3528 21 24
0 788 3533 21 24
0 789 3536 21 24
0 790 3542 21 24
0 791 3549 21 24
0 792 3553 21 24
0 793 3561 21 24
0 794 3569 21 24
0 795 3574 21 24
0 796 3581 21 24
0 797 3583 21 24
0 798 3590 21 24
0 799 3595 21 24
0 800 3602 21 24
0 801 3605 21 24
0 802 3613 21 24
0 803 3617 21 24
0 804 3629 21 24
0 805 3630 21 24
0 806 3633 21 24
0 807 3638 21 24
0 808 3644 21 24
0 809 3650 21 24
0 810 3653 21 24
0 811 3662 21 24
0 812 3665 21 24
0 813 3669 21 24
0 814 3676 21 24
0 815 3682 21 24
0 816 3689 21 24
0 817 3693 21 24
0 818 3698 21 24
0 819 3703 21 24
0 820 3712 21 24
0 821 3710 21 24
0 822 3719 21 24
0 823 3725 21 24
0 824 3731 21 24
0 825 3738 21 24
0 826 3742 22 24
0 827 3747 22 24
0 828 3754 22 24
0 829 3759 22 24
0 830 3764 22 24
0 831 3771 22 24
0 832 3773 22 24
0 833 3782 22 24
0 834 3785 22 24
0 835 3789 22 24
0 836 3794 22 24
0 837 3800 22 24
0 838 3805 22 24
0 839 3811 22 24
0 840 3812 22 24
0 841 3821 22 24
0 842 3825 22 24
0 843 3832 22 24
0 844 3840 22 24
0 845 3847 22 24
0 846 3853 22 24
0 847 3857 22 24
0 848 3861 22 24
0 849 3867 22 24
0 850 3869 22 24
0 851 3877 22 24
0 852 3884 22 24
0 853 3891 22 24
0 854 3898 22 24
0 855 3903 22 24
0 856 3909 22 24
0 857 3915 22 24
0 858 3918 22 24
0 859 3928 22 24
0 860 3934 22 24
0 861 3939 22 24
0 862 3942 22 24
0 863 3949 22 24
0 864 3954 22 24
0 865 3956 22 24
0 866 3983 22 24
0 867 3989 22 24
0 868 3994 22 24
0 869 4000 22 24
0 870 4009 22 24
0 871 4014 21 25
0 872 4020 21 25
0 873 4026 21 25
0 874 4029 21 25
0 875 4038 21 25
0 876 4050 21 25
0 877 4053 21 25
0 878 4056 21 25
0 879 4063 21 25
0 880 4069 21 25
0 881 4076 21 25
0 882 4079 21 25
0 883 4092 21 25
0 884 4098 21 25
0 885 4103 21 25
0 886 4111 21 25
0 887 4115 21 25
0 888 4132 21 25
0 889 4137 21 25
0 890 4140 21 25
0 891 4148 21 25
0 892 4152 21 25
0 893 4158 21 24
0 894 4163 21 24
0 895 4168 21 24
0 896 4173 21 24
0 897 4181 21 24
0 898 4184 21 24
0 899 4192 21 24
0 900 4201 21 24
0 901 4208 21 24
0 902 4212 21 24
0 903 4219 21 24
0 904 4224 21 24
0 905 4229 21 24
0 906 4237 21 24
0 907 4238 21 24
0 908 4249 21 24
0 909 4255 21 24
0 910 4267 21 24
0 911 4276 21 24
0 912 4284 21 24
0 913 4291 21 24
0 914 4299 21 24
0 915 4301 21 25
0 916 4312 21 25
0 917 4318 21 25
0 918 4325 21 25
0 919 4332 21 25
0 920 4338 21 25
0 921 4343 21 25
0 922 4350 21 25
0 923 4353 21 25
0 924 4368 21 25
0 925 4374 21 25
0 926 4378 21 25
0 927 4385 21 25
0 928 4392 21 25
0 929 4400 21 25
0 930 4409 21 25
0 931 4416 21 25
0 932 4423 21 25
0 933 4433 21 25
0 934 4439 21 25
0 935 4449 21 25
0 936 4455 21 25
0 937 4463 21 25
0 938 4469 21 25
0 939 4476 21 25
0 940 4478 21 25
0 941 4491 21 25
0 942 4496 21 25
0 943 4502 21 25
0 944 4507 21 25
0 945 4513 21 25
0 946 4520 21 25
0 947 4527 21 25
0 948 4533 21 25
0 949 4536 21 25
0 950 4544 21 25
0 951 4550 21 25
0 952 4556 21 25
0 953 4562 21 25
0 954 4571 21 25
0 955 4576 21 25
0 956 4578 21 25
0 957 4585 21 25
0 958 4590 21 25
0 959 4594 21 24
0 960 4598 21 24
0 961 4604 21 24
0 962 4610 21 24
0 963 4615 21 24
0 964 4617 21 24
0 965 4623 21 24
0 966 4629 21 24
0 967 4634 21 24
0 968 4639 21 24
0 969 4644 21 24
0 970 4654 21 24
0 971 4660 21 24
0 972 4665 21 24
0 973 4672 21 24
0 974 4678 21 24
0 975 4684 21 24
0 976 4689 21 24
0 977 4696 21 24
0 978 4705 21 24
0 979 4711 21 24
0 980 4717 21 24
0 981 4723 21 24
0 982 4730 21 24
0 983 4735 21 24
0 984 4737 21 24
0 985 4744 21 24
0 986 4749 21 24
0 987 4754 21 24
0 988 4760 21 24
0 989 4769 21 24
0 990 4775 21 24
0 991 4777 21 24
0 992 4785 21 24
0 993 4791 21 24
0 994 4797 21 24
0 995 4802 21 24
0 996 4811 21 24
0 997 4817 21 24
0 998 4821 21 24
0 999 4831 21 24
0 1000 4854 21 24
0 1001 4861 21 24
0 1002 4865 21 24
0 1003 4873 21 25
0 1004 4878 21 25
0 1005 4881 21 25
0 1006 4893 21 25
0 1007 4898 21 25
0 1008 4907 21 25
0 1009 4914 21 25
0 1010 4920 21 25
0 1011 4930 21 25
0 1012 4937 21 25
0 1013 4943 21 25
0 1014 4955 21 25
0 1015 4963 21 25
0 1016 4973 21 25
0 1017 4980 21 25
0 1018 4988 21 25
0 1019 4994 21 25
0 1020 5005 21 25
0 1021 5014 21 25
0 1022 5021 21 25
0 1023 5027 21 25
0 1024 5035 20 24
0 1025 5043 20 24
0 1026 5048 20 24
0 1027 5059 20 24
0 1028 5063 20 24
0 1029 5070 20 24
0 1030 5077 20 24
0 1031 5082 20 24
0 1032 5092 20 24
0 1033 5092 20 24
0 1034 5103 20 24
0 1035 5110 20 24
0 1036 5116 20 24
0 1037 5122 20 24
0 1038 5129 20 24
0 1039 5131 20 24
0 1040 5140 20 24
0 1041 5146 20 24
0 1042 5153 20 24
0 1043 5158 20 24
0 1044 5172 20 24
0 1045 5174 20 24
0 1046 5183 21 25
0 1047 5188 21 25
0 1048 5195 21 25
0 1049 5200 21 25
0 1050 5207 21 25
0 1051 5213 21 25
0 1052 5214 21 25
0 1053 5223 21 25
0 1054 5225 21 25
0 1055 5231 21 25
0 1056 5236 21 25
0 1057 5241 21 25
0 1058 5248 21 25
0 1059 5251 21 25
0 1060 5260 21 25
0 1061 5264 21 25
0 1062 5270 21 25
0 1063 5276 21 25
0 1064 5282 21 25
0 1065 5290 21 25
0 1066 5295 21 25
0 1067 5299 21 25
0 1068 5305 21 24
0 1069 5313 21 24
0 1070 5318 21 24
0 1071 5325 21 24
0 1072 5332 21 24
0 1073 5339 21 24
0 1074 5343 21 24
0 1075 5351 21 24
0 1076 5355 21 24
0 1077 5368 21 24
0 1078 5376 21 24
0 1079 5385 21 24
0 1080 5392 21 24
0 1081 5402 21 24
0 1082 5410 21 24
0 1083 5416 21 24
0 1084 5420 21 24
0 1085 5431 21 24
0 1086 5437 21 24
0 1087 5448 21 24
0 1088 5455 21 24
0 1089 5465 21 24
0 1090 5472 21 24
0 1091 5478 21 24
0 1092 5489 21 24
0 1093 5497 21 24
0 1094 5504 21 24
0 1095 5512 21 24
0 1096 5519 21 24
0 1097 5529 21 24
0 1098 5535 21 24
0 1099 5540 21 24
0 1100 5550 21 24
0 1101 5556 21 24
0 1102 5567 21 24
0 1103 5571 21 24
0 1104 5578 21 24
0 1105 5584 21 24
0 1106 5592 21 24
0 1107 5598 21 24
0 1108 5608 21 24
0 1109 5614 21 24
0 1110 5621 21 24
0 1111 5626 21 24
0 1112 5636 21 24
0 1113 5646 21 24
0 1114 5651 21 24
0 1115 5656 21 24
0 1116 5666 21 24
0 1117 5675 21 24
0 1118 5682 21 24
0 1119 5689 21 24
0 1120 5695 21 24
0 1121 5699 21 24
0 1122 5707 21 24
0 1123 5714 21 24
0 1124 5725 21 24
0 1125 5732 21 24
0 1126 5741 21 24
0 1127 5744 21 24
0 1128 5756 21 24
0 1129 5767 21 24
0 1130 5775 21 24
0 1131 5783 21 24
0 1132 5787 21 24
0 1133 5792 20 24
0 1134 5805 20 24
0 1135 5812 20 24
0 1136 5819 20 24
0 1137 5826 20 24
0 1138 5836 20 24
0 1139 5842 20 24
0 1140 5850 20 24
0 1141 5866 20 24
0 1142 5869 20 24
0 1143 5875 20 24
0 1144 5886 20 24
0 1145 5889 20 24
0 1146 5900 20 24
0 1147 5904 20 24
0 1148 5914 20 24
0 1149 5923 20 24
0 1150 5930 20 24
0 1151 5934 20 24
0 1152 5946 20 24
0 1153 5957 20 24
0 1154 5973 20 24
0 1155 5980 20 24
0 1156 5986 20 24
0 1157 5996 20 24
0 1158 6004 20 24
0 1159 6014 20 24
0 1160 6023 20 24
0 1161 6027 20 24
0 1162 6035 20 24
0 1163 6046 20 24
0 1164 6051 20 24
0 1165 6056 20 24
0 1166 6066 20 24
0 1167 6075 20 24
0 1168 6082 20 24
0 1169 6089 20 24
0 1170 6095 20 24
0 1171 6102 20 24
0 1172 6108 20 24
0 1173 6111 20 24
0 1174 6125 20 24
0 1175 6133 20 25
0 1176 6140 20 25
0 1177 6145 20 25
0 1178 6153 20 25
0 1179 6159 20 25
0 1180 6170 20 25
0 1181 6179 20 25
0 1182 6188 20 25
0 1183 6195 20 25
0 1184 6206 20 25
0 1185 6211 20 25
0 1186 6218 20 25
0 1187 6225 20 25
0 1188 6229 20 25
0 1189 6239 20 25
0 1190 6248 20 25
0 1191 6255 20 25
0 1192 6262 20 25
0 1193 6267 20 25
0 1194 6275 20 25
0 1195 6284 20 25
0 1196 6286 20 24
0 1197 6297 20 24
0 1198 6303 20 24
0 1199 6308 20 24
0 1200 6315 20 24
0 1201 6321 20 24
0 1202 6328 20 24
0 1203 6333 20 24
0 1204 6338 20 24
0 1205 6346 20 24
0 1206 6354 20 24
0 1207 6362 20 24
0 1208 6368 20 24
0 1209 6373 20 24
0 1210 6376 20 24
0 1211 6385 20 24
0 1212 6392 20 24
0 1213 6398 20 24
0 1214 6406 20 24
0 1215 6414 20 24
0 1216 6418 20 24
0 1217 6426 20 24
0 1218 6432 21 24
0 1219 6441 21 24
0 1220 6464 21 24
0 1221 6469 21 24
0 1222 6475 21 24
0 1223 6479 21 24
0 1224 6489 21 24
0 1225 6495 21 24
0 1226 6500 21 24
0 1227 6506 21 24
0 1228 6509 21 24
0 1229 6519 21 24
0 1230 6524 21 24
0 1231 6534 21 24
0 1232 6540 21 24
0 1233 6546 21 24
0 1234 6550 21 24
0 1235 6562 21 24
0 1236 6571 21 24
0 1237 6579 21 24
0 1238 6584 21 24
0 1239 6591 21 24
0 1240 6597 21 24
0 1241 6601 21 24
0 1242 6626 21 24
0 1243 6633 21 24
0 1244 6641 21 24
0 1245 6648 21 24
0 1246 6654 21 24
0 1247 6656 21 24
0 1248 6665 21 24
0 1249 6672 21 24
0 1250 6680 21 24
0 1251 6688 21 24
0 1252 6694 21 24
0 1253 6700 21 24
0 1254 6703 21 24
0 1255 6712 21 24
0 1256 6721 21 24
0 1257 6728 21 24
0 1258 6734 21 24
0 1259 6738 21 24
0 1260 6741 21 24
0 1261 6753 21 24
0 1262 6762 21 24
0 1263 6786 21 24
0 1264 6792 21 24
0 1265 6797 21 24
0 1266 6807 21 24
0 1267 6808 21 24
0 1268 6819 21 24
0 1269 6824 21 24
0 1270 6829 21 24
0 1271 6836 21 24
0 1272 6847 21 24
0 1273 6850 21 24
0 1274 6862 21 24
0 1275 6867 21 24
0 1276 6874 21 24
0 1277 6880 21 24
0 1278 6888 21 24
0 1279 6891 21 24
0 1280 6902 21 24
0 1281 6905 21 24
0 1282 6913 21 24
0 1283 6922 20 24
0 1284 6925 20 24
0 1285 6946 20 24
0 1286 6956 20 24
0 1287 6966 20 24
0 1288 6965 20 24
0 1289 6976 20 24
0 1290 6981 20 24
0 1291 6982 20 24
0 1292 6992 20 24
0 1293 7000 20 24
0 1294 7008 20 24
0 1295 7015 20 24
0 1296 7021 20 24
0 1297 7020 20 24
0 1298 7030 20 24
0 1299 7037 20 24
0 1300 7043 20 24
0 1301 7052 20 24
0 1302 7057 20 24
0 1303 7060 20 24
0 1304 7072 20 24
0 1305 7078 21 25
0 1306 7085 21 25
0 1307 7112 21 25
0 1308 7115 21 25
0 1309 7128 21 25
0 1310 7134 21 25
0 1311 7140 21 25
0 1312 7147 21 25
0 1313 7154 21 25
0 1314 7157 21 25
0 1315 7171 21 25
0 1316 7177 21 25
0 1317 7183 21 25
0 1318 7191 21 25
0 1319 7197 21 25
0 1320 7201 21 25
0 1321 7215 21 25
0 1322 7219 21 25
0 1323 7226 21 25
0 1324 7234 21 25
0 1325 7240 21 25
0 1326 7248 20 24
0 1327 7252 20 24
0 1328 7263 20 24
0 1329 7282 20 24
0 1330 7291 20 24
0 1331 7298 20 24
0 1332 7304 20 24
0 1333 7307 20 24
0 1334 7317 20 24
0 1335 7325 20 24
0 1336 7333 20 24
0 1337 7337 20 24
0 1338 7344 20 24
0 1339 7347 20 24
0 1340 7358 20 24
0 1341 7366 20 24
0 1342 7372 20 24
0 1343 7379 20 24
0 1344 7384 20 24
0 1345 7388 20 24
0 1346 7397 20 24
0 1347 7403 20 24
0 1348 7411 21 25
0 1349 7419 21 25
0 1350 7425 21 25
0 1351 7449 21 25
0 1352 7452 21 25
0 1353 7462 21 25
0 1354 7468 21 25
0 1355 7474 21 25
0 1356 7481 21 25
0 1357 7489 21 25
0 1358 7495 21 25
0 1359 7499 21 25
0 1360 7507 21 25
0 1361 7513 21 25
0 1362 7519 21 25
0 1363 7528 21 25
0 1364 7531 21 25
0 1365 7542 21 25
0 1366 7541 21 25
0 1367 7552 21 25
0 1368 7558 21 25
0 1369 7568 21 25
0 1370 7575 21 24
0 1371 7580 21 24
0 1372 7586 21 24
0 1373 7608 21 24
0 1374 7610 21 24
0 1375 7622 21 24
0 1376 7625 21 24
0 1377 7634 21 24
0 1378 7638 21 24
0 1379 7644 21 24
0 1380 7648 21 24
0 1381 7659 21 24
0 1382 7664 21 24
0 1383 7670 21 24
0 1384 7676 21 24
0 1385 7677 21 24
0 1386 7689 21 24
0 1387 7694 21 24
0 1388 7700 21 24
0 1389 7701 21 24
0 1390 7709 21 24
0 1391 7713 21 24
0 1392 7714 21 24
0 1393 7724 21 24
0 1394 7729 21 24
0 1395 7752 21 24
0 1396 7756 21 24
0 1397 7764 21 24
0 1398 7769 21 24
0 1399 7775 21 24
0 1400 7780 21 24
0 1401 7782 21 24
0 1402 7789 21 24
0 1403 7795 21 24
0 1404 7802 21 24
0 1405 7809 21 24
0 1406 7810 21 24
0 1407 7820 21 24
0 1408 7824 21 24
0 1409 7829 21 24
0 1410 7831 21 24
0 1411 7841 21 24
0 1412 7849 21 24
0 1413 7853 21 24
0 1414 7858 21 25
0 1415 7864 21 25
0 1416 7869 21 25
0 1417 7871 21 25
0 1418 7900 21 25
0 1419 7903 21 25
0 1420 7909 21 25
0 1421 7915 21 25
0 1422 7920 21 25
0 1423 7928 21 25
0 1424 7930 21 25
0 1425 7938 21 25
0 1426 7942 21 25
0 1427 7948 21 25
0 1428 7950 21 25
0 1429 7956 21 25
0 1430 7960 21 25
0 1431 7964 21 25
0 1432 7974 21 25
0 1433 7981 21 25
0 1434 7983 21 25
0 1435 7988 21 25
0 1436 7989 21 24
0 1437 7999 21 24
0 1438 8007 21 24
0 1439 8014 21 24
0 1440 8040 21 24
0 1441 8043 21 24
0 1442 8050 21 24
0 1443 8051 21 24
0 1444 8062 21 24
0 1445 8068 21 24
0 1446 8072 21 24
0 1447 8079 21 24
0 1448 8085 21 24
0 1449 8088 21 24
0 1450 8096 21 24
0 1451 8101 21 24
0 1452 8107 21 24
0 1453 8112 21 24
0 1454 8117 21 24
0 1455 8124 21 24
0 1456 8129 21 24
0 1457 8136 21 24
0 1458 8140 21 25
0 1459 8144 21 25
0 1460 8150 21 25
0 1461 8153 21 25
0 1462 8162 21 25
0 1463 8188 21 25
0 1464 8195 21 25
0 1465 8200 21 25
0 1466 8208 21 25
0 1467 8214 21 25
0 1468 8216 21 25
0 1469 8224 21 25
0 1470 8229 21 25
0 1471 8237 21 25
0 1472 8243 21 25
0 1473 8250 21 25
0 1474 8257 21 25
0 1475 8262 21 25
0 1476 8262 21 25
0 1477 8270 21 25
0 1478 8275 21 25
0 1479 8281 21 25
0 1480 8288 21 24
0 1481 8293 21 24
0 1482 8298 21 24
0 1483 8302 21 24
0 1484 8312 21 24
0 1485 8337 21 24
0 1486 8339 21 24
0 1487 8345 21 24
0 1488 8349 21 24
0 1489 8354 21 24
0 1490 8358 21 24
0 1491 8360 21 24
0 1492 8364 21 24
0 1493 8368 21 24
0 1494 8377 21 24
0 1495 8378 21 24
0 1496 8382 21 24
0 1497 8383 21 24
0 1498 8387 21 24
0 1499 8392 21 24
0 1500 8395 21 24
0 1501 8402 21 24
0 1502 8408 21 25
0 1503 8412 21 25
0 1504 8416 21 25
0 1505 8421 21 25
0 1506 8419 21 25
0 1507 8429 21 25
0 1508 8451 21 25
0 1509 8456 21 25
0 1510 8461 21 25
0 1511 8460 21 25
0 1512 8468 21 25
0 1513 8474 21 25
0 1514 8480 21 25
0 1515 8487 21 25
0 1516 8491 21 25
0 1517 8496 21 25
0 1518 8497 21 25
0 1519 8503 21 25
0 1520 8509 21 25
0 1521 8514 21 25
0 1522 8518 21 25
0 1523 8523 21 25
0 1524 8531 21 24
0 1525 8531 21 24
0 1526 8539 21 24
0 1527 8546 21 24
0 1528 8549 21 24
0 1529 8553 21 24
0 1530 8559 21 24
0 1531 8582 21 24
0 1532 8584 21 24
0 1533 8593 21 24
0 1534 8598 21 24
0 1535 8604 21 24
0 1536 8611 21 24
0 1537 8612 21 24
0 1538 8621 21 24
0 1539 8625 21 24
0 1540 8632 21 24
0 1541 8637 21 24
0 1542 8644 21 24
0 1543 8646 21 24
0 1544 8657 21 24
0 1545 8661 21 24
0 1546 8668 21 24
0 1547 8673 21 24
0 1548 8678 21 24
0 1549 8684 21 24
0 1550 8687 21 24
0 1551 8695 21 24
0 1552 8699 21 24
0 1553 8716 21 24
0 1554 8722 21 24
0 1555 8729 21 24
0 1556 8734 21 24
0 1557 8734 21 24
0 1558 8741 21 24
0 1559 8744 21 24
0 1560 8748 21 24
0 1561 8752 21 24
0 1562 8757 21 24
0 1563 8758 21 24
0 1564 8767 21 24
0 1565 8770 21 24
0 1566 8773 21 24
0 1567 8776 21 24
0 1568 8779 21 24
0 1569 8782 22 25
0 1570 8783 22 25
0 1571 8790 22 25
0 1572 8793 22 25
0 1573 8797 22 25
0 1574 8801 22 25
0 1575 8806 22 25
0 1576 8824 22 25
0 1577 8826 22 25
0 1578 8835 22 25
0 1579 8838 22 25
0 1580 8841 22 25
0 1581 8846 22 25
0 1582 8849 22 25
0 1583 8852 22 25
0 1584 8855 22 25
0 1585 8858 22 25
0 1586 8857 22 25
0 1587 8862 22 25
0 1588 8865 22 25
0 1589 8868 22 25
0 1590 8872 22 25
0 1591 8870 22 25
0 1592 8876 22 24
0 1593 8876 22 24
0 1594 8881 22 24
0 1595 8885 22 24
0 1596 8890 22 24
0 1597 8892 22 24
0 1598 8896 22 24
0 1599 8895 22 24
0 1600 8916 22 24
0 1601 8920 22 24
0 1602 8923 22 24
0 1603 8928 22 24
0 1604 8931 22 24
0 1605 8934 22 24
0 1606 8936 22 24
0 1607 8935 22 24
0 1608 8940 22 24
0 1609 8943 22 24
0 1610 8948 22 24
0 1611 8950 22 24
0 1612 8953 22 24
0 1613 8956 22 24
0 1614 8959 22 24
0 1615 8960 22 24
0 1616 8969 22 24
0 1617 8974 22 24
0 1618 8978 22 24
0 1619 8982 22 24
0 1620 8981 22 24
0 1621 8989 22 24
0 1622 8995 22 24
0 1623 8999 22 24
0 1624 9020 22 24
0 1625 9022 22 24
0 1626 9027 22 24
0 1627 9031 22 24
0 1628 9035 22 24
0 1629 9035 22 24
0 1630 9043 22 24
0 1631 9049 22 24
0 1632 9052 22 24
0 1633 9056 22 24
0 1634 9060 22 24
0 1635 9063 22 24
0 1636 9068 22 24
0 1637 9069 22 24
0 1638 9076 22 25
0 1639 9080 22 25
0 1640 9088 22 25
0 1641 9089 22 25
0 1642 9095 22 25
0 1643 9100 22 25
0 1644 9102 22 25
0 1645 9107 22 25
0 1646 9111 22 25
0 1647 9133 22 25
0 1648 9135 22 25
0 1649 9136 22 25
0 1650 9140 22 25
0 1651 9142 22 25
0 1652 9146 22 25
0 1653 9150 22 25
0 1654 9152 22 25
0 1655 9155 22 25
0 1656 9158 22 25
0 1657 9161 22 25
0 1658 9164 22 25
0 1659 9169 22 25
0 1660 9172 22 25
0 1661 9174 22 25
0 1662 9179 22 25
0 1663 9179 22 25
0 1664 9183 22 25
0 1665 9187 22 25
0 1666 9185 22 25
0 1667 9191 22 25
0 1668 9194 22 25
0 1669 9197 22 25
0 1670 9196 22 25
0 1671 9217 22 25
0 1672 9219 22 25
0 1673 9221 22 25
0 1674 9221 22 25
0 1675 9222 22 25
0 1676 9226 22 25
0 1677 9228 22 25
0 1678 9228 22 25
0 1679 9234 22 25
0 1680 9238 22 25
0 1681 9241 22 25
0 1682 9244 22 25
0 1683 9248 22 25
0 1684 9252 22 25
0 1685 9256 23 24
0 1686 9254 23 24
0 1687 9259 23 24
0 1688 9260 23 24
0 1689 9261 23 24
0 1690 9271 23 24
0 1691 9273 23 24
0 1692 9274 23 24
0 1693 9275 23 24
0 1694 9282 23 24
0 1695 9299 23 24
0 1696 9302 23 24
0 1697 9306 23 24
0 1698 9313 23 24
0 1699 9315 23 24
0 1700 9314 23 24
0 1701 9322 23 24
0 1702 9329 23 24
0 1703 9332 23 24
0 1704 9336 23 24
0 1705 9339 23 24
0 1706 9342 23 24
0 1707 9347 23 24
0 1708 9350 22 24
0 1709 9355 22 24
0 1710 9356 22 24
0 1711 9369 22 24
0 1712 9374 22 24
0 1713 9378 22 24
0 1714 9382 22 24
0 1715 9388 22 24
0 1716 9393 22 24
0 1717 9398 22 24
0 1718 9421 22 24
0 1719 9420 22 24
0 1720 9430 22 24
0 1721 9436 22 24
0 1722 9440 22 24
0 1723 9444 22 24
0 1724 9448 22 24
0 1725 9453 22 24
0 1726 9454 22 24
0 1727 9460 22 24
0 1728 9462 22 24
0 1729 9471 22 24
0 1730 9474 21 24
0 1731 9481 21 24
0 1732 9484 21 24
0 1733 9491 21 24
0 1734 9496 21 24
0 1735 9497 21 24
0 1736 9506 21 24
0 1737 9511 21 24
0 1738 9516 21 24
0 1739 9522 21 24
0 1740 9544 21 24
0 1741 9550 21 24
0 1742 9559 21 24
0 1743 9562 21 24
0 1744 9561 21 24
0 1745 9571 21 24
0 1746 9576 21 24
0 1747 9581 21 24
0 1748 9586 21 24
0 1749 9593 21 24
0 1750 9591 21 24
0 1751 9600 21 24
0 1752 9603 21 24
0 1753 9609 21 24
0 1754 9614 21 24
0 1755 9616 21 24
0 1756 9621 21 24
0 1757 9627 21 24
0 1758 9627 21 24
0 1759 9633 21 24
0 1760 9638 21 24
0 1761 9642 21 24
0 1762 9647 21 24
0 1763 9666 21 24
0 1764 9670 21 24
0 1765 9679 21 24
0 1766 9682 21 24
0 1767 9694 21 24
0 1768 9699 21 24
0 1769 9709 21 24
0 1770 9715 21 24
0 1771 9721 21 24
0 1772 9724 21 24
0 1773 9734 21 24
0 1774 9739 21 25
0 1775 9750 21 25
0 1776 9755 21 25
0 1777 9759 21 25
0 1778 9768 21 25
0 1779 9774 21 25
0 1780 9779 21 25
0 1781 9785 21 25
0 1782 9789 21 25
0 1783 9798 21 25
0 1784 9805 21 25
0 1785 9827 21 25
0 1786 9832 21 25
0 1787 9840 21 25
0 1788 9845 21 25
0 1789 9855 21 25
0 1790 9860 21 25
0 1791 9864 21 25
0 1792 9874 21 25
0 1793 9880 21 25
0 1794 9885 21 25
0 1795 9893 21 25
0 1796 9897 21 25
0 1797 9905 21 25
0 1798 9911 21 25
0 1799 9919 21 25
0 1800 9926 21 25
0 1801 9935 21 25
0 1802 9940 21 25
0 1803 9943 21 25
0 1804 9950 21 25
0 1805 9958 21 25
0 1806 9964 21 25
0 1807 9985 21 25
0 1808 9990 21 25
0 1809 9996 21 25
0 1810 10001 21 25
0 1811 10010 21 25
0 1812 10015 21 25
0 1813 10019 21 25
0 1814 10024 21 25
0 1815 10027 21 25
0 1816 10035 21 25
0 1817 10041 21 25
0 1818 10048 21 24
0 1819 10053 21 24
0 1820 10062 21 24
0 1821 10064 21 24
0 1822 10070 21 24
0 1823 10077 21 24
0 1824 10078 21 24
0 1825 10088 21 24
0 1826 10093 21 24
0 1827 10102 21 24
0 1828 10104 21 24
0 1829 10109 21 24
0 1830 10128 21 24
0 1831 10134 21 24
0 1832 10138 21 24
0 1833 10141 21 24
0 1834 10145 21 24
0 1835 10150 21 24
0 1836 10156 21 24
0 1837 10160 21 24
0 1838 10161 21 24
0 1839 10171 21 24
0 1840 10177 21 25
0 1841 10182 21 25
0 1842 10185 21 25
0 1843 10189 21 25
0 1844 10195 21 25
0 1845 10200 21 25
0 1846 10212 21 25
0 1847 10216 21 25
0 1848 10216 21 25
0 1849 10223 21 25
0 1850 10229 21 25
0 1851 10236 21 25
0 1852 10240 21 25
0 1853 10259 21 25
0 1854 10263 21 25
0 1855 10268 21 25
0 1856 10270 21 25
0 1857 10280 21 25
0 1858 10288 21 25
0 1859 10292 21 25
0 1860 10298 21 25
0 1861 10303 21 25
0 1862 10309 21 24
0 1863 10317 21 24
0 1864 10323 21 24
0 1865 10330 21 24
0 1866 10332 21 24
0 1867 10342 21 24
0 1868 10345 21 24
0 1869 10355 21 24
0 1870 10364 21 24
0 1871 10374 21 24
0 1872 10384 21 24
0 1873 10389 21 24
0 1874 10396 21 24
0 1875 10415 21 24
0 1876 10424 21 24
0 1877 10429 21 24
0 1878 10436 21 24
0 1879 10442 21 24
0 1880 10451 21 24
0 1881 10456 21 24
0 1882 10462 21 24
0 1883 10465 21 24
0 1884 10472 21 24
0 1885 10478 21 24
0 1886 10488 21 24
0 1887 10493 21 24
0 1888 10499 21 24
0 1889 10502 21 24
0 1890 10508 21 24
0 1891 10515 21 24
0 1892 10520 21 24
0 1893 10528 21 24
0 1894 10536 21 24
0 1895 10544 21 24
0 1896 10550 21 24
0 1897 10574 21 24
0 1898 10580 21 24
0 1899 10586 21 24
0 1900 10591 21 24
0 1901 10601 21 24
0 1902 10610 21 24
0 1903 10617 21 24
0 1904 10623 21 24
0 1905 10629 21 24
0 1906 10635 21 24
0 1907 10642 21 24
0 1908 10649 21 24
0 1909 10657 21 24
0 1910 10662 21 24
0 1911 10666 21 24
0 1912 10672 21 24
0 1913 10682 21 24
0 1914 10691 21 24
0 1915 10699 21 24
0 1916 10706 21 24
0 1917 10716 21 24
0 1918 10723 21 24
0 1919 10750 21 24
0 1920 10756 21 24
0 1921 10763 21 24
0 1922 10773 21 24
0 1923 10780 21 24
0 1924 10787 21 24
0 1925 10796 21 24
0 1926 10799 21 24
0 1927 10815 20 24
0 1928 10826 20 24
0 1929 10835 20 24
0 1930 10842 20 24
0 1931 10853 20 24
0 1932 10860 20 24
0 1933 10869 20 24
0 1934 10876 20 24
0 1935 10892 20 24
0 1936 10900 20 24
0 1937 10908 20 24
0 1938 10919 20 24
0 1939 10945 20 24
0 1940 10951 20 24
0 1941 10960 20 24
0 1942 10970 20 24
0 1943 10979 20 24
0 1944 10981 20 24
0 1945 10993 20 24
0 1946 11000 20 24
0 1947 11006 20 24
0 1948 11012 20 25
0 1949 11019 20 25
0 1950 11024 20 25
0 1951 11032 20 25
0 1952 11039 20 25
0 1953 11046 20 25
0 1954 11058 20 25
0 1955 11064 20 25
0 1956 11070 20 25
0 1957 11079 20 25
0 1958 11084 20 25
0 1959 11096 20 25
0 1960 11103 20 25
0 1961 11125 20 25
0 1962 11134 20 25
0 1963 11142 20 25
0 1964 11152 20 25
0 1965 11160 20 25
0 1966 11168 20 25
0 1967 11176 20 25
0 1968 11180 20 25
0 1969 11188 20 24
0 1970 11195 20 24
0 1971 11203 20 24
0 1972 11214 20 24
0 1973 11222 20 24
0 1974 11230 20 24
0 1975 11236 20 24
0 1976 11245 20 24
0 1977 11251 20 24
0 1978 11262 20 24
0 1979 11267 20 24
0 1980 11273 20 24
0 1981 11277 20 24
0 1982 11300 20 24
0 1983 11307 20 24
0 1984 11313 20 24
0 1985 11322 20 24
0 1986 11329 20 24
0 1987 11336 20 24
0 1988 11344 20 24
0 1989 11353 20 24
0 1990 11360 20 24
0 1991 11366 20 24
0 1992 11379 20 24
0 1993 11387 20 24
0 1994 11395 20 24
0 1995 11405 20 24
0 1996 11415 20 24
0 1997 11423 20 24
0 1998 11429 20 24
0 1999 11439 20 24
0 2000 11450 20 24
0 2001 11457 20 24
0 2002 11463 20 24
0 2003 11474 20 24
0 2004 11501 20 24
0 2005 11512 20 24
0 2006 11521 20 24
0 2007 11530 20 24
0 2008 11542 20 24
0 2009 11549 20 24
0 2010 11560 20 24
0 2011 11571 20 24
0 2012 11580 20 24
0 2013 11588 20 24
0 2014 11595 20 24
0 2015 11607 20 24
0 2016 11618 20 24
0 2017 11627 20 24
0 2018 11635 20 24
0 2019 11642 20 24
0 2020 11652 20 24
0 2021 11657 20 24
0 2022 11666 20 24
0 2023 11677 20 24
0 2024 11687 20 24
0 2025 11709 20 24
0 2026 11719 20 24
0 2027 11730 20 24
0 2028 11739 20 24
0 2029 11745 20 24
0 2030 11759 20 24
0 2031 11772 20 24
0 2032 11782 19 25
0 2033 11788 19 25
0 2034 11800 19 25
0 2035 11812 19 25
0 2036 11822 19 25
0 2037 11830 19 25
0 2038 11838 19 25
0 2039 11851 19 25
0 2040 11857 19 25
0 2041 11866 19 25
0 2042 11875 19 25
0 2043 11885 19 25
0 2044 11896 19 25
0 2045 11921 19 25
0 2046 11932 19 25
0 2047 11937 19 25
0 2048 11945 19 25
0 2049 11955 19 25
0 2050 11965 19 25
0 2051 11975 19 25
0 2052 11983 19 24
0 2053 11991 19 24
0 2054 11999 19 24
0 2055 12005 19 24
0 2056 12015 19 24
0 2057 12023 19 24
0 2058 12031 19 24
0 2059 12037 19 24
0 2060 12040 19 24
0 2061 12051 19 24
0 2062 12057 19 24
0 2063 12064 19 24
0 2064 12070 19 24
0 2065 12076 19 24
0 2066 12084 19 24
0 2067 12104 19 24
0 2068 12109 19 24
0 2069 12118 19 24
0 2070 12126 19 24
0 2071 12135 19 24
0 2072 12141 19 24
0 2073 12147 20 24
0 2074 12154 20 24
0 2075 12160 20 24
0 2076 12166 20 24
0 2077 12176 20 24
0 2078 12181 20 24
0 2079 12187 20 24
0 2080 12195 20 24
0 2081 12203 20 24
0 2082 12212 20 24
0 2083 12213 20 24
0 2084 12222 20 24
0 2085 12226 20 24
0 2086 12235 20 24
0 2087 12240 20 24
0 2088 12263 20 24
0 2089 12269 20 24
0 2090 12278 20 24
0 2091 12282 20 24
0 2092 12293 20 24
0 2093 12301 20 24
0 2094 12306 20 24
0 2095 12314 21 24
0 2096 12320 21 24
0 2097 12332 21 24
0 2098 12338 21 24
0 2099 12343 21 24
0 2100 12347 21 24
0 2101 12355 21 24
0 2102 12361 21 24
0 2103 12369 21 24
0 2104 12374 21 24
0 2105 12381 21 24
0 2106 12386 21 24
0 2107 12391 21 24
0 2108 12392 21 24
0 2109 12403 21 24
0 2110 12423 21 24
0 2111 12430 21 24
0 2112 12436 21 24
0 2113 12443 21 24
0 2114 12446 21 24
0 2115 12455 21 24
0 2116 12460 21 24
0 2117 12465 21 25
0 2118 12472 21 25
0 2119 12480 21 25
0 2120 12487 21 25
0 2121 12495 21 25
0 2122 12498 21 25
0 2123 12507 21 25
0 2124 12514 21 25
0 2125 12520 21 25
0 2126 12528 21 25
0 2127 12534 21 25
0 2128 12540 21 25
0 2129 12542 21 25
0 2130 12557 21 25
0 2131 12565 21 25
0 2132 12587 21 25
0 2133 12594 21 25
0 2134 12603 21 25
0 2135 12607 21 25
0 2136 12620 21 25
0 2137 12623 21 25
0 2138 12631 20 24
0 2139 12638 20 24
0 2140 12640 20 24
0 2141 12652 20 24
0 2142 12660 20 24
0 2143 12665 20 24
0 2144 12673 20 24
0 2145 12681 20 24
0 2146 12690 20 24
0 2147 12693 20 24
0 2148 12702 20 24
0 2149 12707 20 24
0 2150 12715 20 24
0 2151 12722 20 24
0 2152 12730 20 24
0 2153 12741 20 24
0 2154 12757 20 24
0 2155 12760 20 24
0 2156 12770 20 24
0 2157 12772 20 24
0 2158 12780 20 24
0 2159 12785 20 24
0 2160 12791 21 24
0 2161 12795 21 24
0 2162 12807 21 24
0 2163 12815 21 24
0 2164 12821 21 24
0 2165 12824 21 24
0 2166 12828 21 24
0 2167 12836 21 24
0 2168 12844 21 24
0 2169 12851 21 24
0 2170 12857 21 24
0 2171 12862 21 24
0 2172 12866 21 24
0 2173 12868 21 24
0 2174 12877 21 24
0 2175 12885 21 24
0 2176 12912 21 24
0 2177 12919 21 24
0 2178 12928 21 24
0 2179 12933 21 24
0 2180 12936 21 24
0 2181 12945 21 24
0 2182 12953 21 25
0 2183 12959 21 25
0 2184 12970 21 25
0 2185 12975 21 25
0 2186 12981 21 25
0 2187 12992 21 25
0 2188 13000 21 25
0 2189 13009 21 25
0 2190 13013 21 25
0 2191 13022 21 25
0 2192 13025 21 25
0 2193 13032 21 25
0 2194 13037 21 25
0 2195 13044 21 25
0 2196 13049 21 25
0 2197 13056 21 25
0 2198 13076 21 25
0 2199 13082 21 25
0 2200 13089 21 25
0 2201 13092 21 25
0 2202 13102 21 25
0 2203 13105 21 25
0 2204 13109 21 24
0 2205 13119 21 24
0 2206 13122 21 24
0 2207 13133 21 24
0 2208 13139 21 24
0 2209 13144 21 24
0 2210 13150 21 24
0 2211 13153 21 24
0 2212 13162 21 24
0 2213 13171 21 24
0 2214 13177 21 24
0 2215 13177 21 24
0 2216 13184 21 24
0 2217 13191 21 24
0 2218 13196 21 24
0 2219 13201 21 24
0 2220 13226 21 24
0 2221 13229 21 24
0 2222 13240 21 24
0 2223 13250 21 24
0 2224 13254 21 24
0 2225 13260 21 24
0 2226 13264 21 25
0 2227 13272 21 25
0 2228 13274 21 25
0 2229 13283 21 25
0 2230 13290 21 25
0 2231 13295 21 25
0 2232 13299 21 25
0 2233 13303 21 25
0 2234 13305 21 25
0 2235 13315 21 25
0 2236 13320 21 25
0 2237 13329 21 25
0 2238 13335 21 25
0 2239 13336 21 25
0 2240 13344 21 25
0 2241 13353 21 25
0 2242 13358 21 25
0 2243 13384 21 25
0 2244 13387 21 25
0 2245 13395 21 25
0 2246 13401 21 25
0 2247 13407 21 25
0 2248 13413 21 25
0 2249 13420 21 25
0 2250 13424 21 25
0 2251 13427 21 25
0 2252 13434 21 25
0 2253 13440 21 25
0 2254 13449 21 25
0 2255 13454 21 25
0 2256 13456 21 25
0 2257 13463 21 25
0 2258 13467 21 25
0 2259 13474 21 25
0 2260 13479 21 25
0 2261 13485 21 25
0 2262 13492 21 25
0 2263 13495 21 25
0 2264 13503 21 25
0 2265 13526 21 25
0 2266 13533 21 25
0 2267 13539 21 25
0 2268 13542 21 25
0 2269 13552 21 25
0 2270 13557 21 24
0 2271 13562 21 24
0 2272 13570 21 24
0 2273 13573 21 24
0 2274 13576 21 24
0 2275 13583 21 24
0 2276 13587 21 24
0 2277 13594 21 24
0 2278 13599 21 24
0 2279 13603 21 24
0 2280 13608 21 24
0 2281 13616 21 24
0 2282 13621 21 24
0 2283 13624 21 24
0 2284 13629 21 24
0 2285 13629 21 24
0 2286 13636 21 24
0 2287 13641 21 24
0 2288 13662 21 24
0 2289 13666 21 24
0 2290 13671 21 24
0 2291 13672 21 24
0 2292 13677 21 24
0 2293 13683 21 24
0 2294 13685 21 24
0 2295 13695 21 24
0 2296 13703 21 24
0 2297 13706 21 24
0 2298 13711 21 24
0 2299 13713 21 24
0 2300 13722 21 24
0 2301 13728 21 24
0 2302 13733 21 24
0 2303 13739 21 24
0 2304 13745 21 24
0 2305 13748 21 24
0 2306 13759 21 24
0 2307 13768 21 24
0 2308 13775 21 24
0 2309 13783 21 24
0 2310 13788 21 24
0 2311 13798 21 24
0 2312 13804 21 24
0 2313 13815 21 24
0 2314 13822 21 25
0 2315 13829 21 25
0 2316 13831 21 25
0 2317 13842 21 25
0 2318 13851 21 25
0 2319 13852 21 25
0 2320 13862 21 25
0 2321 13869 21 25
0 2322 13876 21 25
0 2323 13883 21 25
0 2324 13888 21 25
0 2325 13897 21 25
0 2326 13903 21 25
0 2327 13911 21 25
0 2328 13917 21 25
0 2329 13920 21 25
0 2330 13938 21 25
0 2331 13941 21 25
0 2332 13947 21 25
0 2333 13954 21 25
0 2334 13959 21 25
0 2335 13969 21 25
0 2336 13974 21 25
0 2337 13983 21 25
0 2338 13985 21 25
0 2339 13991 21 25
0 2340 13994 21 25
0 2341 14004 21 25
0 2342 14013 21 25
0 2343 14017 21 25
0 2344 14026 21 25
0 2345 14034 21 25
0 2346 14044 21 25
0 2347 14054 21 25
0 2348 14058 21 25
0 2349 14061 21 25
0 2350 14072 21 25
0 2351 14079 21 25
0 2352 14086 21 25
0 2353 14094 21 25
0 2354 14104 21 25
0 2355 14109 21 25
0 2356 14117 21 25
0 2357 14122 21 25
0 2358 14130 21 24
0 2359 14137 21 24
0 2360 14142 21 24
0 2361 14145 21 24
0 2362 14154 21 24
0 2363 14162 21 24
0 2364 14170 21 24
0 2365 14178 21 24
0 2366 14183 21 24
0 2367 14188 21 24
0 2368 14192 21 24
0 2369 14201 21 24
0 2370 14210 21 24
0 2371 14216 21 24
0 2372 14219 21 24
0 2373 14230 21 24
0 2374 14236 21 24
0 2375 14243 21 24
0 2376 14257 21 24
0 2377 14257 21 24
0 2378 14264 21 24
0 2379 14268 21 24
0 2380 14277 21 25
0 2381 14286 21 25
0 2382 14294 21 25
0 2383 14307 21 25
0 2384 14314 21 25
0 2385 14322 21 25
0 2386 14326 21 25
0 2387 14335 21 25
0 2388 14341 21 25
0 2389 14349 21 25
0 2390 14354 21 25
0 2391 14363 21 25
0 2392 14373 21 25
0 2393 14375 21 25
0 2394 14385 21 25
0 2395 14393 21 25
0 2396 14402 21 25
0 2397 14410 21 25
0 2398 14422 21 25
0 2399 14425 21 25
0 2400 14431 21 25
0 2401 14437 21 25
0 2402 14448 21 24
0 2403 14455 21 24
0 2404 14457 21 24
0 2405 14464 21 24
0 2406 14471 21 24
0 2407 14477 21 24
0 2408 14484 21 24
0 2409 14493 21 24
0 2410 14496 21 24
0 2411 14498 21 24
0 2412 14505 21 24
0 2413 14512 21 24
0 2414 14520 21 24
0 2415 14523 21 24
0 2416 14532 21 24
0 2417 14541 21 24
0 2418 14543 21 24
0 2419 14543 21 24
0 2420 14548 21 24
0 2421 14552 21 24
0 2422 14556 21 24
0 2423 14559 21 24
0 2424 14560 21 19
0 2425 14566 21 19
0 2426 14568 21 19
0 2427 14571 21 19
0 2428 14575 21 19
0 2429 14577 21 19
0 2430 14580 21 19
0 2431 14577 21 19
0 2432 14579 21 19
0 2433 14583 21 19
0 2434 14585 21 19
0 2435 14588 21 19
0 2436 14591 21 19
0 2437 14591 21 19
0 2438 14590 21 19
0 2439 14596 21 19
0 2440 14598 21 19
0 2441 14600 21 19
0 2442 14603 21 19
0 2443 14607 21 19
0 2444 14609 21 19
0 2445 14609 21 19
0 2446 14613 21 19
0 2447 14617 21 19
0 2448 14619 23 0
0 2449 14617 23 0
0 2450 14623 23 0
0 2451 14625 23 0
0 2452 14629 23 0
0 2453 14632 23 0
0 2454 14636 23 0
0 2455 14639 23 0
0 2456 14639 23 0
0 2457 14645 23 0
0 2458 14646 23 0
0 2459 14648 23 0
0 2460 14650 23 0
0 2461 14653 23 0
0 2462 14654 23 0
0 2463 14657 23 0
0 2464 14659 23 0
0 2465 14659 23 0
0 2466 14660 23 0
0 2467 14663 23 0
0 2468 14663 23 0
0 2469 14660 23 0
0 2470 14664 23 0
0 2471 14661 23 0
0 2472 14672 23 0
0 2473 14669 23 0
0 2474 14668 23 0
0 2475 14673 23 0
0 2476 14675 23 0
0 2477 14676 23 0
0 2478 14679 23 0
0 2479 14680 23 0
0 2480 14682 23 0
0 2481 14681 23 0
0 2482 14690 23 0
0 2483 14691 23 0
0 2484 14691 23 0
0 2485 14694 23 0
0 2486 14698 23 0
0 2487 14700 23 0
0 2488 14702 23 0
0 2489 14702 23 0
0 2490 14708 23 0
0 2491 14713 23 0
0 2492 14715 23 0
0 2493 14718 23 0
0 2494 14722 23 0
0 2495 14734 23 0
0 2496 14736 23 0
0 2497 14735 23 0
0 2498 14740 23 0
0 2499 14742 23 0
0 2500 14741 23 0
0 2501 14750 23 0
0 2502 14754 23 0
0 2503 14757 23 0
0 2504 14760 23 0
0 2505 14765 23 0
0 2506 14768 23 0
0 2507 14768 23 0
0 2508 14774 23 0
0 2509 14777 23 0
0 2510 14781 23 0
0 2511 14782 23 0
0 2512 14784 23 0
0 2513 14782 23 0
0 2514 14788 23 0
0 2515 14791 23 0
0 2516 14796 23 0
0 2517 14798 23 0
0 2518 14802 23 0
0 2519 14817 23 0
0 2520 14816 23 0
0 2521 14815 23 0
0 2522 14823 23 0
0 2523 14826 23 0
0 2524 14830 23 0
0 2525 14833 23 0
0 2526 14832 23 0
0 2527 14839 23 0
0 2528 14843 23 0
0 2529 14846 23 0
0 2530 14849 23 0
0 2531 14854 23 0
0 2532 14858 23 0
0 2533 14859 23 0
0 2534 14868 23 0
0 2535 14871 23 0
0 2536 14875 23 0
0 2537 14882 23 0
0 2538 14882 23 0
0 2539 14886 23 0
0 2540 14889 23 0
0 2541 14888 23 0
0 2542 14894 23 0
0 2543 14898 23 0
0 2544 14901 23 0
0 2545 14907 23 0
0 2546 14910 23 0
0 2547 14913 23 0
0 2548 14917 23 0
0 2549 14916 23 0
0 2550 14922 23 0
0 2551 14926 23 0
0 2552 14930 23 0
0 2553 14927 23 0
0 2554 14931 23 0
0 2555 14937 23 0
0 2556 14939 23 0
0 2557 14944 23 0
0 2558 14946 23 0
0 2559 14949 23 0
0 2560 14951 23 0
0 2561 14951 23 0
0 2562 14957 23 0
0 2563 14960 23 0
0 2564 14962 23 0
0 2565 14965 23 0
0 2566 14967 23 0
0 2567 14972 23 0
0 2568 14973 23 0
0 2569 14973 23 0
0 2570 14979 23 0
0 2571 14983 23 0
0 2572 14984 23 0
0 2573 14987 23 0
0 2574 14990 23 0
0 2575 14993 23 0
0 2576 14996 23 0
0 2577 14995 23 0
0 2578 15002 23 0
0 2579 15006 23 0
0 2580 15006 23 0
0 2581 15006 23 0
0 2582 15013 23 0
0 2583 15014 23 0
0 2584 15018 23 0
0 2585 15021 23 0
0 2586 15023 23 0
0 2587 15026 23 0
0 2588 15029 23 0
0 2589 15029 23 0
0 2590 15034 23 0
0 2591 15051 23 0
0 2592 15054 23 0
0 2593 15057 23 0
0 2594 15060 23 0
0 2595 15062 23 0
0 2596 15065 23 0
0 2597 15063 23 0
0 2598 15072 23 0
0 2599 15072 23 0
0 2600 15074 23 0
0 2601 15078 23 0
0 2602 15079 23 0
0 2603 15078 23 0
0 2604 15083 23 0
0 2605 15086 23 0
0 2606 15087 23 0
0 2607 15089 23 0
0 2608 15089 23 0
0 2609 15090 23 0
0 2610 15088 23 0
0 2611 15096 23 0
0 2612 15094 23 0
0 2613 15095 23 0
0 2614 15098 23 0
0 2615 15100 23 0
0 2616 15102 23 0
0 2617 15102 23 0
0 2618 15101 23 0
0 2619 15106 23 0
0 2620 15109 23 0
0 2621 15111 23 0
0 2622 15112 23 0
0 2623 15114 23 0
0 2624 15116 23 0
0 2625 15116 23 0
0 2626 15115 23 0
0 2627 15118 23 0
0 2628 15117 23 0
0 2629 15120 23 0
0 2630 15123 23 0
0 2631 15124 23 0
0 2632 15126 23 0
0 2633 15129 23 0
0 2634 15127 23 0
0 2635 15132 23 0
0 2636 15135 23 0
0 2637 15137 23 0
0 2638 15140 23 0
0 2639 15143 23 0
0 2640 15146 23 0
0 2641 15148 23 0
0 2642 15152 23 0
0 2643 15149 23 0
0 2644 15154 23 0
0 2645 15157 23 0
0 2646 15159 23 0
0 2647 15162 23 0
0 2648 15162 23 0
0 2649 15163 23 0
0 2650 15161 23 0
0 2651 15164 23 0
0 2652 15165 23 0
0 2653 15167 23 0
0 2654 15171 23 0
0 2655 15172 23 0
0 2656 15174 23 0
0 2657 15172 23 0
0 2658 15174 23 0
0 2659 15179 23 0
0 2660 15181 23 0
0 2661 15183 23 0
0 2662 15185 23 0
0 2663 15185 23 0
0 2664 15191 23 0
0 2665 15193 23 0
0 2666 15197 23 0
0 2667 15199 23 0
0 2668 15201 23 0
0 2669 15204 23 0
0 2670 15204 23 0
0 2671 15210 23 0
0 2672 15212 23 0
0 2673 15215 23 0
0 2674 15217 23 0
0 2675 15219 23 0
0 2676 15222 23 0
0 2677 15221 23 0
0 2678 15225 23 0
0 2679 15226 23 0
0 2680 15227 23 0
0 2681 15228 23 0
0 2682 15226 23 0
0 2683 15228 23 0
0 2684 15234 23 0
0 2685 15235 23 0
0 2686 15238 23 0
0 2687 15240 23 0
0 2688 15242 23 0
0 2689 15244 23 0
0 2690 15249 23 0
0 2691 15247 23 0
0 2692 15254 23 0
0 2693 15255 23 0
0 2694 15257 23 0
0 2695 15260 23 0
0 2696 15262 23 0
0 2697 15263 23 0
0 2698 15270 23 0
0 2699 15273 23 0
0 2700 15276 23 0
0 2701 15280 23 0
0 2702 15284 23 0
0 2703 15284 23 0
0 2704 15291 23 0
0 2705 15295 23 0
0 2706 15297 23 0
0 2707 15300 23 0
0 2708 15303 23 0
0 2709 15306 23 0
0 2710 15310 23 0
0 2711 15314 23 0
0 2712 15315 23 0
0 2713 15317 23 0
0 2714 15329 23 0
0 2715 15331 23 0
0 2716 15333 23 0
0 2717 15332 23 0
0 2718 15338 23 0
0 2719 15341 23 0
0 2720 15344 23 0
0 2721 15346 23 0
0 2722 15351 23 0
0 2723 15354 23 0
0 2724 15355 23 0
0 2725 15363 23 0
0 2726 15365 23 0
0 2727 15369 23 0
0 2728 15373 23 0
0 2729 15376 23 0
0 2730 15379 23 0
0 2731 15381 23 0
0 2732 15389 23 0
0 2733 15393 23 0
0 2734 15395 23 0
0 2735 15399 22 0
0 2736 15404 22 0
0 2737 15410 22 0
0 2738 15410 22 0
0 2739 15416 22 0
0 2740 15420 22 0
0 2741 15423 22 0
0 2742 15426 22 0
0 2743 15425 22 0
0 2744 15430 22 0
0 2745 15434 22 0
0 2746 15435 22 0
0 2747 15437 22 0
0 2748 15439 22 0
0 2749 15443 22 0
0 2750 15442 22 0
0 2751 15448 22 0
0 2752 15451 22 0
0 2753 15454 22 0
0 2754 15457 22 0
0 2755 15458 22 0
0 2756 15456 22 0
0 2757 15461 22 0
0 2758 15462 22 0
0 2759 15464 23 0
0 2760 15465 23 0
0 2761 15468 23 0
0 2762 15469 23 0
0 2763 15469 23 0
0 2764 15473 23 0
0 2765 15475 23 0
0 2766 15476 23 0
0 2767 15479 23 0
0 2768 15480 23 0
0 2769 15482 23 0
0 2770 15480 23 0
0 2771 15484 23 0
0 2772 15486 23 0
0 2773 15488 23 0
0 2774 15491 23 0
0 2775 15491 23 0
0 2776 15493 23 0
0 2777 15491 23 0
0 2778 15497 23 0
0 2779 15498 23 0
0 2780 15499 23 0
0 2781 15521 23 0
