0 0 5 0 50 0 4 0 6
0 0 6 9 60 0 8 0 7
0 0 2 0 98 0 4 0 7
0 0 2 34 87 0 14 0 7
0 0 3 56 80 0 6 0 9
0 0 3 80 85 0 8 0 3
0 0 3 97 91 0 16 0 7
0 0 8 125 115 0 14 0 3
0 0 3 0 147 0 5 0 9
0 0 3 0 150 0 5 0 7
0 0 4 147 149 0 13 0 6
0 0 2 202 158 0 15 0 4
0 0 5 106 150 0 8 0 8
0 0 3 111 152 0 10 0 7
0 0 3 255 145 0 14 0 4
0 0 3 324 158 0 15 0 3
0 0 5 216 156 0 12 0 10
0 0 3 362 156 0 16 0 3
0 0 3 223 153 0 17 0 7
0 0 2 438 155 0 17 0 3
0 0 4 334 160 0 12 0 6
0 0 2 337 150 0 16 0 4
0 0 2 484 159 0 18 0 3
0 0 2 558 185 0 15 0 5
0 0 5 453 179 0 13 0 4
0 0 3 447 188 0 17 0 4
0 0 5 597 178 0 18 0 4
0 0 3 698 157 0 14 0 4
0 0 4 594 157 0 17 0 4
0 0 3 741 161 0 15 0 5
0 0 3 596 169 0 20 0 4
0 0 2 818 159 0 15 0 4
0 0 5 710 157 0 16 0 4
0 0 3 858 156 0 16 0 6
0 0 3 725 161 0 19 0 5
0 0 3 940 162 0 18 0 4
0 0 3 829 159 0 19 0 4
0 0 5 972 161 0 16 0 5
0 0 2 847 169 0 16 0 4
0 0 3 1059 165 0 17 0 4
0 0 3 949 158 0 17 0 3
0 0 5 1093 158 0 21 0 6
0 0 4 975 165 0 18 0 4
0 0 4 1183 165 0 20 0 3
0 0 3 1072 162 0 19 0 3
0 0 4 1218 163 0 24 0 6
0 0 4 1104 166 0 17 0 4
0 0 3 1310 164 0 23 0 3
0 0 4 1189 187 0 22 0 4
0 0 3 1338 184 0 21 0 6
0 0 3 1228 185 0 22 0 5
0 0 3 1438 187 0 22 0 3
0 0 4 1338 164 0 23 0 4
0 0 2 1484 167 0 22 0 5
0 0 4 1372 165 0 22 0 5
0 0 3 1581 168 0 27 0 3
0 0 5 1461 163 0 23 0 4
0 0 3 1615 164 0 25 0 6
0 0 5 1496 160 0 24 0 5
0 0 3 1709 165 0 28 0 3
0 0 3 1590 177 0 24 0 4
0 0 5 1733 166 0 33 0 3
0 0 3 1622 160 0 29 0 6
0 0 2 1836 168 0 28 0 3
0 0 3 1724 169 0 29 0 3
0 0 4 1862 171 0 37 0 4
0 0 3 1740 161 0 32 0 4
0 0 3 1967 172 0 27 0 3
0 0 5 1852 165 0 30 0 3
0 0 8 1988 171 0 37 0 4
0 0 3 1860 169 0 36 0 4
0 0 3 2095 176 0 29 0 3
0 0 6 1976 189 0 28 0 3
0 0 4 2128 192 0 38 0 3
0 0 4 1992 192 0 32 0 5
0 0 2 2234 193 0 27 0 3
0 0 3 2132 175 0 36 0 3
0 0 22 2124 160 0 41 0 4
0 0 6 2275 168 0 41 0 5
0 0 3 2386 169 0 36 0 3
0 0 4 2262 166 0 37 0 3
0 0 4 2405 167 0 40 0 3
0 0 6 2260 168 0 42 0 4
0 0 3 2519 175 0 30 0 3
0 0 3 2390 172 0 40 0 3
0 0 5 2531 162 0 47 0 3
0 0 4 2392 175 0 39 0 6
0 0 4 2650 170 0 34 0 3
0 0 4 2521 170 0 44 0 3
0 0 3 2659 170 0 47 0 4
0 0 4 2526 166 0 42 0 4
0 0 2 2783 173 0 39 0 4
0 0 5 2655 173 0 51 0 4
0 0 5 2784 165 0 50 0 6
0 0 4 2656 174 0 46 0 4
0 0 11 2907 182 0 52 0 4
0 0 3 2786 192 0 57 0 3
0 0 4 2787 180 0 56 0 7
0 0 4 2912 190 0 61 0 7
0 0 3 3058 194 0 41 0 4
0 0 3 2938 176 0 56 0 3
0 0 3 3063 174 0 56 0 5
0 0 5 2927 183 0 51 0 6
0 0 2 3216 178 0 44 0 3
0 0 6 3073 169 0 56 0 4
0 0 6 3195 173 0 60 0 5
0 0 3 3072 174 0 56 0 8
0 0 5 3349 187 0 57 0 3
0 0 3 3335 164 0 57 0 5
0 0 7 3205 174 0 62 0 4
0 0 4 3209 181 0 55 0 5
0 0 4 3455 175 0 65 0 6
0 0 3 3498 181 0 69 0 3
0 0 3 3340 179 0 65 0 4
0 0 5 3347 171 0 61 0 5
0 0 3 3639 177 0 60 0 4
0 0 8 3587 181 0 64 0 6
0 0 4 3478 184 0 63 0 4
0 0 5 3478 178 0 61 0 7
0 0 7 3728 197 0 56 0 4
0 0 3 3780 202 0 65 0 4
0 0 4 3623 199 0 64 0 3
0 0 4 3617 191 0 66 0 7
0 0 3 3893 179 0 72 0 4
0 0 4 3937 180 0 69 0 5
0 0 7 3783 175 0 64 0 3
0 0 3 3774 172 0 65 0 6
0 0 3 4030 180 0 64 0 4
0 0 4 4079 180 0 67 0 3
0 0 3 3919 171 0 70 0 4
0 0 4 3901 176 0 68 0 7
0 0 3 4220 173 0 70 0 3
0 0 4 4050 173 0 71 0 4
0 0 3 4170 178 0 72 0 5
0 0 5 4037 178 0 65 0 6
0 0 3 4184 182 0 69 0 4
0 0 7 4304 181 0 74 0 4
0 0 3 4357 183 0 76 0 3
0 0 4 4176 173 0 75 0 6
0 0 4 4496 180 0 69 0 3
0 0 6 4328 176 0 73 0 4
0 0 4 4451 180 0 71 0 3
0 0 4 4310 178 0 73 0 7
0 0 3 4590 200 0 71 0 3
0 0 4 4637 199 0 73 0 3
0 0 3 4464 201 0 74 0 3
0 0 3 4452 199 0 73 0 7
0 0 4 4796 181 0 67 0 3
0 0 4 4625 182 0 67 0 3
0 0 5 4749 180 0 70 0 4
0 0 5 4607 181 0 75 0 4
0 0 3 4942 177 0 69 0 3
0 0 4 4768 175 0 72 0 4
0 0 5 4889 177 0 73 0 4
0 0 5 4749 177 0 74 0 4
0 0 3 5032 182 0 71 0 3
0 0 5 4886 181 0 73 0 4
0 0 6 4905 184 0 73 0 3
0 0 3 5076 182 0 76 0 4
0 0 3 5033 178 0 71 0 4
0 0 3 5218 179 0 74 0 4
0 0 4 5047 177 0 73 0 4
0 0 3 5171 182 0 72 0 4
0 0 4 5357 183 0 94 0 3
0 0 5 5184 182 0 93 0 4
0 0 4 5313 177 0 95 0 4
0 0 4 5166 183 0 95 0 4
0 0 3 5504 198 0 76 0 3
0 0 4 5328 199 0 75 0 4
0 0 3 5311 200 0 76 0 4
0 0 5 5449 200 0 75 0 5
0 0 5 5490 178 0 72 0 4
0 0 4 5658 178 0 76 0 3
0 0 3 5615 182 0 72 0 3
0 0 4 5471 179 0 76 0 10
0 0 3 5627 183 0 75 0 4
0 0 3 5754 179 0 76 0 3
0 0 3 5798 182 0 78 0 3
0 0 4 5614 184 0 73 0 7
0 0 20 5739 183 0 75 0 4
0 0 4 5940 184 0 77 0 4
0 0 4 5770 184 0 76 0 3
0 0 8 5889 184 0 76 0 5
0 0 3 6089 185 0 73 0 4
0 0 3 5899 184 0 74 0 4
0 0 3 5914 184 0 76 0 3
0 0 7 6035 185 0 77 0 4
0 0 4 6186 203 0 75 0 4
0 0 4 6057 204 0 75 0 3
0 0 4 6042 204 0 75 0 4
0 0 5 6229 203 0 78 0 4
0 0 2 6395 184 0 78 0 3
0 0 6 6224 183 0 76 0 3
0 0 3 6347 185 0 77 0 4
0 0 3 6208 184 0 79 0 4
0 0 4 6537 185 0 79 0 4
0 0 4 6367 184 0 78 0 4
0 0 5 6491 184 0 78 0 3
0 0 4 6355 182 0 81 0 5
0 0 16 6674 188 0 77 0 3
0 0 4 6512 188 0 77 0 4
0 0 3 6495 188 0 78 0 4
0 0 4 6637 186 0 79 0 4
0 0 5 6782 188 0 77 0 4
0 0 3 6833 188 0 78 0 4
0 0 5 6658 187 0 80 0 4
0 0 3 6644 189 0 78 0 5
0 0 4 6793 184 0 91 0 4
0 0 7 6808 188 0 89 0 3
0 0 3 6982 198 0 89 0 4
0 0 5 6934 199 0 89 0 4
0 0 3 6957 200 0 69 0 4
0 0 3 6941 208 0 67 0 5
0 0 4 7091 204 0 69 0 3
0 0 3 7141 210 0 68 0 4
0 0 5 7117 187 0 65 0 9
0 0 4 7105 186 0 67 0 4
0 0 5 7256 191 0 67 0 4
0 0 5 7308 188 0 71 0 3
0 0 4 7263 183 0 69 0 6
0 0 4 7252 181 0 74 0 4
0 0 5 7407 178 0 68 0 3
0 0 5 7460 187 0 63 0 3
0 0 4 7393 192 0 78 0 4
0 0 6 7411 194 0 78 0 4
0 0 4 7605 171 0 77 0 6
0 0 4 7549 181 0 79 0 6
0 0 4 7687 183 0 68 0 5
0 0 3 7738 180 0 73 0 6
0 0 3 7550 182 0 75 0 4
0 0 3 7564 204 0 64 0 4
0 0 3 7831 205 0 73 0 3
0 0 5 7877 208 0 72 0 3
0 0 3 7690 206 0 75 0 4
0 0 4 7728 198 0 65 0 3
0 0 4 7885 173 0 70 0 3
0 0 3 8051 184 0 71 0 3
0 0 4 7856 186 0 72 0 4
0 0 7 7994 185 0 74 0 3
0 0 6 8017 181 0 66 0 3
0 0 3 8192 182 0 66 0 3
0 0 5 8002 180 0 70 0 4
0 0 3 8145 186 0 79 0 3
0 0 2 8336 178 0 70 0 3
0 0 3 8148 179 0 73 0 4
0 0 4 8164 178 0 72 0 3
0 0 5 8287 181 0 71 0 3
0 0 5 8472 177 0 69 0 3
0 0 4 8282 181 0 69 0 4
0 0 4 8300 185 0 69 0 3
0 0 3 8430 183 0 68 0 3
0 0 4 8614 179 0 98 0 4
0 0 6 8421 181 0 96 0 4
0 0 6 8571 174 0 97 0 3
0 0 5 8445 183 0 93 0 3
0 0 4 8751 204 0 74 0 4
0 0 5 8563 207 0 71 0 4
0 0 5 8710 204 0 72 0 4
0 0 5 8587 215 0 64 0 3
0 0 4 8872 184 0 73 0 4
0 0 3 8915 186 0 78 0 3
0 0 3 8736 183 0 75 0 4
0 0 5 8767 179 0 67 0 3
0 0 3 9062 183 0 70 0 4
0 0 4 8875 183 0 70 0 4
0 0 3 9018 190 0 69 0 3
0 0 3 8905 188 0 66 0 3
0 0 3 9205 179 0 61 0 4
0 0 6 9165 184 0 72 0 4
0 0 3 9053 183 0 65 0 4
0 0 3 9020 185 0 84 0 5
0 0 4 9348 182 0 65 0 3
0 0 3 9165 180 0 67 0 7
0 0 5 9310 180 0 68 0 4
0 0 4 9196 187 0 60 0 4
0 0 4 9486 197 0 70 0 3
0 0 3 9455 194 0 61 0 4
0 0 4 9308 197 0 65 0 4
0 0 7 9344 194 0 60 0 3
0 0 3 9606 169 0 64 0 4
0 0 3 9644 177 0 73 0 4
0 0 3 9463 171 0 72 0 4
0 0 3 9500 184 0 57 0 4
0 0 4 9781 180 0 71 0 4
0 0 4 9736 179 0 71 0 4
0 0 22 9576 185 0 69 0 5
0 0 5 9642 178 0 60 0 4
0 0 5 9924 180 0 63 0 4
0 0 6 9873 186 0 70 0 4
0 0 5 9738 184 0 76 0 5
0 0 6 9780 182 0 62 0 4
0 0 5 10061 187 0 64 0 4
0 0 5 9883 188 0 64 0 4
0 0 4 10025 187 0 67 0 4
0 0 4 9923 187 0 61 0 4
0 0 3 10211 185 0 60 0 4
0 0 3 10037 175 0 91 0 4
0 0 5 10169 182 0 88 0 4
0 0 5 10074 183 0 64 0 4
0 0 3 10169 203 0 72 0 4
0 0 4 10356 203 0 73 0 4
0 0 7 10309 204 0 81 0 5
0 0 4 10215 205 0 63 0 5
0 0 21 10506 186 0 70 0 4
0 0 3 10333 193 0 68 0 4
0 0 4 10476 188 0 87 0 4
0 0 4 10381 188 0 68 0 5
0 0 5 10624 188 0 69 0 4
0 0 5 10483 187 0 74 0 4
0 0 4 10666 192 0 76 0 4
0 0 4 10529 190 0 58 0 5
0 0 5 10818 184 0 66 0 4
0 0 3 10777 187 0 65 0 4
0 0 3 10637 185 0 88 0 4
0 0 7 10680 179 0 65 0 5
0 0 4 10920 180 0 69 0 4
0 0 3 10963 183 0 72 0 4
0 0 3 10779 192 0 71 0 4
0 0 3 10821 185 0 63 0 5
0 0 4 11061 191 0 89 0 4
0 0 4 11106 188 0 96 0 4
0 0 5 10929 202 0 71 0 4
0 0 3 10966 207 0 67 0 5
(ms) 11360 = 3 82 0 0 6 11210
0 0 5 11092 185 0 73 0 4
0 0 3 11260 207 0 75 0 3
0 0 4 11133 194 0 59 0 5
0 0 5 11422 181 0 58 0 5
0 0 3 11239 192 0 60 0 4
0 0 4 11380 195 0 62 0 7
0 0 6 11284 200 0 49 0 5
0 0 3 11567 185 0 64 0 4
0 0 3 11395 179 0 64 0 4
0 0 6 11530 179 0 62 0 4
0 0 3 11453 191 0 44 0 5
0 0 4 11711 180 0 49 0 3
0 0 4 11672 182 0 58 0 7
0 0 2 11531 198 0 59 0 4
0 0 4 11600 193 0 40 0 5
0 0 6 11850 179 0 58 0 4
0 0 5 11814 181 0 63 0 5
0 0 4 11688 189 0 50 0 4
0 0 3 11754 193 0 63 0 5
0 0 5 11992 207 0 48 0 4
0 0 4 11960 214 0 62 0 7
0 0 4 11838 209 0 52 0 4
0 0 5 11904 210 0 41 0 4
0 0 2 12158 183 0 48 0 3
0 0 3 12132 186 0 59 0 5
0 0 2 12012 181 0 52 0 4
0 0 3 12082 183 0 41 0 8
0 0 3 12301 183 0 48 0 3
0 0 4 12277 184 0 61 0 4
0 0 3 12150 186 0 54 0 3
0 0 3 12222 187 0 43 0 5
0 0 4 12444 187 0 68 0 3
0 0 6 12420 186 0 55 0 4
0 0 2 12297 188 0 57 0 5
0 0 4 12369 183 0 48 0 5
0 0 5 12594 184 0 44 0 3
0 0 3 12572 187 0 56 0 4
0 0 6 12442 190 0 47 0 4
0 0 4 12511 186 0 41 0 4
0 0 3 12737 178 0 88 0 3
0 0 4 12716 179 0 78 0 4
0 0 4 12598 202 0 53 0 4
0 0 5 12661 201 0 41 0 4
0 0 3 12876 209 0 70 0 6
0 0 4 12855 209 0 59 0 4
0 0 3 12758 178 0 65 0 6
0 0 3 12821 177 0 44 0 8
0 0 5 13044 187 0 67 0 12
0 0 8 13020 183 0 62 0 9
0 0 3 12897 187 0 64 0 6
0 0 4 12958 175 0 46 0 5
0 0 3 13195 191 0 48 0 10
0 0 6 13166 184 0 55 0 6
0 0 5 13043 185 0 54 0 3
0 0 5 13091 190 0 43 0 3
0 0 6 13341 183 0 67 0 4
0 0 3 13317 181 0 61 0 3
0 0 3 13191 175 0 61 0 3
0 0 5 13241 179 0 45 0 4
0 0 2 13488 183 0 71 0 4
0 0 5 13452 189 0 65 0 4
0 0 3 13329 185 0 58 0 4
0 0 3 13386 198 0 42 0 5
0 0 4 13603 195 0 57 0 4
0 0 5 13629 201 0 76 0 3
0 0 5 13470 193 0 68 0 4
0 0 2 13543 200 0 44 0 5
0 0 3 13793 190 0 75 0 4
0 0 5 13758 185 0 64 0 4
0 0 3 13626 181 0 73 0 4
0 0 8 13697 191 0 43 0 6
0 0 4 13944 185 0 58 0 4
0 0 3 13909 185 0 61 0 4
0 0 6 13764 186 0 72 0 4
0 0 5 13851 192 0 41 0 6
0 0 3 14052 180 0 59 0 4
0 0 3 14088 185 0 70 0 4
0 0 3 13913 198 0 69 0 4
0 0 4 14005 184 0 43 0 4
0 0 9 14186 182 0 57 0 4
0 0 4 14232 187 0 76 0 4
0 0 3 14075 192 0 57 0 4
0 0 3 14154 188 0 42 0 4
0 0 4 14332 190 0 84 0 5
0 0 17 14367 187 0 98 0 4
0 0 4 14223 214 0 67 0 4
0 0 3 14299 207 0 45 0 4
0 0 4 14483 210 0 58 0 4
0 0 4 14527 214 0 72 0 4
0 0 3 14399 185 0 68 0 4
0 0 5 14463 187 0 47 0 5
0 0 3 14659 196 0 64 0 4
0 0 6 14703 198 0 62 0 6
0 0 4 14544 194 0 66 0 4
0 0 6 14610 188 0 45 0 4
0 0 3 14812 191 0 61 0 4
0 0 3 14861 188 0 78 0 4
0 0 2 14703 189 0 60 0 4
0 0 3 14766 193 0 43 0 4
0 0 4 14962 190 0 55 0 5
0 0 3 15009 193 0 73 0 4
0 0 2 14850 191 0 66 0 4
0 0 3 14916 188 0 46 0 4
0 0 6 15111 185 0 58 0 4
0 0 3 15162 185 0 66 0 4
0 0 5 14999 197 0 81 0 5
0 0 4 15064 185 0 70 0 4
0 0 6 15307 206 0 62 0 4
0 0 3 15262 207 0 61 0 4
0 0 6 15156 212 0 65 0 4
0 0 5 15206 202 0 54 0 4
0 0 4 15425 187 0 54 0 4
0 0 3 15474 189 0 68 0 4
0 0 3 15334 193 0 50 0 4
0 0 5 15374 191 0 48 0 4
0 0 6 15571 183 0 50 0 4
0 0 4 15623 184 0 63 0 5
0 0 3 15524 177 0 55 0 4
0 0 3 15485 193 0 65 0 4
0 0 8 15712 184 0 60 0 4
0 0 3 15769 184 0 66 0 4
0 0 6 15659 186 0 51 0 7
0 0 4 15637 202 0 63 0 4
0 0 5 15860 192 0 55 0 4
0 0 6 15911 189 0 67 0 4
0 0 7 15805 185 0 49 0 7
0 0 6 15798 189 0 58 0 4
0 0 4 16018 204 0 55 0 4
0 0 5 16065 206 0 54 0 4
0 0 5 15953 207 0 56 0 7
0 0 4 15948 200 0 63 0 4
0 0 3 16179 186 0 50 0 4
0 0 3 16230 186 0 64 0 4
0 0 4 16126 182 0 54 0 4
0 0 3 16112 178 0 57 0 4
0 0 6 16323 183 0 59 0 4
0 0 4 16375 182 0 63 0 4
0 0 3 16265 192 0 52 0 6
0 0 4 16248 194 0 64 0 4
0 0 5 16468 190 0 57 0 3
0 0 5 16516 188 0 69 0 4
0 0 4 16417 191 0 58 0 4
0 0 6 16400 193 0 63 0 4
0 0 3 16623 195 0 50 0 4
0 0 5 16664 189 0 66 0 4
0 0 6 16566 195 0 56 0 5
0 0 6 16553 191 0 61 0 4
0 0 3 16819 189 0 59 0 4
0 0 7 16772 184 0 59 0 4
0 0 3 16711 196 0 63 0 4
0 0 6 16726 216 0 57 0 4
0 0 4 16920 212 0 59 0 4
0 0 3 16964 214 0 65 0 4
0 0 4 16901 188 0 53 0 4
0 0 4 16863 207 0 61 0 3
0 0 6 17090 195 0 48 0 4
0 0 6 17136 193 0 67 0 4
0 0 3 17050 191 0 49 0 6
0 0 5 17029 196 0 63 0 4
0 0 5 17250 189 0 51 0 4
0 0 7 17290 190 0 65 0 4
0 0 7 17199 187 0 54 0 4
0 0 6 17185 186 0 63 0 4
0 0 4 17398 187 0 59 0 3
0 0 5 17443 185 0 68 0 4
0 0 7 17346 190 0 57 0 4
0 0 3 17333 188 0 63 0 4
0 0 3 17592 189 0 53 0 4
0 0 3 17546 185 0 53 0 4
0 0 3 17484 189 0 53 0 4
0 0 3 17503 184 0 53 0 7
0 0 7 17687 211 0 62 0 4
0 0 3 17738 212 0 70 0 4
0 0 12 17636 218 0 57 0 4
0 0 3 17631 214 0 64 0 4
0 0 7 17859 198 0 57 0 4
0 0 6 17908 198 0 69 0 4
0 0 3 17824 187 0 51 0 4
0 0 4 17805 191 0 65 0 4
0 0 3 18025 191 0 56 0 4
0 0 7 18063 190 0 65 0 6
0 0 6 17968 191 0 52 0 7
0 0 6 17954 190 0 59 0 4
0 0 3 18222 185 0 58 0 4
0 0 16 18160 188 0 56 0 4
0 0 6 18120 180 0 47 0 5
0 0 3 18108 186 0 57 0 4
0 0 4 18321 184 0 53 0 4
0 0 20 18345 189 0 73 0 4
0 0 3 18268 168 0 52 0 4
0 0 3 18257 200 0 48 0 4
0 0 8 18461 190 0 67 0 4
0 0 6 18511 198 0 83 0 4
0 0 3 18392 211 0 47 0 7
0 0 3 18415 205 0 53 0 6
0 0 4 18615 206 0 59 0 4
0 0 5 18670 205 0 66 0 4
0 0 5 18562 185 0 54 0 6
0 0 7 18576 186 0 56 0 6
0 0 3 18787 191 0 60 0 7
0 0 6 18834 190 0 71 0 4
0 0 8 18705 194 0 57 0 4
0 0 6 18724 185 0 60 0 4
0 0 3 18935 193 0 59 0 7
0 0 4 18990 191 0 59 0 9
0 0 4 18865 188 0 52 0 4
0 0 3 18873 194 0 47 0 4
0 0 4 19087 187 0 57 0 4
0 0 3 19140 189 0 65 0 9
0 0 4 19011 200 0 47 0 4
0 0 3 19027 188 0 50 0 4
0 0 7 19233 188 0 56 0 4
0 0 4 19286 194 0 65 0 7
0 0 5 19171 190 0 65 0 4
0 0 5 19173 191 0 68 0 4
0 0 3 19389 213 0 53 0 4
0 0 6 19441 206 0 75 0 6
0 0 7 19320 203 0 54 0 4
0 0 6 19323 221 0 48 0 4
0 0 3 19610 187 0 59 0 6
0 0 3 19558 193 0 59 0 4
0 0 5 19485 204 0 52 0 4
0 0 3 19508 180 0 53 0 5
0 0 6 19709 192 0 59 0 4
0 0 3 19761 193 0 61 0 7
0 0 3 19655 193 0 53 0 6
0 0 3 19652 188 0 51 0 5
0 0 4 19911 187 0 57 0 4
0 0 7 19859 188 0 57 0 4
0 0 5 19795 180 0 55 0 4
0 0 4 19805 187 0 55 0 6
0 0 6 20054 184 0 59 0 4
0 0 6 20010 189 0 54 0 4
0 0 5 19935 197 0 56 0 4
0 0 5 19950 194 0 56 0 7
0 0 7 20199 214 0 57 0 4
0 0 3 20166 210 0 55 0 4
0 0 7 20104 214 0 53 0 7
0 0 5 20092 216 0 56 0 5
0 0 3 20381 190 0 53 0 4
0 0 3 20334 197 0 51 0 4
0 0 4 20285 196 0 52 0 4
0 0 2 20275 197 0 52 0 4
0 0 3 20528 188 0 58 0 4
0 0 7 20486 186 0 52 0 4
0 0 4 20437 181 0 56 0 4
0 0 3 20428 181 0 52 0 4
0 0 7 20673 184 0 52 0 4
0 0 6 20636 185 0 52 0 4
0 0 4 20568 184 0 52 0 4
0 0 3 20580 189 0 54 0 4
0 0 5 20821 184 0 53 0 4
0 0 3 20786 189 0 53 0 4
0 0 7 20710 191 0 49 0 4
0 0 6 20726 187 0 52 0 7
0 0 3 20970 184 0 49 0 4
0 0 3 20933 193 0 54 0 5
0 0 5 20875 212 0 58 0 4
0 0 3 20865 208 0 59 0 6
0 0 3 21112 213 0 49 0 4
0 0 3 21087 216 0 55 0 4
0 0 3 21037 193 0 56 0 4
0 0 3 21053 196 0 53 0 5
0 0 5 21284 191 0 51 0 4
0 0 8 21258 188 0 49 0 5
0 0 3 21187 188 0 55 0 4
0 0 3 21206 191 0 50 0 4
0 0 4 21436 189 0 48 0 4
0 0 7 21408 186 0 50 0 4
0 0 6 21332 183 0 53 0 6
0 0 6 21355 193 0 54 0 5
0 0 6 21584 192 0 48 0 4
0 0 3 21562 193 0 56 0 4
0 0 5 21477 190 0 53 0 4
0 0 6 21507 196 0 53 0 4
0 0 4 21742 189 0 65 0 4
0 0 4 21712 189 0 58 0 4
0 0 6 21631 187 0 48 0 4
0 0 19 21655 198 0 70 0 5
0 0 3 21889 209 0 50 0 4
0 0 5 21860 211 0 53 0 4
0 0 3 21778 212 0 45 0 4
0 0 3 21825 212 0 49 0 6
0 0 3 22059 193 0 46 0 4
0 0 8 22028 194 0 50 0 4
0 0 4 21950 196 0 48 0 4
0 0 4 21997 184 0 49 0 5
0 0 6 22210 184 0 47 0 4
0 0 21 22173 196 0 50 0 4
0 0 6 22105 186 0 46 0 4
0 0 5 22141 192 0 48 0 7
0 0 27 22331 194 0 49 0 7
0 0 4 22344 190 0 48 0 4
0 0 6 22251 192 0 53 0 4
0 0 6 22291 183 0 52 0 9
0 0 3 22515 192 0 61 0 5
0 0 4 22493 192 0 48 0 4
0 0 3 22411 188 0 50 0 4
0 0 4 22441 192 0 49 0 4
0 0 3 22665 182 0 67 0 6
0 0 5 22645 216 0 47 0 4
0 0 4 22554 212 0 49 0 4
0 0 4 22591 216 0 49 0 6
0 0 5 22806 210 0 43 0 5
0 0 6 22821 189 0 46 0 4
0 0 7 22723 185 0 48 0 4
0 0 3 22768 195 0 48 0 4
0 0 6 22975 186 0 43 0 6
0 0 4 22976 187 0 45 0 4
0 0 5 22871 193 0 47 0 4
0 0 9 22918 188 0 47 0 4
0 0 3 23123 185 0 42 0 4
0 0 3 23120 185 0 45 0 4
0 0 3 23030 187 0 51 0 4
0 0 5 23070 182 0 48 0 6
0 0 4 23272 185 0 44 0 4
0 0 4 23265 189 0 43 0 4
0 0 3 23173 183 0 48 0 4
0 0 3 23217 182 0 47 0 6
0 0 4 23415 185 0 45 0 3
0 0 7 23411 187 0 43 0 4
0 0 3 23318 177 0 65 0 4
0 0 3 23357 187 0 64 0 4
0 0 4 23561 205 0 39 0 4
0 0 6 23560 203 0 43 0 4
0 0 5 23453 202 0 46 0 4
0 0 5 23502 218 0 41 0 4
0 0 6 23724 184 0 42 0 3
0 0 4 23730 182 0 41 0 4
0 0 5 23616 177 0 56 0 6
0 0 7 23679 181 0 44 0 6
0 0 3 23874 183 0 41 0 3
0 0 4 23869 202 0 56 0 4
0 0 3 23758 186 0 49 0 4
0 0 4 23827 186 0 43 0 6
0 0 2 24016 182 0 44 0 4
0 0 5 24030 182 0 66 0 4
0 0 4 23900 181 0 63 0 3
0 0 3 23971 194 0 45 0 6
0 0 4 24156 194 0 49 0 4
0 0 7 24171 193 0 62 0 4
0 0 5 24041 197 0 55 0 5
0 0 3 24126 197 0 41 0 7
0 0 7 24308 194 0 68 0 4
0 0 3 24332 208 0 48 0 4
0 0 6 24197 210 0 56 0 3
0 0 6 24280 207 0 44 0 6
0 0 3 24469 203 0 43 0 3
0 0 4 24497 183 0 55 0 4
0 0 3 24374 181 0 52 0 4
0 0 6 24448 193 0 47 0 4
0 0 3 24629 175 0 47 0 3
0 0 5 24639 184 0 55 0 4
0 0 3 24512 181 0 53 0 4
0 0 4 24608 180 0 48 0 7
0 0 4 24764 181 0 47 0 4
0 0 8 24779 189 0 57 0 3
0 0 4 24652 182 0 58 0 6
0 0 4 24745 190 0 51 0 7
0 0 4 24906 181 0 52 0 3
0 0 7 24931 191 0 57 0 4
0 0 7 24792 187 0 56 0 9
0 0 6 24894 194 0 52 0 9
0 0 5 25046 188 0 54 0 3
0 0 6 24940 192 0 75 0 8
0 0 4 25088 189 0 92 0 6
0 0 8 25045 211 0 53 0 9
0 0 3 25200 213 0 48 0 3
0 0 3 25100 219 0 49 0 4
0 0 4 25235 214 0 55 0 6
0 0 4 25225 188 0 48 0 4
0 0 3 25370 187 0 51 0 6
0 0 4 25275 181 0 53 0 4
0 0 6 25407 182 0 63 0 4
0 0 3 25371 184 0 51 0 4
0 0 4 25516 180 0 48 0 6
0 0 7 25549 179 0 64 0 4
0 0 5 25414 189 0 50 0 5
0 0 4 25515 186 0 56 0 4
0 0 7 25654 178 0 57 0 4
0 0 4 25694 183 0 50 0 4
0 0 4 25564 180 0 48 0 4
0 0 3 25796 183 0 52 0 4
0 0 20 25646 182 0 55 0 4
0 0 5 25704 177 0 53 0 5
0 0 4 25835 186 0 65 0 4
0 0 2 25943 177 0 50 0 4
0 0 7 25801 183 0 72 0 4
0 0 4 25847 206 0 54 0 4
0 0 5 25981 204 0 62 0 4
0 0 3 26077 210 0 54 0 4
0 0 5 25950 206 0 54 0 4
0 0 3 26010 182 0 51 0 6
0 0 21 26128 185 0 62 0 4
0 0 22 26228 184 0 56 0 4
0 0 4 26115 185 0 59 0 4
0 0 6 26150 185 0 52 0 6
0 0 6 26289 183 0 65 0 4
0 0 4 26260 185 0 53 0 4
0 0 7 26389 188 0 52 0 4
0 0 5 26296 188 0 57 0 6
0 0 5 26434 187 0 66 0 4
0 0 3 26540 186 0 54 0 4
0 0 6 26403 190 0 52 0 6
0 0 4 26445 183 0 50 0 4
0 0 3 26587 185 0 63 0 4
0 0 4 26689 181 0 55 0 4
0 0 7 26553 182 0 54 0 4
0 0 5 26727 182 0 56 0 4
0 0 4 26593 182 0 55 0 4
0 0 5 26826 200 0 54 0 4
0 0 3 26701 199 0 54 0 5
capture capture-preproc preproc preproc-detect detect detect-track track track-draw draw
0 0 5 26731 199 0 56 0 4
0 0 5 26986 188 0 52 0 4
0 0 4 26857 195 0 54 0 6
0 0 8 27026 186 0 51 0 4
0 0 3 26893 191 0 54 0 4
0 0 4 27136 187 0 53 0 3
0 0 6 27011 184 0 49 0 6
0 0 6 27039 189 0 52 0 4
0 0 3 27180 188 0 61 0 4
0 0 3 27288 187 0 52 0 4
0 0 7 27155 182 0 54 0 4
0 0 7 27322 186 0 55 0 4
0 0 3 27198 180 0 55 0 4
0 0 4 27303 187 0 52 0 4
0 0 3 27432 190 0 52 0 3
0 0 7 27468 189 0 52 0 3
0 0 5 27331 187 0 52 0 4
0 0 2 27583 186 0 50 0 3
0 0 4 27448 182 0 54 0 6
0 0 5 27619 208 0 56 0 3
0 0 5 27480 206 0 56 0 4
0 0 6 27725 205 0 51 0 3
0 0 4 27590 212 0 51 0 7
0 0 7 27646 186 0 50 0 4
0 0 3 27793 185 0 58 0 4
0 0 3 27894 187 0 53 0 3
0 0 4 27762 186 0 52 0 4
0 0 4 27935 180 0 51 0 3
0 0 4 27795 189 0 48 0 3
0 0 3 28044 185 0 55 0 4
0 0 6 27907 187 0 52 0 5
0 0 8 28072 187 0 51 0 3
0 0 4 27948 180 0 53 0 4
0 0 2 28187 180 0 54 0 4
0 0 4 28059 187 0 54 0 4
0 0 3 28223 186 0 56 0 3
0 0 4 28086 186 0 53 0 4
0 0 6 28323 187 0 58 0 3
0 0 3 28204 182 0 53 0 3
0 0 7 28367 184 0 55 0 4
0 0 5 28231 183 0 56 0 3
0 0 6 28471 208 0 52 0 6
0 0 8 28341 205 0 54 0 6
0 0 3 28517 209 0 49 0 4
0 0 6 28374 208 0 50 0 3
0 0 3 28646 179 0 48 0 6
0 0 7 28508 184 0 49 0 3
0 0 3 28684 181 0 56 0 4
0 0 3 28548 192 0 52 0 4
0 0 3 28782 186 0 53 0 5
0 0 3 28657 193 0 53 0 3
0 0 4 28825 192 0 51 0 3
0 0 4 28697 189 0 52 0 4
0 0 3 28929 188 0 56 0 6
0 0 4 28812 186 0 50 0 6
0 0 9 28972 188 0 53 0 4
0 0 3 28847 187 0 51 0 4
0 0 7 29074 185 0 48 0 6
0 0 7 28953 189 0 52 0 4
0 0 4 29125 184 0 55 0 4
0 0 7 28989 184 0 51 0 4
0 0 6 29220 184 0 49 0 6
0 0 6 29105 187 0 73 0 6
0 0 5 29137 212 0 55 0 4
0 0 3 29274 216 0 59 0 4
0 0 3 29372 212 0 48 0 4
0 0 7 29251 214 0 50 0 3
0 0 3 29447 183 0 55 0 4
0 0 3 29313 186 0 50 0 4
0 0 3 29540 189 0 46 0 4
0 0 3 29433 187 0 51 0 6
0 0 6 29588 195 0 56 0 4
0 0 7 29454 187 0 57 0 4
0 0 4 29687 180 0 51 0 4
0 0 22 29559 187 0 45 0 4
0 0 6 29743 187 0 53 0 4
0 0 3 29606 188 0 53 0 5
0 0 5 29828 181 0 44 0 4
0 0 3 29725 190 0 43 0 4
0 0 6 29751 182 0 51 0 4
0 0 4 29897 192 0 58 0 4
0 0 3 29975 184 0 45 0 4
0 0 4 29875 185 0 45 0 4
0 0 5 29894 186 0 77 0 4
0 0 26 30024 184 0 72 0 4
0 0 3 30116 201 0 44 0 5
0 0 7 30017 210 0 41 0 5
0 0 3 30045 206 0 57 0 4
0 0 3 30191 202 0 55 0 4
0 0 3 30278 184 0 61 0 5
0 0 4 30194 213 0 49 0 4
0 0 6 30351 204 0 53 0 5
0 0 5 30207 205 0 57 0 4
0 0 6 30419 205 0 45 0 4
0 0 4 30365 192 0 43 0 4
0 0 6 30371 191 0 59 0 4
0 0 6 30515 189 0 59 0 5
0 0 7 30584 187 0 44 0 4
0 0 4 30518 188 0 43 0 7
0 0 6 30523 189 0 50 0 4
0 0 4 30670 197 0 66 0 5
0 0 3 30735 177 0 83 0 5
0 0 5 30666 218 0 44 0 4
0 0 4 30675 249 0 90 0 5
0 0 4 30824 244 0 86 0 5
0 0 4 30875 248 0 78 0 5
0 0 7 30842 248 0 44 0 7
0 0 5 31028 222 0 71 0 5
0 0 4 30887 225 0 73 0 5
0 0 3 31081 210 0 61 0 4
0 0 3 31057 196 0 46 0 8
0 0 5 31068 201 0 62 0 5
0 0 5 31210 202 0 61 0 5
0 0 5 31249 188 0 60 0 4
0 0 3 31211 198 0 46 0 7
0 0 4 31230 189 0 53 0 5
0 0 6 31371 195 0 66 0 5
0 0 5 31398 187 0 61 0 7
0 0 7 31365 196 0 45 0 4
0 0 6 31378 188 0 63 0 5
0 0 4 31532 189 0 58 0 4
0 0 4 31550 196 0 59 0 7
0 0 10 31520 191 0 45 0 5
0 0 3 31532 198 0 65 0 5
0 0 3 31679 190 0 70 0 4
0 0 4 31704 182 0 65 0 6
0 0 3 31678 214 0 45 0 5
0 0 5 31827 219 0 72 0 4
0 0 4 31687 220 0 71 0 5
0 0 3 31847 214 0 69 0 8
0 0 5 31854 194 0 44 0 4
0 0 7 32017 188 0 63 0 5
0 0 7 32004 199 0 63 0 4
0 0 3 31869 200 0 63 0 6
0 0 3 32008 196 0 44 0 4
0 0 7 32026 195 0 71 0 5
0 0 4 32167 197 0 70 0 4
0 0 6 32167 205 0 69 0 5
0 0 7 32161 197 0 41 0 4
0 0 3 32338 190 0 58 0 4
0 0 3 32329 193 0 70 0 4
0 0 6 32182 206 0 60 0 7
0 0 9 32316 193 0 44 0 4
0 0 5 32485 187 0 67 0 4
0 0 4 32479 185 0 68 0 4
0 0 3 32354 185 0 60 0 4
0 0 4 32477 184 0 75 0 8
0 0 6 32631 207 0 54 0 4
0 0 9 32619 222 0 60 0 6
0 0 4 32495 217 0 60 0 25
0 0 3 32619 223 0 44 0 5
0 0 6 32799 184 0 58 0 6
0 0 7 32804 190 0 57 0 4
0 0 6 32671 194 0 58 0 7
0 0 4 32803 192 0 40 0 7
0 0 3 32946 187 0 61 0 10
0 0 6 32826 187 0 59 0 4
0 0 4 32960 191 0 73 0 7
0 0 5 32953 196 0 44 0 6
0 0 4 33097 187 0 53 0 10
0 0 3 32976 192 0 58 0 4
0 0 3 33110 199 0 59 0 7
0 0 7 33108 191 0 47 0 4
0 0 7 33237 190 0 56 0 5
(ms) thread_id frame capture capture-preproc preproc preproc-detect detect detect-track
0 0 3 33132 188 0 57 0 4
0 0 4 33265 188 0 41 0 5
0 0 6 33389 197 0 83 0 4
0 0 4 33415 182 0 88 0 4
0 0 4 33276 211 0 60 0 4
0 0 3 33412 220 0 48 0 6
0 0 6 33547 212 0 57 0 6
0 0 5 33447 184 0 62 0 4
0 0 6 33555 213 0 65 0 4
0 0 4 33591 193 0 52 0 7
0 0 3 33725 181 0 59 0 4
0 0 10 33588 197 0 56 0 4
0 0 3 33734 195 0 66 0 4
0 0 24 33725 195 0 47 0 4
0 0 4 33864 197 0 55 0 4
0 0 4 33886 187 0 61 0 4
0 0 4 33751 191 0 57 0 4
0 0 7 33897 190 0 50 0 4
0 0 5 34020 185 0 60 0 4
0 0 4 34033 185 0 66 0 7
0 0 4 33906 196 0 54 0 4
0 0 4 34053 198 0 52 0 8
0 0 5 34165 188 0 68 0 4
0 0 24 34158 189 0 69 0 5
0 0 4 34059 186 0 61 0 4
0 0 4 34209 216 0 60 0 7
0 0 6 34314 215 0 70 0 4
0 0 8 34324 204 0 72 0 4
0 0 5 34205 207 0 59 0 4
0 0 4 34386 193 0 64 0 4
0 0 3 34492 192 0 67 0 4
0 0 3 34496 190 0 62 0 4
0 0 7 34371 195 0 61 0 4
0 0 6 34537 190 0 60 0 6
0 0 3 34643 191 0 65 0 4
0 0 4 34647 191 0 74 0 4
0 0 4 34532 191 0 63 0 4
0 0 6 34688 197 0 75 0 5
0 0 4 34794 184 0 70 0 4
0 0 3 34797 191 0 70 0 4
0 0 4 34681 197 0 59 0 5
0 0 4 34850 196 0 77 0 5
0 0 8 34934 192 0 76 0 4
0 0 6 34945 191 0 76 0 4
0 0 3 34839 193 0 65 0 4
0 0 3 35005 216 0 75 0 5
0 0 7 35096 214 0 73 0 6
0 0 5 35090 213 0 77 0 5
0 0 6 34988 202 0 68 0 4
0 0 4 35180 193 0 75 0 6
0 0 3 35276 192 0 77 0 5
0 0 4 35267 201 0 75 0 4
0 0 7 35151 191 0 66 0 4
0 0 3 35427 191 0 64 0 7
capture capture-preproc preproc preproc-detect detect detect-track track track-draw draw
0 0 8 35315 196 0 72 0 4
0 0 4 35309 192 0 65 0 4
0 0 3 35579 189 0 68 0 4
0 0 5 35574 186 0 70 0 4
0 0 6 35491 197 0 72 0 8
0 0 3 35460 194 0 65 0 4
0 0 6 35725 189 0 71 0 4
0 0 7 35719 195 0 72 0 4
0 0 3 35648 189 0 68 0 6
0 0 4 35613 195 0 62 0 4
0 0 4 35876 189 0 87 0 4
0 0 6 35875 187 0 98 0 4
0 0 4 35798 184 0 98 0 4
0 0 6 35767 197 0 79 0 4
0 0 3 36029 211 0 55 0 4
0 0 8 35938 226 0 74 0 4
0 0 3 36028 223 0 82 0 4
0 0 4 35926 212 0 60 0 4
0 0 3 36198 193 0 66 0 4
0 0 5 36207 197 0 69 0 4
0 0 8 36124 197 0 66 0 5
0 0 4 36102 199 0 63 0 4
0 0 4 36351 194 0 54 0 4
0 0 7 36363 187 0 63 0 4
0 0 3 36290 199 0 65 0 4
0 0 4 36258 192 0 60 0 4
0 0 6 36503 191 0 55 0 7
0 0 11 36506 197 0 72 0 4
0 0 5 36443 189 0 64 0 6
0 0 5 36409 194 0 61 0 4
0 0 3 36658 189 0 51 0 4
0 0 3 36674 193 0 70 0 4
0 0 3 36596 190 0 68 0 7
0 0 5 36564 191 0 84 0 4
0 0 3 36810 216 0 51 0 4
0 0 4 36821 214 0 70 0 5
0 0 7 36743 215 0 67 0 6
0 0 3 36719 219 0 65 0 4
0 0 3 36984 193 0 54 0 5
0 0 5 36919 181 0 73 0 5
0 0 3 36998 191 0 71 0 4
0 0 3 36895 199 0 56 0 4
0 0 3 37136 189 0 53 0 4
0 0 4 37065 198 0 64 0 4
0 0 6 37147 198 0 62 0 4
0 0 4 37055 199 0 50 0 4
0 0 6 37283 191 0 59 0 4
0 0 3 37221 193 0 66 0 7
0 0 7 37303 195 0 67 0 5
0 0 5 37213 191 0 54 0 4
0 0 3 37440 194 0 63 0 5
0 0 5 37373 189 0 70 0 5
0 0 3 37467 190 0 65 0 5
0 0 7 37362 199 0 50 0 5
0 0 3 37592 231 0 54 0 5
0 0 4 37614 221 0 66 0 4
0 0 6 37522 240 0 61 0 4
0 0 4 37527 231 0 48 0 4
0 0 3 37783 201 0 58 0 4
0 0 7 37792 192 0 59 0 5
0 0 3 37726 203 0 63 0 7
0 0 8 37712 197 0 49 0 4
0 0 6 37941 199 0 69 0 4
0 0 4 37947 199 0 61 0 5
0 0 25 37870 202 0 78 0 6
0 0 6 37871 251 0 47 0 5
0 0 4 38103 227 0 56 0 5
0 0 4 38109 217 0 55 0 5
0 0 5 38050 241 0 49 0 7
0 0 5 38084 192 0 48 0 4
0 0 23 38265 194 0 46 0 5
0 0 4 38294 223 0 58 0 5
0 0 6 38249 204 0 53 0 5
0 0 6 38236 189 0 54 0 5
0 0 3 38440 225 0 61 0 5
0 0 3 38475 225 0 73 0 4
0 0 5 38415 208 0 63 0 8
0 0 3 38391 218 0 59 0 4
0 0 4 38625 197 0 52 0 5
0 0 5 38659 198 0 63 0 4
0 0 4 38586 196 0 62 0 9
0 0 3 38567 190 0 55 0 4
0 0 7 38778 199 0 65 0 5
0 0 5 38817 184 0 67 0 5
0 0 4 38745 186 0 71 0 9
0 0 3 38717 197 0 56 0 4
0 0 6 38961 195 0 69 0 4
0 0 4 38942 201 0 75 0 5
0 0 6 38886 195 0 70 0 5
0 0 5 38872 189 0 57 0 5
0 0 4 39122 197 0 73 0 5
0 0 6 39042 188 0 66 0 5
0 0 4 39107 199 0 81 0 5
0 0 4 39022 198 0 57 0 5
0 0 5 39275 224 0 75 0 4
0 0 3 39264 229 0 75 0 5
0 0 6 39190 221 0 69 0 7
0 0 4 39184 237 0 49 0 4
0 0 6 39457 198 0 78 0 5
0 0 6 39450 199 0 76 0 5
0 0 4 39377 194 0 74 0 7
0 0 3 39380 180 0 59 0 4
0 0 5 39617 187 0 68 0 4
0 0 4 39529 195 0 74 0 5
0 0 6 39610 195 0 77 0 5
0 0 6 39518 203 0 53 0 7
0 0 3 39770 194 0 66 0 4
0 0 3 39772 196 0 76 0 5
0 0 3 39686 203 0 72 0 9
0 0 5 39682 190 0 58 1 7
0 0 3 39922 204 0 67 0 7
0 0 4 39925 201 0 75 0 7
0 0 6 39846 199 0 75 0 10
0 0 4 39837 181 0 67 0 4
0 0 5 40085 192 0 85 0 7
0 0 4 40007 196 0 99 0 5
0 0 3 40087 201 0 100 0 7
0 0 4 39975 211 0 73 0 4
0 0 4 40236 218 0 60 0 4
0 0 6 40245 221 0 75 0 4
0 0 4 40168 220 0 80 0 5
0 0 3 40148 197 0 75 0 5
0 0 4 40415 199 0 64 0 5
0 0 4 40428 199 0 82 0 5
0 0 3 40346 196 0 83 0 8
0 0 6 40302 190 0 80 0 4
0 0 3 40579 203 0 62 0 5
0 0 4 40454 191 0 85 0 5
0 0 3 40592 205 0 79 0 5
0 0 5 40500 204 0 81 0 8
0 0 5 40738 195 0 55 0 4
0 0 4 40609 199 0 83 0 4
0 0 3 40754 200 0 75 0 5
0 0 5 40664 197 0 82 0 5
0 0 5 40893 195 0 77 0 5
0 0 4 40827 197 0 102 0 5
0 0 8 40910 205 0 90 0 5
0 0 4 40766 198 0 107 0 4
0 0 6 41048 213 0 50 0 5
0 0 4 40982 213 0 70 0 5
0 0 4 40923 227 0 68 0 4
0 0 8 41076 229 0 70 0 5
0 0 3 41227 194 0 51 0 4
0 0 3 41156 190 0 77 0 5
0 0 6 41109 197 0 66 0 4
0 0 4 41272 195 0 63 0 5
0 0 3 41379 195 0 50 0 5
0 0 6 41303 195 0 80 0 5
0 0 4 41271 190 0 84 0 4
0 0 4 41425 200 0 71 0 4
0 0 4 41534 196 0 51 0 4
0 0 4 41420 192 0 67 0 4
0 0 4 41460 199 0 80 0 5
0 0 3 41586 200 0 66 0 4
0 0 6 41688 192 0 53 0 4
0 0 3 41623 195 0 69 0 6
0 0 3 41573 193 0 67 0 5
0 0 5 41744 212 0 85 0 5
0 0 5 41842 222 0 53 0 4
0 0 3 41777 222 0 77 0 5
0 0 5 41724 225 0 73 0 4
0 0 4 41918 224 0 57 0 5
0 0 4 42028 200 0 54 0 4
0 0 6 41957 196 0 75 0 5
0 0 14 41901 200 0 72 0 4
0 0 3 42108 193 0 56 0 5
0 0 4 42187 198 0 58 0 4
0 0 3 42075 190 0 62 0 4
0 0 25 42094 196 0 77 0 4
0 0 4 42257 197 0 55 0 5
0 0 5 42343 193 0 52 0 4
0 0 3 42223 186 0 74 0 4
0 0 5 42270 195 0 78 0 5
0 0 8 42410 184 0 58 0 4
0 0 6 42496 187 0 54 0 5
0 0 4 42369 194 0 76 0 4
0 0 3 42431 196 0 74 0 5
0 0 26 42538 200 0 56 0 4
0 0 6 42644 229 0 52 0 5
0 0 5 42522 228 0 71 0 4
0 0 3 42585 221 0 77 0 5
0 0 6 42719 237 0 49 0 4
0 0 3 42840 198 0 54 0 4
0 0 7 42710 199 0 67 0 4
0 0 5 42764 203 0 73 0 5
0 0 4 42921 198 0 52 0 5
0 0 4 42995 203 0 59 0 5
0 0 3 42875 198 0 79 0 4
0 0 8 42925 200 0 78 0 4
0 0 4 43076 199 0 53 0 5
0 0 4 43158 194 0 60 0 5
0 0 4 43031 197 0 68 0 4
0 0 3 43090 196 0 76 0 4
0 0 6 43233 211 0 44 0 4
0 0 5 43312 192 0 53 0 4
0 0 6 43246 197 0 63 0 4
0 0 6 43187 199 0 64 0 5
0 0 6 43405 190 0 46 0 5
0 0 4 43466 217 0 53 0 5
0 0 5 43401 216 0 66 0 5
0 0 5 43348 218 0 64 0 5
0 0 5 43560 220 0 46 0 5
0 0 3 43647 194 0 54 0 4
0 0 4 43527 187 0 69 0 5
0 0 8 43576 201 0 62 0 5
0 0 5 43736 192 0 45 0 4
0 0 3 43799 191 0 52 0 6
0 0 3 43677 191 0 63 0 5
0 0 7 43738 197 0 59 0 4
0 0 8 43886 197 0 46 0 5
0 0 5 43949 187 0 51 0 6
0 0 5 43825 183 0 58 0 5
0 0 3 43902 202 0 50 0 5
