2 0 58 0 0
2 1 58 0 0
2 2 61 0 0
2 3 66 0 0
2 4 68 0 0
2 5 70 0 0
2 6 70 0 0
2 7 70 0 0
2 8 69 0 0
2 9 71 0 0
2 10 72 0 0
2 11 73 0 0
2 12 72 0 0
2 13 72 0 0
2 14 71 0 0
2 15 71 0 0
2 16 83 0 0
2 17 81 0 0
2 18 77 0 0
2 19 80 0 0
2 20 79 0 0
2 21 79 0 0
2 22 78 0 0
2 23 78 0 0
2 24 78 23 24
2 25 79 23 24
2 26 79 23 24
2 27 79 23 24
2 28 76 23 24
2 29 79 23 24
2 30 81 23 24
2 31 81 23 24
2 32 83 23 24
thread_id frame = = =
2 34 97 23 24
thread_id frame = = =
2 36 106 23 24
thread_id frame = = =
2 38 115 23 24
2 39 117 23 24
2 40 120 23 24
2 41 140 23 24
2 42 144 23 24
2 43 147 23 24
2 44 149 23 24
2 45 154 23 24
2 46 158 23 24
93 2 (ms) current_fps_det current_fps_cap
2 48 173 22 25
2 49 178 22 25
2 50 180 22 25
2 51 181 22 25
2 52 187 22 25
thread_id frame = = =
2 54 211 22 25
thread_id frame = = =
2 56 221 22 25
2 57 244 22 25
2 58 272 22 25
2 59 306 22 25
2 60 339 22 25
2 61 400 22 25
2 62 415 22 25
2 63 420 22 25
2 64 434 22 25
2 65 448 22 25
2 66 458 22 25
2 67 472 18 24
2 68 476 18 24
2 69 497 18 24
2 70 506 18 24
2 71 520 18 24
2 72 538 18 24
2 73 554 18 24
2 74 568 18 24
2 75 584 18 24
2 76 607 18 24
2 77 622 18 24
2 78 622 18 24
2 79 676 18 24
0 0 158 0 0
1 0 159 0 0
2 80 748 18 24
0 1 240 0 0
1 1 247 0 0
2 81 827 18 24
1 2 327 0 0
0 2 328 0 0
2 82 907 18 24
0 3 399 0 0
1 3 403 0 0
2 83 989 14 24
0 4 484 0 0
1 4 484 0 0
2 84 1065 14 24
0 5 563 0 0
1 5 563 0 0
2 85 1150 14 24
1 6 645 0 0
0 6 650 0 0
2 86 1229 14 24
0 7 727 0 0
1 7 732 0 0
2 87 1311 14 24
1 8 825 7 24
0 8 833 7 24
2 88 1408 14 24
1 9 911 7 24
0 9 913 7 24
2 89 1497 14 24
1 10 994 7 24
0 10 1005 7 24
2 90 1575 14 24
1 11 1084 7 24
0 11 1101 7 24
2 91 1653 14 24
1 12 1177 7 24
0 12 1177 7 24
2 92 1740 8 25
0 13 1259 7 24
1 13 1261 7 24
2 93 1825 8 25
0 14 1351 7 24
1 14 1351 7 24
2 94 1914 8 25
0 15 1430 7 24
1 15 1431 7 24
2 95 2000 8 25
1 16 1536 7 24
0 16 1536 7 24
2 96 2102 8 25
1 17 1626 7 24
0 17 1628 7 24
2 97 2187 8 25
1 18 1711 7 24
0 18 1712 7 24
2 98 2273 8 25
1 19 1799 7 24
0 19 1801 7 24
2 99 2368 8 25
1 20 1885 7 24
0 20 1895 7 24
2 100 2450 7 25
1 21 1982 7 24
0 21 1983 7 24
2 101 2542 7 25
1 22 2076 7 24
0 22 2076 7 24
2 102 2636 7 25
0 23 2177 7 24
1 23 2180 7 24
2 103 2731 7 25
0 24 2282 7 25
1 24 2283 7 25
2 104 2839 7 25
1 25 2379 7 25
0 25 2380 7 25
2 105 2939 7 25
1 26 2475 7 25
2 106 3025 7 25
0 26 2480 7 25
2 107 3112 7 25
1 27 2563 7 25
0 27 2573 7 25
1 28 2656 7 25
2 108 3216 7 24
0 28 2667 7 25
1 29 2749 7 25
2 109 3298 7 24
0 29 2763 7 25
1 30 2836 7 25
2 110 3389 7 24
0 30 2853 7 25
2 111 3485 7 24
1 31 2947 7 25
0 31 2950 7 25
1 32 3063 7 24
2 112 3615 7 24
0 32 3074 7 24
2 113 3712 7 24
1 33 3160 7 24
0 33 3171 7 24
2 114 3789 7 24
1 34 3256 7 24
0 34 3259 7 24
2 115 3897 7 24
1 35 3346 7 24
0 35 3354 7 24
1 36 3430 7 24
2 116 3985 7 25
0 36 3451 7 24
2 117 4057 7 25
1 37 3522 7 24
0 37 3543 7 24
1 38 3603 7 24
2 118 4163 7 25
0 38 3631 7 24
1 39 3718 7 24
2 119 4270 7 25
0 39 3762 7 24
2 120 4355 7 25
1 40 3803 7 24
0 40 3853 7 24
1 41 3903 7 24
2 121 4458 7 25
0 41 3951 7 24
1 42 3990 7 24
2 122 4546 7 25
0 42 4044 7 24
2 123 4647 7 25
1 43 4096 7 24
0 43 4138 7 24
2 124 4725 7 25
1 44 4184 7 24
0 44 4230 7 24
2 125 4819 7 25
1 45 4281 7 24
0 45 4329 7 24
1 46 4360 7 24
2 126 4913 7 25
0 46 4434 7 24
2 127 5027 7 25
1 47 4475 7 24
0 47 4545 7 24
1 48 4586 7 24
2 128 5136 7 25
0 48 4640 7 25
1 49 4680 7 24
2 129 5236 7 25
0 49 4743 7 25
2 130 5318 7 25
1 50 4775 7 24
0 50 4833 7 25
1 51 4866 7 24
2 131 5433 7 25
0 51 4942 7 25
1 52 4960 7 24
2 132 5533 7 24
0 52 5034 7 25
1 53 5053 7 24
2 133 5628 7 24
0 53 5131 7 25
1 54 5151 7 24
2 134 5734 7 24
0 54 5234 7 25
1 55 5248 7 24
2 135 5841 7 24
0 55 5335 7 25
1 56 5348 7 25
2 136 5947 7 24
0 56 5433 7 25
1 57 5438 7 25
2 137 6034 7 24
0 57 5543 7 25
1 58 5550 7 25
2 138 6140 7 24
0 58 5642 7 25
1 59 5639 7 25
2 139 6225 7 24
0 59 5737 7 25
1 60 5729 7 25
2 140 6316 7 25
0 60 5837 7 25
1 61 5828 7 25
2 141 6408 7 25
0 61 5933 7 25
1 62 5936 7 25
2 142 6512 7 25
0 62 6037 7 25
1 63 6025 7 25
2 143 6609 7 25
0 63 6131 7 25
1 64 6125 7 24
2 144 6701 7 25
0 64 6227 7 25
1 65 6219 7 24
2 145 6793 7 25
0 65 6324 7 25
1 66 6307 7 24
2 146 6890 7 25
0 66 6425 7 25
1 67 6403 7 24
2 147 6983 7 25
0 67 6526 7 25
1 68 6498 7 24
2 148 7074 7 24
0 68 6624 7 25
1 69 6596 7 24
2 149 7171 7 24
0 69 6732 7 25
1 70 6698 7 24
2 150 7275 7 24
0 70 6827 7 25
1 71 6802 7 24
2 151 7369 7 24
0 71 6927 7 25
1 72 6898 7 24
2 152 7456 7 24
0 72 7026 7 25
1 73 6989 7 24
2 153 7550 7 24
0 73 7123 7 25
2 154 7636 7 24
1 74 7086 7 24
0 74 7220 7 25
2 155 7737 7 24
1 75 7187 7 24
2 156 7825 7 25
0 75 7319 7 25
1 76 7276 7 24
0 76 7424 7 25
1 77 7385 7 24
2 157 7937 7 25
1 78 7478 7 24
2 158 8029 7 25
0 77 7519 7 25
0 78 7620 7 25
1 79 7576 7 24
2 159 8133 7 25
0 79 7705 7 25
2 160 8219 7 25
1 80 7677 7 25
0 80 7801 7 24
1 81 7763 7 25
2 161 8316 7 25
1 82 7862 7 25
2 162 thread_id 81 =
current_fps_det 7   
1 83 7944 7 25
2 163 8500 7 25
0 82 7992 7 24
0 83 8076 7 24
2 164 8589 7 24
1 84 8039 7 25
0 84 8172 7 24
2 165 8689 7 24
1 85 8139 7 25
2 166 8774 7 24
1 86 8221 7 25
0 85 8266 7 24
0 86 8350 7 24
1 87 8313 7 25
2 167 8868 7 24
0 87 8443 7 24
1 88 8410 7 24
2 168 8965 7 24
0 88 8540 7 25
1 89 8501 7 24
2 169 9054 7 24
2 170 9139 7 24
current_fps_det 7   
0 89 8632 7 25
2 171 9227 7 24
0 90 8717 7 25
1 91 8678 7 24
2 172 9320 7 24
0 91 8809 7 25
1 92 8783 7 24
1 93 8864 7 24
0 92 8913 7 25
2 173 9428 7 24
1 94 8954 7 24
0 93 8994 7 25
2 174 9522 7 24
0 94 9091 7 25
1 95 9055 7 24
2 175 9609 7 24
1 96 9140 7 25
2 176 9702 7 24
0 95 9190 7 25
0 96 9274 7 24
current_fps_det 7   
2 177 9787 7 24
2 178 9865 7 24
1 98 9333 7 25
0 97 9375 7 24
2 179 9970 7 24
1 99 9419 7 25
0 98 9465 7 24
2 180 10043 7 25
1 100 9518 7 25
0 99 9563 7 24
2 181 10165 7 25
0 100 9671 7 24
1 101 9636 7 25
1 102 9725 7 25
2 182 10279 7 25
0 101 9771 7 24
1 103 9821 7 25
0 102 9869 7 24
2 183 10383 7 25
1 104 9913 7 24
2 184 10472 7 25
0 103 9967 7 24
1 105 10018 7 24
2 185 10573 7 25
0 104 10059 7 25
1 106 10105 7 24
0 105 10157 7 25
2 186 10674 7 25
1 107 10199 7 24
0 106 10255 7 25
2 187 10772 7 25
1 108 10295 7 24
2 188 10858 7 24
0 107 10346 7 25
1 109 10413 7 24
2 189 10967 7 24
0 108 10456 7 25
1 110 10502 7 24
0 109 10547 7 25
2 190 11060 7 24
0 110 10632 7 25
1 111 10594 7 24
2 191 11157 7 24
1 112 10689 7 24
2 192 11247 7 24
0 111 10731 7 25
1 113 10782 7 24
0 112 10818 7 24
2 193 11342 7 24
0 113 10902 7 24
1 114 10871 7 24
2 194 11441 7 24
0 114 11003 7 24
1 115 10966 7 24
2 195 11528 7 24
1 116 11075 7 24
0 115 11113 7 24
2 196 11634 7 25
1 117 11166 7 24
0 116 11218 7 24
2 197 11730 7 25
1 118 11260 7 24
0 117 11301 7 24
2 198 11819 7 25
1 119 11357 7 24
0 118 11396 7 24
2 199 11911 7 25
0 119 11488 7 24
1 120 11449 7 24
2 200 12013 7 25
1 121 11536 7 24
0 120 11580 7 25
2 201 12102 7 25
0 121 11674 7 25
current_fps_det 7   
2 202 12198 7 25
0 122 11771 7 25
1 123 11734 7 24
2 203 12292 7 25
1 124 11827 7 24
0 123 11883 7 25
2 204 12400 7 24
0 124 11966 7 25
2 205 12484 7 24
1 125 11946 7 24
1 126 12027 7 24
2 206 12581 7 24
0 125 12066 7 25
1 127 12110 7 24
0 126 12162 7 25
2 207 12678 7 24
1 128 12213 7 25
0 127 12253 7 25
2 208 12775 7 24
0 128 12349 7 24
2 209 12868 7 24
1 129 12314 7 25
1 130 12402 7 25
0 129 12451 7 24
2 210 12970 7 24
1 131 12503 7 25
0 130 12543 7 24
2 211 13062 7 24
1 132 12613 7 25
2 212 13184 7 24
0 131 12670 7 24
1 133 12707 7 25
2 213 13274 7 24
0 132 12774 7 24
1 134 12806 7 25
2 214 13372 7 24
0 133 12868 7 24
1 135 12898 7 25
2 215 13458 7 24
0 134 12963 7 24
1 136 12998 7 25
2 216 13553 7 24
0 135 13049 7 24
2 217 13644 7 24
1 137 13094 7 25
0 136 13146 7 25
2 218 13739 7 24
1 138 13187 7 25
0 137 13250 7 25
2 219 13855 7 24
1 139 13302 7 25
0 138 13351 7 25
1 140 13390 7 25
2 220 13946 7 25
0 139 13451 7 25
1 141 13483 7 25
2 221 14050 7 25
0 140 13547 7 25
1 142 13584 7 25
2 222 14135 7 25
0 141 13638 7 25
1 143 13676 7 25
2 223 14235 7 25
0 142 13731 7 25
2 224 14323 7 25
1 144 13776 7 24
0 143 13825 7 25
2 225 14411 7 25
1 145 13862 7 24
0 144 13929 7 24
2 226 14519 7 25
1 146 13967 7 24
0 145 14016 7 24
1 147 14075 7 24
2 227 14628 7 25
0 146 14132 7 24
2 228 14732 7 24
1 148 14181 7 24
0 147 14233 7 24
1 149 14271 7 24
2 229 14826 7 24
0 148 14327 7 24
1 150 14364 7 24
2 230 14917 7 24
0 149 14419 7 24
2 231 15006 7 24
1 151 14454 7 24
0 150 14517 7 24
1 152 14548 7 25
2 232 15102 7 24
0 151 14606 7 24
2 233 15207 7 24
1 153 14658 7 25
0 152 14696 7 25
1 154 14755 7 25
2 234 15315 7 24
0 153 14802 7 25
1 155 14859 7 25
0 154 14903 7 25
2 235 15413 7 24
2 236 15508 7 25
0 155 14992 7 25
1 156 14937 7 25
1 157 15042 7 25
0 156 15085 7 25
2 237 15603 7 25
2 238 15694 7 25
current_fps_det 7   
1 158 15144 7 25
1 159 15233 7 25
2 239 15787 7 25
0 158 15278 7 25
1 160 15309 7 24
2 240 15892 7 25
0 159 15376 7 25
1 161 15405 7 24
0 160 15458 7 24
2 241 15992 7 25
1 162 15525 7 24
0 161 15581 7 24
2 242 16112 7 25
0 162 15667 7 24
1 163 15630 7 24
2 243 16207 7 25
1 164 15727 7 24
0 163 15768 7 24
2 244 16296 7 25
1 165 15819 7 24
0 164 15863 7 24
2 245 16382 7 25
0 165 15958 7 24
1 166 15916 7 24
2 246 16474 7 25
0 166 16048 7 24
1 167 16014 7 24
2 247 16566 7 25
0 167 16144 7 24
2 248 16657 7 25
1 168 16106 7 25
1 169 16198 7 25
0 168 16243 7 24
2 249 16758 7 25
2 250 16863 7 25
1 170 16314 7 25
0 169 16352 7 24
1 171 16404 7 25
0 170 16444 7 24
2 251 16958 7 25
0 171 16550 7 24
2 252 17061 7 25
1 172 16512 7 25
0 172 16599 7 24
2 253 17156 7 25
1 173 16609 7 25
0 173 16694 7 24
1 174 16699 7 25
2 254 17253 7 25
0 174 16788 7 24
1 175 16787 7 25
2 255 17347 7 25
0 175 16894 7 24
1 176 16883 7 24
2 256 17442 7 25
0 176 17019 7 25
1 177 16998 7 24
2 257 17564 7 25
0 177 17116 7 25
1 178 17102 7 24
2 258 17654 7 25
0 178 17224 7 25
1 179 17196 7 24
2 259 17752 7 25
0 179 17326 7 25
1 180 17299 7 24
2 260 17851 7 24
0 180 17422 7 25
1 181 17385 7 24
2 261 17948 7 24
1 182 17487 7 24
0 181 17532 7 25
2 262 18049 7 24
1 183 17587 7 24
0 182 17629 7 25
2 263 18139 7 24
1 184 17679 7 25
0 183 17722 6 24
2 264 18243 7 24
2 265 18353 7 24
1 185 17803 7 25
0 184 17845 6 24
0 185 17947 6 24
2 266 18456 7 24
1 186 17905 7 25
0 186 18036 6 24
1 187 17998 7 25
2 267 18558 7 24
1 188 18092 7 25
0 187 18133 6 24
2 268 18647 7 24
0 188 18223 6 24
1 189 18184 7 25
2 269 18737 7 24
0 189 18319 6 24
1 190 18278 7 25
2 270 18829 thread_id 190
=    
2 271 18925 7 24
0 190 18409 6 24
1 191 18369 7 25
1 192 18475 7 25
0 191 18516 7 25
2 272 19029 7 24
1 193 18558 7 25
0 192 18616 7 25
2 273 19128 7 24
1 194 18654 7 25
2 274 19220 7 24
0 193 18706 7 25
1 195 18754 7 25
0 194 18793 7 25
2 275 19309 7 24
1 196 18851 7 25
0 195 18893 7 25
2 276 19409 7 25
1 197 18945 7 25
2 277 19496 7 25
0 196 18991 7 25
1 198 19034 7 25
2 278 19592 7 25
0 197 19075 7 25
0 198 19169 7 25
1 199 19126 7 25
2 279 19686 7 25
2 280 19774 7 25
1 200 19224 7 24
0 199 19266 7 24
2 281 19873 7 25
0 200 19365 7 24
1 201 19323 7 24
1 202 19417 7 24
0 201 19461 7 24
2 282 19978 7 25
1 203 19487 7 24
0 202 19553 7 24
2 283 20069 7 25
1 204 19582 7 24
2 284 20164 7 25
0 203 19655 7 24
1 205 19679 7 24
2 285 20255 7 25
0 204 19752 7 24
1 206 19777 7 24
2 286 20344 7 25
0 205 19851 7 24
1 207 19887 7 24
2 287 20439 7 25
0 206 19952 7 24
1 208 19968 7 25
2 288 20548 7 25
0 207 20057 7 24
1 209 20066 7 25
2 289 20652 7 25
0 208 20150 7 24
1 210 20159 7 25
2 290 20746 7 25
0 209 20250 7 24
1 211 20250 7 25
2 291 20842 7 25
0 210 20353 7 24
1 212 20345 7 25
2 292 20945 7 25
0 211 20443 7 24
1 213 20440 7 25
2 293 21046 7 25
0 212 20543 7 24
1 214 20538 7 25
2 294 21152 7 25
0 213 20639 7 24
1 215 20633 7 25
0 214 20746 7 24
2 295 21260 7 25
1 216 20732 7 24
0 215 20834 7 25
2 296 21347 7 25
1 217 20829 7 24
0 216 20920 7 25
2 297 21439 7 25
1 218 20932 7 24
0 217 21018 7 25
2 298 21542 7 25
1 219 21026 7 24
0 218 21106 7 25
2 299 21646 7 25
1 220 21134 7 24
0 219 21201 7 25
2 300 21738 7 24
1 221 21247 7 24
0 220 21290 7 25
2 301 21851 7 24
1 222 21322 7 24
0 221 21372 7 25
2 302 21947 7 24
1 223 21418 7 24
0 222 21496 7 25
2 303 22044 7 24
1 224 21516 7 25
0 223 21593 7 25
2 304 22145 7 24
1 225 21613 7 25
0 224 21693 7 25
2 305 22248 7 24
1 226 21708 7 25
0 225 21787 7 25
2 306 22340 7 24
1 227 21805 7 25
0 226 21891 7 25
2 307 22443 7 24
1 228 21907 7 25
0 227 21986 7 25
2 308 22538 7 24
1 229 22001 7 25
0 228 22073 7 25
2 309 22649 7 24
1 230 22107 7 25
0 229 22177 7 25
2 310 22748 7 24
1 231 22238 7 25
0 230 22281 7 25
2 311 22856 7 24
1 232 22330 7 24
0 231 22376 7 25
2 312 22952 7 24
1 233 22424 7 24
0 232 22464 7 25
2 313 23041 7 24
1 234 22521 7 24
0 233 22568 7 25
2 314 23135 7 24
0 234 22659 7 25
1 235 22618 7 24
2 315 23233 7 24
0 235 22737 7 25
1 236 22712 7 24
2 316 23338 7 24
0 236 22827 7 25
1 237 22807 7 24
2 317 23448 7 24
0 237 22933 7 25
1 238 22918 7 24
2 318 23553 7 24
0 238 23027 7 25
1 239 23014 7 24
2 319 23661 7 24
0 239 23123 7 24
1 240 23107 7 25
2 320 23764 7 24
0 240 23214 7 24
1 241 23202 7 25
2 321 23858 7 24
0 241 23323 7 24
1 242 23300 7 25
2 322 23959 7 24
0 242 23417 7 24
1 243 23388 7 25
2 323 24044 6 24
0 243 23514 7 24
1 244 23486 7 25
2 324 24141 6 24
1 245 23581 7 25
0 244 23619 7 24
2 325 24252 6 24
0 245 23728 7 24
1 246 23688 7 25
2 326 24353 6 24
1 247 23780 7 25
0 246 23824 7 24
2 327 24443 6 24
1 248 23882 7 24
0 247 23923 7 24
2 328 24560 6 24
1 249 23985 7 24
0 248 24030 7 24
1 250 24083 7 24
2 329 24680 6 24
0 249 24124 7 24
1 251 24182 7 24
0 250 24228 7 24
2 330 24782 6 24
0 251 24325 7 24
2 331 24878 6 24
1 252 24293 7 24
0 252 24436 7 24
2 332 25002 6 24
1 253 24408 7 24
0 253 24532 7 24
2 333 25098 6 24
1 254 24507 7 24
0 254 24619 7 24
2 334 25188 6 24
1 255 24615 6 24
0 255 24735 7 25
2 335 25289 6 24
1 256 24710 6 24
2 336 25386 6 24
current_fps_det 7   
1 257 24813 6 24
0 257 24934 7 25
2 337 25489 6 24
1 258 24909 6 24
2 338 25582 7 25
0 258 25029 7 25
1 259 25014 6 24
2 339 25680 7 25
0 259 25145 7 25
1 260 25115 6 24
2 340 25792 7 25
0 260 25239 7 25
1 261 25218 6 24
2 341 25896 7 25
0 261 25344 7 25
1 262 25316 6 24
2 342 25994 7 25
0 262 25442 6 24
1 263 25415 7 24
2 343 26097 7 25
0 263 25544 6 24
1 264 25507 7 24
2 344 26195 7 25
0 264 25642 6 24
1 265 25603 7 24
1 266 25708 7 24
0 265 25746 6 24
2 345 26300 7 25
2 346 26400 7 24
current_fps_det 7   
0 266 25848 6 24
1 268 25931 7 24
0 267 25971 6 24
2 347 26524 7 24
1 269 26032 7 24
2 348 26622 7 24
0 268 26069 6 24
1 270 26121 7 24
0 269 26169 6 24
2 349 26730 7 24
0 270 26271 6 24
2 350 26824 7 24
1 271 26231 7 25
0 271 26372 6 24
2 351 26925 7 24
1 272 26334 7 25
0 272 26472 6 24
1 273 26433 7 25
2 352 27029 7 24
0 273 26572 6 24
1 274 26532 7 25
2 353 27126 6 24
0 274 26692 6 24
1 275 26654 7 25
2 354 27255 6 24
2 355 27351 6 24
0 275 26799 6 24
1 276 26764 7 25
0 276 26905 6 24
2 356 27463 6 24
1 277 26869 7 25
0 277 26999 6 24
2 357 27554 6 24
1 278 26962 6 24
2 358 27657 6 24
0 278 27104 6 24
1 279 27069 6 24
0 279 27203 6 24
1 280 27168 6 24
2 359 27769 6 24
0 280 27303 6 24
2 360 27857 6 25
1 281 27264 6 24
2 361 27973 6 25
0 281 27424 6 24
1 282 27389 6 24
2 362 28061 6 25
0 282 27514 6 24
1 283 27495 6 24
2 363 28162 6 25
0 283 27608 6 24
1 284 27586 6 24
2 364 28241 6 25
0 284 27693 7 25
1 285 27692 6 24
2 365 28352 6 25
0 285 27800 7 25
1 286 27779 6 25
1 287 27868 6 25
0 286 27914 7 25
2 366 28468 6 25
2 367 28556 6 25
1 288 27965 6 25
0 287 28010 7 25
2 368 28657 7 24
0 288 28104 7 25
1 289 28068 6 25
2 369 28742 7 24
1 290 28154 6 25
0 289 28210 7 25
1 291 28263 6 25
2 370 28859 7 24
0 290 28303 7 25
2 371 28936 7 24
1 292 28358 6 25
0 291 28399 7 25
2 372 29036 7 24
1 293 28443 6 25
0 292 28504 7 24
1 294 28536 7 25
2 373 29145 7 24
0 293 28599 7 24
1 295 28642 7 25
2 374 29232 7 24
0 294 28697 7 24
1 296 28720 7 25
0 295 28789 7 24
2 375 29348 7 24
1 297 28839 7 25
2 376 29471 7 25
current_fps_det 7   
1 298 28938 7 25
2 377 29563 7 25
0 297 29015 7 24
1 299 29038 7 25
2 378 29656 7 25
0 298 29115 7 24
1 300 29129 7 25
2 379 29762 7 25
0 299 29219 7 24
1 301 29229 7 25
2 380 29850 7 25
0 300 29309 7 25
1 302 29327 7 24
2 381 29945 7 25
0 301 29405 7 25
1 303 29416 7 24
2 382 30034 7 25
0 302 29508 7 25
1 304 29529 7 24
2 383 30139 7 25
0 303 29598 7 25
2 384 30228 7 25
1 305 29639 7 24
0 304 29695 7 25
2 385 30333 7 25
1 306 29740 7 24
0 305 29791 7 25
1 307 29835 7 24
0 306 29876 7 25
2 386 30439 7 25
2 387 30531 7 25
0 307 29979 7 25
1 308 29939 7 24
2 388 30627 7 25
0 308 30074 7 24
1 309 30038 7 24
0 309 30167 7 24
1 310 30135 7 24
2 389 30736 7 25
0 310 30263 7 24
2 390 30823 7 25
1 311 30232 7 24
0 311 30362 7 24
2 391 30923 7 25
1 312 30343 7 24
0 312 30467 7 24
2 392 31020 7 25
1 313 30428 7 24
1 314 30518 7 24
0 313 30559 7 24
2 393 31128 7 25
2 394 31211 7 25
0 314 30659 7 24
1 315 30627 7 24
2 395 31304 7 25
0 315 30754 7 24
1 316 30714 7 24
0 316 30832 7 24
1 317 30812 7 24
2 396 31413 7 25
0 317 30933 7 24
2 397 31499 7 25
1 318 30910 7 25
0 318 31030 7 24
2 398 31598 7 25
1 319 31008 7 25
0 319 31131 7 24
1 320 31111 7 25
2 399 31708 7 25
0 320 31218 7 24
1 321 31206 7 25
2 400 31804 7 24
0 321 31313 7 24
2 401 31898 7 24
1 322 31314 7 25
0 322 31414 7 24
thread_id frame = latency 31401
0 323 31512 7 24
1 324 31497 7 25
2 403 32090 7 24
0 324 31606 7 25
2 404 32184 7 24
1 325 31595 7 25
0 325 31704 7 25
2 405 32287 7 24
1 326 31695 7 24
0 326 31801 7 25
1 327 31789 7 24
2 406 32396 7 24
0 327 31913 7 25
1 328 31902 7 24
2 407 32492 7 24
0 328 32025 7 25
2 408 32585 7 25
1 329 31994 7 24
0 329 32109 7 25
2 409 32689 7 25
1 330 32093 7 24
0 330 32194 7 25
1 331 32188 7 24
2 410 32783 7 25
0 331 32284 7 25
1 332 32285 7 24
2 411 32881 7 25
0 332 32385 7 25
1 333 32370 7 24
2 412 32978 7 25
0 333 32479 7 25
1 334 32469 7 25
2 413 33086 7 25
0 334 32589 7 25
1 335 32576 7 25
2 414 33185 7 25
0 335 32684 7 25
1 336 32667 7 25
2 415 33282 7 25
0 336 32779 7 25
1 337 32761 7 25
2 416 33389 7 25
0 337 32874 7 25
1 338 32858 7 25
2 417 33471 7 25
0 338 32964 7 25
1 339 32944 7 25
2 418 33578 7 25
0 339 33087 7 25
1 340 33063 7 25
2 419 33715 7 25
0 340 33173 7 25
1 341 33182 7 25
2 420 33820 7 25
0 341 33272 7 25
1 342 33250 7 24
2 421 33930 7 25
0 342 33383 7 25
1 343 33359 7 24
2 422 34039 7 25
0 343 33476 7 25
1 344 33451 7 24
2 423 34138 6 24
0 344 33580 7 25
1 345 33545 7 24
2 424 34237 6 24
0 345 33673 7 25
1 346 33641 7 24
2 425 34325 6 24
0 346 33753 7 25
1 347 33737 7 24
2 426 34430 6 24
0 347 33848 7 25
1 348 33827 7 24
2 427 34533 6 24
0 348 33944 7 24
1 349 33923 7 24
2 428 34623 6 24
0 349 34069 7 24
1 350 34034 7 24
2 429 34735 6 24
0 350 34156 7 24
1 351 34129 7 24
2 430 34862 6 24
1 352 34234 7 24
0 351 34270 7 24
2 431 34938 6 25
1 353 34324 7 24
0 352 34365 7 24
2 432 35013 6 25
0 353 34481 7 24
1 354 34438 7 24
2 433 35154 6 25
0 354 34575 7 24
1 355 34534 7 24
2 434 35258 6 25
1 356 34630 7 24
0 355 34667 6 24
2 435 35354 6 25
0 356 34766 6 24
current_fps_det 7   
0 357 34878 6 24
1 358 34838 7 25
2 436 35480 6 25
2 437 35572 6 25
0 358 34979 6 24
1 359 34943 7 25
2 438 35664 6 25
0 359 35084 6 24
1 360 35044 7 25
1 361 35133 7 25
2 439 35767 7 24
0 360 35179 6 24
1 362 35222 7 25
2 440 35859 7 24
0 361 35269 6 24
1 363 35320 7 25
0 362 35360 6 24
2 441 35952 7 24
2 442 36048 7 24
0 363 35461 7 25
1 364 35417 7 25
1 365 35522 7 25
2 443 36160 7 24
0 364 35563 7 25
2 444 36255 7 24
1 366 35626 7 24
0 365 35665 7 25
1 367 35717 7 24
2 445 36350 7 24
0 366 35763 7 25
2 446 36447 7 24
1 368 35814 7 24
0 367 35858 7 25
2 447 36538 7 25
0 368 35945 7 25
1 369 35905 7 24
1 370 36005 7 24
2 448 36636 7 25
0 369 36043 7 25
2 449 36731 7 25
0 370 36141 7 25
1 371 36096 7 24
0 371 36230 7 24
2 450 36825 7 25
1 372 36192 7 24
2 451 36939 7 25
0 372 36347 7 24
1 373 36311 7 24
1 374 36399 7 24
0 373 36447 7 24
2 452 37043 7 25
2 453 37132 7 25
1 375 36498 7 24
0 374 36539 7 24
0 375 36628 7 24
current_fps_det 7   
2 454 37225 7 25
1 377 36684 7 24
0 376 36729 7 24
2 455 37319 7 24
1 378 36780 7 24
0 377 36822 7 24
2 456 37416 7 24
2 457 37503 7 24
0 378 36911 7 24
1 379 36871 7 24
1 380 36967 7 24
0 379 37009 7 24
2 458 37629 7 24
1 381 37091 7 24
0 380 37136 7 24
2 459 37733 7 24
1 382 37187 7 25
current_fps_det 7   
2 460 37826 7 24
1 383 37284 7 25
0 382 37324 7 24
2 461 37929 7 24
2 462 38014 7 24
1 384 37382 7 25
0 383 37426 7 24
1 385 37474 7 25
2 463 38109 7 25
0 384 37516 7 24
0 385 37611 7 24
1 386 37578 7 25
2 464 38211 7 25
1 387 37669 7 25
2 465 38301 7 25
0 386 37714 7 24
0 387 37821 7 25
1 388 37782 7 25
2 466 38415 7 25
2 467 38512 7 25
0 388 37917 7 25
1 389 37877 7 25
2 468 38610 7 25
1 390 37980 7 24
0 389 38017 7 25
2 469 38706 7 25
1 391 38073 7 24
0 390 38117 7 25
1 392 38171 7 24
2 470 38805 7 25
0 391 38212 7 25
0 392 38304 7 25
1 393 38269 7 24
2 471 38901 7 25
1 394 38358 7 24
0 393 38402 7 25
2 472 38994 7 25
1 395 38449 7 24
2 473 39088 7 25
0 394 38497 7 25
1 396 38550 7 24
0 395 38589 7 25
2 474 39185 7 25
0 396 38677 7 25
2 475 39273 7 25
1 397 38656 7 24
2 476 39372 7 25
0 397 38783 7 25
1 398 38740 7 25
0 398 38860 7 25
1 399 38833 7 25
2 477 39477 7 25
0 399 38949 7 25
1 400 38935 7 25
2 478 39566 7 25
0 400 39048 7 25
2 479 39651 7 24
1 401 39026 7 25
2 480 39734 7 24
0 401 39142 7 25
1 402 39126 7 25
0 402 39236 7 25
2 481 39833 7 24
1 403 39218 7 25
0 403 39331 7 24
2 482 39930 7 24
1 404 39316 7 25
0 404 39423 7 24
2 483 40023 7 24
1 405 39407 7 25
0 405 39500 7 24
2 484 40124 7 24
1 406 39500 7 25
0 406 39591 7 24
2 485 40210 7 24
1 407 39597 7 25
0 407 39686 7 24
2 486 40301 7 24
1 408 39692 7 25
0 408 39774 7 24
2 487 40406 7 24
1 409 39778 7 25
0 409 39870 7 24
2 488 40492 7 24
1 410 39879 7 25
0 410 39972 7 24
2 489 40580 7 24
1 411 39983 7 25
0 411 40074 7 25
2 490 40693 7 24
1 412 40082 7 25
0 412 40171 7 25
2 491 40788 7 24
1 413 40174 7 25
0 413 40262 7 25
2 492 40883 7 24
1 414 40270 7 24
0 414 40361 7 25
2 493 40976 7 24
1 415 40360 7 24
0 415 40452 7 25
2 494 41080 7 24
1 416 40455 7 24
0 416 40547 7 25
2 495 41168 7 24
1 417 40549 7 24
0 417 40647 7 25
2 496 41270 7 24
1 418 40638 7 24
0 418 40756 7 25
2 497 41377 7 24
1 419 40742 7 24
0 419 40842 7 24
1 420 40829 7 24
2 498 41471 7 24
0 420 40939 7 24
1 421 40936 7 24
2 499 41566 7 24
0 421 41041 7 24
1 422 41019 7 24
2 500 41664 7 24
0 422 41128 7 24
1 423 41095 7 24
2 501 41765 7 24
0 423 41211 7 24
1 424 41205 7 24
2 502 41872 7 24
0 424 41320 7 24
1 425 41295 7 24
2 503 41953 7 25
0 425 41417 7 24
1 426 41378 7 24
2 504 42098 7 25
0 426 41526 7 24
1 427 41492 7 24
2 505 42189 7 25
0 427 41623 7 25
1 428 41580 7 24
2 506 42287 7 25
0 428 41713 7 25
1 429 41675 7 24
2 507 42382 7 25
0 429 41806 7 25
1 430 41775 7 24
2 508 42479 7 25
0 430 41900 7 25
1 431 41859 7 24
2 509 42578 7 25
0 431 41994 7 25
1 432 41952 7 24
2 510 42671 7 25
0 432 42084 7 25
1 433 42047 7 24
2 511 42774 7 25
0 433 42197 7 25
1 434 42164 7 24
2 512 42895 7 25
1 435 42252 7 24
0 434 42297 7 25
2 513 43015 7 25
1 436 42342 7 24
0 435 42383 7 24
0 436 42481 7 24
2 514 43117 7 25
1 437 42448 7 24
2 515 43216 7 25
0 437 42584 7 24
1 438 42541 7 25
1 439 42631 7 25
0 438 42672 7 24
2 516 43316 7 25
0 439 42761 7 24
1 440 42723 7 25
2 517 43407 7 25
0 440 42852 7 24
1 441 42816 7 25
2 518 43506 6 25
1 442 42924 7 25
0 441 42968 7 24
2 519 43624 6 25
1 443 43021 7 25
0 442 43062 7 24
2 520 43722 6 25
1 444 43118 7 25
0 443 43159 7 24
2 521 43820 6 25
0 444 43257 7 24
1 445 43214 7 25
2 522 43917 6 25
1 446 43306 7 24
0 445 43349 7 24
2 523 44016 6 25
1 447 43400 7 24
0 446 43442 7 24
2 524 44113 6 25
0 447 43534 7 24
1 448 43499 7 24
2 525 44222 6 25
0 448 43628 7 24
1 449 43592 7 24
2 526 44338 7 24
1 450 43707 7 24
0 449 43749 7 24
2 527 44432 7 24
1 451 43805 7 24
0 450 43841 7 24
2 528 44531 7 24
1 452 43897 7 24
0 451 43938 7 25
2 529 44631 7 24
1 453 43992 7 24
0 452 44037 7 25
2 530 44727 7 24
0 453 44123 7 25
1 454 44082 7 24
2 531 44831 7 24
0 454 44216 7 25
1 455 44184 7 24
2 532 44925 7 24
0 455 44312 7 25
1 456 44273 7 24
2 533 45021 7 24
1 457 44396 7 24
0 456 44436 7 25
2 534 45150 7 24
1 458 44495 7 24
0 457 44531 7 25
2 535 45254 7 24
1 459 44586 7 24
0 458 44626 7 25
2 536 45344 7 24
0 459 44723 7 24
1 460 44679 7 24
2 537 45441 7 24
0 460 44817 7 24
1 461 44778 7 24
2 538 45547 7 24
0 461 44904 7 24
1 462 44879 7 25
2 539 45662 7 24
0 462 45004 7 24
1 463 44961 7 25
1 464 45058 7 25
thread_id frame = latency 4577245099
= current_fps_cap   
0 464 45189 7 24
2 541 45863 6 25
1 465 45163 7 25
1 466 45253 7 25
2 542 45969 6 25
0 465 45299 7 24
1 467 45342 7 25
0 466 45386 7 24
2 543 46065 6 25
0 467 45478 7 25
1 468 45452 7 25
2 544 46167 6 25
1 469 45550 7 25
0 468 45592 7 25
2 545 46267 6 25
0 469 45694 7 25
1 470 45652 7 24
2 546 46365 6 25
1 471 45744 7 24
2 547 46458 6 25
0 470 45788 7 25
2 548 46555 6 25
1 472 45859 7 24
0 471 45896 7 25
1 473 45940 7 24
2 549 46655 7 24
0 472 45986 7 25
1 474 46033 7 24
0 473 46075 7 25
2 550 46753 7 24
1 475 46131 7 24
0 474 46171 7 25
2 551 46845 7 24
0 475 46266 7 25
2 552 thread_id 476 =
current_fps_det 7   
2 553 47034 7 24
0 476 46366 7 25
1 477 46322 7 24
0 477 46461 7 25
1 478 46421 7 25
2 554 47135 7 24
2 555 47229 7 24
0 478 46553 7 25
1 479 46519 7 25
1 480 46620 7 25
0 479 46665 7 25
2 556 47334 7 24
1 481 46713 7 25
2 557 47429 7 25
0 480 46757 7 25
2 558 47522 7 25
0 481 46856 7 25
1 482 46821 7 25
1 483 46897 7 25
0 482 46941 7 25
2 559 47624 7 25
1 484 46991 7 25
2 560 47710 7 25
0 483 47042 7 24
1 485 47070 7 25
0 484 47134 7 24
2 561 47808 7 25
1 486 47163 7 24
2 562 47901 7 25
0 485 47225 7 24
1 487 47250 7 24
2 563 47990 7 25
0 486 47322 7 24
1 488 47348 7 24
2 564 48089 7 25
0 487 47421 7 24
1 489 47447 7 24
0 488 47512 7 24
2 565 48186 7 25
1 490 47540 7 24
2 566 48287 7 25
0 489 47616 7 24
1 491 47642 7 24
0 490 47701 7 24
2 567 48376 7 25
1 492 47733 7 24
2 568 48471 7 25
0 491 47798 7 24
1 493 47823 7 24
0 492 47895 7 24
2 569 48572 7 25
1 494 47922 7 25
0 493 47992 7 24
2 570 48664 7 25
1 495 48009 7 25
0 494 48077 7 24
2 571 48774 7 25
1 496 48142 7 25
0 495 48180 7 24
2 572 48872 7 25
1 497 48215 7 25
0 496 48276 7 24
2 573 48974 7 24
1 498 48309 7 25
0 497 48369 7 24
2 574 49068 7 24
1 499 48416 7 25
0 498 48469 7 24
2 575 49164 7 24
1 500 48495 7 25
0 499 48568 7 24
2 576 49265 7 24
1 501 48590 7 25
0 500 48664 7 24
2 577 49353 7 24
1 502 48684 7 24
0 501 48757 7 24
2 578 49454 7 24
1 503 48803 7 24
0 502 48864 7 24
2 579 49568 7 24
1 504 48900 7 24
0 503 48973 7 24
2 580 49661 7 24
1 505 48999 7 24
0 504 49066 7 24
2 581 49775 7 25
1 506 49110 7 24
0 505 49169 7 24
2 582 49863 7 25
1 507 49212 7 24
0 506 49272 7 24
2 583 49983 7 25
1 508 49296 7 24
0 507 49399 7 24
2 584 50069 7 25
1 509 49406 7 24
0 508 49492 7 24
2 585 50165 7 25
1 510 49489 7 25
0 509 49605 7 24
2 586 50283 7 25
1 511 49601 7 25
0 510 49699 7 24
2 587 50381 7 25
1 512 49704 7 25
0 511 49785 7 24
2 588 50472 7 25
1 513 49816 7 25
0 512 49879 7 24
2 589 50576 7 24
1 514 49906 7 25
0 513 49979 7 24
2 590 50669 7 24
1 515 50002 7 25
0 514 50067 7 24
2 591 50762 7 24
0 515 50156 7 25
1 516 50130 7 25
2 592 50855 7 24
1 517 50217 7 25
0 516 50258 7 25
2 593 50946 7 24
1 518 50331 7 24
0 517 50378 7 25
2 594 51058 7 24
1 519 50418 7 24
0 518 50459 7 25
2 595 51152 7 24
1 520 50510 7 24
2 596 51239 7 24
0 519 50591 7 25
1 521 50604 7 24
2 597 51339 7 24
0 520 50687 7 25
1 522 50711 7 24
2 598 51443 7 24
0 521 50785 7 25
1 523 50810 7 24
2 599 51532 7 24
0 522 50877 7 25
2 600 51630 7 24
1 524 50923 7 24
0 523 50973 7 24
1 525 51043 7 24
0 524 51088 7 24
2 601 51759 7 24
2 602 51857 7 24
1 526 51146 6 25
0 525 51188 7 24
2 603 51945 7 24
0 526 51296 7 24
1 527 51260 6 25
2 604 52056 7 24
0 527 51387 7 24
1 528 51344 6 25
0 528 51470 7 24
2 605 52146 7 25
1 529 51437 6 25
2 606 52239 7 25
0 529 51570 7 24
1 530 51545 6 25
0 530 51667 7 24
1 531 51624 6 25
2 607 52345 7 25
1 532 51728 6 25
2 608 52442 7 25
0 531 51770 7 25
0 532 51865 7 25
1 533 51827 6 25
2 609 52540 7 25
1 534 51925 7 24
2 610 52639 7 25
0 533 51964 7 25
0 534 52067 7 25
2 611 52737 7 25
1 535 52023 7 24
1 536 52109 7 24
2 612 52833 7 25
0 535 52162 7 25
1 537 52215 7 24
2 613 52933 7 24
0 536 52261 7 25
1 538 52314 7 24
0 537 52358 7 25
2 614 53031 7 24
1 539 52404 7 24
2 615 53122 7 24
0 538 52460 7 25
1 540 52505 7 24
2 616 53219 7 24
0 539 52551 7 25
2 617 53315 7 24
1 541 52615 7 24
current_fps_det 7   
0 541 52746 7 25
1 542 52703 7 25
2 618 53417 7 24
1 543 52794 7 25
2 619 53509 7 24
0 542 52844 7 25
0 543 52937 7 25
2 620 53615 7 24
1 544 52902 7 25
0 544 53033 7 25
2 621 53708 7 25
1 545 52997 7 25
0 545 53129 7 25
1 546 53097 7 25
2 622 53819 7 25
1 547 53183 7 25
0 546 53221 7 25
2 623 53915 7 25
1 548 53285 7 25
0 547 53343 7 24
2 624 54028 7 25
0 548 53429 7 24
1 549 53400 7 25
2 625 54132 7 25
0 549 53540 7 24
1 550 53501 7 25
2 626 54226 7 25
1 551 53589 7 25
0 550 53633 7 24
2 627 54323 7 25
0 551 53738 7 24
1 552 53700 7 25
2 628 54423 7 25
0 552 53840 7 24
2 629 54515 7 24
1 553 53805 7 25
1 554 53903 7 25
0 553 53940 7 24
2 630 54614 7 24
0 554 54038 7 24
2 631 54714 7 24
1 555 54014 7 25
2 632 54818 7 24
0 555 54145 7 24
1 556 54106 7 25
0 556 54224 7 24
2 633 54917 7 24
1 557 54208 7 25
0 557 54330 7 24
1 558 54302 7 24
2 634 55024 7 24
0 558 54423 7 24
1 559 54395 7 24
2 635 55122 7 24
1 560 54484 7 24
0 559 54526 7 24
2 636 55219 7 24
1 561 54585 7 24
0 560 54621 7 24
2 637 55320 7 25
1 562 54680 7 24
0 561 54724 7 24
2 638 55414 7 25
0 562 54818 7 24
1 563 54808 7 24
2 639 55525 7 25
0 563 54929 7 25
1 564 54897 7 24
2 640 55617 7 25
0 564 55023 7 25
1 565 54993 7 24
2 641 55725 7 25
1 566 55083 7 24
0 565 55127 7 25
2 642 55812 7 25
1 567 55185 7 24
0 566 55228 7 25
2 643 55907 7 25
1 568 55295 7 24
0 567 55333 7 25
2 644 56006 7 25
2 645 56103 7 25
0 568 55432 7 25
1 569 55390 7 24
1 570 55492 7 24
2 646 56213 7 25
0 569 55541 7 25
2 647 56318 7 25
0 570 55645 6 24
1 571 55618 7 24
1 572 55705 7 24
0 571 55749 6 24
2 648 56420 7 25
1 573 55792 7 24
0 572 55832 6 24
2 649 56527 7 25
1 574 55890 7 24
0 573 55937 6 24
2 650 56619 7 25
0 574 56030 6 24
1 575 56000 7 24
2 651 56718 7 25
0 575 56136 6 24
1 576 56094 7 24
2 652 56818 7 25
0 576 56228 6 24
1 577 56188 7 24
2 653 56910 7 24
0 577 56348 6 24
2 654 57051 7 24
1 578 56342 7 24
0 578 56454 7 24
2 655 57146 7 24
(ms) 56430 current_fps_cap  
1 580 56518 7 24
2 656 57235 7 24
0 579 56578 7 24
1 581 56637 6 24
2 657 57352 7 24
0 580 56697 7 24
1 582 56729 6 24
2 658 57449 7 24
0 581 56784 7 24
1 583 56816 6 24
2 659 57550 7 24
0 582 56889 7 24
1 584 56920 6 24
0 583 56967 7 24
2 660 57655 6 24
1 585 57058 6 24
2 661 57772 6 24
0 584 57100 7 24
1 586 57148 6 24
2 662 57870 6 24
0 585 57195 6 25
1 587 57244 6 24
0 586 57286 6 25
2 663 57970 6 24
1 588 57343 6 25
0 587 57384 6 25
2 664 58062 6 24
2 665 58158 6 24
1 589 57446 6 25
0 588 57487 6 25
1 590 57543 6 25
2 666 58256 6 24
0 589 57584 6 25
1 591 57635 6 25
2 667 58349 6 24
0 590 57677 6 25
2 668 58442 7 25
0 591 57771 6 25
1 592 57775 6 25
2 669 58564 7 25
1 593 57853 6 25
0 592 57896 6 25
0 593 57977 7 25
1 594 57951 6 25
2 670 58667 7 25
0 594 58086 7 25
1 595 58054 6 25
2 671 58763 7 25
1 596 58139 7 24
0 595 58184 7 25
2 672 58862 7 25
0 596 58292 7 25
1 597 58254 7 24
2 673 58968 7 25
1 598 58347 7 24
2 674 59060 7 25
0 597 58387 7 25
2 675 59155 7 25
1 599 58452 7 24
0 598 58495 7 25
1 600 58544 7 24
0 599 58586 7 25
2 676 59265 7 24
1 601 58639 7 24
0 600 58682 7 25
2 677 59349 7 24
1 602 58741 7 24
0 601 58781 7 25
2 678 59455 7 24
2 679 59552 7 24
1 603 58839 7 24
0 602 58883 7 25
1 604 58938 7 24
0 603 58979 7 25
2 680 59653 7 24
1 605 59034 7 24
2 681 59749 7 24
0 604 59077 7 25
2 682 59854 7 24
1 606 59141 7 24
0 605 59179 7 25
0 606 59278 7 25
2 683 59948 7 24
1 607 59235 7 24
2 684 60051 7 25
0 607 59378 7thread_id 684
1 608 59339 7 24
1 609 59430 7 24
0 608 59470 7 25
2 685 60153 7 25
1 610 59535 7 24
0 609 59577 7 24
2 686 60253 7 25
1 611 59617 7 24
2 687 60342 7 25
0 610 59672 7 24
1 612 59727 7 25
2 688 60443 7 25
0 611 59772 7 24
1 613 59825 7 25
0 612 59863 7 24
2 689 60538 7 25
2 690 60632 7 25
1 614 59920 7 25
0 613 59968 7 24
0 614 60061 7 24
1 615 60033 7 25
2 691 60747 7 25
0 615 60158 7 24
2 692 60844 7 25
1 616 60138 7 25
0 616 60259 7 24
2 693 60938 7 25
1 617 60228 7 25
2 694 61028 7 25
0 617 60355 7 25
1 618 60323 7 25
0 618 60461 7 25
2 695 61134 7 25
1 619 60421 7 25
1 620 60522 7 24
2 696 61232 7 25
0 619 60560 7 25
2 697 61334 7 25
1 621 60616 7 24
0 620 60663 7 25
2 698 61421 7 25
0 621 60750 7 25
1 622 60709 7 24
1 623 60824 7 24
0 622 60861 7 25
2 699 61537 7 25
2 700 61631 7 25
1 624 60914 7 24
0 623 60960 7 25
1 625 61012 7 24
0 624 61054 7 25
2 701 61729 7 25
2 702 61818 7 25
1 626 61105 7 24
0 625 61151 7 25
2 703 61918 7 25
0 626 61243 7 25
1 627 61209 7 24
1 628 61303 7 25
2 704 62018 7 25
0 627 61349 7 25
1 629 61400 7 25
0 628 61441 7 25
2 705 62115 7 25
2 706 62232 7 25
1 630 61518 7 25
0 629 61560 7 25
2 707 62337 7 25
0 630 61662 7 25
1 631 61621 7 25
2 708 62428 7 25
1 632 61715 7 25
0 631 61760 7 25
0 632 61858 7 25
1 633 61818 7 25
2 709 62533 7 25
2 710 62630 7 25
0 633 61954 7 24
1 634 61919 7 25
0 634 62062 7 24
1 635 62016 7 25
2 711 62732 7 25
0 635 62146 7 24
2 712 62831 7 25
1 636 62117 7 24
0 636 62246 7 24
2 713 62956 7 25
1 637 62242 7 24
0 637 62366 7 24
1 638 62346 7 24
2 714 63059 7 25
0 638 62459 7 24
1 639 62444 7 24
2 715 63165 6 24
0 639 62570 7 24
1 640 62533 7 24
2 716 63265 6 24
0 640 62663 7 24
