2 0 67 0 0
2 1 92 0 0
3 0 113 0 0
2 2 146 0 0
3 1 156 0 0
2 3 183 0 0
3 2 217 0 0
2 4 267 0 0
1 0 166 0 0
0 0 167 0 0
3 3 321 0 0
2 5 383 0 0
1 1 279 0 0
0 1 285 0 0
3 4 423 0 0
2 6 505 0 0
1 2 402 0 0
3 5 543 0 0
0 2 406 0 0
2 7 617 0 0
1 3 518 0 0
0 3 512 0 0
3 6 668 0 0
2 8 767 0 0
1 4 656 0 0
0 4 662 0 0
3 7 803 0 0
2 9 878 8 24
1 5 777 0 0
3 8 926 7 24
0 5 794 0 0
2 10 1000 8 24
1 6 895 5 24
3 9 1041 7 24
0 6 915 5 24
2 11 1128 8 24
1 7 1017 5 24
3 10 1162 7 24
0 7 1042 5 24
2 12 1250 8 24
1 8 1134 5 24
3 11 1285 7 24
0 8 1168 5 24
2 13 1377 8 24
1 9 1261 5 24
3 12 1416 7 24
0 9 1297 5 24
2 14 1505 8 24
1 10 1409 5 24
3 13 1555 7 24
0 10 1444 5 24
2 15 1654 8 24
1 11 1534 5 24
3 14 1683 7 24
0 11 1570 5 24
2 16 1785 5 24
1 12 1658 5 24
3 15 1815 6 25
0 12 1692 5 25
2 17 1910 5 24
1 13 1800 6 24
3 16 1943 6 25
0 13 1822 5 25
2 18 2040 5 24
1 14 1930 6 24
3 17 2079 6 25
0 14 1942 5 25
2 19 2174 5 24
1 15 2057 6 24
3 18 2211 6 25
0 15 2074 5 25
2 20 2309 5 24
1 16 2204 6 24
3 19 2367 6 25
0 16 2227 5 25
2 21 2461 5 24
1 17 2351 6 24
0 17 2354 5 25
3 20 2497 6 25
2 22 2599 5 24
1 18 2474 6 24
3 21 2622 5 24
0 18 2483 5 24
2 23 2733 5 24
1 19 2610 5 24
3 22 2751 5 24
0 19 2617 5 24
2 24 2864 5 24
1 20 2745 5 24
3 23 2886 5 24
0 20 2745 5 24
2 25 3003 5 24
1 21 2889 5 24
3 24 3012 5 24
0 21 2886 5 24
2 26 3159 5 24
1 22 3044 5 24
0 22 3036 5 24
3 25 3176 5 24
2 27 3302 5 24
1 23 3180 5 24
3 26 3305 5 24
0 23 3174 5 24
2 28 3446 5 24
1 24 3309 5 24
3 27 3441 5 24
0 24 3315 5 25
2 29 3603 5 24
3 28 3567 5 24
1 25 3454 5 25
0 25 3456 5 25
3 29 3707 5 24
2 30 3757 5 24
1 26 3593 5 25
0 26 3591 5 25
2 31 3885 5 24
3 30 3847 5 24
1 27 3736 5 25
0 27 3731 5 25
3 31 3995 5 24
2 32 4055 5 24
1 28 3896 5 25
0 28 3887 5 25
3 32 4153 5 24
2 33 4198 5 24
1 29 4035 5 25
0 29 4022 5 25
3 33 4284 5 24
2 34 4336 5 24
1 30 4169 5 25
0 30 4158 5 24
2 35 4471 5 24
1 31 4304 5 25
3 34 4430 5 24
0 31 4293 5 24
1 32 4445 5 25
3 35 4572 5 24
2 36 4624 5 24
0 32 4436 5 24
2 37 4755 5 24
1 33 4589 5 25
3 36 4712 5 24
0 33 4574 5 24
3 37 4870 5 24
2 38 4919 5 24
1 34 4748 5 25
0 34 4737 5 24
2 39 5054 5 24
1 35 4884 5 25
3 38 5010 5 24
0 35 4874 5 24
2 40 5197 5 25
1 36 5025 5 25
3 39 5150 5 25
0 36 5011 5 24
3 40 5293 5 25
0 37 5151 5 24
1 37 5173 5 24
2 41 5343 5 25
0 38 5291 5 24
2 42 5479 5 25
1 38 5308 5 24
3 41 5434 5 25
2 43 5642 5 25
1 39 5470 5 24
3 42 5595 5 25
0 39 5456 5 24
2 44 5787 5 25
1 40 5612 5 24
0 40 5597 5 24
3 43 5737 5 25
1 41 5752 5 24
2 45 5922 5 25
3 44 5877 5 25
0 41 5741 5 24
1 42 5893 5 24
3 45 6018 5 24
2 46 6067 5 25
0 42 5884 5 25
0 43 6023 5 25
2 47 thread_id 43 =
current_fps_det 5   
3 46 6164 5 24
2 48 6356 5 25
0 44 6166 5 25
1 44 6183 5 25
3 47 6308 5 24
3 48 6473 5 24
1 45 6346 5 25
0 45 6332 5 25
2 49 6520 5 25
2 50 6664 5 25
1 46 6496 5 25
3 49 6619 5 24
0 46 6480 5 25
2 51 6811 5 25
1 47 6640 5 25
3 50 6764 5 24
0 47 6629 5 25
2 52 6962 5 24
1 48 6786 5 25
0 48 6771 5 24
3 51 6912 5 25
3 52 7059 5 25
2 53 7108 5 24
1 49 6935 5 24
0 49 6921 5 24
0 50 7078 5 24
1 50 7098 5 24
2 54 7278 5 24
3 53 7233 5 25
1 51 7236 5 24
0 51 7226 5 24
3 54 7374 5 25
2 55 7426 5 24
1 52 7385 5 24
0 52 7369 5 24
3 55 7524 5 25
2 56 7578 5 24
1 53 7527 5 24
0 53 7517 5 24
3 56 7662 5 25
2 57 7721 5 24
0 54 7674 5 24
1 54 7695 5 24
2 58 7865 5 24
3 57 7821 5 24
3 58 7949 5 24
2 59 8002 5 24
0 55 7818 5 24
1 55 7841 5 25
3 59 8119 5 24
2 60 8167 5 24
0 56 7981 5 24
1 56 8000 5 25
1 57 8139 5 25
2 61 8315 5 24
0 57 8124 5 24
3 60 8265 5 24
1 58 8276 5 25
2 62 8449 5 24
0 58 8262 5 24
3 61 8418 5 24
2 63 8592 5 24
0 59 8408 5 24
1 59 8424 5 25
3 62 8549 5 24
2 64 8729 5 25
0 60 8542 5 25
1 60 8564 5 25
3 63 8690 5 24
2 65 8901 5 25
0 61 8711 5 25
3 64 8854 5 24
1 61 8730 5 25
2 66 9038 5 25
0 62 8852 5 25
3 65 8996 5 24
1 62 8877 5 25
3 66 9139 5 24
2 67 9188 5 25
0 63 9004 5 25
1 63 9024 5 25
2 68 9324 5 25
0 64 9138 5 25
3 67 9285 5 24
1 64 9167 5 25
2 69 9455 5 25
3 68 9432 5 24
1 65 9310 5 25
0 65 9299 5 25
2 70 9604 5 25
0 66 9426 5 24
3 69 9568 5 24
1 66 9453 5 25
2 71 9763 5 25
3 70 9719 5 24
0 67 9580 5 24
1 67 9612 5 24
3 71 9848 5 24
2 72 9903 5 25
0 68 9716 5 24
1 68 9749 5 24
2 73 10042 5 25
3 72 9996 5 24
0 69 9859 5 24
1 69 9891 5 24
2 74 10178 5 25
3 73 10140 5 24
0 70 10010 5 24
1 70 10035 5 24
2 75 10324 5 25
0 71 10145 5 24
3 74 10289 5 24
1 71 10182 5 24
2 76 10465 5 25
0 72 10312 5 24
3 75 10449 5 25
1 72 10333 5 24
0 73 10453 5 24
2 77 10642 5 25
3 76 10608 5 25
1 73 10495 5 25
2 78 10789 5 25
0 74 10603 5 24
3 77 10760 5 25
1 74 10648 5 25
3 78 10891 5 25
0 75 10756 5 24
2 79 10944 5 25
1 75 10788 5 25
2 80 11079 5 25
3 79 11039 5 25
0 76 10920 5 24
1 76 10938 5 25
3 80 11180 5 25
2 81 11227 5 25
0 77 11051 5 24
1 77 11078 5 25
3 81 11352 5 24
2 82 11400 5 24
0 78 11214 5 25
1 78 11250 5 25
3 82 11500 5 24
0 79 11360 thread_id 82
current_fps_cap 25   
2 83 11551 5 24
1 79 11398 5 24
2 84 11673 5 24
0 80 11500 5 25
3 83 11650 5 24
1 80 11546 5 24
2 85 11824 5 24
0 81 11647 5 25
3 84 11784 5 24
1 81 11698 5 24
2 86 11949 5 24
3 85 11925 5 24
0 82 11796 5 25
1 82 11843 5 24
2 87 12098 5 24
3 86 12070 5 24
0 83 11938 5 25
1 83 12020 5 24
2 88 12258 5 25
3 87 12249 5 24
0 84 12109 5 24
1 84 12168 5 24
2 89 12398 5 25
3 88 12386 5 24
0 85 12253 5 24
1 85 12319 5 25
2 90 12540 5 25
3 89 12533 5 24
0 86 12398 5 24
1 86 12462 5 25
2 91 12707 5 25
3 90 12673 5 24
0 87 12551 5 24
1 87 12611 5 25
2 92 12832 5 25
3 91 12824 5 24
0 88 12691 5 24
1 88 12749 5 25
2 93 13012 5 25
3 92 12983 5 24
0 89 12862 5 24
1 89 12914 5 25
2 94 13166 5 25
3 93 13133 5 25
0 90 13012 5 24
1 90 13056 5 25
2 95 13318 5 25
3 94 13285 5 25
0 91 13159 5 24
1 91 13190 5 24
2 96 13450 5 25
3 95 13419 5 25
0 92 13292 5 24
1 92 13334 5 24
2 97 13604 5 25
3 96 13568 5 25
0 93 13435 5 24
1 93 13476 5 24
2 98 13751 5 25
3 97 13718 5 25
0 94 13581 5 24
1 94 13637 5 24
3 98 13866 5 25
2 99 13917 5 25
0 95 13742 5 24
1 95 13796 5 24
2 100 14066 5 24
3 99 14018 5 24
0 96 13888 5 24
1 96 13947 5 24
2 101 14197 5 24
3 100 14165 5 24
0 97 14034 5 24
1 97 14097 5 24
3 101 14300 5 24
2 102 14352 5 24
0 98 14189 5 24
1 98 14242 5 24
3 102 14440 5 24
2 103 14506 5 24
0 99 14333 5 24
1 99 14393 5 24
3 103 14618 5 24
2 104 14675 5 24
0 100 14514 5 24
1 100 14559 5 24
3 104 14762 5 24
2 105 14824 5 24
0 101 14662 5 24
1 101 14710 5 24
3 105 14928 5 25
2 106 14977 5 25
0 102 14815 5 25
1 102 14855 5 24
3 106 15074 5 25
2 107 15136 5 25
0 103 14961 5 25
1 103 15012 5 25
3 107 15218 5 25
2 108 15284 5 25
0 104 15116 5 25
1 104 15160 5 25
3 108 15365 5 25
2 109 15423 5 25
0 105 15290 5 25
1 105 15329 5 25
2 110 15587 5 25
3 109 15540 5 25
0 106 15445 5 25
1 106 15475 5 25
3 110 15676 5 25
2 111 15741 5 25
0 107 15586 5 25
1 107 15625 5 25
3 111 15816 5 24
2 112 15882 5 25
1 108 15766 5 25
0 108 15752 5 24
3 112 15970 5 24
2 113 16029 5 25
1 109 15912 5 25
0 109 15912 5 24
3 113 16118 5 24
2 114 16179 5 25
1 110 16055 5 25
0 110 16056 5 24
3 114 16287 5 24
2 115 16335 5 25
1 111 16230 5 25
0 111 16221 5 24
3 115 16425 5 24
2 116 16489 5 25
1 112 16373 5 25
0 112 16357 5 24
3 116 16578 5 24
2 117 16630 5 25
1 113 16520 5 25
0 113 16515 5 24
3 117 16725 5 25
2 118 16785 5 24
1 114 16676 5 25
0 114 16668 5 24
3 118 16878 5 25
2 119 16929 5 24
1 115 16831 5 24
0 115 16817 5 24
2 120 17076 5 24
3 119 17028 5 25
0 116 16978 5 24
1 116 17011 5 24
3 120 17201 5 25
2 121 17252 5 24
1 117 17153 5 24
0 117 17140 5 24
3 121 17345 5 25
2 122 17408 5 24
1 118 17302 5 24
0 118 17299 5 24
3 122 17502 5 25
2 123 17558 5 24
1 119 17452 5 24
0 119 17444 5 24
3 123 17653 5 24
2 124 17706 5 24
1 120 17605 5 24
0 120 17593 5 25
2 125 17842 5 24
3 124 17793 5 24
0 121 17736 5 25
1 121 17753 5 25
3 125 17973 5 24
2 126 18029 5 24
1 122 17929 5 25
0 122 17918 5 25
3 126 18127 5 24
2 127 18186 5 24
1 123 18071 5 25
0 123 18070 5 25
3 127 18281 5 24
2 128 18333 5 24
1 124 18226 5 25
0 124 18215 5 25
2 129 18473 5 24
3 128 18426 5 24
1 125 18360 5 25
0 125 18360 5 25
3 129 18568 5 24
2 130 18634 5 25
1 126 18496 5 25
0 126 18514 5 25
3 130 18732 5 24
2 131 18804 5 25
1 127 18662 5 24
0 127 18685 5 25
3 131 18890 5 24
2 132 18952 5 25
1 128 18815 5 24
0 128 18834 5 25
3 132 19050 5 24
2 133 19108 5 25
1 129 18969 5 24
0 129 18981 5 25
3 133 19200 5 24
2 134 19255 5 25
1 130 19114 5 24
0 130 19123 5 25
3 134 19342 5 24
2 135 19408 5 25
1 131 19269 5 24
0 131 19274 5 25
3 135 19489 5 25
2 136 19559 5 25
1 132 19438 5 24
0 132 19443 5 24
3 136 19665 5 25
2 137 19737 5 25
1 133 19590 5 24
0 133 19604 5 24
2 138 19867 5 25
3 137 19821 5 25
1 134 19753 5 24
0 134 19752 5 24
3 138 19973 5 25
2 139 20027 5 25
1 135 19912 5 24
0 135 19901 5 24
2 140 20165 5 25
3 139 20118 5 25
0 136 20041 5 24
1 136 20058 5 24
2 141 20310 5 25
3 140 20265 5 25
0 137 20199 5 24
1 137 20215 5 24
2 142 20483 5 24
3 141 20440 5 24
1 138 20388 5 24
0 138 20376 5 24
2 143 20633 5 24
3 142 20591 5 24
1 139 20542 5 25
0 139 20533 5 24
2 144 20783 5 24
3 143 20738 5 24
1 140 20684 5 25
0 140 20670 5 24
2 145 20922 5 24
3 144 20884 5 24
0 141 20814 5 24
1 141 20832 5 25
2 146 21069 5 24
3 145 21039 5 24
0 142 20963 5 24
1 142 20981 5 25
2 147 21213 5 24
3 146 21191 5 24
1 143 21157 5 25
0 143 21143 5 24
2 148 21384 5 25
3 147 21368 5 24
0 144 21295 5 25
1 144 21312 5 25
2 149 21537 5 25
3 148 21511 5 24
0 145 21440 5 25
1 145 21456 5 24
2 150 21684 5 25
3 149 21658 5 24
0 146 21584 5 25
1 146 21613 5 24
2 151 21836 5 25
3 150 21822 5 24
0 147 21732 5 25
1 147 21769 5 24
2 152 22006 5 25
3 151 21969 5 24
0 148 21879 5 25
1 148 21948 5 24
2 153 22158 5 25
3 152 22135 5 24
0 149 22045 5 25
1 149 22098 5 24
2 154 22308 5 24
3 153 22287 5 25
0 150 22204 5 25
1 150 22242 5 24
2 155 22453 5 24
3 154 22446 5 25
0 151 22349 5 25
1 151 22394 5 25
2 156 22611 5 24
3 155 22592 5 25
0 152 22509 5 25
1 152 22545 5 25
2 157 22778 5 24
3 156 22744 5 25
0 153 22657 5 25
1 153 22693 5 25
2 158 22925 5 24
3 157 22920 5 25
0 154 22825 5 25
1 154 22868 5 25
2 159 23071 5 24
3 158 23069 5 25
0 155 22969 5 25
1 155 23020 5 25
2 160 23218 5 25
3 159 23217 5 24
0 156 23122 5 24
1 156 23168 5 25
2 161 23359 5 25
3 160 23360 5 24
0 157 23277 5 24
1 157 23313 5 24
2 162 23511 5 25
3 161 23507 5 24
0 158 23414 5 24
1 158 23458 5 24
2 163 23656 5 25
3 162 23654 5 24
0 159 23569 5 24
1 159 23617 5 24
2 164 23815 5 25
3 163 23818 5 24
0 160 23712 5 24
1 160 23773 5 24
2 165 23961 5 25
3 164 23962 5 24
0 161 23862 5 24
1 161 23919 5 24
2 166 24107 5 25
3 165 24137 5 24
0 162 24002 5 24
1 162 24068 5 24
2 167 24250 5 25
3 166 24288 5 24
0 163 24154 5 24
1 163 24221 5 24
2 168 24410 5 25
3 167 24440 5 24
0 164 24305 5 24
1 164 24376 5 24
2 169 24583 5 25
3 168 24598 5 24
0 165 24475 5 24
1 165 24546 5 24
2 170 24723 5 25
3 169 24744 5 24
0 166 24616 5 24
1 166 24700 5 24
2 171 24861 5 25
3 170 24889 5 24
0 167 24755 5 24
1 167 24849 5 24
2 172 25002 5 24
3 171 25039 5 25
0 168 24904 5 24
1 168 25000 5 24
2 173 25148 5 24
3 172 25192 5 25
0 169 25054 5 24
1 169 25156 5 25
2 174 25298 5 24
0 170 25225 5 24
3 173 25381 5 25
1 170 25329 5 25
2 175 25469 5 24
0 171 25377 5 24
3 174 25516 5 25
1 171 25470 5 25
2 176 25620 5 24
0 172 25518 5 24
3 175 25663 5 25
1 172 25615 5 25
2 177 25757 5 24
3 176 25805 5 25
0 173 25665 5 24
1 173 25767 5 25
2 178 25902 5 24
3 177 25938 5 25
0 174 25802 5 25
2 179 26040 5 24
1 174 25909 5 25
0 175 25947 5 25
3 178 26096 5 25
2 180 26179 5 24
1 175 26069 5 24
0 176 26116 5 25
3 179 26257 5 25
2 181 26350 5 24
1 176 26221 5 24
0 177 26255 5 25
3 180 26402 5 25
2 182 26496 5 24
1 177 26368 5 24
0 178 26401 5 25
3 181 26549 5 25
1 178 26507 5 24
2 183 26641 5 24
0 179 26555 5 25
3 182 26698 5 25
2 184 26789 5 25
1 179 26658 5 24
0 180 26689 5 24
3 183 26844 5 24
2 185 26935 5 25
1 180 26801 5 24
3 184 26976 5 24
0 181 26840 5 24
2 186 27091 5 25
1 181 26965 5 25
3 185 27138 5 24
current_fps_det 5   
2 187 27238 5 25
1 182 27119 5 25
3 186 27276 5 24
0 183 27147 5 24
2 188 27386 5 25
1 183 27258 5 25
0 184 27293 5 24
3 187 27438 5 24
2 189 27536 5 25
1 184 27403 5 25
3 188 27576 5 24
0 185 27441 5 24
1 185 27553 5 25
2 190 27682 5 24
3 189 27721 5 25
0 186 27582 5 24
2 191 27827 5 24
1 186 27696 5 25
3 190 27894 5 25
0 187 27754 5 24
2 192 27991 5 24
1 187 27866 5 24
0 188 27894 5 24
3 191 28045 5 25
2 193 28142 5 24
1 188 28011 5 24
3 192 28176 5 25
0 189 28041 5 24
2 194 28293 5 24
1 189 28158 5 24
3 193 28322 5 25
0 190 28191 5 24
2 195 28429 5 24
1 190 28310 5 24
3 194 28474 5 25
0 191 28335 5 24
2 196 28580 5 24
1 191 28448 5 24
3 195 28619 5 24
0 192 28481 5 25
2 197 28746 5 24
1 192 28616 5 24
3 196 28784 5 24
0 193 28643 5 25
2 198 28884 5 24
1 193 28754 5 24
3 197 28930 5 24
0 194 28800 5 25
2 199 29031 5 24
1 194 28912 5 24
3 198 29078 5 24
0 195 28948 5 25
2 200 29185 5 24
1 195 29061 5 24
3 199 29229 5 24
0 196 29094 5 25
2 201 29321 5 24
1 196 29208 5 24
3 200 29373 5 24
0 197 29237 5 25
2 202 29467 5 25
1 197 29379 5 24
0 198 29414 5 24
3 201 29559 5 25
2 203 29640 5 25
1 198 29529 5 24
3 202 29694 5 25
0 199 29559 5 24
2 204 29784 5 25
1 199 29682 5 25
3 203 29851 5 25
0 200 29712 5 24
2 205 29929 5 25
1 200 29818 5 25
3 204 29996 5 25
0 201 29856 5 24
2 206 30064 5 25
1 201 29967 5 25
0 202 29996 5 24
3 205 30158 5 25
2 207 30213 5 25
1 202 30115 5 25
0 203 30168 5 24
3 206 30313 5 25
2 208 30370 5 24
1 203 30283 5 25
0 204 30318 5 25
3 207 30457 5 24
2 209 30533 5 24
1 204 30466 5 25
3 208 30621 5 24
0 205 30481 5 25
2 210 30682 5 24
1 205 30609 5 24
0 206 30634 5 25
3 209 30775 5 24
2 211 30828 5 24
1 206 30762 5 24
0 207 30774 5 25
3 210 30964 5 24
2 212 31005 5 24
1 207 30938 5 24
0 208 31025 5 25
3 211 31165 5 24
2 213 31211 5 24
1 208 31149 5 24
3 212 31332 4 25
0 209 31196 4 24
2 214 31361 4 25
1 209 31312 5 24
0 210 31344 4 24
3 213 31485 4 25
2 215 31509 4 25
1 210 31468 4 24
0 211 31483 4 24
3 214 31646 4 25
2 216 31660 4 25
1 211 31620 4 24
0 212 31642 4 24
3 215 31788 4 25
2 217 31819 4 25
1 212 31772 4 24
0 213 31805 4 24
3 216 31949 4 25
2 218 31963 4 25
1 213 31947 4 24
3 217 32129 4 25
0 214 31989 4 24
2 219 32142 4 25
1 214 32103 4 24
2 220 32284 5 24
3 218 32280 4 24
0 215 32143 4 24
1 215 32257 4 24
0 216 32305 4 24
3 219 32445 4 24
2 221 32455 5 24
1 216 32412 5 25
2 222 32596 5 24
3 220 32601 4 24
0 217 32463 4 24
1 217 32567 5 25
2 223 32749 5 24
3 221 32742 4 24
0 218 32608 4 24
1 218 32751 5 25
2 224 32905 5 24
3 222 32918 4 24
0 219 32804 4 24
1 219 32897 5 25
2 225 33055 5 24
3 223 33064 4 24
0 220 32938 4 25
1 220 33047 5 25
2 226 33210 5 25
0 221 33085 4 25
3 224 33237 5 24
1 221 33207 5 25
2 227 33352 5 25
0 222 33236 4 25
3 225 33379 5 24
1 222 33359 5 25
2 228 33498 5 25
3 226 33524 5 24
= current_fps_cap   
1 223 33506 5 25
2 229 33682 5 25
3 227 33695 5 24
0 224 33558 4 25
1 224 33691 5 25
2 230 33830 5 25
0 225 33705 4 25
3 228 33846 5 24
1 225 33849 5 25
2 231 33975 5 25
0 226 33857 5 24
3 229 34005 5 24
1 226 33997 5 25
2 232 34126 5 25
3 230 34144 5 24
0 227 34009 5 24
1 227 34150 5 25
2 233 34276 5 25
3 231 34298 5 24
0 228 34166 5 24
1 228 34317 5 24
2 234 34433 5 25
3 232 34448 5 24
0 229 34316 5 24
1 229 34498 5 24
2 235 34612 5 25
3 233 34614 5 24
0 230 34482 5 24
1 230 34653 5 24
2 236 34760 5 25
3 234 34758 5 24
0 231 34640 5 24
1 231 34801 5 24
3 235 34910 5 24
2 237 34922 5 25
0 232 34796 5 25
1 232 34973 5 24
3 236 35058 5 25
2 238 35067 5 25
0 233 34947 5 25
1 233 35134 4 25
3 237 35217 5 25
2 239 35225 5 25
0 234 35107 5 25
1 234 35305 4 25
2 240 35399 5 25
3 238 35391 5 25
0 235 35270 5 25
1 235 35460 4 25
2 241 35555 5 25
3 239 35554 5 25
0 236 35422 5 25
2 242 35695 5 25
3 240 35696 5 25
current_fps_det 4   
0 237 35576 5 25
2 243 35844 5 25
3 241 35841 5 25
1 237 35776 4 25
0 238 35729 5 24
2 244 35997 5 24
3 242 35999 5 25
1 238 35917 4 24
0 239 35880 5 24
2 245 36163 5 24
3 243 36172 5 25
1 239 36090 4 24
0 240 36055 5 24
2 246 36305 5 24
1 240 36253 4 24
3 244 36344 5 25
0 241 36208 5 24
2 247 36466 5 24
3 245 36485 5 25
1 241 36402 4 24
0 242 36373 5 24
2 248 36609 5 24
3 246 36626 5 25
1 242 36563 4 24
0 243 36520 5 24
2 249 36764 5 24
3 247 36793 5 25
1 243 36710 4 24
0 244 36674 5 25
2 250 36907 5 25
3 248 36947 5 24
1 244 36866 5 24
0 245 36849 5 25
2 251 37087 5 25
3 249 37116 5 24
1 245 37039 5 24
0 246 37012 5 25
2 252 37241 5 25
1 246 37185 5 24
3 250 37270 5 24
0 247 37160 5 25
2 253 37388 5 25
1 247 37338 5 24
3 251 37419 5 24
0 248 37314 5 25
2 254 37546 5 25
1 248 37493 5 24
3 252 37580 5 24
0 249 37469 5 25
2 255 37707 5 25
1 249 37644 5 24
3 253 37732 5 24
0 250 37625 5 24
2 256 37887 5 24
3 254 37911 5 25
1 250 37835 5 25
0 251 37817 5 24
2 257 38051 5 24
3 255 38057 5 25
1 251 38005 5 25
0 252 37973 5 24
2 258 38222 5 24
3 256 38218 5 25
1 252 38183 5 25
0 253 38182 5 24
2 259 38397 5 24
3 257 38392 5 25
1 253 38354 5 25
0 254 38335 5 24
3 258 38534 5 25
2 260 38585 5 24
1 254 38520 5 25
0 255 38491 4 25
3 259 38736 4 24
2 261 38783 4 25
1 255 38702 4 25
0 256 38678 4 25
3 260 38885 4 24
2 262 38932 4 25
1 256 38858 4 25
0 257 38821 4 25
3 261 39056 4 24
2 263 39080 4 25
1 257 39016 4 25
0 258 38979 4 25
2 264 39237 4 25
3 262 39229 4 24
1 258 39164 4 25
0 259 39130 4 25
2 265 39402 4 25
1 259 39309 4 25
3 263 39398 4 24
0 260 39289 4 25
2 266 39585 4 24
3 264 39578 4 24
1 260 39496 4 25
0 261 39481 5 25
2 267 39745 4 24
3 265 39739 4 24
1 261 39658 4 24
0 262 39629 5 25
2 268 39885 4 24
1 262 39810 4 24
3 266 39895 4 24
0 263 39789 5 25
2 269 40040 4 24
3 267 40055 4 24
1 263 39975 4 24
0 264 39946 5 25
2 270 40204 4 24
3 268 40214 4 24
1 264 40138 4 24
0 265 40095 5 25
2 271 40375 4 25
1 265 40314 4 24
3 269 40401 4 25
0 266 40270 4 24
2 272 40525 4 25
3 270 40553 4 25
1 266 40478 4 24
0 267 40430 4 24
2 273 40689 4 25
3 271 40720 4 25
1 267 40638 4 24
0 268 40585 4 24
2 274 40854 4 25
0 269 40742 4 24
3 272 40886 4 25
1 268 40800 4 24
2 275 40999 4 25
0 270 40901 4 24
3 273 41040 4 25
1 269 40956 4 24
2 276 41177 4 25
1 270 41137 4 24
3 274 41219 4 25
0 271 41081 4 24
2 277 41324 4 24
1 271 41276 4 25
0 272 41229 4 24
3 275 41389 4 25
2 278 41482 4 24
1 272 41432 4 25
0 273 41385 4 24
3 276 41542 4 25
2 279 41635 4 24
1 273 41591 4 25
0 274 41556 4 24
3 277 41706 4 25
2 280 41791 4 24
0 275 41689 4 24
1 274 41751 4 25
3 278 41861 4 25
2 281 41946 4 24
1 275 41898 4 25
0 276 41843 4 24
3 279 42054 4 24
2 282 42128 4 24
1 276 42086 4 25
0 277 42033 5 25
3 280 42211 4 24
2 283 42293 5 25
1 277 42239 5 25
0 278 42194 5 25
3 281 42366 4 24
2 284 42452 5 25
0 279 42338 5 25
1 278 42398 5 25
3 282 42520 4 24
2 285 42599 5 25
0 280 42493 5 25
1 279 42556 5 25
3 283 42666 4 24
2 286 42750 5 25
0 281 42650 5 25
1 280 42711 5 25
3 284 42826 4 24
2 287 42939 5 25
0 282 42834 4 24
1 281 42893 5 25
3 285 43017 4 24
2 288 43101 4 24
0 283 42989 4 24
1 282 43052 4 24
3 286 43182 4 24
2 289 43268 4 24
0 284 43163 4 24
1 283 43216 4 24
3 287 43340 4 24
2 290 43423 4 24
0 285 43306 4 24
1 284 43372 4 24
3 288 43501 4 24
2 291 43569 4 24
1 285 43519 4 24
0 286 43463 4 24
3 289 43654 4 25
2 292 43747 4 24
1 286 43696 4 24
0 287 43641 4 24
3 290 43838 4 25
2 293 43905 4 24
0 288 43794 4 24
1 287 43854 4 24
3 291 43985 4 25
2 294 44053 4 24
0 289 43941 4 24
1 288 44008 4 24
3 292 44145 4 25
2 295 44199 4 24
0 290 44078 4 24
1 289 44164 4 24
