5 10 2 0 41 0 5 0 11
0 0 2 17 49 0 5 0 7
0 0 2 26 40 0 5 0 7
0 0 2 27 40 0 7 0 3
0 0 2 31 41 0 8 0 3
0 0 2 33 39 0 8 0 3
0 0 3 31 38 0 8 0 3
0 0 3 31 38 0 6 0 3
0 0 2 30 38 0 6 0 3
0 0 2 29 38 0 6 0 3
0 0 2 28 38 0 6 0 4
0 0 2 27 39 0 6 0 4
0 0 2 26 39 0 6 0 4
0 0 2 25 38 0 6 0 3
0 0 2 24 38 0 6 0 3
0 0 2 23 38 0 6 0 3
0 0 2 22 38 0 6 0 3
0 0 2 20 38 0 7 0 3
0 0 2 19 38 0 6 0 3
0 0 2 18 38 0 6 0 3
0 0 2 17 38 0 6 0 3
0 0 2 15 38 0 6 0 3
0 0 2 14 38 0 6 0 3
0 0 2 12 38 0 6 0 3
0 0 2 11 38 0 6 0 3
0 0 2 10 38 0 6 0 4
0 0 2 8 40 0 7 0 4
0 0 3 8 39 0 8 0 4
0 0 2 8 39 0 8 0 3
0 0 2 8 39 0 8 0 3
0 0 2 8 39 0 10 0 3
0 0 2 7 40 0 10 0 3
0 0 2 7 40 0 10 0 4
0 0 2 8 40 0 11 0 3
0 0 3 8 40 0 11 0 3
0 0 1 10 40 0 11 0 3
0 0 2 10 41 0 12 0 3
0 0 2 11 41 0 12 0 3
0 0 2 12 41 0 13 0 3
0 0 2 13 41 0 13 0 3
0 0 2 15 41 0 13 0 3
0 0 2 17 42 0 14 0 3
0 0 2 19 42 0 15 0 3
0 0 2 22 43 0 16 0 3
0 0 2 25 43 0 16 0 3
0 0 2 28 42 0 17 0 3
0 0 3 29 41 0 17 0 3
0 0 3 31 42 0 18 0 3
0 0 2 34 43 0 17 0 3
0 0 3 37 44 0 16 0 3
0 0 1 43 43 0 16 0 3
0 0 2 46 43 0 16 0 3
0 0 2 50 60 0 18 0 3
0 0 1 70 43 0 18 0 3
0 0 2 74 43 0 18 0 3
0 0 2 73 45 0 17 0 3
0 0 3 82 43 0 15 0 3
0 0 3 85 42 0 15 0 3
0 0 2 89 42 0 13 0 3
0 0 2 92 41 0 14 0 3
0 0 3 93 42 0 14 0 3
0 0 2 96 42 0 14 0 3
0 0 2 98 42 0 14 0 3
0 0 2 100 42 0 17 0 3
0 0 2 102 42 0 17 0 3
0 0 2 102 42 0 18 0 4
0 0 2 104 43 0 18 0 4
0 0 2 111 44 0 18 0 3
0 0 3 114 42 0 17 0 4
0 0 3 117 44 0 17 0 3
0 0 3 122 43 0 15 0 3
0 0 2 126 43 0 15 0 4
0 0 2 130 43 0 15 0 3
0 0 2 133 43 0 17 0 4
0 0 2 137 44 0 17 0 4
0 0 2 141 43 0 18 0 4
0 0 2 145 45 0 19 0 4
0 0 2 151 45 0 22 0 6
0 0 2 156 44 0 19 0 6
0 0 2 160 44 0 17 0 4
0 0 3 165 44 0 17 0 4
0 0 4 168 43 0 16 0 4
0 0 3 168 43 0 16 0 3
0 0 2 175 43 0 15 0 3
0 0 3 179 42 0 16 0 3
0 0 2 183 42 0 17 0 3
0 0 2 185 45 0 17 0 3
0 0 2 191 42 0 19 0 3
0 0 2 190 43 0 18 0 3
0 0 2 194 44 0 16 0 3
0 0 2 202 43 0 14 0 3
0 0 2 205 41 0 14 0 3
0 0 3 206 42 0 14 0 3
0 0 3 208 41 0 15 0 3
0 0 3 209 42 0 15 0 3
0 0 2 214 42 0 15 0 3
0 0 3 215 44 0 15 0 3
0 0 2 221 43 0 18 0 3
0 0 2 225 43 0 18 0 3
0 0 2 228 43 0 20 0 3
0 0 2 231 43 0 19 0 3
0 0 2 235 43 0 19 0 4
0 0 2 236 45 0 17 0 4
0 0 2 244 45 0 17 0 4
0 0 2 249 44 0 17 0 4
0 0 3 253 44 0 17 0 4
0 0 2 259 45 0 19 0 4
0 0 3 263 44 0 18 0 4
0 0 1 269 43 0 19 0 4
0 0 2 273 44 0 19 0 4
0 0 2 276 45 0 16 0 3
0 0 2 283 43 0 17 0 4
0 0 2 286 44 0 16 0 4
0 0 2 287 45 0 17 0 4
0 0 3 295 44 0 16 0 4
0 0 3 299 44 0 18 0 4
0 0 2 305 43 0 18 0 4
0 0 3 308 43 0 18 0 3
0 0 2 312 42 0 19 0 4
0 0 2 315 45 0 20 0 5
0 0 2 320 44 0 16 0 5
0 0 2 325 43 0 16 0 4
0 0 2 329 43 0 17 0 4
0 0 2 333 57 0 19 0 3
0 0 2 347 42 0 19 0 3
0 0 3 352 43 0 18 0 3
0 0 2 356 42 0 18 0 3
0 0 3 358 43 0 17 0 3
0 0 2 358 43 0 16 0 3
0 0 2 364 43 0 16 0 4
0 0 3 369 44 0 16 0 4
0 0 2 375 44 0 16 0 4
0 0 2 379 43 0 17 0 4
0 0 2 379 45 0 18 0 4
0 0 2 387 43 0 19 0 4
0 0 3 391 44 0 19 0 4
0 0 1 396 43 0 17 0 4
0 0 2 400 44 0 17 0 4
0 0 2 404 44 0 16 0 4
0 0 2 409 44 0 16 0 4
0 0 2 414 44 0 16 0 4
0 0 2 418 43 0 16 0 4
0 0 2 419 44 0 18 0 4
0 0 2 426 43 0 18 0 4
0 0 2 429 43 0 20 0 4
0 0 3 433 44 0 18 0 4
0 0 2 438 45 0 17 0 4
0 0 2 444 48 0 16 0 4
0 0 2 451 44 0 16 0 4
0 0 2 456 44 0 18 0 4
0 0 2 461 44 0 19 0 4
0 0 2 465 44 0 18 0 4
0 0 2 466 43 0 19 0 4
0 0 2 470 44 0 18 0 4
0 0 2 478 45 0 17 0 4
0 0 3 482 44 0 16 0 4
0 0 3 487 44 0 16 0 4
0 0 2 493 44 0 16 0 4
0 0 2 497 43 0 16 0 4
0 0 2 500 43 0 17 0 4
0 0 2 504 43 0 18 0 4
0 0 2 504 45 0 18 0 4
0 0 2 513 43 0 19 0 4
0 0 3 515 45 0 16 0 3
0 0 3 521 42 0 15 0 3
0 0 2 525 43 0 14 0 3
0 0 2 528 42 0 15 0 3
0 0 2 531 43 0 16 0 4
0 0 2 534 43 0 16 0 4
0 0 2 538 44 0 18 0 4
0 0 2 542 47 0 18 0 4
0 0 2 547 43 0 18 0 3
0 0 2 554 42 0 19 0 4
0 0 3 555 43 0 16 0 3
0 0 3 558 43 0 15 0 3
0 0 2 562 42 0 16 0 3
0 0 3 565 44 0 15 0 4
0 0 2 570 43 0 16 0 4
0 0 3 572 43 0 15 0 4
0 0 3 576 43 0 15 0 4
0 0 2 580 43 0 17 0 4
0 0 2 584 43 0 17 0 3
0 0 2 587 43 0 18 0 4
0 0 2 591 43 0 19 0 4
0 0 2 594 43 0 17 0 3
0 0 3 597 44 0 17 0 4
0 0 2 602 44 0 15 0 3
0 0 2 606 43 0 16 0 4
0 0 1 610 43 0 14 0 3
0 0 2 613 42 0 14 0 3
0 0 2 616 41 0 14 0 3
0 0 2 618 42 0 14 0 3
0 0 2 619 42 0 14 0 3
0 0 2 622 42 0 19 0 5
0 0 2 622 46 0 19 0 6
0 0 2 628 42 0 19 0 4
0 0 2 633 43 0 18 0 3
0 0 3 637 44 0 16 0 3
0 0 2 642 42 0 16 0 3
0 0 3 644 42 0 16 0 3
0 0 2 648 43 0 16 0 4
0 0 2 651 43 0 15 0 4
0 0 2 654 42 0 16 0 3
0 0 2 657 42 0 15 0 4
0 0 2 659 43 0 18 0 4
0 0 2 663 43 0 18 0 4
0 0 2 666 43 0 18 0 4
0 0 2 670 43 0 18 0 4
0 0 2 670 44 0 18 0 4
0 0 2 677 46 0 18 0 4
0 0 2 680 45 0 16 0 4
0 0 2 688 44 0 16 0 4
0 0 3 694 45 0 17 0 4
0 0 2 698 45 0 18 0 4
0 0 2 705 45 0 18 0 4
0 0 3 709 44 0 18 0 4
0 0 2 714 43 0 17 0 4
0 0 2 718 45 0 16 0 4
0 0 2 723 46 0 16 0 4
0 0 2 730 44 0 16 0 4
0 0 2 731 45 0 16 0 4
0 0 2 737 44 0 19 0 4
0 0 3 743 44 0 17 0 4
0 0 3 748 43 0 17 0 4
0 0 2 752 43 0 17 0 4
0 0 3 755 46 0 16 0 4
0 0 3 761 45 0 16 0 4
0 0 2 768 44 0 15 0 4
0 0 2 772 44 0 16 0 4
0 0 2 776 44 0 18 0 4
0 0 2 781 44 0 18 0 4
0 0 2 785 44 0 18 0 4
0 0 3 789 44 0 18 0 4
0 0 3 793 44 0 17 0 4
0 0 3 797 45 0 16 0 4
0 0 2 804 44 0 16 0 4
0 0 2 808 44 0 16 0 4
0 0 2 813 44 0 16 0 4
0 0 2 818 44 0 18 0 4
0 0 2 822 44 0 18 0 4
0 0 2 826 46 0 18 0 10
0 0 3 832 44 0 18 0 4
0 0 3 837 46 0 16 0 4
0 0 2 844 44 0 16 0 4
0 0 2 849 44 0 16 0 4
0 0 2 854 44 0 15 0 4
0 0 2 858 43 0 17 0 4
0 0 2 862 44 0 17 0 4
0 0 2 866 43 0 17 0 4
0 0 2 868 44 0 18 0 4
0 0 2 875 47 0 16 0 4
0 0 3 882 45 0 16 0 4
0 0 3 886 45 0 16 0 4
0 0 3 892 45 0 17 0 4
0 0 3 897 45 0 18 0 4
0 0 2 904 44 0 20 0 5
0 0 2 908 45 0 19 0 4
0 0 2 914 45 0 17 0 4
0 0 2 919 45 0 17 0 4
0 0 2 922 45 0 17 0 4
0 0 2 930 45 0 17 0 4
0 0 3 936 45 0 16 0 5
0 0 2 942 46 0 18 0 4
0 0 3 947 45 0 19 0 5
0 0 2 953 45 0 17 0 4
0 0 2 958 45 0 17 0 5
0 0 2 965 45 0 17 0 4
0 0 2 971 45 0 17 0 5
0 0 2 973 46 0 19 0 5
0 0 2 982 45 0 18 0 4
0 0 2 988 44 0 18 0 4
0 0 4 992 44 0 17 0 4
0 0 2 998 46 0 16 0 4
0 0 2 1005 45 0 17 0 4
0 0 2 1010 45 0 17 0 5
0 0 2 1016 45 0 16 0 4
0 0 2 1021 45 0 19 0 5
0 0 2 1023 45 0 19 0 4
0 0 3 1032 45 0 17 0 4
0 0 3 1036 46 0 17 0 4
0 0 3 1043 45 0 17 0 4
0 0 1 1051 45 0 17 0 4
0 0 2 1055 45 0 18 0 4
0 0 2 1061 45 0 17 0 4
0 0 2 1067 43 0 18 0 4
0 0 1 1068 44 0 18 0 4
0 0 2 1072 46 0 17 0 5
0 0 3 1081 46 0 17 0 5
0 0 2 1089 46 0 17 0 4
0 0 1 1096 45 0 20 0 5
0 0 2 1101 45 0 19 0 5
0 0 2 1107 45 0 18 0 5
0 0 2 1113 46 0 17 0 5
0 0 2 1119 47 0 17 0 5
0 0 3 1125 45 0 17 0 5
0 0 4 1130 45 0 16 0 5
0 0 3 1137 45 0 18 0 5
0 0 2 1143 45 0 19 0 5
0 0 2 1148 45 0 19 0 5
0 0 2 1154 45 0 17 0 5
0 0 2 1159 45 0 17 0 5
0 0 2 1162 45 0 16 0 5
0 0 2 1167 45 0 17 0 5
0 0 4 1174 45 0 18 0 5
0 0 2 1181 45 0 18 0 5
0 0 2 1187 45 0 19 0 5
0 0 2 1192 45 0 18 0 5
0 0 2 1197 46 0 16 0 5
0 0 2 1204 45 0 17 0 5
0 0 2 1210 62 0 19 0 5
0 0 2 1231 45 0 17 0 5
0 0 3 1237 46 0 16 0 5
0 0 3 1243 45 0 16 0 5
0 0 2 1249 45 0 17 0 5
0 0 2 1255 45 0 16 0 5
0 0 2 1259 48 0 20 0 7
0 0 2 1268 45 0 20 0 7
0 0 2 1270 45 0 18 0 5
0 0 3 1277 45 0 18 0 5
0 0 3 1283 44 0 16 0 5
0 0 2 1289 45 0 18 0 5
0 0 1 1295 45 0 19 0 5
0 0 3 1299 45 0 19 0 5
0 0 2 1305 45 0 19 0 5
0 0 2 1310 45 0 18 0 5
0 0 2 1312 44 0 18 0 5
0 0 3 1320 46 0 18 0 5
0 0 3 1326 46 0 18 0 5
0 0 3 1333 45 0 17 0 5
0 0 1 1340 44 0 20 0 5
0 0 2 1344 45 0 18 0 5
0 0 2 1350 44 0 20 0 5
0 0 2 1355 47 0 18 0 5
0 0 2 1359 45 0 18 0 5
0 0 2 1367 45 0 18 0 5
0 0 3 1373 45 0 17 0 5
0 0 2 1379 45 0 19 0 5
0 0 3 1384 44 0 18 0 5
0 0 2 1390 44 0 18 0 5
0 0 2 1394 44 0 17 0 5
0 0 2 1399 45 0 17 0 5
0 0 3 1399 46 0 17 0 5
0 0 3 1409 45 0 17 0 5
0 0 2 1415 44 0 17 0 5
0 0 2 1420 44 0 20 0 5
0 0 2 1425 45 0 19 0 5
0 0 2 1426 45 0 19 0 5
0 0 2 1435 47 0 18 0 5
0 0 3 1437 45 0 16 0 5
0 0 3 1444 45 0 16 0 5
0 0 2 1452 44 0 17 0 5
0 0 2 1457 45 0 19 0 5
0 0 2 1463 45 0 18 0 5
0 0 2 1469 45 0 18 0 5
0 0 2 1471 45 0 16 0 5
0 0 2 1480 45 0 18 0 5
0 0 3 1485 45 0 17 0 5
0 0 4 1489 46 0 17 0 5
0 0 2 1497 46 0 19 0 5
0 0 2 1504 45 0 18 0 5
0 0 2 1509 45 0 19 0 5
0 0 2 1514 46 0 17 0 5
0 0 2 1517 45 0 17 0 5
0 0 2 1526 45 0 16 0 5
0 0 3 1531 44 0 16 0 5
0 0 3 1535 44 0 18 0 5
0 0 3 1540 44 0 18 0 5
0 0 2 1546 45 0 19 0 5
0 0 2 1551 45 0 18 0 5
0 0 2 1556 46 0 17 0 5
0 0 2 1559 45 0 17 0 5
0 0 2 1565 45 0 17 0 5
0 0 3 1573 44 0 16 0 5
0 0 3 1577 44 0 19 0 5
0 0 3 1582 45 0 18 0 5
0 0 1 1589 44 0 20 0 5
0 0 2 1593 44 0 18 0 5
0 0 2 1598 45 0 16 0 5
0 0 2 1604 44 0 16 0 5
0 0 2 1605 44 0 16 0 5
0 0 2 1613 44 0 16 0 5
0 0 3 1618 44 0 18 0 5
0 0 3 1622 46 0 17 0 5
0 0 2 1630 44 0 18 0 5
0 0 2 1635 44 0 16 0 5
0 0 2 1639 44 0 16 0 5
0 0 2 1643 44 0 16 0 5
0 0 2 1648 44 0 15 0 5
0 0 2 1650 44 0 16 0 5
0 0 3 1656 44 0 18 0 5
0 0 3 1660 45 0 19 0 5
0 0 3 1665 45 0 18 0 5
0 0 1 1673 45 0 17 0 5
0 0 3 1677 45 0 16 0 5
0 0 2 1684 44 0 15 0 5
0 0 2 1689 44 0 15 0 5
0 0 2 1690 43 0 15 0 5
0 0 3 1696 44 0 18 0 5
0 0 3 1699 44 0 18 0 5
0 0 3 1704 44 0 17 0 5
0 0 2 1710 44 0 18 0 5
0 0 3 1713 44 0 16 0 5
0 0 2 1718 45 0 16 0 5
0 0 2 1724 45 0 16 0 5
0 0 2 1726 45 0 17 0 5
0 0 2 1735 44 0 16 0 5
0 0 2 1739 44 0 17 0 5
0 0 3 1743 43 0 17 0 5
0 0 3 1747 43 0 17 0 5
0 0 2 1751 43 0 18 0 5
0 0 2 1755 44 0 16 0 5
0 0 2 1760 44 0 16 0 5
0 0 2 1762 44 0 16 0 5
0 0 2 1769 44 0 16 0 5
0 0 3 1773 43 0 16 0 5
0 0 3 1776 44 0 19 0 5
0 0 2 1781 44 0 17 0 5
0 0 2 1787 44 0 17 0 5
0 0 2 1791 43 0 17 0 5
0 0 2 1794 44 0 16 0 5
0 0 2 1799 44 0 16 0 5
0 0 2 1804 44 0 16 0 5
0 0 2 1805 44 0 16 0 5
0 0 3 1813 44 0 16 0 5
0 0 3 1816 50 0 17 0 5
0 0 3 1827 44 0 18 0 5
0 0 2 1832 44 0 18 0 5
0 0 2 1837 46 0 16 0 5
0 0 2 1844 44 0 16 0 5
0 0 2 1848 44 0 16 0 5
0 0 2 1853 44 0 16 0 5
0 0 2 1857 44 0 16 0 5
0 0 2 1861 43 0 17 0 5
0 0 3 1865 43 0 17 0 5
0 0 2 1869 43 0 17 0 5
0 0 2 1873 43 0 18 0 5
0 0 2 1877 46 0 16 0 5
0 0 2 1883 44 0 16 0 5
0 0 2 1887 44 0 16 0 5
0 0 2 1892 44 0 15 0 4
0 0 2 1893 43 0 15 0 5
0 0 2 1900 43 0 17 0 4
0 0 3 1903 43 0 17 0 5
0 0 3 1906 43 0 17 0 5
0 0 3 1910 43 0 18 0 5
0 0 3 1913 44 0 17 0 5
0 0 2 1919 45 0 15 0 4
0 0 2 1924 45 0 16 0 4
0 0 2 1930 44 0 15 0 4
0 0 2 1930 43 0 16 0 5
0 0 2 1938 44 0 16 0 4
0 0 2 1941 45 0 17 0 5
0 0 3 1947 43 0 16 0 4
0 0 3 1950 42 0 17 0 4
0 0 2 1953 42 0 16 0 4
0 0 2 1957 42 0 15 0 4
0 0 2 1959 43 0 16 0 5
0 0 2 1962 44 0 16 0 4
0 0 2 1967 44 0 16 0 5
0 0 2 1971 44 0 15 0 4
0 0 2 1972 43 0 16 0 5
0 0 3 1978 44 0 17 0 5
0 0 3 1982 43 0 17 0 5
0 0 3 1985 43 0 17 0 4
0 0 3 1989 43 0 18 0 5
0 0 1 1994 44 0 17 0 5
0 0 2 1997 45 0 16 0 5
0 0 2 2003 44 0 16 0 5
0 0 2 2008 44 0 15 0 4
0 0 2 2013 43 0 15 0 4
0 0 2 2013 44 0 15 0 5
0 0 3 2020 47 0 17 0 5
0 0 2 2028 43 0 18 0 5
0 0 3 2030 43 0 17 0 4
0 0 2 2035 43 0 16 0 5
0 0 2 2039 44 0 15 0 4
0 0 2 2043 43 0 15 0 4
0 0 2 2047 43 0 15 0 4
0 0 2 2047 44 0 15 0 5
0 0 2 2051 43 0 15 0 4
0 0 2 2058 43 0 14 0 4
0 0 3 2061 42 0 17 0 4
0 0 2 2065 42 0 18 0 4
0 0 3 2066 43 0 16 0 4
0 0 2 2071 42 0 16 0 4
0 0 2 2074 42 0 15 0 4
0 0 2 2076 42 0 14 0 4
0 0 2 2079 42 0 15 0 4
0 0 2 2082 43 0 15 0 4
0 0 2 2085 43 0 15 0 5
0 0 3 2088 44 0 14 0 4
0 0 2 2092 42 0 15 0 4
0 0 3 2095 43 0 15 0 5
0 0 3 2098 43 0 17 0 4
0 0 2 2104 43 0 17 0 5
0 0 2 2107 44 0 17 0 4
0 0 2 2111 43 0 17 0 4
0 0 2 2115 43 0 16 0 4
0 0 2 2118 44 0 16 0 5
0 0 2 2120 45 0 16 0 5
0 0 2 2129 44 0 15 0 4
0 0 2 2133 43 0 15 0 5
0 0 2 2136 44 0 18 0 5
0 0 2 2141 44 0 19 0 5
0 0 3 2145 44 0 19 0 5
0 0 1 2151 44 0 19 0 5
0 0 2 2155 44 0 16 0 5
0 0 2 2159 44 0 17 0 5
0 0 1 2164 44 0 16 0 5
0 0 2 2168 44 0 16 0 5
0 0 2 2172 44 0 15 0 4
0 0 2 2173 43 0 19 0 4
0 0 2 2180 43 0 18 0 5
0 0 2 2183 44 0 18 0 5
0 0 3 2187 43 0 17 0 4
0 0 2 2191 43 0 17 0 4
0 0 2 2194 43 0 17 0 4
0 0 2 2198 45 0 16 0 4
0 0 2 2203 43 0 16 0 4
0 0 2 2207 43 0 15 0 4
0 0 2 2211 43 0 15 0 4
0 0 2 2211 43 0 17 0 5
0 0 2 2218 44 0 19 0 5
0 0 3 2221 44 0 18 0 4
0 0 3 2226 43 0 17 0 5
0 0 3 2230 43 0 18 0 5
0 0 2 2234 43 0 17 0 4
0 0 2 2238 44 0 16 0 4
0 0 2 2242 43 0 18 0 13
0 0 2 2246 43 0 17 0 14
0 0 2 2250 44 0 17 0 4
0 0 2 2255 43 0 16 0 4
0 0 2 2256 43 0 19 0 4
0 0 2 2263 44 0 18 0 4
0 0 2 2267 43 0 19 0 4
0 0 3 2270 44 0 18 0 4
0 0 2 2274 44 0 17 0 4
0 0 3 2279 43 0 16 0 4
0 0 2 2282 43 0 16 0 4
0 0 1 2287 43 0 16 0 4
0 0 2 2291 43 0 16 0 3
0 0 3 2293 43 0 16 0 4
0 0 2 2297 52 0 18 0 4
0 0 2 2310 43 0 18 0 4
0 0 2 2313 44 0 18 0 4
0 0 2 2314 45 0 16 0 4
0 0 2 2323 44 0 17 0 4
0 0 2 2327 45 0 16 0 4
0 0 3 2332 44 0 16 0 4
0 0 3 2336 44 0 19 0 4
0 0 3 2340 44 0 19 0 4
0 0 2 2346 44 0 18 0 4
0 0 2 2350 43 0 19 0 4
0 0 2 2354 44 0 17 0 4
0 0 2 2358 45 0 17 0 4
0 0 2 2364 44 0 17 0 4
0 0 2 2365 44 0 16 0 4
0 0 2 2373 44 0 16 0 4
0 0 6 2373 43 0 18 0 4
0 0 3 2378 43 0 18 0 4
0 0 2 2382 44 0 17 0 4
0 0 1 2390 43 0 17 0 4
0 0 2 2393 44 0 16 0 4
0 0 2 2398 44 0 15 0 4
0 0 2 2402 43 0 16 0 4
0 0 2 2406 46 0 15 0 4
0 0 2 2409 43 0 15 0 4
0 0 2 2415 44 0 17 0 4
0 0 2 2419 44 0 18 0 4
0 0 3 2423 44 0 17 0 4
0 0 2 2427 43 0 18 0 4
0 0 3 2430 44 0 18 0 4
0 0 3 2435 43 0 15 0 4
0 0 2 2439 43 0 16 0 4
0 0 2 2443 44 0 15 0 4
0 0 2 2447 44 0 16 0 4
0 0 2 2452 43 0 15 0 4
0 0 2 2455 44 0 16 0 4
0 0 2 2456 44 0 18 0 4
0 0 3 2462 43 0 18 0 4
0 0 2 2467 43 0 17 0 4
0 0 3 2470 43 0 16 0 3
0 0 2 2474 42 0 16 0 4
0 0 3 2476 45 0 15 0 4
0 0 2 2483 43 0 16 0 4
0 0 2 2486 43 0 15 0 3
0 0 2 2487 43 0 15 0 4
0 0 2 2493 43 0 15 0 4
0 0 2 2497 44 0 14 0 4
0 0 2 2501 48 0 18 0 4
0 0 2 2509 44 0 17 0 4
0 0 2 2513 43 0 16 0 4
0 0 2 2517 44 0 15 0 4
0 0 3 2522 43 0 15 0 3
0 0 1 2526 43 0 15 0 4
0 0 2 2529 43 0 14 0 3
0 0 2 2533 42 0 15 0 4
0 0 2 2535 43 0 15 0 3
0 0 2 2539 42 0 16 0 4
0 0 2 2542 43 0 17 0 4
0 0 2 2542 43 0 17 0 4
0 0 3 2548 43 0 16 0 3
0 0 2 2552 42 0 17 0 4
0 0 2 2555 44 0 15 0 4
0 0 2 2560 43 0 14 0 3
0 0 2 2563 43 0 16 0 4
0 0 2 2566 44 0 15 0 4
0 0 2 2570 44 0 16 0 4
0 0 2 2571 43 0 15 0 4
0 0 2 2578 44 0 17 0 4
0 0 3 2582 43 0 17 0 4
0 0 3 2585 42 0 18 0 4
0 0 2 2588 46 0 17 0 4
0 0 2 2596 44 0 16 0 4
0 0 2 2599 44 0 16 0 4
0 0 2 2604 44 0 15 0 4
0 0 2 2609 43 0 15 0 4
0 0 2 2613 43 0 16 0 4
0 0 2 2614 44 0 18 0 4
0 0 2 2621 45 0 18 0 4
0 0 3 2625 44 0 18 0 4
0 0 3 2630 44 0 17 0 4
0 0 3 2635 44 0 16 0 4
0 0 3 2639 44 0 15 0 4
0 0 2 2645 44 0 16 0 4
0 0 3 2647 44 0 16 0 4
0 0 2 2654 44 0 16 0 4
0 0 2 2658 45 0 17 0 4
0 0 2 2663 45 0 18 0 5
0 0 2 2665 45 0 18 0 5
0 0 2 2674 45 0 16 0 4
0 0 2 2679 45 0 17 0 5
0 0 3 2684 45 0 16 0 4
0 0 2 2690 44 0 17 0 5
0 0 1 2695 45 0 19 0 5
0 0 2 2700 45 0 19 0 5
0 0 2 2706 45 0 19 0 5
0 0 2 2711 46 0 17 0 5
0 0 2 2718 46 0 17 0 4
0 0 2 2724 45 0 16 0 4
0 0 2 2726 44 0 16 0 4
0 0 3 2733 44 0 16 0 4
0 0 3 2738 44 0 18 0 4
0 0 3 2742 44 0 18 0 4
0 0 3 2747 44 0 18 0 4
0 0 3 2752 44 0 18 0 4
0 0 2 2758 46 0 16 0 4
0 0 2 2765 44 0 17 0 5
0 0 2 2769 45 0 17 0 5
0 0 2 2775 45 0 19 0 4
0 0 2 2780 45 0 18 0 5
0 0 2 2782 45 0 19 0 5
0 0 2 2791 45 0 19 0 4
0 0 3 2796 46 0 16 0 4
0 0 3 2802 44 0 15 0 4
0 0 3 2806 43 0 16 0 4
0 0 2 2811 43 0 16 0 4
0 0 2 2815 44 0 16 0 4
0 0 2 2820 43 0 17 0 4
0 0 2 2824 44 0 18 0 4
0 0 2 2828 44 0 18 0 4
0 0 2 2832 44 0 17 0 4
0 0 2 2833 46 0 16 0 4
0 0 2 2843 44 0 15 0 4
0 0 3 2846 43 0 15 0 4
0 0 3 2850 43 0 16 0 4
0 0 2 2855 46 0 15 0 4
0 0 2 2861 43 0 18 0 4
0 0 1 2866 44 0 18 0 4
0 0 2 2870 44 0 17 0 4
0 0 2 2875 44 0 16 0 4
0 0 2 2879 44 0 16 0 4
0 0 2 2884 44 0 16 0 4
0 0 2 2888 44 0 15 0 4
0 0 2 2889 44 0 16 0 4
0 0 2 2897 44 0 17 0 4
0 0 2 2901 44 0 18 0 4
0 0 3 2905 44 0 18 0 4
0 0 2 2910 45 0 18 0 4
0 0 1 2916 44 0 16 0 4
0 0 2 2920 44 0 16 0 4
0 0 2 2924 44 0 15 0 4
0 0 2 2929 58 0 18 0 4
0 0 2 2948 44 0 18 0 4
0 0 2 2949 44 0 18 0 4
0 0 2 2957 45 0 17 0 4
0 0 3 2963 45 0 16 0 4
0 0 3 2968 44 0 16 0 4
0 0 2 2972 44 0 15 0 4
0 0 1 2978 43 0 16 0 4
0 0 2 2981 44 0 17 0 4
0 0 2 2986 44 0 18 0 4
0 0 2 2990 44 0 17 0 4
0 0 2 2994 43 0 16 0 4
0 0 2 2995 44 0 16 0 4
0 0 3 3002 44 0 15 0 4
0 0 3 3007 44 0 17 0 4
0 0 3 3011 44 0 15 0 4
0 0 1 3018 43 0 16 0 4
0 0 2 3021 44 0 16 0 3
0 0 2 3025 42 0 16 0 4
0 0 2 3028 43 0 18 0 4
0 0 2 3028 43 0 20 0 4
0 0 2 3035 44 0 16 0 4
0 0 3 3039 44 0 17 0 4
0 0 3 3043 45 0 17 0 5
0 0 3 3049 44 0 18 0 5
0 0 2 3055 44 0 17 0 5
0 0 2 3059 44 0 20 0 5
0 0 2 3064 45 0 20 0 5
0 0 2 3070 45 0 20 0 5
0 0 2 3072 47 0 18 0 5
0 0 3 3082 45 0 17 0 4
0 0 3 3087 45 0 17 0 5
0 0 2 3094 45 0 17 0 5
0 0 2 3099 44 0 19 0 5
0 0 2 3104 45 0 18 0 5
0 0 2 3108 44 0 19 0 5
0 0 2 3113 45 0 18 0 4
0 0 2 3115 45 0 18 0 5
0 0 2 3123 47 0 17 0 4
0 0 3 3130 44 0 18 0 5
0 0 3 3134 44 0 19 0 4
0 0 3 3140 44 0 19 0 5
0 0 2 3145 44 0 19 0 5
0 0 2 3150 44 0 19 0 5
0 0 2 3154 45 0 17 0 4
0 0 2 3160 44 0 17 0 4
0 0 2 3161 44 0 18 0 5
0 0 2 3169 45 0 17 0 5
0 0 3 3174 45 0 19 0 5
0 0 2 3179 44 0 18 0 4
0 0 3 3184 43 0 18 0 4
0 0 2 3188 43 0 18 0 4
0 0 2 3192 43 0 18 0 4
0 0 2 3195 43 0 17 0 4
0 0 2 3199 43 0 16 0 4
0 0 2 3203 45 0 15 0 4
0 0 2 3208 45 0 16 0 4
0 0 2 3210 45 0 15 0 4
0 0 3 3218 43 0 14 0 4
0 0 3 3221 42 0 16 0 4
0 0 3 3225 42 0 17 0 4
0 0 1 3229 43 0 17 0 4
0 0 2 3232 44 0 17 0 4
0 0 2 3237 46 0 16 0 4
0 0 2 3243 44 0 16 0 4
0 0 2 3248 44 0 16 0 4
0 0 2 3249 44 0 14 0 4
0 0 2 3257 42 0 16 0 4
0 0 3 3259 43 0 18 0 4
0 0 3 3263 44 0 17 0 4
0 0 2 3267 44 0 17 0 4
0 0 2 3272 44 0 18 0 4
0 0 2 3276 46 0 16 0 4
0 0 3 3282 45 0 16 0 5
0 0 2 3288 45 0 16 0 4
0 0 3 3290 45 0 16 0 4
0 0 2 3300 44 0 18 0 4
0 0 3 3303 44 0 19 0 5
0 0 2 3309 45 0 18 0 4
0 0 2 3314 44 0 16 0 4
0 0 2 3319 44 0 15 0 4
0 0 2 3324 44 0 17 0 4
0 0 2 3325 45 0 15 0 4
0 0 2 3333 44 0 16 0 5
0 0 3 3337 45 0 18 0 4
0 0 4 3341 44 0 17 0 4
0 0 3 3346 43 0 18 0 4
0 0 2 3350 44 0 18 0 4
0 0 2 3355 47 0 16 0 4
0 0 2 3363 45 0 17 0 5
0 0 2 3368 46 0 17 0 5
0 0 2 3374 45 0 20 0 5
0 0 1 3377 46 0 18 0 5
0 0 2 3386 45 0 20 0 5
0 0 3 3391 46 0 18 0 5
0 0 3 3398 48 0 18 0 5
0 0 2 3406 46 0 17 0 5
0 0 2 3414 45 0 17 0 5
0 0 2 3420 45 0 19 0 5
0 0 2 3425 45 0 18 0 4
0 0 2 3430 45 0 18 0 4
0 0 2 3436 47 0 16 0 4
0 0 2 3440 44 0 17 0 4
0 0 2 3448 45 0 16 0 4
0 0 3 3453 44 0 16 0 4
0 0 4 3456 44 0 19 0 4
0 0 2 3462 44 0 19 0 4
0 0 2 3466 45 0 18 0 4
0 0 2 3471 44 0 18 0 5
0 0 2 3475 47 0 18 0 5
0 0 2 3480 46 0 19 0 5
0 0 2 3489 46 0 17 0 4
0 0 3 3495 45 0 19 0 5
0 0 3 3500 45 0 19 0 5
0 0 2 3506 45 0 20 0 4
0 0 2 3512 45 0 17 0 4
0 0 2 3518 46 0 18 0 4
0 0 2 3524 45 0 17 0 5
0 0 2 3530 45 0 18 0 5
0 0 2 3533 45 0 19 0 4
0 0 2 3541 44 0 18 0 5
0 0 2 3546 44 0 18 0 4
0 0 3 3550 45 0 20 0 9
0 0 3 3555 46 0 17 0 7
0 0 2 3563 45 0 18 0 4
0 0 2 3567 45 0 17 0 4
0 0 2 3572 45 0 18 0 5
0 0 2 3578 45 0 18 0 4
0 0 2 3580 44 0 19 0 4
0 0 2 3589 44 0 20 0 5
0 0 3 3592 45 0 17 0 4
0 0 3 3599 45 0 16 0 4
0 0 2 3605 45 0 17 0 4
0 0 2 3611 45 0 17 0 4
0 0 1 3617 45 0 19 0 4
0 0 2 3622 44 0 19 0 4
0 0 2 3626 44 0 20 0 4
0 0 2 3631 45 0 19 0 4
0 0 2 3636 47 0 20 0 4
0 0 1 3641 45 0 16 0 4
0 0 2 3649 44 0 17 0 4
0 0 2 3653 45 0 17 0 5
0 0 3 3658 45 0 19 0 4
0 0 2 3664 44 0 20 0 5
0 0 3 3668 45 0 20 0 4
0 0 2 3674 47 0 17 0 4
0 0 2 3682 45 0 18 0 4
0 0 2 3687 45 0 17 0 4
0 0 2 3693 45 0 18 0 4
0 0 2 3698 45 0 19 0 4
0 0 2 3700 45 0 19 0 4
0 0 3 3708 44 0 20 0 4
0 0 3 3713 45 0 18 0 4
0 0 3 3718 45 0 17 0 4
0 0 3 3724 44 0 17 0 4
0 0 2 3729 44 0 19 0 4
0 0 2 3734 44 0 18 0 5
0 0 2 3738 45 0 19 0 4
0 0 3 3740 44 0 19 0 4
0 0 2 3748 44 0 19 0 4
0 0 3 3753 45 0 18 0 5
0 0 4 3757 47 0 18 0 5
0 0 3 3765 48 0 17 0 4
0 0 2 3775 45 0 19 0 4
0 0 2 3780 45 0 19 0 4
0 0 2 3785 44 0 19 0 4
0 0 2 3790 44 0 19 0 4
0 0 2 3795 45 0 18 0 5
0 0 2 3797 46 0 18 0 4
0 0 3 3806 45 0 17 0 4
0 0 3 3811 45 0 18 0 4
0 0 4 3816 45 0 20 0 5
0 0 2 3823 45 0 21 0 5
0 0 2 3829 45 0 20 0 5
0 0 2 3835 48 0 17 0 4
0 0 2 3843 45 0 18 0 5
0 0 2 3846 46 0 18 0 5
0 0 2 3855 46 0 19 0 5
0 0 3 3860 45 0 19 0 5
0 0 3 3865 44 0 20 0 4
0 0 2 3871 44 0 18 0 4
0 0 2 3876 47 0 17 0 4
0 0 2 3883 45 0 17 0 4
0 0 2 3886 45 0 17 0 4
0 0 2 3894 62 0 18 0 4
0 0 3 3916 47 0 17 0 4
0 0 4 3922 44 0 17 0 4
0 0 3 3928 45 0 18 0 4
0 0 2 3934 45 0 20 0 5
0 0 2 3940 45 0 20 0 5
0 0 2 3945 46 0 20 0 5
0 0 2 3952 46 0 19 0 5
0 0 2 3955 47 0 18 0 5
0 0 3 3965 46 0 18 0 4
0 0 3 3971 46 0 23 0 5
0 0 4 3977 46 0 20 0 5
0 0 3 3984 45 0 19 0 4
0 0 2 3990 44 0 20 0 5
0 0 3 3994 48 0 18 0 5
0 0 2 4003 46 0 18 0 5
0 0 2 4006 46 0 18 0 5
0 0 3 4015 46 0 20 0 5
0 0 3 4021 46 0 20 0 5
0 0 2 4029 46 0 19 0 5
0 0 2 4036 47 0 18 0 5
0 0 2 4043 46 0 16 0 4
0 0 2 4051 52 0 21 0 5
0 0 3 4062 46 0 19 0 5
0 0 2 4066 45 0 19 0 4
0 0 3 4075 47 0 17 0 4
0 0 3 4082 44 0 17 0 4
0 0 4 4086 44 0 18 0 4
0 0 3 4091 45 0 17 0 4
0 0 2 4095 45 0 19 0 5
0 0 3 4100 45 0 18 0 4
0 0 2 4109 45 0 19 0 4
0 0 2 4111 45 0 19 0 5
0 0 2 4120 46 0 18 0 4
0 0 4 4125 46 0 20 0 5
0 0 3 4132 46 0 20 0 5
0 0 3 4139 45 0 19 0 5
0 0 2 4146 45 0 20 0 4
0 0 3 4150 45 0 19 0 4
0 0 2 4157 47 0 16 0 5
0 0 2 4164 46 0 18 0 4
0 0 2 4167 45 0 17 0 4
0 0 2 4176 45 0 20 0 4
0 0 3 4180 45 0 20 0 5
0 0 3 4186 46 0 24 0 5
0 0 3 4193 52 0 20 0 6
0 0 2 4206 49 0 19 0 5
0 0 2 4213 47 0 21 0 5
0 0 2 4223 46 0 21 0 5
0 0 3 4226 46 0 19 0 5
0 0 2 4236 48 0 18 0 5
0 0 3 4244 46 0 18 0 5
0 0 3 4251 46 0 18 0 5
0 0 4 4257 46 0 20 0 4
0 0 2 4265 45 0 19 0 5
0 0 2 4270 46 0 19 0 5
0 0 2 4276 47 0 18 0 5
0 0 2 4281 46 0 18 0 5
0 0 2 4290 46 0 20 0 8
0 0 3 4295 46 0 21 0 7
0 0 3 4302 46 0 20 0 5
0 0 3 4308 46 0 21 0 5
0 0 2 4315 49 0 18 0 5
0 0 3 4324 46 0 19 0 5
0 0 2 4332 47 0 21 0 5
0 0 2 4339 46 0 20 0 5
0 0 2 4343 46 0 24 0 5
0 0 2 4354 51 0 19 0 5
0 0 3 4365 46 0 18 0 5
0 0 3 4372 46 0 21 0 5
0 0 3 4378 46 0 21 0 5
0 0 2 4386 48 0 20 0 5
0 0 3 4393 48 0 18 0 5
0 0 4 4400 46 0 18 0 5
0 0 2 4406 46 0 18 0 5
0 0 2 4415 46 0 20 0 5
0 0 3 4421 45 0 20 0 5
0 0 2 4427 46 0 20 0 5
0 0 2 4434 48 0 17 0 4
0 0 2 4442 45 0 18 0 4
0 0 2 4447 46 0 18 0 5
0 0 2 4453 46 0 19 0 5
0 0 2 4460 45 0 19 0 4
0 0 2 4462 45 0 20 0 4
0 0 3 4470 46 0 18 0 4
0 0 3 4476 47 0 17 0 4
0 0 2 4484 45 0 18 0 4
0 0 2 4490 45 0 17 0 4
0 0 3 4496 45 0 21 0 5
0 0 2 4501 47 0 20 0 4
0 0 2 4505 45 0 19 0 4
0 0 3 4513 45 0 17 0 4
0 0 3 4519 45 0 17 0 4
0 0 2 4525 45 0 17 0 4
0 0 3 4529 44 0 16 0 4
0 0 2 4534 44 0 17 0 4
0 0 3 4539 44 0 19 0 4
0 0 2 4543 44 0 19 0 4
0 0 20 4527 44 0 20 0 4
0 0 3 4552 45 0 17 0 4
0 0 2 4558 45 0 17 0 4
0 0 3 4563 45 0 17 0 4
0 0 2 4569 45 0 17 0 4
0 0 2 4571 45 0 20 0 4
0 0 3 4579 45 0 20 0 4
0 0 3 4584 45 0 20 0 4
0 0 2 4591 45 0 20 0 5
0 0 3 4597 48 0 18 0 4
0 0 4 4604 46 0 18 0 5
0 0 2 4612 46 0 18 0 5
0 0 2 4614 46 0 20 0 5
0 0 2 4622 45 0 20 0 4
0 0 3 4629 47 0 19 0 5
0 0 4 4636 48 0 17 0 4
0 0 4 4644 45 0 18 0 4
0 0 2 4651 45 0 18 0 5
0 0 3 4656 46 0 19 0 4
0 0 2 4663 45 0 19 0 4
0 0 2 4665 44 0 20 0 4
0 0 3 4672 46 0 16 0 4
0 0 4 4677 45 0 16 0 4
0 0 2 4684 45 0 16 0 4
0 0 2 4690 45 0 16 0 4
0 0 2 4695 45 0 20 0 5
0 0 5 4698 45 0 20 0 5
0 0 3 4702 45 0 20 0 5
0 0 3 4711 46 0 18 0 4
0 0 3 4718 46 0 18 0 4
0 0 2 4725 45 0 18 0 4
0 0 2 4731 45 0 17 0 5
0 0 2 4736 46 0 20 0 5
0 0 2 4743 46 0 19 0 5
0 0 2 4745 46 0 20 0 5
0 0 3 4754 49 0 17 0 5
0 0 3 4763 59 0 21 0 5
0 0 3 4783 46 0 21 0 5
0 0 2 4791 46 0 20 0 5
0 0 2 4798 48 0 18 0 5
0 0 2 4806 46 0 17 0 4
0 0 3 4809 46 0 17 0 5
0 0 2 4819 46 0 19 0 5
0 0 3 4823 46 0 20 0 5
0 0 3 4831 47 0 19 0 5
0 0 3 4838 48 0 18 0 5
0 0 2 4848 46 0 17 0 5
0 0 2 4854 47 0 19 0 5
0 0 2 4862 46 0 20 0 5
0 0 2 4865 46 0 22 0 5
0 0 3 4874 49 0 21 0 6
0 0 3 4884 48 0 20 0 6
0 0 5 4891 47 0 22 0 5
0 0 4 4900 47 0 21 0 5
0 0 2 4909 47 0 22 0 6
0 0 2 4913 50 0 20 0 6
0 0 3 4926 48 0 19 0 5
0 0 4 4935 46 0 22 0 5
0 0 3 4943 48 0 21 0 5
0 0 2 4951 46 0 20 0 5
0 0 2 4958 47 0 20 0 5
0 0 2 4966 47 0 20 0 5
0 0 2 4970 47 0 21 0 5
0 0 3 4980 46 0 22 0 5
0 0 4 4986 46 0 21 0 5
0 0 3 4994 48 0 18 0 5
0 0 2 5003 46 0 19 0 5
0 0 2 5010 45 0 18 0 5
0 0 2 5015 46 0 21 0 5
0 0 2 5015 46 0 21 0 5
0 0 3 5027 46 0 20 0 5
0 0 3 5033 48 0 18 0 5
0 0 3 5043 46 0 18 0 5
0 0 2 5049 45 0 18 0 5
0 0 2 5056 45 0 19 0 5
0 0 2 5058 44 0 20 0 5
0 0 3 5065 45 0 20 0 4
0 0 4 5070 45 0 20 0 5
0 0 5 5074 49 0 18 0 5
0 0 3 5086 46 0 17 0 4
0 0 2 5093 51 0 19 0 5
0 0 2 5101 44 0 19 0 5
0 0 3 5109 45 0 20 0 5
0 0 3 5114 47 0 17 0 4
0 0 3 5122 44 0 18 0 5
0 0 2 5128 45 0 18 0 5
0 0 3 5133 45 0 19 0 5
0 0 3 5139 45 0 19 0 4
0 0 2 5141 44 0 19 0 5
0 0 3 5149 44 0 20 0 4
0 0 3 5153 45 0 17 0 4
0 0 3 5159 45 0 17 0 5
0 0 2 5165 45 0 17 0 5
0 0 2 5171 45 0 17 0 5
0 0 2 5176 45 0 19 0 4
0 0 2 5178 44 0 20 0 4
0 0 2 5186 45 0 19 0 5
0 0 3 5191 45 0 19 0 4
0 0 2 5197 47 0 17 0 5
0 0 3 5204 45 0 17 0 4
0 0 2 5210 45 0 18 0 5
0 0 2 5215 45 0 20 0 5
0 0 2 5221 45 0 19 0 5
0 0 2 5223 45 0 21 0 5
0 0 5 5229 46 0 18 0 5
0 0 3 5238 46 0 19 0 5
0 0 3 5245 47 0 16 0 4
0 0 2 5253 46 0 17 0 4
0 0 2 5260 46 0 18 0 4
0 0 2 5266 45 0 19 0 4
0 0 2 5272 46 0 16 0 4
0 0 2 5279 47 0 17 0 4
0 0 2 5283 47 0 17 0 4
0 0 3 5292 47 0 19 0 5
0 0 3 5300 47 0 19 0 5
0 0 2 5308 47 0 20 0 5
0 0 2 5316 50 0 18 0 5
0 0 2 5326 47 0 20 0 5
0 0 3 5332 47 0 20 0 5
0 0 2 5341 47 0 20 0 5
0 0 2 5344 47 0 20 0 5
0 0 2 5355 49 0 18 0 5
0 0 4 5362 47 0 17 0 5
0 0 2 5371 47 0 19 0 7
0 0 3 5378 47 0 20 0 5
0 0 3 5385 47 0 22 0 5
0 0 2 5393 50 0 19 0 5
0 0 2 5401 48 0 19 0 7
0 0 2 5412 47 0 20 0 5
0 0 3 5419 47 0 20 0 5
0 0 5 5424 47 0 21 0 5
0 0 3 5434 49 0 19 0 5
0 0 3 5443 47 0 18 0 5
0 0 2 5452 47 0 21 0 5
0 0 2 5459 47 0 19 0 5
0 0 2 5463 46 0 21 0 5
0 0 3 5472 49 0 18 0 5
0 0 3 5482 47 0 17 0 4
0 0 3 5490 46 0 20 0 6
0 0 2 5498 46 0 19 0 5
0 0 2 5503 46 0 19 0 5
0 0 2 5510 46 0 19 0 5
0 0 2 5515 49 0 18 0 5
0 0 2 5521 46 0 19 0 7
0 0 3 5531 47 0 20 0 5
0 0 3 5538 46 0 19 0 5
0 0 2 5546 46 0 20 0 5
0 0 3 5552 47 0 17 0 5
0 0 3 5560 47 0 19 0 5
0 0 2 5568 48 0 18 0 8
0 0 2 5576 47 0 19 0 5
0 0 2 5580 46 0 20 0 5
0 0 3 5589 47 0 19 0 5
0 0 3 5596 49 0 20 0 5
0 0 3 5606 46 0 18 0 7
0 0 2 5613 46 0 20 0 5
0 0 2 5620 45 0 20 0 5
0 0 3 5621 46 0 21 0 5
0 0 3 5632 47 0 18 0 4
0 0 2 5641 46 0 18 0 5
0 0 3 5646 47 0 18 0 8
0 0 2 5654 47 0 20 0 6
0 0 2 5662 47 0 19 0 8
0 0 2 5666 46 0 22 0 5
0 0 3 5676 50 0 20 0 5
0 0 2 5687 48 0 20 0 8
0 0 2 5696 48 0 22 0 6
0 0 2 5704 47 0 22 0 5
0 0 2 5711 48 0 19 0 5
0 0 2 5716 47 0 19 0 5
0 0 3 5726 47 0 19 0 8
0 0 3 5734 47 0 20 0 5
0 0 3 5741 47 0 20 0 5
0 0 2 5749 46 0 20 0 5
0 0 2 5757 49 0 20 0 6
0 0 2 5763 48 0 18 0 8
0 0 3 5774 46 0 19 0 5
0 0 4 5780 46 0 23 0 10
0 0 4 5787 47 0 21 0 7
0 0 2 5796 49 0 20 0 5
0 0 2 5806 48 0 19 0 8
0 0 2 5811 47 0 21 0 5
0 0 6 5819 47 0 22 0 5
0 0 2 5829 46 0 19 0 5
0 0 3 5836 48 0 19 0 5
0 0 3 5844 47 0 19 0 8
0 0 2 5852 47 0 21 0 5
0 0 2 5857 46 0 21 0 5
0 0 3 5866 47 0 22 0 6
0 0 3 5874 51 0 22 0 5
0 0 4 5885 57 0 21 0 6
0 0 2 5903 47 0 21 0 5
0 0 3 5910 46 0 20 0 5
0 0 2 5917 49 0 20 0 5
0 0 2 5923 48 0 20 0 9
0 0 4 5933 48 0 21 0 5
0 0 3 5942 47 0 22 0 5
0 0 3 5950 47 0 19 0 5
0 0 2 5959 48 0 19 0 5
0 0 3 5966 47 0 19 0 8
0 0 2 5975 47 0 20 0 5
0 0 2 5978 47 0 21 0 5
0 0 3 5988 47 0 21 0 5
0 0 3 5996 49 0 21 0 5
0 0 2 6006 47 0 19 0 7
0 0 3 6012 46 0 21 0 5
0 0 2 6019 46 0 20 0 5
0 0 2 6026 46 0 21 0 5
0 0 2 6032 47 0 19 0 5
0 0 3 6036 47 0 18 0 5
0 0 3 6046 46 0 19 0 8
0 0 3 6053 47 0 23 0 6
0 0 2 6061 49 0 21 0 5
0 0 2 6071 46 0 20 0 5
0 0 2 6077 48 0 19 0 5
0 0 2 6082 47 0 19 0 7
0 0 2 6093 47 0 21 0 5
0 0 3 6099 47 0 22 0 6
0 0 4 6106 48 0 23 0 6
0 0 3 6115 51 0 19 0 5
0 0 2 6127 47 0 20 0 8
0 0 3 6134 47 0 20 0 5
0 0 2 6142 46 0 21 0 5
0 0 2 6149 46 0 21 0 5
0 0 2 6152 49 0 18 0 5
0 0 3 6164 46 0 18 0 6
0 0 3 6171 46 0 20 0 5
0 0 3 6178 46 0 20 0 5
0 0 3 6185 46 0 21 0 5
0 0 2 6192 47 0 19 0 5
0 0 2 6199 47 0 19 0 5
0 0 3 6207 47 0 19 0 8
0 0 2 6211 46 0 20 0 5
0 0 3 6220 46 0 21 0 5
0 0 4 6226 46 0 20 0 5
0 0 2 6234 47 0 18 0 5
0 0 3 6241 45 0 19 0 5
0 0 3 6247 46 0 17 0 6
0 0 2 6254 45 0 20 0 4
0 0 2 6260 45 0 19 0 5
0 0 2 6262 45 0 22 0 5
0 0 3 6271 47 0 19 0 5
0 0 2 6278 47 0 19 0 5
0 0 2 6287 47 0 18 0 6
0 0 4 6292 45 0 20 0 5
0 0 2 6299 45 0 19 0 5
0 0 2 6302 45 0 20 0 4
0 0 3 6310 45 0 19 0 5
0 0 4 6315 48 0 18 0 5
0 0 3 6324 46 0 18 0 4
0 0 3 6331 45 0 18 0 7
0 0 2 6337 46 0 21 0 5
0 0 2 6340 47 0 22 0 5
0 0 3 6350 47 0 19 0 5
0 0 3 6357 47 0 18 0 5
0 0 2 6366 46 0 19 0 6
0 0 2 6372 61 0 21 0 5
0 0 2 6394 48 0 18 0 5
0 0 2 6403 46 0 17 0 4
0 0 2 6405 45 0 17 0 7
0 0 3 6414 45 0 20 0 5
0 0 3 6420 46 0 19 0 4
0 0 2 6427 45 0 20 0 4
0 0 2 6433 45 0 20 0 5
0 0 3 6433 48 0 18 0 5
0 0 3 6445 45 0 18 0 5
0 0 4 6450 46 0 17 0 5
0 0 2 6458 46 0 21 0 5
0 0 2 6464 46 0 21 0 5
0 0 2 6471 46 0 20 0 5
0 0 2 6473 48 0 19 0 5
0 0 3 6485 46 0 19 0 7
0 0 3 6491 49 0 20 0 5
0 0 3 6501 47 0 21 0 5
0 0 2 6509 46 0 20 0 5
0 0 2 6515 48 0 18 0 5
0 0 2 6524 46 0 18 0 4
0 0 2 6525 45 0 18 0 8
0 0 3 6534 63 0 18 0 5
0 0 3 6558 46 0 18 0 5
0 0 2 6566 47 0 18 0 6
0 0 2 6573 46 0 20 0 5
0 0 2 6580 46 0 20 0 5
0 0 2 6582 45 0 20 0 4
0 0 2 6591 46 0 19 0 5
0 0 3 6597 47 0 18 0 5
0 0 3 6605 46 0 19 0 6
0 0 2 6612 46 0 21 0 5
0 0 2 6618 46 0 19 0 5
0 0 2 6625 45 0 20 0 5
0 0 2 6627 46 0 20 0 5
0 0 3 6637 48 0 17 0 4
0 0 4 6645 46 0 18 0 6
0 0 3 6652 46 0 20 0 5
0 0 2 6659 46 0 20 0 5
0 0 2 6663 45 0 21 0 5
0 0 2 6667 46 0 19 0 4
0 0 3 6677 47 0 19 0 5
0 0 3 6684 46 0 19 0 7
0 0 2 6692 47 0 38 0 5
0 0 2 6699 65 0 18 0 5
0 0 2 6725 46 0 17 0 4
0 0 2 6732 45 0 18 0 7
0 0 2 6733 45 0 20 0 5
0 0 3 6743 45 0 21 0 5
0 0 3 6748 46 0 20 0 5
0 0 3 6752 48 0 18 0 5
0 0 2 6762 46 0 18 0 5
0 0 2 6771 46 0 19 0 7
0 0 2 6773 46 0 21 0 5
0 0 3 6783 46 0 22 0 5
0 0 2 6791 47 0 20 0 5
0 0 2 6799 47 0 19 0 5
0 0 2 6806 46 0 18 0 6
0 0 2 6813 46 0 20 0 5
0 0 2 6815 46 0 20 0 5
0 0 4 6824 46 0 21 0 5
0 0 4 6830 46 0 17 0 5
0 0 3 6838 46 0 19 0 5
0 0 3 6845 46 0 18 0 7
0 0 2 6853 47 0 16 0 5
0 0 2 6856 45 0 36 0 5
0 0 3 6864 63 0 18 0 5
0 0 3 6888 46 0 19 0 8
0 0 3 6892 46 0 18 0 5
0 0 3 6901 45 0 20 0 5
0 0 2 6907 45 0 19 0 5
0 0 2 6909 45 0 19 0 5
0 0 3 6918 46 0 18 0 5
0 0 2 6925 46 0 19 0 5
0 0 3 6932 46 0 20 0 5
0 0 3 6938 46 0 21 0 5
0 0 2 6945 46 0 20 0 5
0 0 2 6947 46 0 18 0 4
0 0 3 6957 46 0 17 0 5
0 0 3 6964 46 0 18 0 4
0 0 2 6971 46 0 17 0 5
0 0 3 6976 46 0 20 0 5
0 0 2 6984 45 0 19 0 5
0 0 3 6985 45 0 19 0 5
0 0 3 6994 48 0 18 0 5
0 0 3 7003 46 0 18 0 5
0 0 2 7011 46 0 18 0 6
0 0 2 7018 47 0 37 0 5
0 0 2 7021 65 0 19 0 5
0 0 4 7050 47 0 20 0 5
0 0 2 7059 46 0 20 0 5
0 0 2 7066 46 0 19 0 5
0 0 2 7072 46 0 19 0 5
0 0 2 7078 47 0 18 0 5
0 0 2 7082 47 0 19 0 5
0 0 3 7093 47 0 21 0 5
0 0 4 7099 47 0 20 0 5
0 0 3 7107 46 0 20 0 5
0 0 4 7113 48 0 19 0 5
0 0 2 7123 46 0 19 0 5
0 0 2 7126 46 0 19 0 5
0 0 3 7136 47 0 21 0 5
0 0 3 7143 47 0 19 0 5
0 0 2 7151 46 0 19 0 5
0 0 2 7158 49 0 18 0 5
0 0 2 7166 46 0 18 0 5
0 0 2 7173 46 0 20 0 5
0 0 2 7175 45 0 22 0 5
0 0 5 7183 47 0 21 0 5
0 0 2 7192 48 0 32 0 5
0 0 3 7200 61 0 20 0 5
0 0 3 7221 45 0 21 0 5
0 0 2 7228 46 0 20 0 5
0 0 3 7230 48 0 19 0 5
0 0 4 7241 46 0 19 0 5
0 0 4 7249 46 0 19 0 5
0 0 3 7256 46 0 20 0 5
0 0 2 7263 46 0 18 0 5
0 0 2 7270 45 0 20 0 5
0 0 2 7271 48 0 18 0 5
0 0 3 7284 46 0 18 0 5
0 0 3 7290 46 0 19 0 5
0 0 2 7297 46 0 19 0 5
0 0 3 7304 45 0 20 0 5
0 0 2 7310 46 0 20 0 5
0 0 2 7312 47 0 19 0 5
0 0 2 7324 46 0 18 0 5
0 0 4 7329 46 0 17 0 5
0 0 2 7337 46 0 19 0 5
0 0 2 7344 45 0 20 0 5
0 0 2 7350 46 0 19 0 5
0 0 2 7356 64 0 19 0 5
0 0 2 7376 46 0 20 0 5
0 0 4 7386 46 0 19 0 5
0 0 4 7392 46 0 18 0 5
0 0 3 7399 46 0 18 0 5
0 0 2 7407 46 0 18 0 5
0 0 2 7413 46 0 20 0 5
0 0 2 7420 46 0 20 0 5
0 0 2 7423 46 0 21 0 5
0 0 2 7433 46 0 19 0 5
0 0 3 7439 46 0 18 0 5
0 0 3 7446 46 0 18 0 5
0 0 2 7454 46 0 20 0 5
0 0 2 7457 46 0 19 0 5
0 0 2 7466 46 0 21 0 5
0 0 2 7468 46 0 17 0 5
0 0 3 7479 47 0 17 0 5
0 0 3 7485 46 0 18 0 5
0 0 2 7492 45 0 21 0 5
0 0 3 7497 47 0 21 0 5
0 0 3 7505 46 0 19 0 5
0 0 2 7512 46 0 18 0 5
0 0 2 7519 62 0 18 0 5
0 0 2 7536 45 0 19 0 5
0 0 3 7545 46 0 20 0 5
0 0 2 7553 46 0 17 0 5
0 0 2 7560 46 0 19 0 5
0 0 3 7565 46 0 17 0 5
0 0 2 7573 46 0 17 0 5
0 0 17 7560 45 0 19 0 5
0 0 3 7583 46 0 20 0 5
0 0 2 7591 45 0 19 0 5
0 0 2 7596 48 0 17 0 4
0 0 2 7605 45 0 18 0 5
0 0 2 7606 45 0 17 0 5
0 0 3 7615 45 0 19 0 5
0 0 3 7620 45 0 19 0 5
0 0 2 7627 45 0 20 0 5
0 0 3 7629 46 0 17 0 4
0 0 3 7637 46 0 17 0 4
0 0 2 7644 45 0 16 0 4
0 0 2 7646 44 0 16 0 4
0 0 2 7654 44 0 17 0 5
0 0 3 7658 45 0 16 0 4
0 0 3 7664 43 0 36 0 4
0 0 3 7667 64 0 15 0 4
0 0 3 7692 44 0 18 0 4
0 0 2 7698 45 0 18 0 4
0 0 2 7699 44 0 18 0 9
0 0 3 7706 45 0 17 0 6
0 0 3 7713 45 0 16 0 4
0 0 3 7718 46 0 16 0 4
0 0 2 7725 46 0 16 0 4
0 0 2 7731 46 0 17 0 4
0 0 2 7737 45 0 18 0 4
0 0 19 7722 45 0 18 0 4
0 0 2 7749 45 0 18 0 4
0 0 3 7753 45 0 16 0 4
0 0 2 7760 45 0 16 0 4
0 0 2 7761 45 0 17 0 4
0 0 3 7770 45 0 17 0 4
0 0 3 7775 45 0 19 0 5
0 0 3 7781 45 0 18 0 5
0 0 2 7786 45 0 18 0 4
0 0 3 7791 45 0 18 0 4
0 0 2 7797 47 0 16 0 4
0 0 2 7801 45 0 16 0 4
0 0 3 7810 63 0 18 0 4
0 0 3 7833 45 0 16 0 4
0 0 2 7839 45 0 16 0 4
0 0 2 7845 45 0 17 0 4
0 0 2 7850 45 0 17 0 4
0 0 2 7855 44 0 19 0 5
0 0 2 7857 45 0 20 0 5
0 0 3 7866 45 0 18 0 4
0 0 3 7870 44 0 18 0 4
0 0 2 7876 46 0 17 0 4
0 0 3 7882 44 0 15 0 4
0 0 3 7887 44 0 16 0 4
0 0 2 7892 44 0 16 0 4
0 0 2 7893 44 0 18 0 5
0 0 20 7884 45 0 19 0 4
0 0 3 7906 45 0 20 0 5
0 0 2 7913 45 0 16 0 4
0 0 2 7919 45 0 15 0 4
0 0 2 7920 44 0 16 0 4
0 0 3 7928 45 0 16 0 4
0 0 4 7933 45 0 19 0 4
0 0 2 7940 45 0 19 0 5
0 0 2 7946 46 0 39 0 5
0 0 2 7952 66 0 16 0 4
0 0 2 7979 45 0 18 0 5
0 0 2 7979 44 0 18 0 5
0 0 4 7987 45 0 20 0 5
0 0 2 7994 48 0 17 0 4
0 0 2 8003 45 0 16 0 4
0 0 4 8007 45 0 17 0 5
0 0 2 8013 46 0 17 0 5
0 0 2 8016 45 0 19 0 4
0 0 3 8024 44 0 18 0 4
0 0 3 8029 44 0 18 0 4
0 0 2 8034 47 0 16 0 4
0 0 2 8043 45 0 16 0 4
0 0 3 8047 45 0 16 0 4
0 0 2 8053 45 0 17 0 4
0 0 3 8054 45 0 20 0 5
0 0 2 8064 45 0 18 0 4
0 0 19 8052 44 0 18 0 4
0 0 3 8074 44 0 17 0 4
0 0 2 8079 45 0 17 0 4
0 0 2 8080 46 0 18 0 5
0 0 3 8090 45 0 17 0 5
0 0 3 8095 65 0 17 0 5
0 0 3 8122 45 0 18 0 5
0 0 2 8129 46 0 17 0 4
0 0 3 8134 45 0 20 0 5
0 0 2 8140 45 0 19 0 5
0 0 2 8143 44 0 20 0 5
0 0 2 8151 46 0 19 0 5
0 0 4 8156 48 0 16 0 4
0 0 2 8165 45 0 18 0 4
0 0 3 8170 46 0 17 0 5
0 0 2 8176 46 0 19 0 5
0 0 2 8183 45 0 20 0 4
0 0 2 8188 45 0 19 0 4
0 0 2 8191 45 0 17 0 4
0 0 3 8199 45 0 16 0 4
0 0 4 8204 45 0 16 0 4
0 0 2 8210 44 0 18 0 4
0 0 2 8215 45 0 19 0 4
0 0 2 8221 44 0 19 0 5
0 0 2 8225 44 0 19 0 4
0 0 3 8226 45 0 21 0 5
0 0 19 8219 47 0 19 0 5
0 0 2 8243 64 0 21 0 5
0 0 2 8264 45 0 21 0 4
0 0 2 8273 45 0 19 0 4
0 0 3 8277 45 0 18 0 4
0 0 4 8282 44 0 17 0 4
0 0 2 8289 44 0 17 0 4
0 0 4 8291 43 0 16 0 4
0 0 2 8297 43 0 16 0 4
0 0 2 8297 43 0 18 0 6
0 0 3 8303 44 0 19 0 6
0 0 3 8307 43 0 19 0 4
0 0 3 8310 43 0 19 0 4
0 0 2 8315 44 0 16 0 4
0 0 3 8319 43 0 16 0 4
0 0 2 8323 44 0 17 0 4
0 0 2 8325 44 0 18 0 4
0 0 4 8330 44 0 17 0 4
0 0 4 8335 44 0 19 0 4
0 0 3 8341 44 0 18 0 4
0 0 4 8344 44 0 18 0 4
0 0 2 8350 44 0 19 0 4
0 0 3 8350 44 0 16 0 4
0 0 3 8358 44 0 18 0 4
0 0 3 8362 61 0 18 0 4
0 0 2 8384 44 0 19 0 4
0 0 18 8373 44 0 19 0 4
0 0 2 8390 45 0 17 0 4
0 0 3 8398 45 0 17 0 4
0 0 3 8403 45 0 17 0 4
0 0 3 8408 45 0 17 0 4
0 0 2 8414 45 0 19 0 4
0 0 2 8420 44 0 19 0 4
0 0 2 8424 44 0 20 0 4
0 0 2 8425 44 0 19 0 4
0 0 4 8432 44 0 17 0 4
0 0 4 8436 45 0 18 0 4
0 0 3 8443 45 0 18 0 4
0 0 2 8449 44 0 17 0 4
0 0 2 8454 44 0 17 0 4
0 0 2 8458 44 0 19 0 4
0 0 2 8459 44 0 19 0 4
0 0 3 8467 44 0 18 0 4
0 0 4 8471 44 0 21 0 4
0 0 2 8477 46 0 18 0 4
0 0 2 8484 44 0 17 0 4
0 0 2 8489 44 0 17 0 4
0 0 2 8493 61 0 19 0 4
0 0 2 8511 47 0 17 0 4
0 0 3 8521 45 0 17 0 4
0 0 4 8526 45 0 17 0 4
0 0 3 8531 45 0 18 0 5
0 0 18 8522 45 0 19 0 4
0 0 2 8540 45 0 19 0 4
0 0 3 8547 45 0 19 0 4
0 0 3 8553 45 0 18 0 4
0 0 2 8559 44 0 19 0 5
0 0 2 8564 46 0 18 0 5
0 0 2 8571 45 0 19 0 5
0 0 2 8573 46 0 19 0 4
0 0 3 8582 45 0 20 0 5
0 0 4 8586 46 0 19 0 4
0 0 2 8593 49 0 17 0 4
0 0 2 8603 44 0 17 0 4
0 0 2 8608 44 0 17 0 4
0 0 2 8613 44 0 18 0 4
0 0 3 8614 45 0 19 0 4
0 0 2 8623 44 0 19 0 4
0 0 3 8627 44 0 19 0 4
0 0 2 8632 44 0 32 0 4
0 0 2 8637 60 0 17 0 4
0 0 3 8656 44 0 19 0 5
0 0 2 8661 45 0 19 0 4
0 0 2 8663 44 0 18 0 4
0 0 2 8671 43 0 18 0 4
0 0 3 8674 44 0 17 0 4
0 0 3 8679 44 0 16 0 4
0 0 2 8685 43 0 17 0 4
0 0 18 8672 43 0 17 0 4
0 0 2 8688 44 0 17 0 4
0 0 3 8695 44 0 18 0 4
0 0 2 8700 44 0 18 0 3
0 0 2 8705 42 0 18 0 4
0 0 4 8706 43 0 18 0 3
0 0 2 8711 42 0 17 0 3
0 0 2 8714 43 0 17 0 4
0 0 2 8713 45 0 16 0 4
0 0 4 8721 43 0 16 0 4
0 0 3 8725 43 0 16 0 4
0 0 3 8729 43 0 16 0 4
0 0 2 8734 43 0 16 0 4
0 0 2 8737 44 0 18 0 4
0 0 2 8741 43 0 32 0 4
0 0 2 8741 60 0 16 0 4
0 0 3 8764 44 0 17 0 4
0 0 3 8768 44 0 17 0 4
0 0 2 8775 43 0 16 0 4
0 0 3 8777 43 0 18 0 3
0 0 2 8781 42 0 17 0 3
0 0 2 8785 42 0 18 0 4
0 0 2 8787 43 0 18 0 3
0 0 2 8790 43 0 17 0 3
0 0 2 8790 42 0 17 0 4
0 0 3 8795 43 0 16 0 3
0 0 21 8780 42 0 15 0 3
0 0 2 8802 43 0 15 0 3
0 0 2 8805 42 0 16 0 4
0 0 2 8805 43 0 15 0 3
0 0 3 8811 42 0 15 0 3
0 0 4 8810 42 0 15 0 3
0 0 3 8816 41 0 15 0 3
0 0 2 8819 42 0 16 0 4
0 0 2 8821 43 0 18 0 4
0 0 2 8824 42 0 17 0 4
0 0 2 8827 42 0 18 0 4
0 0 2 8827 43 0 18 0 4
0 0 3 8833 46 0 29 0 3
0 0 4 8838 57 0 16 0 4
0 0 3 8856 43 0 15 0 4
0 0 2 8861 43 0 17 0 4
0 0 3 8863 42 0 17 0 3
0 0 2 8867 42 0 17 0 3
0 0 2 8869 42 0 17 0 3
0 0 2 8868 42 0 17 0 3
0 0 3 8873 42 0 16 0 3
0 0 3 8876 42 0 16 0 4
0 0 3 8879 43 0 17 0 4
0 0 3 8882 43 0 16 0 3
0 0 3 8886 43 0 16 0 3
0 0 2 8890 43 0 16 0 3
0 0 20 8875 43 0 15 0 3
0 0 3 8892 43 0 16 0 4
0 0 2 8900 43 0 18 0 4
0 0 2 8903 43 0 19 0 4
0 0 2 8907 44 0 19 0 4
0 0 2 8911 44 0 19 0 4
0 0 2 8912 44 0 16 0 4
0 0 3 8920 44 0 17 0 4
0 0 3 8924 45 0 17 0 4
0 0 3 8929 44 0 16 0 4
0 0 3 8933 58 0 19 0 4
0 0 2 8953 44 0 17 0 4
0 0 2 8957 45 0 17 0 4
0 0 2 8963 43 0 17 0 4
0 0 2 8967 43 0 16 0 4
0 0 2 8968 43 0 16 0 4
0 0 3 8974 43 0 16 0 4
0 0 3 8978 44 0 18 0 4
0 0 2 8983 43 0 18 0 4
0 0 2 8986 43 0 19 0 4
0 0 2 8990 43 0 18 0 4
0 0 3 8993 44 0 18 0 4
0 0 2 8998 45 0 16 0 4
0 0 2 9000 44 0 17 0 4
0 0 2 9008 44 0 16 0 4
0 0 3 9011 43 0 16 0 4
0 0 20 8998 44 0 19 0 4
0 0 2 9017 44 0 19 0 4
0 0 2 9025 44 0 18 0 4
0 0 3 9028 43 0 19 0 4
0 0 3 9032 44 0 17 0 4
0 0 3 9036 45 0 16 0 4
0 0 2 9043 44 0 16 0 4
0 0 2 9047 60 0 17 0 4
0 0 2 9067 42 0 17 0 4
0 0 2 9067 43 0 18 0 3
0 0 3 9073 42 0 16 0 3
0 0 3 9075 42 0 16 0 3
0 0 3 9078 43 0 16 0 4
0 0 2 9082 43 0 16 0 4
0 0 2 9086 43 0 15 0 3
0 0 2 9090 42 0 15 0 3
0 0 2 9092 42 0 16 0 3
0 0 2 9095 42 0 15 0 4
0 0 2 9095 43 0 18 0 3
0 0 3 9101 43 0 17 0 4
0 0 3 9104 42 0 17 0 4
0 0 3 9106 42 0 17 0 4
0 0 2 9111 42 0 18 0 4
0 0 2 9113 43 0 16 0 3
0 0 2 9116 42 0 17 0 4
0 0 2 9119 43 0 16 0 4
0 0 19 9102 43 0 15 0 3
0 0 2 9126 42 0 16 0 3
0 0 2 9129 42 0 15 0 3
0 0 2 9131 42 0 16 0 3
0 0 2 9131 42 0 15 0 3
0 0 3 9137 55 0 17 0 3
0 0 3 9152 41 0 17 0 3
0 0 2 9154 42 0 16 0 3
0 0 3 9157 41 0 15 0 3
0 0 3 9158 40 0 15 0 3
0 0 2 9160 43 0 16 0 3
0 0 2 9163 43 0 15 0 3
0 0 2 9163 43 0 15 0 3
0 0 3 9168 42 0 15 0 3
0 0 3 9171 42 0 16 0 3
0 0 3 9173 43 0 16 0 4
0 0 2 9178 43 0 16 0 4
0 0 3 9180 43 0 17 0 3
0 0 2 9184 42 0 18 0 4
0 0 2 9187 42 0 19 0 3
0 0 2 9186 42 0 18 0 3
0 0 2 9192 42 0 17 0 3
0 0 3 9194 42 0 16 0 3
0 0 3 9196 42 0 14 0 3
0 0 3 9199 42 0 17 0 8
0 0 2 9202 44 0 16 0 6
0 0 20 9189 44 0 16 0 3
0 0 3 9207 43 0 16 0 3
0 0 2 9214 43 0 16 0 4
0 0 3 9217 57 0 17 0 3
0 0 2 9236 43 0 16 0 3
0 0 2 9239 43 0 15 0 3
0 0 2 9243 43 0 19 0 4
0 0 2 9247 44 0 17 0 4
0 0 2 9248 44 0 16 0 3
0 0 2 9255 43 0 15 0 4
0 0 3 9258 43 0 18 0 4
0 0 3 9262 43 0 17 0 4
0 0 2 9267 43 0 18 0 3
0 0 2 9270 43 0 18 0 4
0 0 2 9274 43 0 17 0 3
0 0 2 9278 45 0 16 0 3
0 0 2 9283 43 0 16 0 3
0 0 2 9287 43 0 17 0 3
0 0 2 9288 44 0 17 0 4
0 0 2 9295 44 0 21 0 4
0 0 3 9299 45 0 20 0 4
0 0 3 9305 45 0 19 0 4
0 0 3 9310 45 0 18 0 4
0 0 3 9315 47 0 17 0 4
0 0 1 9324 45 0 17 0 4
0 0 2 9329 44 0 17 0 4
0 0 20 9316 61 0 18 0 4
0 0 3 9351 44 0 17 0 4
0 0 3 9358 44 0 18 0 5
0 0 3 9363 48 0 16 0 5
0 0 1 9373 43 0 16 0 5
0 0 2 9376 43 0 16 0 4
0 0 3 9379 43 0 17 0 4
0 0 2 9383 43 0 18 0 5
0 0 2 9383 43 0 18 0 5
0 0 2 9390 43 0 18 0 4
0 0 3 9393 43 0 17 0 4
0 0 3 9396 48 0 16 0 5
0 0 3 9405 44 0 16 0 5
0 0 2 9410 43 0 18 0 5
0 0 2 9414 44 0 17 0 5
0 0 3 9418 44 0 19 0 5
0 0 2 9423 44 0 20 0 5
0 0 2 9423 45 0 19 0 5
0 0 2 9432 45 0 19 0 5
0 0 3 9437 47 0 17 0 5
0 0 3 9445 45 0 17 0 5
0 0 2 9450 44 0 17 0 5
0 0 3 9454 45 0 34 0 6
0 0 2 9461 62 0 18 0 5
0 0 3 9483 46 0 18 0 7
0 0 2 9490 44 0 17 0 7
0 0 18 9475 44 0 17 0 5
0 0 2 9498 45 0 19 0 5
0 0 2 9504 46 0 18 0 5
0 0 2 9510 43 0 19 0 5
0 0 2 9514 44 0 19 0 5
0 0 2 9519 46 0 20 0 5
0 0 2 9522 44 0 16 0 5
0 0 3 9529 44 0 17 0 5
0 0 2 9533 44 0 16 0 5
0 0 3 9537 43 0 19 0 5
0 0 1 9542 43 0 19 0 5
0 0 2 9546 44 0 17 0 5
0 0 2 9550 43 0 19 0 5
0 0 2 9554 48 0 16 0 5
0 0 2 9559 44 0 16 0 5
0 0 3 9566 43 0 15 0 4
0 0 2 9569 43 0 16 0 5
0 0 3 9572 44 0 16 0 4
0 0 2 9578 42 0 19 0 5
0 0 2 9581 43 0 33 0 5
0 0 2 9585 60 0 16 0 5
0 0 2 9605 47 0 17 0 5
0 0 2 9610 46 0 17 0 5
0 0 3 9618 46 0 20 0 5
0 0 3 9624 46 0 19 0 5
0 0 2 9631 51 0 18 0 5
0 0 18 9626 46 0 17 0 5
0 0 2 9649 45 0 17 0 5
0 0 2 9652 45 0 18 0 5
0 0 3 9660 45 0 18 0 6
0 0 3 9665 45 0 19 0 5
0 0 2 9671 52 0 18 0 5
0 0 2 9683 46 0 17 0 4
0 0 2 9690 44 0 16 0 4
0 0 2 9695 44 0 20 0 5
0 0 2 9699 44 0 21 0 6
0 0 2 9703 46 0 21 0 5
0 0 2 9710 46 0 20 0 5
0 0 2 9713 48 0 19 0 5
0 0 2 9724 46 0 18 0 5
0 0 3 9731 46 0 18 0 5
0 0 3 9737 46 0 34 0 5
0 0 2 9744 62 0 18 0 5
0 0 2 9766 46 0 18 0 5
0 0 3 9771 46 0 18 0 5
0 0 2 9779 44 0 21 0 7
0 0 2 9784 45 0 21 0 6
0 0 2 9789 46 0 20 0 5
0 0 2 9795 50 0 19 0 7
0 0 2 9805 46 0 19 0 5
0 0 2 9809 46 0 21 0 5
0 0 2 9818 46 0 20 0 5
0 0 18 9809 45 0 18 0 5
0 0 3 9830 45 0 20 0 5
0 0 2 9836 48 0 18 0 5
0 0 2 9844 46 0 19 0 5
0 0 2 9847 48 0 21 0 5
0 0 2 9859 46 0 20 0 5
0 0 2 9865 45 0 20 0 5
0 0 2 9871 45 0 18 0 4
0 0 3 9876 46 0 18 0 5
0 0 3 9882 46 0 18 0 5
0 0 2 9890 46 0 18 0 5
0 0 3 9896 46 0 33 0 5
0 0 2 9904 61 0 17 0 4
0 0 2 9925 45 0 18 0 5
0 0 3 9928 45 0 18 0 5
0 0 2 9935 45 0 21 0 5
0 0 2 9940 45 0 20 0 5
0 0 2 9946 45 0 20 0 4
0 0 2 9952 47 0 18 0 4
0 0 2 9955 45 0 18 0 5
0 0 2 9964 45 0 17 0 4
0 0 2 9970 44 0 18 0 5
0 0 2 9974 45 0 19 0 5
0 0 3 9979 45 0 19 0 5
0 0 3 9984 47 0 20 0 5
0 0 3 9993 45 0 17 0 5
0 0 18 9983 45 0 17 0 5
0 0 2 10005 45 0 18 0 5
0 0 2 10007 45 0 17 0 4
0 0 2 10016 45 0 19 0 4
0 0 2 10021 44 0 19 0 4
0 0 3 10025 48 0 19 0 4
0 0 2 10034 44 0 18 0 4
0 0 2 10039 45 0 17 0 4
0 0 3 10043 58 0 18 0 4
0 0 3 10061 44 0 19 0 4
0 0 2 10067 43 0 19 0 4
0 0 2 10071 44 0 18 0 4
0 0 2 10076 43 0 17 0 4
0 0 2 10079 44 0 18 0 4
0 0 2 10085 45 0 18 0 4
0 0 2 10090 45 0 17 0 5
0 0 2 10091 44 0 18 0 4
0 0 2 10099 44 0 19 0 5
0 0 3 10103 46 0 19 0 4
0 0 3 10109 44 0 19 0 4
0 0 2 10114 44 0 17 0 4
0 0 2 10119 45 0 17 0 4
0 0 2 10124 44 0 18 0 4
0 0 2 10129 45 0 18 0 5
0 0 3 10134 45 0 21 0 7
0 0 2 10140 45 0 19 0 7
0 0 16 10128 45 0 20 0 4
0 0 2 10151 45 0 18 0 4
0 0 3 10155 46 0 17 0 4
0 0 2 10163 46 0 18 0 4
0 0 2 10170 44 0 17 0 4
0 0 2 10175 55 0 20 0 4
0 0 2 10191 44 0 19 0 5
0 0 2 10196 47 0 16 0 4
0 0 2 10200 44 0 17 0 5
0 0 3 10207 46 0 17 0 4
0 0 3 10214 44 0 20 0 5
0 0 3 10218 45 0 19 0 4
0 0 3 10225 44 0 19 0 4
0 0 2 10230 45 0 19 0 5
0 0 2 10235 47 0 17 0 5
0 0 2 10243 47 0 18 0 4
0 0 2 10250 45 0 18 0 5
0 0 2 10256 46 0 19 0 5
0 0 2 10259 45 0 19 0 5
0 0 2 10267 45 0 21 0 5
0 0 3 10272 46 0 18 0 5
0 0 3 10278 48 0 19 0 5
0 0 2 10288 47 0 19 0 5
0 0 3 10295 47 0 21 0 6
0 0 2 10304 47 0 23 0 6
0 0 2 10312 48 0 19 0 5
0 0 19 10304 47 0 18 0 5
0 0 3 10324 59 0 21 0 5
0 0 4 10347 46 0 20 0 5
0 0 3 10354 46 0 19 0 5
0 0 3 10361 46 0 19 0 5
0 0 2 10369 46 0 18 0 5
0 0 2 10375 46 0 20 0 5
0 0 4 10380 45 0 20 0 5
0 0 2 10387 45 0 20 0 5
0 0 2 10392 46 0 18 0 5
0 0 3 10398 46 0 18 0 5
0 0 3 10402 49 0 18 0 5
0 0 2 10415 45 0 19 0 5
0 0 2 10421 45 0 19 0 5
0 0 3 10425 45 0 20 0 4
0 0 3 10430 45 0 18 0 5
0 0 3 10435 47 0 17 0 4
0 0 2 10443 45 0 18 0 5
0 0 3 10448 45 0 17 0 5
0 0 3 10454 45 0 20 0 5
0 0 2 10460 47 0 20 0 5
0 0 2 10467 46 0 21 0 5
0 0 3 10473 49 0 18 0 5
0 0 2 10483 60 0 21 0 6
0 0 2 10503 47 0 20 0 5
0 0 2 10511 46 0 20 0 5
0 0 15 10501 49 0 19 0 5
0 0 2 10527 46 0 19 0 5
0 0 3 10533 46 0 20 0 5
0 0 3 10540 47 0 20 0 5
0 0 2 10548 46 0 20 0 5
0 0 2 10554 48 0 18 0 5
0 0 2 10562 46 0 18 0 5
0 0 2 10569 46 0 18 0 5
0 0 3 10574 46 0 19 0 5
0 0 2 10581 45 0 21 0 6
0 0 2 10587 46 0 19 0 5
0 0 2 10593 45 0 17 0 5
0 0 2 10596 48 0 19 0 5
0 0 2 10608 46 0 18 0 5
0 0 2 10614 46 0 21 0 5
0 0 3 10620 46 0 21 0 6
0 0 2 10628 47 0 22 0 6
0 0 2 10635 50 0 20 0 6
0 0 3 10645 48 0 20 0 6
0 0 3 10653 59 0 22 0 10
0 0 2 10673 50 0 21 0 8
0 0 2 10684 48 0 20 0 6
0 0 2 10693 48 0 21 0 6
0 0 2 10701 47 0 22 0 6
0 0 2 10709 47 0 21 0 6
0 0 2 10716 50 0 19 0 6
0 0 16 10710 48 0 18 0 5
0 0 3 10735 46 0 23 0 6
0 0 2 10742 51 0 23 0 6
0 0 2 10753 50 0 21 0 6
0 0 2 10764 48 0 20 0 6
0 0 2 10773 47 0 22 0 6
0 0 2 10781 47 0 22 0 6
0 0 2 10788 48 0 22 0 6
0 0 2 10794 50 0 21 0 6
0 0 3 10807 50 0 23 0 7
0 0 3 10817 49 0 22 0 6
0 0 3 10827 49 0 21 0 6
0 0 3 10836 51 0 21 0 6
0 0 2 10848 49 0 38 0 6
0 0 2 10857 66 0 18 0 5
0 0 2 10884 47 0 19 0 6
0 0 2 10891 47 0 22 0 6
0 0 2 10899 47 0 22 0 7
0 0 2 10903 47 0 21 0 5
0 0 3 10914 51 0 18 0 5
0 0 3 10925 46 0 18 0 5
0 0 2 10932 45 0 18 0 5
0 0 3 10937 46 0 19 0 5
0 0 2 10945 45 0 20 0 5
0 0 2 10950 45 0 20 0 5
0 0 2 10955 48 0 19 0 5
0 0 21 10946 47 0 19 0 5
0 0 2 10968 47 0 21 0 5
0 0 2 10979 49 0 21 0 5
0 0 2 10988 47 0 20 0 5
0 0 2 10993 48 0 19 0 5
0 0 2 11004 47 0 18 0 5
0 0 2 11008 47 0 19 0 5
0 0 2 11018 47 0 21 0 6
0 0 3 11025 46 0 22 0 5
0 0 3 11031 62 0 20 0 6
0 0 3 11054 48 0 21 0 6
0 0 3 11063 47 0 22 0 6
0 0 4 11069 52 0 20 0 6
0 0 2 11084 47 0 20 0 6
0 0 2 11091 47 0 20 0 5
0 0 2 11099 46 0 21 0 5
0 0 2 11101 47 0 22 0 5
0 0 2 11112 47 0 18 0 5
0 0 3 11119 46 0 19 0 6
0 0 3 11126 47 0 19 0 6
0 0 2 11135 47 0 22 0 6
0 0 2 11142 47 0 22 0 6
0 0 3 11149 50 0 19 0 6
0 0 2 11158 48 0 20 0 6
0 0 2 11169 47 0 19 0 5
0 0 2 11174 47 0 21 0 5
0 0 18 11168 47 0 21 0 5
0 0 2 11191 47 0 19 0 5
0 0 3 11198 47 0 18 0 5
0 0 2 11203 46 0 19 0 5
0 0 2 11212 46 0 32 0 5
0 0 2 11219 60 0 18 0 5
0 0 3 11239 46 0 17 0 5
0 0 3 11246 46 0 19 0 6
0 0 3 11252 47 0 20 0 5
0 0 3 11260 45 0 21 0 5
0 0 3 11266 47 0 21 0 6
0 0 2 11274 49 0 20 0 6
0 0 2 11283 47 0 19 0 5
0 0 2 11288 47 0 21 0 6
0 0 2 11299 48 0 22 0 6
0 0 3 11306 48 0 22 0 6
0 0 3 11314 50 0 20 0 6
0 0 3 11325 50 0 19 0 6
0 0 3 11336 47 0 22 0 6
0 0 2 11344 47 0 21 0 6
0 0 2 11352 48 0 20 0 6
0 0 2 11360 48 0 21 0 6
0 0 2 11368 48 0 23 0 6
0 0 2 11377 48 0 21 0 6
0 0 2 11383 48 0 22 0 6
0 0 2 11394 50 0 20 0 6
0 0 18 11389 63 0 23 0 6
0 0 3 11428 51 0 22 0 6
0 0 2 11440 50 0 20 0 6
0 0 2 11448 48 0 23 0 6
0 0 2 11460 49 0 22 0 6
0 0 3 11469 49 0 21 0 6
0 0 2 11478 49 0 21 0 6
0 0 2 11488 49 0 23 0 6
0 0 2 11497 49 0 23 0 6
0 0 2 11507 48 0 22 0 6
0 0 2 11512 51 0 20 0 6
0 0 2 11528 49 0 20 0 6
0 0 3 11536 48 0 23 0 6
0 0 4 11543 49 0 23 0 6
0 0 2 11554 50 0 20 0 6
0 0 2 11564 48 0 20 0 6
0 0 2 11574 48 0 21 0 5
0 0 2 11578 47 0 21 0 6
0 0 2 11589 47 0 20 0 5
0 0 3 11595 49 0 21 0 6
0 0 4 11605 48 0 20 0 7
0 0 3 11614 60 0 21 0 8
0 0 3 11636 51 0 21 0 6
0 0 2 11648 49 0 22 0 6
0 0 2 11658 49 0 22 0 6
0 0 2 11664 49 0 21 0 6
0 0 18 11661 52 0 20 0 6
0 0 2 11690 49 0 22 0 6
0 0 2 11699 49 0 23 0 6
0 0 2 11706 50 0 21 0 6
0 0 2 11719 50 0 20 0 6
0 0 3 11729 50 0 22 0 6
0 0 3 11740 49 0 22 0 6
0 0 2 11750 49 0 20 0 6
0 0 2 11757 50 0 21 0 6
0 0 2 11770 49 0 22 0 6
0 0 2 11776 48 0 22 0 5
0 0 2 11789 48 0 20 0 5
0 0 3 11796 50 0 19 0 5
0 0 3 11806 48 0 20 0 6
0 0 3 11815 48 0 21 0 6
0 0 2 11825 52 0 34 0 6
0 0 2 11837 65 0 20 0 5
0 0 2 11859 47 0 21 0 5
0 0 3 11869 47 0 18 0 5
0 0 3 11877 48 0 19 0 5
0 0 2 11887 48 0 20 0 6
0 0 3 11894 48 0 22 0 6
0 0 2 11904 48 0 22 0 5
0 0 2 11912 50 0 19 0 5
0 0 2 11923 48 0 19 0 5
0 0 2 11928 48 0 20 0 5
0 0 18 11924 47 0 20 0 5
0 0 3 11946 47 0 20 0 5
0 0 2 11954 49 0 19 0 5
0 0 2 11963 46 0 18 0 5
0 0 2 11967 46 0 18 0 5
0 0 3 11975 46 0 20 0 5
0 0 3 11981 45 0 20 0 5
0 0 3 11987 46 0 21 0 5
0 0 3 11994 48 0 18 0 5
0 0 2 12003 46 0 18 0 5
0 0 2 12009 46 0 19 0 5
0 0 2 12016 58 0 21 0 5
0 0 2 12031 49 0 20 0 6
0 0 3 12043 47 0 18 0 5
0 0 3 12050 46 0 19 0 5
0 0 3 12057 47 0 21 0 5
0 0 2 12065 46 0 21 0 5
0 0 3 12071 46 0 19 0 5
0 0 2 12078 48 0 18 0 5
0 0 2 12087 46 0 18 0 5
0 0 2 12090 46 0 21 0 5
0 0 3 12099 46 0 21 0 5
0 0 3 12105 46 0 20 0 5
0 0 3 12111 46 0 19 0 5
0 0 2 12119 47 0 20 0 5
0 0 2 12127 47 0 19 0 6
0 0 16 12120 47 0 21 0 5
0 0 2 12139 46 0 19 0 5
0 0 3 12148 45 0 20 0 5
0 0 2 12154 45 0 18 0 5
0 0 2 12160 47 0 18 0 5
0 0 2 12168 46 0 18 0 5
0 0 2 12173 46 0 34 0 5
0 0 2 12180 62 0 18 0 5
0 0 2 12202 46 0 19 0 5
0 0 2 12206 46 0 19 0 5
0 0 2 12216 46 0 20 0 5
0 0 3 12222 46 0 21 0 5
0 0 3 12230 46 0 20 0 5
0 0 3 12237 49 0 19 0 5
0 0 2 12247 46 0 18 0 5
0 0 3 12252 49 0 21 0 5
0 0 3 12261 47 0 20 0 5
0 0 2 12270 45 0 20 0 5
0 0 2 12272 48 0 18 0 5
0 0 3 12282 46 0 18 0 4
0 0 3 12288 45 0 17 0 5
0 0 3 12295 45 0 20 0 5
0 0 3 12300 45 0 19 0 5
0 0 2 12306 45 0 21 0 5
0 0 2 12311 46 0 19 0 5
0 0 2 12318 47 0 17 0 4
0 0 13 12311 45 0 17 0 4
0 0 2 12331 45 0 18 0 5
0 0 3 12336 46 0 32 0 4
0 0 2 12343 60 0 18 0 5
0 0 2 12364 45 0 18 0 5
0 0 2 12370 46 0 18 0 5
0 0 2 12372 46 0 19 0 5
0 0 2 12382 45 0 20 0 4
0 0 2 12387 45 0 20 0 4
0 0 4 12391 45 0 18 0 5
0 0 2 12397 47 0 18 0 5
0 0 2 12405 46 0 19 0 5
0 0 2 12412 47 0 19 0 5
0 0 2 12420 46 0 20 0 5
0 0 2 12423 46 0 20 0 5
0 0 3 12432 46 0 19 0 5
0 0 3 12438 46 0 19 0 5
0 0 2 12446 47 0 18 0 5
0 0 2 12453 46 0 20 0 5
0 0 3 12459 46 0 20 0 5
0 0 2 12466 45 0 20 0 5
0 0 2 12468 46 0 19 0 5
0 0 4 12476 50 0 19 0 5
0 0 2 12488 47 0 20 0 6
0 0 2 12495 48 0 34 0 5
0 0 2 12504 62 0 19 0 5
0 0 16 12513 47 0 20 0 6
0 0 4 12529 47 0 20 0 5
0 0 2 12541 46 0 22 0 6
0 0 2 12546 47 0 20 0 5
0 0 2 12556 48 0 18 0 5
0 0 2 12564 46 0 19 0 5
0 0 2 12567 46 0 18 0 5
0 0 3 12576 46 0 19 0 5
0 0 3 12583 46 0 21 0 5
0 0 2 12590 46 0 20 0 5
0 0 2 12597 48 0 18 0 5
0 0 3 12605 46 0 20 0 5
0 0 5 12610 47 0 21 0 5
0 0 2 12616 47 0 20 0 5
0 0 3 12626 46 0 21 0 5
0 0 3 12632 46 0 19 0 5
0 0 3 12639 46 0 20 0 5
0 0 3 12645 47 0 19 0 5
0 0 2 12653 47 0 20 0 5
0 0 2 12660 49 0 20 0 7
0 0 2 12670 46 0 31 0 7
0 0 2 12672 60 0 18 0 5
0 0 3 12696 45 0 19 0 4
0 0 3 12699 44 0 19 0 4
0 0 3 12706 44 0 20 0 4
0 0 2 12712 45 0 20 0 5
0 0 16 12703 48 0 17 0 4
0 0 4 12721 45 0 18 0 5
0 0 2 12732 46 0 21 0 5
0 0 3 12737 46 0 21 0 5
0 0 2 12745 46 0 21 0 5
0 0 2 12751 46 0 18 0 4
0 0 2 12754 46 0 18 0 4
0 0 3 12764 45 0 17 0 4
0 0 4 12769 45 0 19 0 5
0 0 3 12775 46 0 19 0 5
0 0 2 12782 45 0 20 0 4
0 0 2 12788 45 0 20 0 4
0 0 2 12794 45 0 18 0 5
0 0 2 12796 46 0 17 0 4
0 0 3 12805 45 0 17 0 5
0 0 3 12810 45 0 18 0 5
0 0 3 12816 46 0 39 0 5
0 0 2 12824 65 0 20 0 5
0 0 2 12850 47 0 21 0 5
0 0 2 12858 47 0 20 0 5
0 0 2 12861 45 0 20 0 5
0 0 4 12869 46 0 20 0 5
0 0 3 12875 48 0 19 0 5
0 0 3 12883 46 0 20 0 5
0 0 3 12890 46 0 23 0 6
0 0 2 12897 46 0 22 0 5
0 0 13 12890 49 0 21 0 5
0 0 3 12913 49 0 20 0 5
0 0 2 12923 47 0 21 0 5
0 0 2 12930 47 0 22 0 5
0 0 2 12935 46 0 22 0 5
0 0 4 12943 46 0 22 0 5
0 0 4 12950 46 0 19 0 5
0 0 3 12957 47 0 18 0 5
0 0 2 12965 46 0 18 0 4
0 0 2 12971 45 0 18 0 5
0 0 2 12973 45 0 21 0 5
0 0 3 12981 45 0 20 0 5
0 0 3 12988 45 0 35 0 4
0 0 2 12993 62 0 17 0 4
0 0 2 13016 44 0 20 0 5
0 0 2 13017 45 0 20 0 5
0 0 4 13025 45 0 21 0 5
0 0 4 13031 46 0 18 0 5
0 0 3 13037 46 0 16 0 5
0 0 2 13045 47 0 18 0 5
0 0 2 13049 45 0 18 0 5
0 0 4 13057 45 0 20 0 5
0 0 3 13063 45 0 20 0 5
0 0 3 13069 45 0 20 0 5
0 0 2 13076 47 0 18 0 5
0 0 2 13080 46 0 18 0 5
0 0 18 13074 45 0 18 0 5
0 0 2 13096 46 0 21 0 5
0 0 2 13102 46 0 20 0 5
0 0 2 13105 45 0 18 0 4
0 0 3 13113 44 0 17 0 4
0 0 4 13117 45 0 18 0 5
0 0 3 13124 45 0 17 0 4
0 0 2 13130 45 0 17 0 4
0 0 2 13136 45 0 36 0 4
0 0 2 13138 64 0 17 0 5
0 0 2 13166 46 0 19 0 5
0 0 3 13171 48 0 21 0 5
0 0 3 13179 45 0 19 0 5
0 0 3 13186 45 0 19 0 4
0 0 2 13192 45 0 19 0 4
0 0 2 13197 47 0 19 0 5
0 0 2 13202 46 0 18 0 4
0 0 3 13211 45 0 18 0 5
0 0 4 13215 45 0 20 0 5
0 0 2 13222 44 0 20 0 5
0 0 2 13227 44 0 19 0 4
0 0 3 13232 44 0 18 0 4
0 0 2 13233 46 0 17 0 4
0 0 3 13243 45 0 18 0 5
0 0 3 13248 45 0 17 0 5
0 0 2 13254 45 0 20 0 5
0 0 17 13245 45 0 20 0 5
0 0 2 13263 45 0 19 0 4
0 0 3 13271 44 0 19 0 5
0 0 2 13276 49 0 18 0 5
0 0 2 13286 45 0 17 0 5
0 0 2 13292 63 0 20 0 5
0 0 2 13313 48 0 18 0 4
0 0 2 13324 45 0 17 0 5
0 0 3 13329 45 0 17 0 5
0 0 2 13335 45 0 19 0 4
0 0 2 13341 44 0 19 0 5
0 0 2 13345 45 0 21 0 5
0 0 2 13351 46 0 18 0 5
0 0 2 13354 47 0 17 0 5
0 0 3 13364 45 0 16 0 4
0 0 4 13368 44 0 18 0 4
0 0 2 13374 45 0 20 0 5
0 0 2 13380 45 0 20 0 5
0 0 2 13382 45 0 20 0 5
0 0 2 13391 45 0 19 0 4
0 0 3 13395 46 0 16 0 4
0 0 2 13403 45 0 17 0 4
0 0 2 13409 44 0 17 0 4
0 0 3 13412 45 0 17 0 5
0 0 2 13419 45 0 19 0 5
0 0 2 13421 45 0 20 0 5
0 0 17 13415 45 0 19 0 5
0 0 2 13436 65 0 17 0 4
0 0 2 13461 45 0 19 0 5
0 0 2 13465 45 0 20 0 5
0 0 2 13467 45 0 20 0 5
0 0 3 13476 48 0 18 0 5
0 0 3 13483 46 0 17 0 4
0 0 3 13490 45 0 17 0 5
0 0 2 13496 45 0 20 0 5
0 0 2 13502 44 0 18 0 4
0 0 2 13504 43 0 20 0 4
0 0 3 13510 44 0 19 0 4
0 0 4 13514 47 0 16 0 4
0 0 2 13523 45 0 17 0 4
0 0 3 13527 44 0 18 0 4
0 0 2 13533 45 0 17 0 4
0 0 2 13535 44 0 19 0 4
0 0 3 13542 45 0 19 0 4
0 0 2 13548 44 0 20 0 4
0 0 2 13553 45 0 17 0 4
0 0 2 13558 45 0 17 0 4
0 0 2 13560 45 0 16 0 4
0 0 3 13568 43 0 15 0 4
0 0 3 13572 43 0 16 0 4
0 0 3 13575 62 0 15 0 4
0 0 2 13599 43 0 16 0 4
0 0 17 13588 44 0 16 0 4
0 0 3 13602 43 0 17 0 4
0 0 2 13609 44 0 16 0 4
0 0 2 13615 43 0 17 0 4
0 0 2 13615 44 0 18 0 4
0 0 4 13621 46 0 18 0 4
0 0 4 13627 44 0 21 0 4
0 0 2 13633 45 0 19 0 5
0 0 2 13638 45 0 18 0 5
0 0 2 13641 45 0 18 0 4
0 0 3 13649 45 0 19 0 5
0 0 4 13653 45 0 20 0 5
0 0 3 13660 45 0 19 0 5
0 0 2 13665 46 0 19 0 4
0 0 2 13672 46 0 18 0 4
0 0 2 13676 47 0 17 0 4
0 0 4 13684 46 0 17 0 4
0 0 3 13692 46 0 20 0 5
0 0 2 13699 46 0 20 0 5
0 0 2 13706 46 0 21 0 5
0 0 2 13710 51 0 18 0 4
0 0 3 13724 47 0 18 0 4
0 0 3 13731 46 0 17 0 5
0 0 3 13738 49 0 19 0 4
0 0 4 13747 45 0 19 0 4
0 0 2 13754 48 0 17 0 4
0 0 11 13749 47 0 17 0 4
0 0 3 13770 46 0 17 0 4
0 0 2 13777 45 0 20 0 4
0 0 2 13779 45 0 18 0 4
0 0 3 13788 45 0 19 0 4
0 0 4 13793 48 0 18 0 4
0 0 3 13802 46 0 18 0 4
0 0 2 13809 47 0 18 0 5
0 0 2 13813 46 0 19 0 5
0 0 4 13822 46 0 19 0 4
0 0 3 13828 45 0 19 0 5
0 0 2 13836 49 0 17 0 5
0 0 2 13844 46 0 17 0 4
0 0 3 13848 46 0 17 0 4
0 0 4 13857 46 0 20 0 10
0 0 3 13864 47 0 19 0 7
0 0 2 13872 45 0 19 0 6
0 0 3 13877 49 0 18 0 5
0 0 3 13884 46 0 19 0 5
0 0 3 13893 47 0 19 0 5
0 0 4 13900 45 0 18 0 4
0 0 3 13907 45 0 22 0 4
0 0 2 13913 46 0 17 0 4
0 0 2 13919 46 0 18 0 4
0 0 2 13922 46 0 17 0 4
0 0 3 13931 46 0 17 0 5
0 0 17 13923 46 0 20 0 5
0 0 2 13942 46 0 19 0 5
0 0 3 13951 46 0 19 0 5
0 0 3 13958 48 0 18 0 5
0 0 2 13967 47 0 20 0 5
0 0 4 13973 49 0 21 0 5
0 0 2 13984 46 0 18 0 5
0 0 2 13987 46 0 18 0 4
0 0 4 13996 48 0 17 0 4
0 0 2 14006 46 0 18 0 5
0 0 2 14012 46 0 17 0 5
0 0 2 14019 46 0 20 0 5
0 0 2 14022 46 0 20 0 11
0 0 3 14032 50 0 18 0 5
0 0 3 14042 47 0 18 0 4
0 0 3 14050 46 0 17 0 4
0 0 2 14058 45 0 19 0 4
0 0 2 14064 45 0 19 0 4
0 0 2 14069 46 0 18 0 4
0 0 2 14072 47 0 17 0 4
0 0 3 14083 46 0 17 0 4
0 0 3 14089 46 0 18 0 5
0 0 4 14094 46 0 19 0 4
0 0 2 14103 47 0 19 0 5
0 0 3 14109 46 0 18 0 4
0 0 2 14116 48 0 16 0 4
0 0 14 14110 45 0 18 0 4
0 0 3 14129 45 0 17 0 4
0 0 2 14136 46 0 19 0 4
0 0 2 14142 46 0 19 0 4
0 0 2 14145 46 0 19 0 4
0 0 2 14154 49 0 18 0 4
0 0 3 14163 46 0 17 0 4
0 0 2 14171 46 0 17 0 5
0 0 3 14176 46 0 19 0 11
0 0 2 14183 46 0 19 0 4
0 0 2 14189 46 0 19 0 5
0 0 2 14193 49 0 18 0 5
0 0 3 14204 46 0 16 0 5
0 0 3 14211 47 0 18 0 5
0 0 2 14219 47 0 19 0 5
0 0 2 14227 47 0 23 0 5
0 0 4 14233 50 0 19 0 5
0 0 2 14245 48 0 19 0 5
0 0 2 14251 48 0 19 0 5
0 0 4 14260 46 0 18 0 4
0 0 3 14268 45 0 19 0 4
0 0 3 14273 48 0 18 0 4
0 0 2 14283 46 0 17 0 4
0 0 2 14289 46 0 18 0 5
0 0 2 14296 47 0 21 0 5
0 0 2 14300 47 0 19 0 5
0 0 17 14297 46 0 19 0 5
0 0 2 14318 48 0 18 0 5
0 0 3 14326 47 0 20 0 5
0 0 2 14334 47 0 20 0 5
0 0 2 14337 46 0 20 0 13
0 0 4 14346 47 0 21 0 5
0 0 3 14354 49 0 18 0 5
0 0 3 14363 46 0 18 0 4
0 0 4 14370 49 0 19 0 5
0 0 2 14380 46 0 20 0 4
0 0 2 14383 45 0 20 0 4
0 0 4 14391 45 0 18 0 4
0 0 3 14398 46 0 18 0 4
0 0 3 14405 46 0 17 0 4
0 0 2 14412 46 0 18 0 4
0 0 3 14417 46 0 20 0 5
0 0 2 14424 45 0 18 0 4
0 0 2 14427 44 0 19 0 4
0 0 3 14434 46 0 16 0 4
0 0 3 14440 45 0 18 0 4
0 0 3 14446 46 0 19 0 4
0 0 2 14453 46 0 17 0 4
0 0 3 14458 45 0 19 0 4
0 0 2 14464 45 0 23 0 4
0 0 2 14470 48 0 17 0 4
0 0 3 14475 43 0 17 0 4
0 0 17 14467 42 0 16 0 4
0 0 2 14484 42 0 16 0 5
0 0 2 14487 45 0 16 0 4
0 0 2 14492 42 0 16 0 4
0 0 2 14492 42 0 17 0 4
0 0 3 14497 43 0 17 0 4
0 0 4 14500 43 0 16 0 4
0 0 2 14504 43 0 16 0 4
0 0 2 14507 42 0 17 0 4
0 0 3 14509 42 0 17 0 4
0 0 2 14513 42 0 17 0 4
0 0 2 14511 42 0 16 0 3
0 0 2 14514 41 0 15 0 3
0 0 3 14517 41 0 16 0 4
0 0 2 14520 41 0 16 0 4
0 0 2 14521 41 0 17 0 3
0 0 3 14522 42 0 17 0 4
0 0 2 14526 42 0 16 0 4
0 0 2 14525 41 0 16 0 4
0 0 3 14529 41 0 17 0 4
0 0 3 14531 42 0 17 0 4
0 0 2 14534 42 0 16 0 4
0 0 2 14536 42 0 17 0 4
0 0 3 14538 44 0 16 0 4
0 0 2 14543 41 0 16 0 3
0 0 2 14542 41 0 17 0 4
0 0 17 14533 42 0 16 0 4
0 0 4 14548 42 0 17 0 4
0 0 2 14552 42 0 17 0 4
0 0 2 14551 42 0 16 0 4
0 0 3 14556 42 0 17 0 4
0 0 4 14557 42 0 16 0 4
0 0 3 14561 42 0 18 0 4
0 0 2 14564 42 0 17 0 4
0 0 2 14567 42 0 18 0 4
0 0 2 14570 43 0 17 0 4
0 0 2 14570 43 0 17 0 4
0 0 3 14576 43 0 18 0 4
0 0 3 14579 42 0 16 0 4
0 0 3 14582 41 0 16 0 4
0 0 3 14584 41 0 16 0 4
0 0 2 14587 41 0 16 0 4
0 0 2 14585 42 0 19 0 4
0 0 3 14590 42 0 16 0 4
0 0 3 14592 42 0 16 0 4
0 0 3 14594 41 0 15 0 3
0 0 2 14597 40 0 16 0 3
0 0 4 14596 41 0 17 0 4
0 0 2 14599 41 0 15 0 3
0 0 2 14597 40 0 15 0 3
0 0 3 14600 40 0 15 0 3
0 0 4 14595 40 0 16 0 3
0 0 16 14589 41 0 21 0 4
0 0 2 14603 42 0 16 0 4
0 0 2 14602 41 0 16 0 4
0 0 3 14606 41 0 16 0 4
0 0 3 14608 42 0 17 0 4
0 0 3 14611 41 0 16 0 3
0 0 3 14612 41 0 17 0 4
0 0 4 14613 41 0 17 0 4
0 0 2 14616 41 0 16 0 4
0 0 2 14614 41 0 17 0 4
0 0 2 14620 42 0 17 0 6
0 0 3 14621 42 0 17 0 6
0 0 3 14624 41 0 17 0 4
0 0 2 14627 42 0 17 0 4
0 0 2 14629 42 0 18 0 4
0 0 2 14631 43 0 18 0 4
0 0 3 14634 43 0 17 0 4
0 0 2 14635 42 0 17 0 4
0 0 3 14639 42 0 17 0 4
0 0 3 14642 43 0 18 0 4
0 0 3 14646 43 0 17 0 4
0 0 2 14650 42 0 17 0 4
0 0 3 14652 43 0 18 0 4
0 0 2 14656 52 0 17 0 4
0 0 2 14669 42 0 17 0 4
0 0 2 14668 42 0 17 0 4
0 0 19 14657 42 0 16 0 4
0 0 2 14677 41 0 17 0 4
0 0 2 14675 41 0 16 0 4
0 0 2 14680 42 0 19 0 4
0 0 3 14681 45 0 18 0 4
0 0 3 14686 43 0 18 0 4
0 0 3 14690 43 0 18 0 4
0 0 2 14694 43 0 18 0 4
0 0 2 14698 44 0 18 0 5
0 0 2 14699 43 0 17 0 4
0 0 3 14705 43 0 17 0 4
0 0 4 14708 42 0 17 0 4
0 0 3 14711 42 0 19 0 4
0 0 2 14714 42 0 17 0 4
0 0 2 14717 42 0 17 0 4
0 0 2 14716 42 0 16 0 4
0 0 3 14722 41 0 16 0 4
0 0 3 14723 42 0 17 0 4
0 0 2 14726 43 0 18 0 4
0 0 3 14729 43 0 17 0 4
0 0 3 14732 43 0 18 0 4
0 0 2 14737 52 0 20 0 4
0 0 2 14749 43 0 17 0 4
0 0 2 14749 42 0 16 0 4
0 0 4 14753 42 0 18 0 4
0 0 3 14756 43 0 18 0 4
0 0 18 14744 43 0 18 0 4
0 0 2 14764 43 0 17 0 4
0 0 2 14764 43 0 17 0 4
0 0 3 14770 42 0 17 0 4
0 0 3 14773 43 0 18 0 4
0 0 2 14777 43 0 18 0 4
0 0 1 14781 43 0 17 0 4
0 0 3 14783 43 0 18 0 4
0 0 2 14788 44 0 18 0 4
0 0 2 14789 44 0 18 0 4
0 0 2 14796 44 0 19 0 5
0 0 3 14799 44 0 18 0 4
0 0 3 14804 44 0 18 0 5
0 0 2 14808 44 0 21 0 4
0 0 2 14813 43 0 17 0 4
0 0 2 14816 43 0 18 0 4
0 0 2 14820 43 0 18 0 4
0 0 2 14820 43 0 17 0 4
0 0 3 14825 43 0 17 0 4
0 0 3 14828 42 0 18 0 4
0 0 3 14831 42 0 18 0 4
0 0 2 14835 46 0 18 0 4
0 0 2 14841 43 0 17 0 4
0 0 2 14844 43 0 17 0 4
0 0 3 14847 43 0 18 0 4
0 0 2 14848 43 0 17 0 4
0 0 20 14837 42 0 17 0 4
0 0 4 14856 43 0 17 0 4
0 0 2 14860 43 0 18 0 4
0 0 2 14859 43 0 17 0 4
0 0 2 14865 42 0 16 0 4
0 0 3 14869 41 0 18 0 4
0 0 2 14871 43 0 17 0 4
0 0 3 14874 42 0 18 0 4
0 0 3 14877 43 0 17 0 4
0 0 2 14881 42 0 17 0 4
0 0 2 14884 42 0 16 0 4
0 0 2 14884 42 0 17 0 4
0 0 3 14888 42 0 17 0 4
0 0 3 14891 43 0 17 0 4
0 0 3 14895 42 0 17 0 4
0 0 3 14897 42 0 16 0 4
0 0 2 14900 42 0 16 0 4
0 0 3 14902 44 0 17 0 4
0 0 2 14907 42 0 16 0 4
0 0 2 14907 42 0 17 0 4
0 0 3 14911 42 0 16 0 4
0 0 3 14914 42 0 18 0 4
0 0 2 14917 42 0 16 0 4
0 0 3 14919 42 0 16 0 4
0 0 2 14923 42 0 17 0 4
0 0 2 14925 43 0 17 0 4
0 0 20 14911 42 0 17 0 4
0 0 2 14928 42 0 17 0 4
0 0 2 14934 42 0 17 0 4
0 0 2 14937 42 0 18 0 4
0 0 2 14940 42 0 16 0 4
0 0 2 14939 41 0 17 0 4
0 0 2 14944 42 0 18 0 4
0 0 3 14946 42 0 16 0 4
0 0 2 14950 42 0 17 0 4
0 0 3 14951 43 0 18 0 4
0 0 3 14955 43 0 16 0 4
0 0 2 14958 42 0 18 0 4
0 0 2 14961 42 0 17 0 4
0 0 2 14960 43 0 17 0 4
0 0 3 14966 43 0 17 0 4
0 0 3 14969 57 0 17 0 4
0 0 2 14987 42 0 18 0 4
0 0 4 14987 42 0 18 0 4
0 0 2 14992 42 0 17 0 4
0 0 2 14995 43 0 16 0 4
0 0 2 14998 42 0 17 0 4
0 0 2 14997 42 0 16 0 4
0 0 2 15003 42 0 19 0 4
0 0 3 15004 42 0 16 0 4
0 0 4 15007 42 0 16 0 4
0 0 2 15010 42 0 17 0 4
0 0 20 14995 42 0 17 0 3
0 0 2 15012 41 0 16 0 4
0 0 3 15016 41 0 16 0 4
0 0 2 15019 42 0 17 0 4
0 0 3 15020 41 0 16 0 3
0 0 2 15023 41 0 17 0 4
0 0 2 15024 41 0 16 0 4
0 0 2 15026 41 0 15 0 3
0 0 2 15024 41 0 16 0 4
0 0 3 15028 41 0 19 0 4
0 0 3 15029 41 0 16 0 4
0 0 2 15031 41 0 16 0 4
0 0 3 15032 41 0 16 0 4
0 0 2 15034 41 0 17 0 4
0 0 2 15036 41 0 17 0 4
0 0 2 15036 41 0 18 0 4
0 0 2 15036 42 0 16 0 4
0 0 2 15041 41 0 16 0 4
0 0 3 15042 41 0 16 0 4
0 0 3 15044 41 0 17 0 4
0 0 3 15046 42 0 16 0 4
0 0 2 15049 41 0 16 0 4
0 0 2 15050 41 0 17 0 4
0 0 3 15051 41 0 15 0 3
0 0 2 15053 40 0 14 0 3
0 0 2 15054 40 0 16 0 3
0 0 20 15034 41 0 16 0 4
0 0 2 15057 41 0 15 0 3
0 0 2 15058 41 0 17 0 4
0 0 2 15059 42 0 16 0 4
0 0 3 15061 41 0 16 0 3
0 0 2 15062 41 0 17 0 4
0 0 3 15061 42 0 16 0 4
0 0 2 15066 41 0 16 0 4
0 0 3 15067 42 0 17 0 4
0 0 3 15070 42 0 17 0 4
0 0 3 15072 42 0 17 0 4
0 0 2 15075 43 0 17 0 4
0 0 2 15078 42 0 17 0 4
0 0 2 15081 42 0 16 0 4
0 0 2 15084 42 0 17 0 4
0 0 2 15083 42 0 16 0 4
0 0 3 15088 41 0 16 0 4
0 0 3 15089 42 0 17 0 4
0 0 2 15092 42 0 17 0 4
0 0 2 15095 42 0 17 0 4
0 0 3 15096 41 0 16 0 3
0 0 2 15099 41 0 15 0 3
0 0 2 15097 40 0 16 0 3
0 0 3 15101 40 0 15 0 3
0 0 3 15101 40 0 15 0 3
0 0 3 15102 40 0 16 0 3
0 0 3 15102 41 0 18 0 4
0 0 2 15105 44 0 16 0 4
0 0 2 15109 41 0 16 0 3
0 0 2 15107 41 0 15 0 3
0 0 3 15109 41 0 15 0 3
0 0 3 15113 41 0 17 0 4
0 0 2 15115 41 0 17 0 4
0 0 2 15117 41 0 16 0 4
0 0 2 15119 42 0 17 0 4
0 0 2 15118 42 0 17 0 4
0 0 3 15122 42 0 17 0 4
0 0 4 15125 43 0 16 0 4
0 0 3 15129 42 0 18 0 4
0 0 2 15131 42 0 17 0 4
0 0 3 15134 42 0 17 0 4
0 0 2 15137 42 0 17 0 4
0 0 2 15136 43 0 17 0 4
0 0 3 15141 42 0 17 0 4
0 0 3 15144 42 0 16 0 4
0 0 3 15148 42 0 17 0 4
0 0 2 15151 42 0 16 0 4
0 0 2 15153 42 0 16 0 4
0 0 2 15155 41 0 17 0 4
0 0 2 15154 41 0 18 0 4
0 0 3 15158 42 0 16 0 4
0 0 3 15161 41 0 16 0 4
0 0 4 15160 41 0 15 0 3
0 0 2 15164 40 0 15 0 3
0 0 2 15165 40 0 13 0 3
0 0 2 15163 41 0 17 0 4
0 0 3 15166 41 0 17 0 4
0 0 3 15168 42 0 16 0 4
0 0 3 15171 41 0 17 0 4
0 0 2 15173 42 0 16 0 4
0 0 3 15175 42 0 17 0 4
0 0 2 15178 41 0 16 0 4
0 0 2 15180 44 0 17 0 4
0 0 2 15181 41 0 16 0 4
0 0 3 15186 42 0 17 0 4
0 0 2 15188 42 0 16 0 4
0 0 2 15192 41 0 16 0 4
0 0 2 15193 42 0 17 0 4
0 0 2 15195 42 0 16 0 4
0 0 2 15195 42 0 18 0 4
0 0 3 15199 43 0 18 0 4
0 0 3 15203 43 0 17 0 4
0 0 3 15207 43 0 18 0 4
0 0 3 15209 43 0 18 0 4
0 0 2 15213 43 0 18 0 5
0 0 3 15213 43 0 17 0 4
0 0 2 15221 43 0 18 0 5
0 0 3 15223 44 0 18 0 5
0 0 3 15228 43 0 17 0 4
0 0 2 15232 42 0 17 0 4
0 0 2 15235 42 0 17 0 4
0 0 2 15238 42 0 18 0 4
0 0 2 15237 45 0 17 0 6
0 0 3 15245 42 0 16 0 6
0 0 3 15248 42 0 16 0 4
0 0 3 15250 42 0 17 0 4
0 0 2 15253 51 0 16 0 4
0 0 3 15263 42 0 16 0 4
0 0 2 15267 41 0 17 0 4
0 0 2 15266 42 0 17 0 4
0 0 4 15269 42 0 17 0 4
0 0 4 15272 42 0 17 0 4
0 0 3 15275 43 0 17 0 4
0 0 2 15279 42 0 17 0 4
0 0 2 15282 42 0 18 0 5
0 0 2 15285 43 0 17 0 4
0 0 2 15285 43 0 18 0 5
0 0 3 15291 44 0 18 0 4
0 0 3 15295 43 0 17 0 4
0 0 3 15299 43 0 17 0 4
0 0 2 15303 43 0 18 0 4
0 0 3 15306 43 0 17 0 4
0 0 2 15310 43 0 17 0 4
0 0 2 15310 43 0 19 0 5
0 0 3 15316 44 0 18 0 5
0 0 3 15320 44 0 19 0 5
0 0 3 15325 44 0 17 0 4
0 0 3 15330 43 0 18 0 4
0 0 2 15333 43 0 18 0 5
0 0 2 15337 46 0 18 0 5
0 0 2 15340 44 0 17 0 5
0 0 3 15347 43 0 17 0 4
0 0 2 15351 43 0 17 0 4
0 0 3 15353 43 0 17 0 4
0 0 2 15358 42 0 17 0 4
0 0 2 15357 42 0 17 0 4
0 0 3 15363 42 0 16 0 4
0 0 3 15365 42 0 17 0 4
0 0 3 15367 42 0 17 0 4
0 0 2 15371 42 0 16 0 4
0 0 3 15373 42 0 16 0 4
0 0 2 15375 41 0 17 0 4
0 0 2 15374 42 0 17 0 4
0 0 3 15379 43 0 17 0 4
0 0 2 15383 42 0 17 0 4
0 0 2 15386 42 0 18 0 4
0 0 4 15387 43 0 18 0 4
0 0 2 15391 42 0 16 0 4
0 0 2 15391 41 0 16 0 4
0 0 3 15395 41 0 16 0 4
0 0 3 15396 41 0 16 0 4
0 0 4 15397 41 0 17 0 4
0 0 2 15400 41 0 16 0 4
0 0 2 15402 41 0 17 0 4
0 0 2 15403 42 0 16 0 4
0 0 2 15403 41 0 17 0 4
0 0 3 15407 41 0 16 0 4
0 0 2 15409 42 0 16 0 4
0 0 2 15412 41 0 16 0 4
0 0 3 15413 41 0 16 0 4
0 0 2 15415 41 0 15 0 3
0 0 2 15417 41 0 17 0 4
0 0 2 15415 41 0 16 0 4
0 0 3 15419 41 0 16 0 4
0 0 3 15421 41 0 16 0 4
0 0 3 15422 41 0 16 0 4
0 0 2 15424 41 0 17 0 4
0 0 4 15425 42 0 16 0 4
0 0 2 15428 41 0 16 0 4
0 0 2 15427 41 0 15 0 4
0 0 2 15431 41 0 16 0 4
0 0 3 15432 42 0 15 0 3
0 0 3 15435 40 0 15 0 3
6 0 4 15468 40 0 0 0 1
